Wed Apr 19 21:18:13 2023: Running xcd server. This server was built by gradle.
Wed Apr 19 21:18:13 2023: Server was asked to start on port: '46329'
Wed Apr 19 21:18:13 2023: Server is using token UUID: '382aaaf3-3fd9-476b-ba07-087320b6c761'
Wed Apr 19 21:18:13 2023: SESSION_MGR: creating session with session uuid: '6d04a3e9-ade5-4ab9-8d63-1f78fcd2ec76' and name 'default'
Wed Apr 19 21:18:13 2023: Attempting to start server on port '46329'
Wed Apr 19 21:18:13 2023: XCD main fifo: created main fifo '/tmp/xcdmain382aaaf3-3fd9-476b-ba07-087320b6c761', fd read = 434
Wed Apr 19 21:18:13 2023: Running Dispatch Server
Wed Apr 19 21:18:13 2023: Version 2.2.0
Wed Apr 19 21:18:22 2023: Dispatch Server: Accepted socket connection from client
Wed Apr 19 21:18:22 2023: Starting Socket connection
Wed Apr 19 21:18:22 2023: EXCHANGE_TOKEN received, server token: 382aaaf3-3fd9-476b-ba07-087320b6c761, passed token: 382aaaf3-3fd9-476b-ba07-087320b6c761
Wed Apr 19 21:18:22 2023: SESSION_MGR: creating session with session uuid: '0d7d735a-c18d-4e3d-bb48-fa7a13fbea5a' and name 'vitis_hls'
Wed Apr 19 21:18:22 2023: KERNEL_SVC: creating session with uuid: '0d7d735a-c18d-4e3d-bb48-fa7a13fbea5a' and name 'vitis_hls'
Wed Apr 19 21:18:22 2023: GUIDANCE_SMGR: creating guidance session with uuid: '0d7d735a-c18d-4e3d-bb48-fa7a13fbea5a' and name 'vitis_hls'
Wed Apr 19 21:18:43 2023: STOP_SERVER received, server token: 382aaaf3-3fd9-476b-ba07-087320b6c761, passed token: 382aaaf3-3fd9-476b-ba07-087320b6c761
Wed Apr 19 21:18:43 2023: Socket received request to stop server.
Wed Apr 19 21:18:43 2023: Dispatch Server: do_await_stop
Wed Apr 19 21:18:43 2023: Dispatch Server: stopping mainFifo_
Wed Apr 19 21:18:43 2023: XCD main fifo: Stopping
Wed Apr 19 21:18:43 2023: XCD main fifo: do_read error code: Operation canceled
Wed Apr 19 21:18:43 2023: XCD main fifo: bytes_transferred: 0
Wed Apr 19 21:18:43 2023: SERVER: destructor for server bound to port 46329
Wed Apr 19 21:18:43 2023: XCD main fifo: Good unlink of /tmp/xcdmain382aaaf3-3fd9-476b-ba07-087320b6c761
Wed Apr 19 21:18:43 2023: Server exiting with status 0.
Wed Apr 19 21:18:43 2023: Closing log file.
