#-----------------------------------------------------------
# Vivado v2022.2 (64-bit)
# SW Build 3671981 on Fri Oct 14 04:59:54 MDT 2022
# IP Build 3669848 on Fri Oct 14 08:30:02 MDT 2022
# Start of session at: Mon Apr  3 19:03:02 2023
# Process ID: 10227
# Current directory: /home/pablo1318/workspace/prueba2vectores_kernels/vivado_rtl_kernel/kernel_prueba_ex
# Command line: vivado -notrace -source /home/pablo1318/workspace/prueba2vectores_kernels/vivado_rtl_kernel/vivado_rtl_kernel.gen/sources_1/ip/kernel_prueba/kernel_prueba_ex.tcl
# Log file: /home/pablo1318/workspace/prueba2vectores_kernels/vivado_rtl_kernel/kernel_prueba_ex/vivado.log
# Journal file: /home/pablo1318/workspace/prueba2vectores_kernels/vivado_rtl_kernel/kernel_prueba_ex/vivado.jou
# Running On: pop-os, OS: Linux, CPU Frequency: 4000.002 MHz, CPU Physical cores: 4, Host memory: 16701 MB
#-----------------------------------------------------------
start_gui
source /home/pablo1318/workspace/prueba2vectores_kernels/vivado_rtl_kernel/vivado_rtl_kernel.gen/sources_1/ip/kernel_prueba/kernel_prueba_ex.tcl -notrace
INFO: [open_example_project] Creating new example project...
WARNING: [Board 49-26] cannot add Board Part xilinx.com:ac701:part0:1.4 available at /media/pablo1318/hddLinux/XILINX/Vivado/2022.2/data/xhub/boards/XilinxBoardStore/boards/Xilinx/ac701/1.4/board.xml as part xc7a200tfbg676-2 specified in board_part file is either invalid or not available
WARNING: [Board 49-26] cannot add Board Part xilinx.com:k26c:part0:1.2 available at /media/pablo1318/hddLinux/XILINX/Vivado/2022.2/data/xhub/boards/XilinxBoardStore/boards/Xilinx/k26c/1.2/board.xml as part xck26-sfvc784-2lv-c specified in board_part file is either invalid or not available
WARNING: [Board 49-26] cannot add Board Part xilinx.com:k26c:part0:1.3 available at /media/pablo1318/hddLinux/XILINX/Vivado/2022.2/data/xhub/boards/XilinxBoardStore/boards/Xilinx/k26c/1.3/board.xml as part xck26-sfvc784-2lv-c specified in board_part file is either invalid or not available
WARNING: [Board 49-26] cannot add Board Part xilinx.com:k26c:part0:1.4 available at /media/pablo1318/hddLinux/XILINX/Vivado/2022.2/data/xhub/boards/XilinxBoardStore/boards/Xilinx/k26c/1.4/board.xml as part xck26-sfvc784-2lv-c specified in board_part file is either invalid or not available
WARNING: [Board 49-26] cannot add Board Part xilinx.com:k26i:part0:1.2 available at /media/pablo1318/hddLinux/XILINX/Vivado/2022.2/data/xhub/boards/XilinxBoardStore/boards/Xilinx/k26i/1.2/board.xml as part xck26-sfvc784-2lvi-i specified in board_part file is either invalid or not available
WARNING: [Board 49-26] cannot add Board Part xilinx.com:k26i:part0:1.3 available at /media/pablo1318/hddLinux/XILINX/Vivado/2022.2/data/xhub/boards/XilinxBoardStore/boards/Xilinx/k26i/1.3/board.xml as part xck26-sfvc784-2lvi-i specified in board_part file is either invalid or not available
WARNING: [Board 49-26] cannot add Board Part xilinx.com:k26i:part0:1.4 available at /media/pablo1318/hddLinux/XILINX/Vivado/2022.2/data/xhub/boards/XilinxBoardStore/boards/Xilinx/k26i/1.4/board.xml as part xck26-sfvc784-2lvi-i specified in board_part file is either invalid or not available
WARNING: [Board 49-26] cannot add Board Part xilinx.com:kc705:part0:1.6 available at /media/pablo1318/hddLinux/XILINX/Vivado/2022.2/data/xhub/boards/XilinxBoardStore/boards/Xilinx/kc705/1.6/board.xml as part xc7k325tffg900-2 specified in board_part file is either invalid or not available
WARNING: [Board 49-26] cannot add Board Part xilinx.com:kcu105:part0:1.6 available at /media/pablo1318/hddLinux/XILINX/Vivado/2022.2/data/xhub/boards/XilinxBoardStore/boards/Xilinx/kcu105/1.6/board.xml as part xcku040-ffva1156-2-e specified in board_part file is either invalid or not available
WARNING: [Board 49-26] cannot add Board Part xilinx.com:kcu105:part0:1.7 available at /media/pablo1318/hddLinux/XILINX/Vivado/2022.2/data/xhub/boards/XilinxBoardStore/boards/Xilinx/kcu105/1.7/board.xml as part xcku040-ffva1156-2-e specified in board_part file is either invalid or not available
WARNING: [Board 49-26] cannot add Board Part xilinx.com:kcu116:part0:1.4 available at /media/pablo1318/hddLinux/XILINX/Vivado/2022.2/data/xhub/boards/XilinxBoardStore/boards/Xilinx/kcu116/1.4/board.xml as part xcku5p-ffvb676-2-e specified in board_part file is either invalid or not available
WARNING: [Board 49-26] cannot add Board Part xilinx.com:kcu116:part0:1.5 available at /media/pablo1318/hddLinux/XILINX/Vivado/2022.2/data/xhub/boards/XilinxBoardStore/boards/Xilinx/kcu116/1.5/board.xml as part xcku5p-ffvb676-2-e specified in board_part file is either invalid or not available
WARNING: [Board 49-26] cannot add Board Part xilinx.com:kr260_som:part0:1.0 available at /media/pablo1318/hddLinux/XILINX/Vivado/2022.2/data/xhub/boards/XilinxBoardStore/boards/Xilinx/kr260_som/1.0/board.xml as part xck26-sfvc784-2lv-c specified in board_part file is either invalid or not available
WARNING: [Board 49-26] cannot add Board Part xilinx.com:kr260_som:part0:1.1 available at /media/pablo1318/hddLinux/XILINX/Vivado/2022.2/data/xhub/boards/XilinxBoardStore/boards/Xilinx/kr260_som/1.1/board.xml as part xck26-sfvc784-2lv-c specified in board_part file is either invalid or not available
WARNING: [Board 49-26] cannot add Board Part xilinx.com:kv260_som:part0:1.2 available at /media/pablo1318/hddLinux/XILINX/Vivado/2022.2/data/xhub/boards/XilinxBoardStore/boards/Xilinx/kv260_som/1.2/board.xml as part xck26-sfvc784-2lv-c specified in board_part file is either invalid or not available
WARNING: [Board 49-26] cannot add Board Part xilinx.com:kv260_som:part0:1.3 available at /media/pablo1318/hddLinux/XILINX/Vivado/2022.2/data/xhub/boards/XilinxBoardStore/boards/Xilinx/kv260_som/1.3/board.xml as part xck26-sfvc784-2lv-c specified in board_part file is either invalid or not available
WARNING: [Board 49-26] cannot add Board Part xilinx.com:kv260_som:part0:1.4 available at /media/pablo1318/hddLinux/XILINX/Vivado/2022.2/data/xhub/boards/XilinxBoardStore/boards/Xilinx/kv260_som/1.4/board.xml as part xck26-sfvc784-2lv-c specified in board_part file is either invalid or not available
WARNING: [Board 49-26] cannot add Board Part xilinx.com:sp701:part0:1.0 available at /media/pablo1318/hddLinux/XILINX/Vivado/2022.2/data/xhub/boards/XilinxBoardStore/boards/Xilinx/sp701/1.0/board.xml as part xc7s100fgga676-2 specified in board_part file is either invalid or not available
WARNING: [Board 49-26] cannot add Board Part xilinx.com:sp701:part0:1.1 available at /media/pablo1318/hddLinux/XILINX/Vivado/2022.2/data/xhub/boards/XilinxBoardStore/boards/Xilinx/sp701/1.1/board.xml as part xc7s100fgga676-2 specified in board_part file is either invalid or not available
WARNING: [Board 49-26] cannot add Board Part xilinx.com:vc707:part0:1.4 available at /media/pablo1318/hddLinux/XILINX/Vivado/2022.2/data/xhub/boards/XilinxBoardStore/boards/Xilinx/vc707/1.4/board.xml as part xc7vx485tffg1761-2 specified in board_part file is either invalid or not available
WARNING: [Board 49-26] cannot add Board Part xilinx.com:vc709:part0:1.8 available at /media/pablo1318/hddLinux/XILINX/Vivado/2022.2/data/xhub/boards/XilinxBoardStore/boards/Xilinx/vc709/1.8/board.xml as part xc7vx690tffg1761-2 specified in board_part file is either invalid or not available
WARNING: [Board 49-26] cannot add Board Part xilinx.com:vcu108:part0:1.6 available at /media/pablo1318/hddLinux/XILINX/Vivado/2022.2/data/xhub/boards/XilinxBoardStore/boards/Xilinx/vcu108/1.6/board.xml as part xcvu095-ffva2104-2-e specified in board_part file is either invalid or not available
WARNING: [Board 49-26] cannot add Board Part xilinx.com:vcu108:part0:1.7 available at /media/pablo1318/hddLinux/XILINX/Vivado/2022.2/data/xhub/boards/XilinxBoardStore/boards/Xilinx/vcu108/1.7/board.xml as part xcvu095-ffva2104-2-e specified in board_part file is either invalid or not available
WARNING: [Board 49-26] cannot add Board Part xilinx.com:vcu110:part0:1.4 available at /media/pablo1318/hddLinux/XILINX/Vivado/2022.2/data/xhub/boards/XilinxBoardStore/boards/Xilinx/vcu110/1.4/board.xml as part xcvu190-flgc2104-2-e specified in board_part file is either invalid or not available
WARNING: [Board 49-26] cannot add Board Part xilinx.com:vcu128:part0:1.0 available at /media/pablo1318/hddLinux/XILINX/Vivado/2022.2/data/xhub/boards/XilinxBoardStore/boards/Xilinx/vcu128/production/1.0/board.xml as part xcvu37p-fsvh2892-2l-e specified in board_part file is either invalid or not available
WARNING: [Board 49-26] cannot add Board Part xilinx.com:vcu129:part0:1.0 available at /media/pablo1318/hddLinux/XILINX/Vivado/2022.2/data/xhub/boards/XilinxBoardStore/boards/Xilinx/vcu129/production/1.0/board.xml as part xcvu29p-fsga2577-2l-e specified in board_part file is either invalid or not available
WARNING: [Board 49-26] cannot add Board Part xilinx.com:vek280_es:part0:1.0 available at /media/pablo1318/hddLinux/XILINX/Vivado/2022.2/data/xhub/boards/XilinxBoardStore/boards/Xilinx/vek280/es/1.0/board.xml as part xcve2802-vsvh1760-2lp-e-s-es1 specified in board_part file is either invalid or not available
WARNING: [Board 49-26] cannot add Board Part xilinx.com:vermeo_t1_mpsoc:part0:1.0 available at /media/pablo1318/hddLinux/XILINX/Vivado/2022.2/data/xhub/boards/XilinxBoardStore/boards/Xilinx/vermeo_t1_mpsoc/1.0/board.xml as part xczu19eg-ffvd1760-2l-e specified in board_part file is either invalid or not available
WARNING: [Board 49-26] cannot add Board Part xilinx.com:vermeo_t1_rfsoc:part0:1.0 available at /media/pablo1318/hddLinux/XILINX/Vivado/2022.2/data/xhub/boards/XilinxBoardStore/boards/Xilinx/vermeo_t1_rfsoc/1.0/board.xml as part xczu21dr-ffvd1156-2l-e specified in board_part file is either invalid or not available
WARNING: [Board 49-26] cannot add Board Part xilinx.com:vhk158_es:part0:1.0 available at /media/pablo1318/hddLinux/XILINX/Vivado/2022.2/data/xhub/boards/XilinxBoardStore/boards/Xilinx/vhk158/es/1.0/board.xml as part xcvh1582-vsva3697-2mp-e-s-es1 specified in board_part file is either invalid or not available
WARNING: [Board 49-26] cannot add Board Part xilinx.com:vmk180:part0:2.2 available at /media/pablo1318/hddLinux/XILINX/Vivado/2022.2/data/xhub/boards/XilinxBoardStore/boards/Xilinx/vmk180/production/2.2/board.xml as part xcvm1802-vsva2197-2mp-e-s specified in board_part file is either invalid or not available
WARNING: [Board 49-26] cannot add Board Part xilinx.com:vmk180:part0:3.0 available at /media/pablo1318/hddLinux/XILINX/Vivado/2022.2/data/xhub/boards/XilinxBoardStore/boards/Xilinx/vmk180/production/3.0/board.xml as part xcvm1802-vsva2197-2mp-e-s specified in board_part file is either invalid or not available
WARNING: [Board 49-26] cannot add Board Part xilinx.com:vmk180:part0:3.1 available at /media/pablo1318/hddLinux/XILINX/Vivado/2022.2/data/xhub/boards/XilinxBoardStore/boards/Xilinx/vmk180/production/3.1/board.xml as part xcvm1802-vsva2197-2mp-e-s specified in board_part file is either invalid or not available
WARNING: [Board 49-26] cannot add Board Part xilinx.com:vmk180_newl:part0:1.0 available at /media/pablo1318/hddLinux/XILINX/Vivado/2022.2/data/xhub/boards/XilinxBoardStore/boards/Xilinx/vmk180_newl/production/1.0/board.xml as part xcvm1802-vsva2197-2mp-e-s specified in board_part file is either invalid or not available
WARNING: [Board 49-26] cannot add Board Part xilinx.com:vpk120:part0:1.0 available at /media/pablo1318/hddLinux/XILINX/Vivado/2022.2/data/xhub/boards/XilinxBoardStore/boards/Xilinx/vpk120/production/1.0/board.xml as part xcvp1202-vsva2785-2mp-e-s specified in board_part file is either invalid or not available
WARNING: [Board 49-26] cannot add Board Part xilinx.com:vpk120_es:part0:1.2 available at /media/pablo1318/hddLinux/XILINX/Vivado/2022.2/data/xhub/boards/XilinxBoardStore/boards/Xilinx/vpk120/es/1.2/board.xml as part xcvp1202-vsva2785-2mp-e-s-es1 specified in board_part file is either invalid or not available
WARNING: [Board 49-26] cannot add Board Part xilinx.com:vpk120_es_revb:part0:1.0 available at /media/pablo1318/hddLinux/XILINX/Vivado/2022.2/data/xhub/boards/XilinxBoardStore/boards/Xilinx/vpk120_revb/es/1.0/board.xml as part xcvp1202-vsva2785-2mp-e-s-es1 specified in board_part file is either invalid or not available
WARNING: [Board 49-26] cannot add Board Part xilinx.com:vpk180_es:part0:1.0 available at /media/pablo1318/hddLinux/XILINX/Vivado/2022.2/data/xhub/boards/XilinxBoardStore/boards/Xilinx/vpk180/es/1.0/board.xml as part xcvp1802-lsvc4072-2mp-e-s-es1 specified in board_part file is either invalid or not available
WARNING: [Board 49-26] cannot add Board Part xilinx.com:zcu111:part0:1.2 available at /media/pablo1318/hddLinux/XILINX/Vivado/2022.2/data/xhub/boards/XilinxBoardStore/boards/Xilinx/zcu111/1.2/board.xml as part xczu28dr-ffvg1517-2-e specified in board_part file is either invalid or not available
WARNING: [Board 49-26] cannot add Board Part xilinx.com:zcu111:part0:1.3 available at /media/pablo1318/hddLinux/XILINX/Vivado/2022.2/data/xhub/boards/XilinxBoardStore/boards/Xilinx/zcu111/1.3/board.xml as part xczu28dr-ffvg1517-2-e specified in board_part file is either invalid or not available
WARNING: [Board 49-26] cannot add Board Part xilinx.com:zcu111:part0:1.4 available at /media/pablo1318/hddLinux/XILINX/Vivado/2022.2/data/xhub/boards/XilinxBoardStore/boards/Xilinx/zcu111/1.4/board.xml as part xczu28dr-ffvg1517-2-e specified in board_part file is either invalid or not available
WARNING: [Board 49-26] cannot add Board Part xilinx.com:zcu1275:part0:1.0 available at /media/pablo1318/hddLinux/XILINX/Vivado/2022.2/data/xhub/boards/XilinxBoardStore/boards/Xilinx/zcu1275/1.0/board.xml as part xczu29dr-ffvf1760-2-e specified in board_part file is either invalid or not available
WARNING: [Board 49-26] cannot add Board Part xilinx.com:zcu1285:part0:1.0 available at /media/pablo1318/hddLinux/XILINX/Vivado/2022.2/data/xhub/boards/XilinxBoardStore/boards/Xilinx/zcu1285/1.0/board.xml as part xczu39dr-ffvf1760-2-i specified in board_part file is either invalid or not available
WARNING: [Board 49-26] cannot add Board Part xilinx.com:zcu208:part0:2.0 available at /media/pablo1318/hddLinux/XILINX/Vivado/2022.2/data/xhub/boards/XilinxBoardStore/boards/Xilinx/zcu208/production/2.0/board.xml as part xczu48dr-fsvg1517-2-e specified in board_part file is either invalid or not available
WARNING: [Board 49-26] cannot add Board Part xilinx.com:zcu208ld:part0:2.0 available at /media/pablo1318/hddLinux/XILINX/Vivado/2022.2/data/xhub/boards/XilinxBoardStore/boards/Xilinx/zcu208ld/production/2.0/board.xml as part xczu58dr-fsvg1517-2-i specified in board_part file is either invalid or not available
WARNING: [Board 49-26] cannot add Board Part xilinx.com:zcu216:part0:2.0 available at /media/pablo1318/hddLinux/XILINX/Vivado/2022.2/data/xhub/boards/XilinxBoardStore/boards/Xilinx/zcu216/production/2.0/board.xml as part xczu49dr-ffvf1760-2-e specified in board_part file is either invalid or not available
WARNING: [Board 49-26] cannot add Board Part xilinx.com:zcu216ld:part0:2.0 available at /media/pablo1318/hddLinux/XILINX/Vivado/2022.2/data/xhub/boards/XilinxBoardStore/boards/Xilinx/zcu216ld/production/2.0/board.xml as part xczu59dr-ffvf1760-2-i specified in board_part file is either invalid or not available
WARNING: [Board 49-26] cannot add Board Part xilinx.com:zcu670:part0:2.0 available at /media/pablo1318/hddLinux/XILINX/Vivado/2022.2/data/xhub/boards/XilinxBoardStore/boards/Xilinx/zcu670/2.0/board.xml as part xczu67dr-fsve1156-2-i specified in board_part file is either invalid or not available
WARNING: [Board 49-26] cannot add Board Part xilinx.com:zcu670ld:part0:1.0 available at /media/pablo1318/hddLinux/XILINX/Vivado/2022.2/data/xhub/boards/XilinxBoardStore/boards/Xilinx/zcu670ld/1.0/board.xml as part xczu57dr-fsve1156-2-i specified in board_part file is either invalid or not available
INFO: [IP_Flow 19-234] Refreshing IP repositories
INFO: [IP_Flow 19-1704] No user IP repositories specified
INFO: [IP_Flow 19-2313] Loaded Vivado IP repository '/media/pablo1318/hddLinux/XILINX/Vivado/2022.2/data/ip'.
create_project: Time (s): cpu = 00:00:29 ; elapsed = 00:00:11 . Memory (MB): peak = 6626.527 ; gain = 283.629 ; free physical = 3360 ; free virtual = 32484
WARNING: [Runs 36-551] Changing part from xcvc1502 to xcu250 will replace the write_device_image step with write_bitstream and write_device_image step configuration will be lost
INFO: [open_example_project] Importing original IP ...
INFO: [open_example_project] Generating the example project IP ...
INFO: [IP_Flow 19-1706] Not generating 'Instantiation Template' target for IP 'kernel_prueba'. Target already exists and is up to date.
INFO: [IP_Flow 19-1706] Not generating 'Synthesis' target for IP 'kernel_prueba'. Target already exists and is up to date.
INFO: [open_example_project] Adding example synthesis HDL files ...
INFO: [open_example_project] Adding example synthesis miscellaneous files ...
INFO: [open_example_project] Adding example XDC files ...
INFO: [open_example_project] Adding simulation HDL files ...
INFO: [open_example_project] Sourcing example extension scripts ...
INFO: [open_example_project] Sourcing extension script: tcl/examples_scriptext.tcl
WARNING: [Vivado 12-3672] The is_managed property should only be queried on the file object representing this IP. Use the get_files command to access file objects.
WARNING: [Vivado 12-3670] The generate_synth_checkpoint property should only be queried on the file object representing this IP. Use the get_files command to access file objects.
Setting xsim.simulate.xsim.more_options to -sv_seed 1
Setting modelsim.simulate.vsim.more_options to -sv_seed 1
Setting questa.simulate.vsim.more_options to -sv_seed 1
Setting ies.simulate.ncsim.more_options to -SVSEED 1
Setting xcelium.simulate.xmsim.more_options to -SVSEED 1
Setting vcs.simulate.vcs.more_options to +ntb_random_seed=1
Setting riviera.simulate.asim.more_options to -sv_seed 1
INFO: [open_example_project] Sourcing extension script: tcl/examples_scriptext_bd.tcl
INFO: [open_example_project] Rebuilding top IP...
INFO: [IP_Flow 19-1686] Generating 'Instantiation Template' target for IP 'slv_m00_axi_vip'...
INFO: [IP_Flow 19-1686] Generating 'Synthesis' target for IP 'slv_m00_axi_vip'...
INFO: [IP_Flow 19-1686] Generating 'Simulation' target for IP 'slv_m00_axi_vip'...
INFO: [IP_Flow 19-5611] Unable to find an associated reset port for the interface 'S_AXI'. A default connection has been created.
INFO: [IP_Flow 19-1686] Generating 'Change Log' target for IP 'slv_m00_axi_vip'...
INFO: [IP_Flow 19-1686] Generating 'Instantiation Template' target for IP 'control_kernel_prueba_vip'...
INFO: [IP_Flow 19-1686] Generating 'Synthesis' target for IP 'control_kernel_prueba_vip'...
INFO: [IP_Flow 19-1686] Generating 'Simulation' target for IP 'control_kernel_prueba_vip'...
INFO: [IP_Flow 19-5611] Unable to find an associated reset port for the interface 'M_AXI'. A default connection has been created.
INFO: [IP_Flow 19-1686] Generating 'Change Log' target for IP 'control_kernel_prueba_vip'...
INFO: [exportsim-Tcl-40] Using compiled simulation libraries for IPs
INFO: [SIM-utils-72] Using boost library from '/media/pablo1318/hddLinux/XILINX/Vivado/2022.2/tps/boost_1_72_0'
INFO: [exportsim-Tcl-35] Exporting simulation files for "XSIM" (Xilinx Vivado Simulator)...
INFO: [exportsim-Tcl-29] Pre-compiled simulation library path: '/media/pablo1318/hddLinux/XILINX/Vivado/2022.2/data/xsim'
INFO: [exportsim-Tcl-29] Script generated: '/home/pablo1318/workspace/prueba2vectores_kernels/vivado_rtl_kernel/kernel_prueba_ex/kernel_prueba_ex.ip_user_files/sim_scripts/slv_m00_axi_vip/xsim/slv_m00_axi_vip.sh'
INFO: [exportsim-Tcl-35] Exporting simulation files for "MODELSIM" (Mentor Graphics ModelSim Simulator)...
INFO: [exportsim-Tcl-29] Pre-compiled simulation library path: '/home/pablo1318/workspace/prueba2vectores_kernels/vivado_rtl_kernel/kernel_prueba_ex/kernel_prueba_ex.cache/compile_simlib/modelsim'
INFO: [exportsim-Tcl-29] Script generated: '/home/pablo1318/workspace/prueba2vectores_kernels/vivado_rtl_kernel/kernel_prueba_ex/kernel_prueba_ex.ip_user_files/sim_scripts/slv_m00_axi_vip/modelsim/slv_m00_axi_vip.sh'
INFO: [exportsim-Tcl-35] Exporting simulation files for "QUESTA" (Mentor Graphics Questa Advanced Simulator)...
INFO: [exportsim-Tcl-29] Pre-compiled simulation library path: '/home/pablo1318/workspace/prueba2vectores_kernels/vivado_rtl_kernel/kernel_prueba_ex/kernel_prueba_ex.cache/compile_simlib/questa'
INFO: [exportsim-Tcl-29] Script generated: '/home/pablo1318/workspace/prueba2vectores_kernels/vivado_rtl_kernel/kernel_prueba_ex/kernel_prueba_ex.ip_user_files/sim_scripts/slv_m00_axi_vip/questa/slv_m00_axi_vip.sh'
INFO: [exportsim-Tcl-35] Exporting simulation files for "XCELIUM" (Cadence Xcelium Parallel Simulator)...
INFO: [exportsim-Tcl-29] Pre-compiled simulation library path: '/home/pablo1318/workspace/prueba2vectores_kernels/vivado_rtl_kernel/kernel_prueba_ex/kernel_prueba_ex.cache/compile_simlib/xcelium'
INFO: [exportsim-Tcl-29] Script generated: '/home/pablo1318/workspace/prueba2vectores_kernels/vivado_rtl_kernel/kernel_prueba_ex/kernel_prueba_ex.ip_user_files/sim_scripts/slv_m00_axi_vip/xcelium/slv_m00_axi_vip.sh'
INFO: [exportsim-Tcl-35] Exporting simulation files for "VCS" (Synopsys Verilog Compiler Simulator)...
INFO: [exportsim-Tcl-29] Pre-compiled simulation library path: '/home/pablo1318/workspace/prueba2vectores_kernels/vivado_rtl_kernel/kernel_prueba_ex/kernel_prueba_ex.cache/compile_simlib/vcs'
INFO: [exportsim-Tcl-29] Script generated: '/home/pablo1318/workspace/prueba2vectores_kernels/vivado_rtl_kernel/kernel_prueba_ex/kernel_prueba_ex.ip_user_files/sim_scripts/slv_m00_axi_vip/vcs/slv_m00_axi_vip.sh'
INFO: [exportsim-Tcl-35] Exporting simulation files for "RIVIERA" (Aldec Riviera-PRO Simulator)...
INFO: [exportsim-Tcl-29] Pre-compiled simulation library path: '/home/pablo1318/workspace/prueba2vectores_kernels/vivado_rtl_kernel/kernel_prueba_ex/kernel_prueba_ex.cache/compile_simlib/riviera'
INFO: [exportsim-Tcl-29] Script generated: '/home/pablo1318/workspace/prueba2vectores_kernels/vivado_rtl_kernel/kernel_prueba_ex/kernel_prueba_ex.ip_user_files/sim_scripts/slv_m00_axi_vip/riviera/slv_m00_axi_vip.sh'
INFO: [exportsim-Tcl-35] Exporting simulation files for "ACTIVEHDL" (Aldec Active-HDL Simulator)...
INFO: [exportsim-Tcl-29] Pre-compiled simulation library path: '/home/pablo1318/workspace/prueba2vectores_kernels/vivado_rtl_kernel/kernel_prueba_ex/kernel_prueba_ex.cache/compile_simlib/activehdl'
INFO: [exportsim-Tcl-29] Script generated: '/home/pablo1318/workspace/prueba2vectores_kernels/vivado_rtl_kernel/kernel_prueba_ex/kernel_prueba_ex.ip_user_files/sim_scripts/slv_m00_axi_vip/activehdl/slv_m00_axi_vip.sh'
INFO: [exportsim-Tcl-40] Using compiled simulation libraries for IPs
INFO: [SIM-utils-72] Using boost library from '/media/pablo1318/hddLinux/XILINX/Vivado/2022.2/tps/boost_1_72_0'
INFO: [exportsim-Tcl-35] Exporting simulation files for "XSIM" (Xilinx Vivado Simulator)...
INFO: [exportsim-Tcl-29] Pre-compiled simulation library path: '/media/pablo1318/hddLinux/XILINX/Vivado/2022.2/data/xsim'
INFO: [exportsim-Tcl-29] Script generated: '/home/pablo1318/workspace/prueba2vectores_kernels/vivado_rtl_kernel/kernel_prueba_ex/kernel_prueba_ex.ip_user_files/sim_scripts/control_kernel_prueba_vip/xsim/control_kernel_prueba_vip.sh'
INFO: [exportsim-Tcl-35] Exporting simulation files for "MODELSIM" (Mentor Graphics ModelSim Simulator)...
INFO: [exportsim-Tcl-29] Pre-compiled simulation library path: '/home/pablo1318/workspace/prueba2vectores_kernels/vivado_rtl_kernel/kernel_prueba_ex/kernel_prueba_ex.cache/compile_simlib/modelsim'
INFO: [exportsim-Tcl-29] Script generated: '/home/pablo1318/workspace/prueba2vectores_kernels/vivado_rtl_kernel/kernel_prueba_ex/kernel_prueba_ex.ip_user_files/sim_scripts/control_kernel_prueba_vip/modelsim/control_kernel_prueba_vip.sh'
INFO: [exportsim-Tcl-35] Exporting simulation files for "QUESTA" (Mentor Graphics Questa Advanced Simulator)...
INFO: [exportsim-Tcl-29] Pre-compiled simulation library path: '/home/pablo1318/workspace/prueba2vectores_kernels/vivado_rtl_kernel/kernel_prueba_ex/kernel_prueba_ex.cache/compile_simlib/questa'
INFO: [exportsim-Tcl-29] Script generated: '/home/pablo1318/workspace/prueba2vectores_kernels/vivado_rtl_kernel/kernel_prueba_ex/kernel_prueba_ex.ip_user_files/sim_scripts/control_kernel_prueba_vip/questa/control_kernel_prueba_vip.sh'
INFO: [exportsim-Tcl-35] Exporting simulation files for "XCELIUM" (Cadence Xcelium Parallel Simulator)...
INFO: [exportsim-Tcl-29] Pre-compiled simulation library path: '/home/pablo1318/workspace/prueba2vectores_kernels/vivado_rtl_kernel/kernel_prueba_ex/kernel_prueba_ex.cache/compile_simlib/xcelium'
INFO: [exportsim-Tcl-29] Script generated: '/home/pablo1318/workspace/prueba2vectores_kernels/vivado_rtl_kernel/kernel_prueba_ex/kernel_prueba_ex.ip_user_files/sim_scripts/control_kernel_prueba_vip/xcelium/control_kernel_prueba_vip.sh'
INFO: [exportsim-Tcl-35] Exporting simulation files for "VCS" (Synopsys Verilog Compiler Simulator)...
INFO: [exportsim-Tcl-29] Pre-compiled simulation library path: '/home/pablo1318/workspace/prueba2vectores_kernels/vivado_rtl_kernel/kernel_prueba_ex/kernel_prueba_ex.cache/compile_simlib/vcs'
INFO: [exportsim-Tcl-29] Script generated: '/home/pablo1318/workspace/prueba2vectores_kernels/vivado_rtl_kernel/kernel_prueba_ex/kernel_prueba_ex.ip_user_files/sim_scripts/control_kernel_prueba_vip/vcs/control_kernel_prueba_vip.sh'
INFO: [exportsim-Tcl-35] Exporting simulation files for "RIVIERA" (Aldec Riviera-PRO Simulator)...
INFO: [exportsim-Tcl-29] Pre-compiled simulation library path: '/home/pablo1318/workspace/prueba2vectores_kernels/vivado_rtl_kernel/kernel_prueba_ex/kernel_prueba_ex.cache/compile_simlib/riviera'
INFO: [exportsim-Tcl-29] Script generated: '/home/pablo1318/workspace/prueba2vectores_kernels/vivado_rtl_kernel/kernel_prueba_ex/kernel_prueba_ex.ip_user_files/sim_scripts/control_kernel_prueba_vip/riviera/control_kernel_prueba_vip.sh'
INFO: [exportsim-Tcl-35] Exporting simulation files for "ACTIVEHDL" (Aldec Active-HDL Simulator)...
INFO: [exportsim-Tcl-29] Pre-compiled simulation library path: '/home/pablo1318/workspace/prueba2vectores_kernels/vivado_rtl_kernel/kernel_prueba_ex/kernel_prueba_ex.cache/compile_simlib/activehdl'
INFO: [exportsim-Tcl-29] Script generated: '/home/pablo1318/workspace/prueba2vectores_kernels/vivado_rtl_kernel/kernel_prueba_ex/kernel_prueba_ex.ip_user_files/sim_scripts/control_kernel_prueba_vip/activehdl/control_kernel_prueba_vip.sh'
INFO: [open_example_project] Open Example Project completed
update_compile_order -fileset sources_1
# --------------------------------------------
# Start: RTL Kernel Packaging of Sources
#
source -notrace /home/pablo1318/workspace/prueba2vectores_kernels/vivado_rtl_kernel/kernel_prueba_ex/imports/package_kernel.tcl
# Packaging project
package_project /home/pablo1318/workspace/prueba2vectores_kernels/vivado_rtl_kernel/kernel_prueba_ex/kernel_prueba pablo kernel kernel_prueba
INFO: [IP_Flow 19-5654] Module 'kernel_prueba' uses SystemVerilog sources with a Verilog top file. These SystemVerilog files will not be analysed by the packager.
INFO: [IP_Flow 19-5107] Inferred bus interface 'm00_axi' of definition 'xilinx.com:interface:aximm:1.0' (from Xilinx Repository).
INFO: [IP_Flow 19-5107] Inferred bus interface 's_axi_control' of definition 'xilinx.com:interface:aximm:1.0' (from Xilinx Repository).
INFO: [IP_Flow 19-5107] Inferred bus interface 'ap_clk' of definition 'xilinx.com:signal:clock:1.0' (from Xilinx Repository).
INFO: [IP_Flow 19-5107] Inferred bus interface 'interrupt' of definition 'xilinx.com:signal:interrupt:1.0' (from Xilinx Repository).
INFO: [IP_Flow 19-4728] Bus Interface 'interrupt': Added interface parameter 'SENSITIVITY' with value 'LEVEL_HIGH'.
WARNING: [IP_Flow 19-3158] Bus Interface 'm00_axi': FREQ_HZ bus parameter missing from AXI interface when interface is not associated to a clock.
WARNING: [IP_Flow 19-3158] Bus Interface 's_axi_control': FREQ_HZ bus parameter missing from AXI interface when interface is not associated to a clock.
WARNING: [IP_Flow 19-5661] Bus Interface 'ap_clk' does not have any bus interfaces associated with it.
INFO: [IP_Flow 19-2181] Payment Required is not set for this core.
INFO: [IP_Flow 19-2187] The Product Guide file is missing.
INFO: [IP_Flow 19-4728] Bus Interface 'ap_clk': Added interface parameter 'ASSOCIATED_BUSIF' with value 'm00_axi'.
INFO: [IP_Flow 19-7067] Note that bus interface 'ap_clk' has a fixed FREQ_HZ of '250000000'. This value will be respected whenever this IP is instantiated in IP Integrator.
INFO: [IP_Flow 19-2181] Payment Required is not set for this core.
INFO: [IP_Flow 19-2187] The Product Guide file is missing.
INFO: [Ipptcl 7-1486] check_integrity: Integrity check passed.
INFO: [IP_Flow 19-7067] Note that bus interface 'ap_clk' has a fixed FREQ_HZ of '250000000'. This value will be respected whenever this IP is instantiated in IP Integrator.
INFO: [IP_Flow 19-2181] Payment Required is not set for this core.
INFO: [IP_Flow 19-2187] The Product Guide file is missing.
INFO: [Ipptcl 7-1486] check_integrity: Integrity check passed.
package_xo  -xo_path /home/pablo1318/workspace/prueba2vectores_kernels/vivado_rtl_kernel/kernel_prueba_ex/exports/kernel_prueba.xo -kernel_name kernel_prueba -ip_directory /home/pablo1318/workspace/prueba2vectores_kernels/vivado_rtl_kernel/kernel_prueba_ex/kernel_prueba -kernel_xml /home/pablo1318/workspace/prueba2vectores_kernels/vivado_rtl_kernel/kernel_prueba_ex/imports/kernel.xml
WARNING: [Vivado 12-4404] The CPU emulation flow in v++ is only supported when using a packaged XO file that contains C-model files, none were found.
# Complete: RTL Kernel Packaging of Sources
# --------------------------------------------
file mkdir /home/pablo1318/workspace/prueba2vectores_kernels/src/vitis_rtl_kernel/kernel_prueba
close_project
exit
INFO: [Common 17-206] Exiting Vivado at Mon Apr  3 19:13:12 2023...
