Mon Apr  3 19:03:32 2023: Running xcd server. This server was built by gradle.
Mon Apr  3 19:03:32 2023: Server was asked to start on port: '36253'
Mon Apr  3 19:03:32 2023: Server is using token UUID: '6ceddd81-7a20-41ea-ae97-f8cb2de4af32'
Mon Apr  3 19:03:32 2023: SESSION_MGR: creating session with session uuid: '6d04a3e9-ade5-4ab9-8d63-1f78fcd2ec76' and name 'default'
Mon Apr  3 19:03:32 2023: Attempting to start server on port '36253'
Mon Apr  3 19:03:32 2023: XCD main fifo: created main fifo '/tmp/xcdmain6ceddd81-7a20-41ea-ae97-f8cb2de4af32', fd read = 434
Mon Apr  3 19:03:32 2023: Running Dispatch Server
Mon Apr  3 19:03:32 2023: Version 2.2.0
Mon Apr  3 19:03:41 2023: Dispatch Server: Accepted socket connection from client
Mon Apr  3 19:03:41 2023: Starting Socket connection
Mon Apr  3 19:03:41 2023: EXCHANGE_TOKEN received, server token: 6ceddd81-7a20-41ea-ae97-f8cb2de4af32, passed token: 6ceddd81-7a20-41ea-ae97-f8cb2de4af32
Mon Apr  3 19:03:41 2023: SESSION_MGR: creating session with session uuid: 'db65f1ad-3d37-46c3-bee4-c424e6324b39' and name 'vitis_hls'
Mon Apr  3 19:03:41 2023: KERNEL_SVC: creating session with uuid: 'db65f1ad-3d37-46c3-bee4-c424e6324b39' and name 'vitis_hls'
Mon Apr  3 19:03:41 2023: GUIDANCE_SMGR: creating guidance session with uuid: 'db65f1ad-3d37-46c3-bee4-c424e6324b39' and name 'vitis_hls'
Mon Apr  3 19:04:03 2023: STOP_SERVER received, server token: 6ceddd81-7a20-41ea-ae97-f8cb2de4af32, passed token: 6ceddd81-7a20-41ea-ae97-f8cb2de4af32
Mon Apr  3 19:04:03 2023: Socket received request to stop server.
Mon Apr  3 19:04:03 2023: Dispatch Server: do_await_stop
Mon Apr  3 19:04:03 2023: Dispatch Server: stopping mainFifo_
Mon Apr  3 19:04:03 2023: XCD main fifo: Stopping
Mon Apr  3 19:04:03 2023: XCD main fifo: do_read error code: Operation canceled
Mon Apr  3 19:04:03 2023: XCD main fifo: bytes_transferred: 0
Mon Apr  3 19:04:03 2023: SERVER: destructor for server bound to port 36253
Mon Apr  3 19:04:03 2023: XCD main fifo: Good unlink of /tmp/xcdmain6ceddd81-7a20-41ea-ae97-f8cb2de4af32
Mon Apr  3 19:04:03 2023: Server exiting with status 0.
Mon Apr  3 19:04:03 2023: Closing log file.
