20:44:31 DEBUG : Logs will be stored at '/home/pablo1318/workspace/IDE.log'.
20:44:33 INFO  : Platform repository initialization has completed.
20:44:33 INFO  : Launching XSCT server: xsct -n  -interactive /home/pablo1318/workspace/temp_xsdb_launch_script.tcl
20:44:34 INFO  : Registering command handlers for Vitis TCF services
20:44:38 INFO  : XSCT server has started successfully.
20:44:38 INFO  : Successfully done setting XSCT server connection channel  
20:44:38 INFO  : plnx-install-location is set to ''
20:44:38 INFO  : Successfully done setting workspace for the tool. 
20:44:38 INFO  : Successfully done query RDI_DATADIR 
20:45:36 INFO  : Result from executing command 'getProjects': zc706
20:45:36 INFO  : Result from executing command 'getPlatforms': 
20:45:36 WARN  : An unexpected exception occurred in the module 'platform project logging'
20:45:36 INFO  : Platform 'zc706' is added to custom repositories.
20:45:46 INFO  : Platform 'zc706' is added to custom repositories.
20:47:26 INFO  : Launching the emulator on project 'prueba' for configuration 'Debug'
20:47:30 ERROR : Failed to start emulator for 'prueba'.
Reason: Application executable doesn't exist at '/home/pablo1318/workspace/prueba/Debug/prueba.elf'.
20:47:30 INFO  : The emulator is not running, terminating debug launch configuration
20:47:44 INFO  : Result from executing command 'getProjects': zc706
20:47:44 INFO  : Result from executing command 'getPlatforms': zc706|/home/pablo1318/workspace/zc706/export/zc706/zc706.xpfm
20:47:48 INFO  : Checking for BSP changes to sync application flags for project 'prueba'...
20:48:26 INFO  : Checking for BSP changes to sync application flags for project 'prueba'...
20:48:41 INFO  : Launching the emulator on project 'prueba' for configuration 'Debug'
20:48:41 INFO  : Launching QEMU with command 'legacy_launch_emulator -device-family 7series -pid-file emulation.pid -t sw_emu -gdb-port 1137 -add-env QEMU_COMP_PATH=$XILINX_VITIS/data/emulation/qemu/'
20:48:41 INFO  : [Ljava.lang.String;@6e97043c
20:48:48 INFO  : Emulator has started.
20:48:49 INFO  : XRT server required for baremetal application debugging on QEMU has started successfully on port '4353'.
20:48:49 INFO  : 'connect -url tcp:localhost:4353' command is executed.
20:48:49 INFO  : 'gdbremote connect localhost:1137' command is executed.
20:48:49 INFO  : Connected to target on host 'localhost' and port '4353'.
20:48:49 INFO  : Context for processor 'ps7_cortexa9_0' is selected.
20:48:49 INFO  : The application '/home/pablo1318/workspace/prueba/Debug/prueba.elf' is downloaded to processor 'ps7_cortexa9_0'.
20:48:49 INFO  : ----------------XSDB Script----------------
connect -url tcp:localhost:4353
targets 3
dow /home/pablo1318/workspace/prueba/Debug/prueba.elf
----------------End of Script----------------

20:48:49 INFO  : Context for processor 'ps7_cortexa9_0' is selected.
20:48:49 INFO  : 'con' command is executed.
20:48:49 INFO  : ----------------XSDB Script (After Launch)----------------
targets 3
con
----------------End of Script----------------

20:48:49 INFO  : Launch script is exported to file '/home/pablo1318/workspace/prueba_system/_ide/scripts/debugger_prueba-emulation_2.tcl'
20:49:28 INFO  : Checking for BSP changes to sync application flags for project 'prueba'...
20:50:56 INFO  : Disconnected from the channel tcfchan#2.
20:50:56 INFO  : Terminating XRT server used for debugging baremetal applications on QEMU.
20:50:56 INFO  : Stopping the emulator on project 'prueba' for configuration 'Debug'
20:50:56 INFO  : Stopping QEMU with command 'legacy_launch_emulator -kill-pid-file /home/pablo1318/workspace/prueba/Debug/emulation.pid'
20:50:56 INFO  : [Ljava.lang.String;@bfa9d56
20:51:01 INFO  : Emulator has terminated.
20:51:16 DEBUG : Logs will be stored at '/home/pablo1318/workspace/IDE.log'.
20:51:17 INFO  : Launching XSCT server: xsct -n  -interactive /home/pablo1318/workspace/temp_xsdb_launch_script.tcl
20:51:19 INFO  : Platform repository initialization has completed.
20:51:19 INFO  : XSCT server has started successfully.
20:51:19 INFO  : Successfully done setting XSCT server connection channel  
20:51:19 INFO  : plnx-install-location is set to ''
20:51:19 INFO  : Successfully done query RDI_DATADIR 
20:51:19 INFO  : Successfully done setting workspace for the tool. 
20:51:19 INFO  : Registering command handlers for Vitis TCF services
20:52:25 DEBUG : Logs will be stored at '/home/pablo1318/workspace/IDE.log'.
20:52:25 INFO  : Launching XSCT server: xsct -n  -interactive /home/pablo1318/workspace/temp_xsdb_launch_script.tcl
20:52:27 INFO  : Platform repository initialization has completed.
20:52:27 INFO  : XSCT server has started successfully.
20:52:28 INFO  : Registering command handlers for Vitis TCF services
20:52:28 INFO  : plnx-install-location is set to ''
20:52:28 INFO  : Successfully done setting XSCT server connection channel  
20:52:28 INFO  : Successfully done query RDI_DATADIR 
20:52:28 INFO  : Successfully done setting workspace for the tool. 
20:53:15 DEBUG : Logs will be stored at '/home/pablo1318/workspace/IDE.log'.
20:53:15 INFO  : Launching XSCT server: xsct -n  -interactive /home/pablo1318/workspace/temp_xsdb_launch_script.tcl
20:53:17 INFO  : Platform repository initialization has completed.
20:53:17 INFO  : Registering command handlers for Vitis TCF services
20:53:18 INFO  : XSCT server has started successfully.
20:53:18 INFO  : Successfully done setting XSCT server connection channel  
20:53:18 INFO  : plnx-install-location is set to ''
20:53:18 INFO  : Successfully done setting workspace for the tool. 
20:53:18 INFO  : Successfully done query RDI_DATADIR 
20:59:49 DEBUG : Logs will be stored at '/home/pablo1318/workspace/IDE.log'.
20:59:49 INFO  : Launching XSCT server: xsct -n  -interactive /home/pablo1318/workspace/temp_xsdb_launch_script.tcl
20:59:51 INFO  : Platform repository initialization has completed.
20:59:51 INFO  : XSCT server has started successfully.
20:59:51 INFO  : Successfully done setting XSCT server connection channel  
20:59:51 INFO  : plnx-install-location is set to ''
20:59:51 INFO  : Successfully done setting workspace for the tool. 
20:59:51 INFO  : Successfully done query RDI_DATADIR 
20:59:51 INFO  : Registering command handlers for Vitis TCF services
20:26:29 DEBUG : Logs will be stored at '/home/pablo1318/workspace/IDE.log'.
20:26:30 INFO  : Launching XSCT server: xsct -n  -interactive /home/pablo1318/workspace/temp_xsdb_launch_script.tcl
20:26:34 INFO  : Platform repository initialization has completed.
20:26:35 INFO  : Registering command handlers for Vitis TCF services
20:26:40 INFO  : XSCT server has started successfully.
20:26:40 INFO  : Successfully done setting XSCT server connection channel  
20:26:44 INFO  : plnx-install-location is set to ''
20:26:44 INFO  : Successfully done setting workspace for the tool. 
20:26:44 INFO  : Successfully done query RDI_DATADIR 
20:28:07 WARN  : An unexpected exception occurred in the module 'platform project logging'
20:28:31 ERROR : Failed to run the application using 'proyecto_system-Default_proyecto'.
20:28:43 INFO  : Build configuration of 'proyecto_system' is updated to 'Emulation-HW'
20:28:43 INFO  : Build configuration of system project is automatically updated to 'Emulation-HW'.
20:28:43 INFO  : Build configuration of 'proyecto_system_hw_link' is updated to 'Emulation-HW'
20:28:43 INFO  : Build configuration of 'proyecto' is updated to 'Emulation-HW'
20:30:53 ERROR : Failed to run the application using 'proyecto_system-Default_proyecto'.
20:31:18 ERROR : Failed to run the application using 'proyecto_system-Default_proyecto'.
20:31:24 ERROR : Failed to run the application using 'proyecto_system-Default_proyecto'.
20:31:36 INFO  : Build configuration of 'proyecto_system' is updated to 'Emulation-SW'
20:31:36 INFO  : Build configuration of system project is automatically updated to 'Emulation-SW'.
20:31:36 INFO  : Build configuration of 'proyecto_system_hw_link' is updated to 'Emulation-SW'
20:31:36 INFO  : Build configuration of 'proyecto' is updated to 'Emulation-SW'
20:37:39 DEBUG : Logs will be stored at '/home/pablo1318/workspace/IDE.log'.
20:37:40 INFO  : Launching XSCT server: xsct -n  -interactive /home/pablo1318/workspace/temp_xsdb_launch_script.tcl
20:37:40 INFO  : Registering command handlers for Vitis TCF services
20:37:40 INFO  : Platform repository initialization has completed.
20:37:42 INFO  : XSCT server has started successfully.
20:37:42 INFO  : Successfully done setting XSCT server connection channel  
20:37:42 INFO  : plnx-install-location is set to ''
20:37:42 INFO  : Successfully done setting workspace for the tool. 
20:37:42 INFO  : Successfully done query RDI_DATADIR 
20:39:20 DEBUG : Logs will be stored at '/home/pablo1318/workspace/IDE.log'.
20:39:21 INFO  : Launching XSCT server: xsct -n  -interactive /home/pablo1318/workspace/temp_xsdb_launch_script.tcl
20:39:22 INFO  : Platform repository initialization has completed.
20:39:23 INFO  : Registering command handlers for Vitis TCF services
20:39:23 INFO  : XSCT server has started successfully.
20:39:23 INFO  : plnx-install-location is set to ''
20:39:23 INFO  : Successfully done setting XSCT server connection channel  
20:39:23 INFO  : Successfully done setting workspace for the tool. 
20:39:23 INFO  : Successfully done query RDI_DATADIR 
17:01:29 DEBUG : Logs will be stored at '/home/pablo1318/workspace/IDE.log'.
17:01:31 INFO  : Launching XSCT server: xsct -n  -interactive /home/pablo1318/workspace/temp_xsdb_launch_script.tcl
17:01:34 INFO  : Platform repository initialization has completed.
17:01:35 INFO  : Registering command handlers for Vitis TCF services
17:01:38 INFO  : XSCT server has started successfully.
17:01:41 INFO  : plnx-install-location is set to ''
17:01:41 INFO  : Successfully done setting XSCT server connection channel  
17:01:41 INFO  : Successfully done query RDI_DATADIR 
17:01:41 INFO  : Successfully done setting workspace for the tool. 
17:05:35 INFO  : Launching executable: Emulation-SW/asdas 
17:08:15 INFO  : Build configuration of 'vadd_system' is updated to 'Emulation-HW'
17:08:15 INFO  : Build configuration of system project is automatically updated to 'Emulation-HW'.
17:08:15 INFO  : Build configuration of 'vadd_kernels' is updated to 'Emulation-HW'
17:08:15 INFO  : Build configuration of 'vadd' is updated to 'Emulation-HW'
17:13:19 INFO  : Build configuration of 'vadd_system' is updated to 'Emulation-SW'
17:13:19 INFO  : Build configuration of system project is automatically updated to 'Emulation-SW'.
17:13:19 INFO  : Build configuration of 'vadd_kernels' is updated to 'Emulation-SW'
17:13:19 INFO  : Build configuration of 'vadd' is updated to 'Emulation-SW'
18:23:27 DEBUG : Logs will be stored at '/home/pablo1318/workspace/IDE.log'.
18:23:29 INFO  : Launching XSCT server: xsct -n  -interactive /home/pablo1318/workspace/temp_xsdb_launch_script.tcl
18:23:31 INFO  : Platform repository initialization has completed.
18:23:33 INFO  : Registering command handlers for Vitis TCF services
18:23:37 INFO  : XSCT server has started successfully.
18:23:37 INFO  : Successfully done setting XSCT server connection channel  
18:23:37 INFO  : plnx-install-location is set to ''
18:23:41 INFO  : Successfully done setting workspace for the tool. 
18:23:41 INFO  : Successfully done query RDI_DATADIR 
18:30:22 DEBUG : Logs will be stored at '/home/pablo1318/workspace/IDE.log'.
18:30:23 INFO  : Launching XSCT server: xsct -n  -interactive /home/pablo1318/workspace/temp_xsdb_launch_script.tcl
18:30:24 INFO  : Platform repository initialization has completed.
18:30:25 INFO  : Registering command handlers for Vitis TCF services
18:30:26 INFO  : XSCT server has started successfully.
18:30:26 INFO  : plnx-install-location is set to ''
18:30:26 INFO  : Successfully done setting XSCT server connection channel  
18:30:26 INFO  : Successfully done query RDI_DATADIR 
18:30:26 INFO  : Successfully done setting workspace for the tool. 
18:35:12 DEBUG : Logs will be stored at '/home/pablo1318/workspace/IDE.log'.
18:35:13 INFO  : Launching XSCT server: xsct -n  -interactive /home/pablo1318/workspace/temp_xsdb_launch_script.tcl
18:35:14 INFO  : Platform repository initialization has completed.
18:35:15 INFO  : Registering command handlers for Vitis TCF services
18:35:15 INFO  : XSCT server has started successfully.
18:35:15 INFO  : Successfully done setting XSCT server connection channel  
18:35:15 INFO  : plnx-install-location is set to ''
18:35:15 INFO  : Successfully done query RDI_DATADIR 
18:35:15 INFO  : Successfully done setting workspace for the tool. 
18:45:34 DEBUG : Logs will be stored at '/home/pablo1318/workspace/IDE.log'.
18:45:35 INFO  : Launching XSCT server: xsct -n  -interactive /home/pablo1318/workspace/temp_xsdb_launch_script.tcl
18:45:37 INFO  : Platform repository initialization has completed.
18:45:37 INFO  : Registering command handlers for Vitis TCF services
18:45:38 INFO  : XSCT server has started successfully.
18:45:38 INFO  : Successfully done setting XSCT server connection channel  
18:45:38 INFO  : plnx-install-location is set to ''
18:45:38 INFO  : Successfully done setting workspace for the tool. 
18:45:38 INFO  : Successfully done query RDI_DATADIR 
19:08:55 DEBUG : Logs will be stored at '/home/pablo1318/workspace/IDE.log'.
19:08:57 INFO  : Launching XSCT server: xsct -n  -interactive /home/pablo1318/workspace/temp_xsdb_launch_script.tcl
19:08:58 INFO  : Platform repository initialization has completed.
19:09:00 INFO  : Registering command handlers for Vitis TCF services
19:09:04 INFO  : XSCT server has started successfully.
19:09:04 INFO  : Successfully done setting XSCT server connection channel  
19:09:08 INFO  : Successfully done setting workspace for the tool. 
19:09:08 INFO  : plnx-install-location is set to ''
19:09:08 INFO  : Successfully done query RDI_DATADIR 
19:13:38 DEBUG : Logs will be stored at '/home/pablo1318/workspace/IDE.log'.
19:13:39 INFO  : Launching XSCT server: xsct -n  -interactive /home/pablo1318/workspace/temp_xsdb_launch_script.tcl
19:13:40 INFO  : Platform repository initialization has completed.
19:13:41 INFO  : Registering command handlers for Vitis TCF services
19:13:42 INFO  : XSCT server has started successfully.
19:13:42 INFO  : Successfully done setting XSCT server connection channel  
19:13:42 INFO  : plnx-install-location is set to ''
19:13:42 INFO  : Successfully done setting workspace for the tool. 
19:13:42 INFO  : Successfully done query RDI_DATADIR 
19:14:44 DEBUG : Logs will be stored at '/home/pablo1318/workspace/IDE.log'.
19:14:45 INFO  : Launching XSCT server: xsct -n  -interactive /home/pablo1318/workspace/temp_xsdb_launch_script.tcl
19:14:48 INFO  : Platform repository initialization has completed.
19:14:48 INFO  : Registering command handlers for Vitis TCF services
19:14:49 INFO  : XSCT server has started successfully.
19:14:49 INFO  : plnx-install-location is set to ''
19:14:49 INFO  : Successfully done setting XSCT server connection channel  
19:14:49 INFO  : Successfully done setting workspace for the tool. 
19:14:49 INFO  : Successfully done query RDI_DATADIR 
19:18:43 DEBUG : Logs will be stored at '/home/pablo1318/workspace/IDE.log'.
19:18:45 INFO  : Launching XSCT server: xsct -n  -interactive /home/pablo1318/workspace/temp_xsdb_launch_script.tcl
19:18:47 INFO  : Platform repository initialization has completed.
19:18:49 INFO  : Registering command handlers for Vitis TCF services
19:18:52 INFO  : XSCT server has started successfully.
19:18:52 INFO  : Successfully done setting XSCT server connection channel  
19:18:57 INFO  : plnx-install-location is set to ''
19:18:57 INFO  : Successfully done setting workspace for the tool. 
19:18:57 INFO  : Successfully done query RDI_DATADIR 
19:22:50 DEBUG : Logs will be stored at '/home/pablo1318/workspace/IDE.log'.
19:22:52 INFO  : Launching XSCT server: xsct -n  -interactive /home/pablo1318/workspace/temp_xsdb_launch_script.tcl
19:22:55 INFO  : Platform repository initialization has completed.
19:22:56 INFO  : Registering command handlers for Vitis TCF services
19:22:59 INFO  : XSCT server has started successfully.
19:22:59 INFO  : Successfully done setting XSCT server connection channel  
19:23:03 INFO  : plnx-install-location is set to ''
19:23:03 INFO  : Successfully done setting workspace for the tool. 
19:23:03 INFO  : Successfully done query RDI_DATADIR 
19:26:36 DEBUG : Logs will be stored at '/home/pablo1318/workspace/IDE.log'.
19:26:37 INFO  : Launching XSCT server: xsct -n  -interactive /home/pablo1318/workspace/temp_xsdb_launch_script.tcl
19:26:39 INFO  : Platform repository initialization has completed.
19:26:39 INFO  : Registering command handlers for Vitis TCF services
19:26:40 INFO  : XSCT server has started successfully.
19:26:40 INFO  : plnx-install-location is set to ''
19:26:40 INFO  : Successfully done setting XSCT server connection channel  
19:26:40 INFO  : Successfully done setting workspace for the tool. 
19:26:40 INFO  : Successfully done query RDI_DATADIR 
19:31:04 DEBUG : Logs will be stored at '/home/pablo1318/workspace/IDE.log'.
19:31:05 INFO  : Launching XSCT server: xsct -n  -interactive /home/pablo1318/workspace/temp_xsdb_launch_script.tcl
19:31:06 INFO  : Platform repository initialization has completed.
19:31:07 INFO  : Registering command handlers for Vitis TCF services
19:31:08 INFO  : XSCT server has started successfully.
19:31:08 INFO  : Successfully done setting XSCT server connection channel  
19:31:08 INFO  : plnx-install-location is set to ''
19:31:08 INFO  : Successfully done setting workspace for the tool. 
19:31:08 INFO  : Successfully done query RDI_DATADIR 
17:17:34 DEBUG : Logs will be stored at '/home/pablo1318/workspace/IDE.log'.
17:17:37 INFO  : Launching XSCT server: xsct -n  -interactive /home/pablo1318/workspace/temp_xsdb_launch_script.tcl
17:17:42 INFO  : Platform repository initialization has completed.
17:17:43 INFO  : Registering command handlers for Vitis TCF services
17:17:43 INFO  : XSCT server has started successfully.
17:17:43 INFO  : plnx-install-location is set to ''
17:17:43 INFO  : Successfully done setting XSCT server connection channel  
17:17:51 INFO  : Successfully done setting workspace for the tool. 
17:17:51 INFO  : Successfully done query RDI_DATADIR 
17:45:33 DEBUG : Logs will be stored at '/home/pablo1318/workspace/IDE.log'.
17:45:35 INFO  : Launching XSCT server: xsct -n  -interactive /home/pablo1318/workspace/temp_xsdb_launch_script.tcl
17:45:39 INFO  : Platform repository initialization has completed.
17:45:41 INFO  : Registering command handlers for Vitis TCF services
17:45:42 INFO  : XSCT server has started successfully.
17:45:47 INFO  : plnx-install-location is set to ''
17:45:47 INFO  : Successfully done setting XSCT server connection channel  
17:45:47 INFO  : Successfully done query RDI_DATADIR 
17:45:47 INFO  : Successfully done setting workspace for the tool. 
18:09:28 INFO  : Launching executable: Emulation-SW/proyecto  ${project_loc:proyecto_system}/Emulation-SW/binary_container_1.xclbin
18:09:49 INFO  : Build configuration of 'proyecto_system_hw_link' is updated to 'Emulation-HW'
18:09:49 INFO  : Build configuration of 'proyecto_kernels' is updated to 'Emulation-HW'
18:09:49 INFO  : Build configuration of 'proyecto' is updated to 'Emulation-HW'
18:18:20 INFO  : Launching executable: Emulation-HW/proyecto  ${project_loc:proyecto_system}/Emulation-HW/binary_container_1.xclbin
18:21:30 INFO  : Build configuration of 'proyecto_system_hw_link' is updated to 'Emulation-SW'
18:21:30 INFO  : Build configuration of 'proyecto_kernels' is updated to 'Emulation-SW'
18:21:30 INFO  : Build configuration of 'proyecto' is updated to 'Emulation-SW'
18:22:37 INFO  : Launching executable: Emulation-SW/proyecto  ${project_loc:proyecto_system}/Emulation-SW/binary_container_1.xclbin
19:47:07 INFO  : Launching executable: Emulation-SW/proyecto  ${project_loc:proyecto_system}/Emulation-SW/binary_container_1.xclbin
19:52:07 ERROR : Failed to run the application using 'SystemDebugger_proyecto_system_3_proyecto'.
19:53:12 INFO  : Launching executable: Emulation-SW/proyecto  ${project_loc:proyecto_system}/Emulation-SW/binary_container_1.xclbin
19:54:27 INFO  : Launching executable: Emulation-SW/proyecto  ${project_loc:proyecto_system}/Emulation-SW/binary_container_1.xclbin
19:56:54 INFO  : Launching executable: Emulation-SW/proyecto  ${project_loc:proyecto_system}/Emulation-SW/binary_container_1.xclbin
19:58:18 INFO  : Launching executable: Emulation-SW/proyecto  ${project_loc:proyecto_system}/Emulation-SW/binary_container_1.xclbin
20:03:03 INFO  : Launching executable: Emulation-SW/proyecto  ${project_loc:proyecto_system}/Emulation-SW/binary_container_1.xclbin
20:04:30 INFO  : Launching executable: Emulation-SW/proyecto  ${project_loc:proyecto_system}/Emulation-SW/binary_container_1.xclbin
18:06:29 DEBUG : Logs will be stored at '/home/pablo1318/workspace/IDE.log'.
18:06:31 INFO  : Launching XSCT server: xsct -n  -interactive /home/pablo1318/workspace/temp_xsdb_launch_script.tcl
18:06:34 INFO  : Platform repository initialization has completed.
18:06:35 INFO  : Registering command handlers for Vitis TCF services
18:06:37 INFO  : XSCT server has started successfully.
18:06:37 INFO  : Successfully done setting XSCT server connection channel  
18:06:41 INFO  : plnx-install-location is set to ''
18:06:41 INFO  : Successfully done setting workspace for the tool. 
18:06:41 INFO  : Successfully done query RDI_DATADIR 
18:12:34 INFO  : Launching executable: Emulation-SW/proyecto  ${project_loc:proyecto_system}/Emulation-SW/binary_container_1.xclbin
18:14:32 INFO  : Launching executable: Emulation-SW/proyecto  ${project_loc:proyecto_system}/Emulation-SW/binary_container_1.xclbin
18:20:06 INFO  : Launching executable: Emulation-SW/proyecto  ${project_loc:proyecto_system}/Emulation-SW/binary_container_1.xclbin
18:38:10 DEBUG : Logs will be stored at '/home/pablo1318/workspace/IDE.log'.
18:38:10 INFO  : Launching XSCT server: xsct -n  -interactive /home/pablo1318/workspace/temp_xsdb_launch_script.tcl
18:38:13 INFO  : Platform repository initialization has completed.
18:38:13 INFO  : Registering command handlers for Vitis TCF services
18:38:13 INFO  : XSCT server has started successfully.
18:38:13 INFO  : plnx-install-location is set to ''
18:38:13 INFO  : Successfully done setting XSCT server connection channel  
18:38:14 INFO  : Successfully done setting workspace for the tool. 
18:38:14 INFO  : Successfully done query RDI_DATADIR 
18:40:46 INFO  : Launching executable: Emulation-SW/proyecto  ${project_loc:proyecto_system}/Emulation-SW/binary_container_1.xclbin
18:44:51 INFO  : Build configuration of 'proyecto_system_hw_link' is updated to 'Emulation-HW'
18:44:51 INFO  : Build configuration of 'proyecto_kernels' is updated to 'Emulation-HW'
18:44:51 INFO  : Build configuration of 'proyecto' is updated to 'Emulation-HW'
18:52:21 INFO  : Launching executable: Emulation-HW/proyecto  ${project_loc:proyecto_system}/Emulation-HW/binary_container_1.xclbin
