
*** Running vivado
    with args -log kernel_prueba.vds -m64 -product Vivado -mode batch -messageDb vivado.pb -notrace -source kernel_prueba.tcl


****** Vivado v2022.2 (64-bit)
  **** SW Build 3671981 on Fri Oct 14 04:59:54 MDT 2022
  **** IP Build 3669848 on Fri Oct 14 08:30:02 MDT 2022
    ** Copyright 1986-2022 Xilinx, Inc. All Rights Reserved.

source kernel_prueba.tcl -notrace
Command: synth_design -top kernel_prueba -part xcu250-figd2104-2L-e -mode out_of_context
Starting synth_design
Attempting to get a license for feature 'Synthesis' and/or device 'xcu250'
INFO: [Common 17-349] Got license for feature 'Synthesis' and/or device 'xcu250'
INFO: [Device 21-403] Loading part xcu250-figd2104-2L-e
INFO: [Synth 8-7079] Multithreading enabled for synth_design using a maximum of 4 processes.
INFO: [Synth 8-7078] Launching helper process for spawning children vivado processes
INFO: [Synth 8-7075] Helper process launched with PID 28369
INFO: [Synth 8-11241] undeclared symbol 'REGCCE', assumed default net type 'wire' [/media/pablo1318/hddLinux/XILINX/Vivado/2022.2/data/verilog/src/unimacro/BRAM_SINGLE_MACRO.v:2170]
---------------------------------------------------------------------------------
Starting RTL Elaboration : Time (s): cpu = 00:00:05 ; elapsed = 00:00:06 . Memory (MB): peak = 2874.332 ; gain = 371.699 ; free physical = 2204 ; free virtual = 31404
Synthesis current peak Physical Memory [PSS] (MB): peak = 2280.539; parent = 2077.860; children = 202.679
Synthesis current peak Virtual Memory [VSS] (MB): peak = 3881.082; parent = 2877.305; children = 1003.777
---------------------------------------------------------------------------------
INFO: [Synth 8-6157] synthesizing module 'kernel_prueba' [/home/pablo1318/workspace/prueba2vectores_kernels/vivado_rtl_kernel/kernel_prueba_ex/imports/kernel_prueba.v:7]
INFO: [Synth 8-6157] synthesizing module 'kernel_prueba_control_s_axi' [/home/pablo1318/workspace/prueba2vectores_kernels/vivado_rtl_kernel/kernel_prueba_ex/imports/kernel_prueba_control_s_axi.v:7]
	Parameter C_S_AXI_ADDR_WIDTH bound to: 12 - type: integer 
	Parameter C_S_AXI_DATA_WIDTH bound to: 32 - type: integer 
INFO: [Synth 8-155] case statement is not full and has no default [/home/pablo1318/workspace/prueba2vectores_kernels/vivado_rtl_kernel/kernel_prueba_ex/imports/kernel_prueba_control_s_axi.v:217]
INFO: [Synth 8-6155] done synthesizing module 'kernel_prueba_control_s_axi' (0#1) [/home/pablo1318/workspace/prueba2vectores_kernels/vivado_rtl_kernel/kernel_prueba_ex/imports/kernel_prueba_control_s_axi.v:7]
INFO: [Synth 8-6155] done synthesizing module 'kernel_prueba' (0#1) [/home/pablo1318/workspace/prueba2vectores_kernels/vivado_rtl_kernel/kernel_prueba_ex/imports/kernel_prueba.v:7]
WARNING: [Synth 8-6014] Unused sequential element int_ap_done_reg was removed.  [/home/pablo1318/workspace/prueba2vectores_kernels/vivado_rtl_kernel/kernel_prueba_ex/imports/kernel_prueba_control_s_axi.v:289]
WARNING: [Synth 8-3848] Net m00_axi_awvalid in module/entity kernel_prueba does not have driver. [/home/pablo1318/workspace/prueba2vectores_kernels/vivado_rtl_kernel/kernel_prueba_ex/imports/kernel_prueba.v:43]
WARNING: [Synth 8-3848] Net m00_axi_awaddr in module/entity kernel_prueba does not have driver. [/home/pablo1318/workspace/prueba2vectores_kernels/vivado_rtl_kernel/kernel_prueba_ex/imports/kernel_prueba.v:45]
WARNING: [Synth 8-3848] Net m00_axi_awlen in module/entity kernel_prueba does not have driver. [/home/pablo1318/workspace/prueba2vectores_kernels/vivado_rtl_kernel/kernel_prueba_ex/imports/kernel_prueba.v:46]
WARNING: [Synth 8-3848] Net m00_axi_wvalid in module/entity kernel_prueba does not have driver. [/home/pablo1318/workspace/prueba2vectores_kernels/vivado_rtl_kernel/kernel_prueba_ex/imports/kernel_prueba.v:47]
WARNING: [Synth 8-3848] Net m00_axi_wdata in module/entity kernel_prueba does not have driver. [/home/pablo1318/workspace/prueba2vectores_kernels/vivado_rtl_kernel/kernel_prueba_ex/imports/kernel_prueba.v:49]
WARNING: [Synth 8-3848] Net m00_axi_wstrb in module/entity kernel_prueba does not have driver. [/home/pablo1318/workspace/prueba2vectores_kernels/vivado_rtl_kernel/kernel_prueba_ex/imports/kernel_prueba.v:50]
WARNING: [Synth 8-3848] Net m00_axi_wlast in module/entity kernel_prueba does not have driver. [/home/pablo1318/workspace/prueba2vectores_kernels/vivado_rtl_kernel/kernel_prueba_ex/imports/kernel_prueba.v:51]
WARNING: [Synth 8-3848] Net m00_axi_bready in module/entity kernel_prueba does not have driver. [/home/pablo1318/workspace/prueba2vectores_kernels/vivado_rtl_kernel/kernel_prueba_ex/imports/kernel_prueba.v:53]
WARNING: [Synth 8-3848] Net m00_axi_arvalid in module/entity kernel_prueba does not have driver. [/home/pablo1318/workspace/prueba2vectores_kernels/vivado_rtl_kernel/kernel_prueba_ex/imports/kernel_prueba.v:54]
WARNING: [Synth 8-3848] Net m00_axi_araddr in module/entity kernel_prueba does not have driver. [/home/pablo1318/workspace/prueba2vectores_kernels/vivado_rtl_kernel/kernel_prueba_ex/imports/kernel_prueba.v:56]
WARNING: [Synth 8-3848] Net m00_axi_arlen in module/entity kernel_prueba does not have driver. [/home/pablo1318/workspace/prueba2vectores_kernels/vivado_rtl_kernel/kernel_prueba_ex/imports/kernel_prueba.v:57]
WARNING: [Synth 8-3848] Net m00_axi_rready in module/entity kernel_prueba does not have driver. [/home/pablo1318/workspace/prueba2vectores_kernels/vivado_rtl_kernel/kernel_prueba_ex/imports/kernel_prueba.v:59]
WARNING: [Synth 8-3848] Net ap_done in module/entity kernel_prueba does not have driver. [/home/pablo1318/workspace/prueba2vectores_kernels/vivado_rtl_kernel/kernel_prueba_ex/imports/kernel_prueba.v:92]
WARNING: [Synth 8-3848] Net ap_ready in module/entity kernel_prueba does not have driver. [/home/pablo1318/workspace/prueba2vectores_kernels/vivado_rtl_kernel/kernel_prueba_ex/imports/kernel_prueba.v:93]
WARNING: [Synth 8-3848] Net ap_idle in module/entity kernel_prueba does not have driver. [/home/pablo1318/workspace/prueba2vectores_kernels/vivado_rtl_kernel/kernel_prueba_ex/imports/kernel_prueba.v:91]
WARNING: [Synth 8-7129] Port AWADDR[11] in module kernel_prueba_control_s_axi is either unconnected or has no load
WARNING: [Synth 8-7129] Port AWADDR[10] in module kernel_prueba_control_s_axi is either unconnected or has no load
WARNING: [Synth 8-7129] Port AWADDR[9] in module kernel_prueba_control_s_axi is either unconnected or has no load
WARNING: [Synth 8-7129] Port AWADDR[8] in module kernel_prueba_control_s_axi is either unconnected or has no load
WARNING: [Synth 8-7129] Port AWADDR[7] in module kernel_prueba_control_s_axi is either unconnected or has no load
WARNING: [Synth 8-7129] Port AWADDR[6] in module kernel_prueba_control_s_axi is either unconnected or has no load
WARNING: [Synth 8-7129] Port ARADDR[11] in module kernel_prueba_control_s_axi is either unconnected or has no load
WARNING: [Synth 8-7129] Port ARADDR[10] in module kernel_prueba_control_s_axi is either unconnected or has no load
WARNING: [Synth 8-7129] Port ARADDR[9] in module kernel_prueba_control_s_axi is either unconnected or has no load
WARNING: [Synth 8-7129] Port ARADDR[8] in module kernel_prueba_control_s_axi is either unconnected or has no load
WARNING: [Synth 8-7129] Port ARADDR[7] in module kernel_prueba_control_s_axi is either unconnected or has no load
WARNING: [Synth 8-7129] Port ARADDR[6] in module kernel_prueba_control_s_axi is either unconnected or has no load
WARNING: [Synth 8-7129] Port m00_axi_awvalid in module kernel_prueba is either unconnected or has no load
WARNING: [Synth 8-7129] Port m00_axi_awaddr[63] in module kernel_prueba is either unconnected or has no load
WARNING: [Synth 8-7129] Port m00_axi_awaddr[62] in module kernel_prueba is either unconnected or has no load
WARNING: [Synth 8-7129] Port m00_axi_awaddr[61] in module kernel_prueba is either unconnected or has no load
WARNING: [Synth 8-7129] Port m00_axi_awaddr[60] in module kernel_prueba is either unconnected or has no load
WARNING: [Synth 8-7129] Port m00_axi_awaddr[59] in module kernel_prueba is either unconnected or has no load
WARNING: [Synth 8-7129] Port m00_axi_awaddr[58] in module kernel_prueba is either unconnected or has no load
WARNING: [Synth 8-7129] Port m00_axi_awaddr[57] in module kernel_prueba is either unconnected or has no load
WARNING: [Synth 8-7129] Port m00_axi_awaddr[56] in module kernel_prueba is either unconnected or has no load
WARNING: [Synth 8-7129] Port m00_axi_awaddr[55] in module kernel_prueba is either unconnected or has no load
WARNING: [Synth 8-7129] Port m00_axi_awaddr[54] in module kernel_prueba is either unconnected or has no load
WARNING: [Synth 8-7129] Port m00_axi_awaddr[53] in module kernel_prueba is either unconnected or has no load
WARNING: [Synth 8-7129] Port m00_axi_awaddr[52] in module kernel_prueba is either unconnected or has no load
WARNING: [Synth 8-7129] Port m00_axi_awaddr[51] in module kernel_prueba is either unconnected or has no load
WARNING: [Synth 8-7129] Port m00_axi_awaddr[50] in module kernel_prueba is either unconnected or has no load
WARNING: [Synth 8-7129] Port m00_axi_awaddr[49] in module kernel_prueba is either unconnected or has no load
WARNING: [Synth 8-7129] Port m00_axi_awaddr[48] in module kernel_prueba is either unconnected or has no load
WARNING: [Synth 8-7129] Port m00_axi_awaddr[47] in module kernel_prueba is either unconnected or has no load
WARNING: [Synth 8-7129] Port m00_axi_awaddr[46] in module kernel_prueba is either unconnected or has no load
WARNING: [Synth 8-7129] Port m00_axi_awaddr[45] in module kernel_prueba is either unconnected or has no load
WARNING: [Synth 8-7129] Port m00_axi_awaddr[44] in module kernel_prueba is either unconnected or has no load
WARNING: [Synth 8-7129] Port m00_axi_awaddr[43] in module kernel_prueba is either unconnected or has no load
WARNING: [Synth 8-7129] Port m00_axi_awaddr[42] in module kernel_prueba is either unconnected or has no load
WARNING: [Synth 8-7129] Port m00_axi_awaddr[41] in module kernel_prueba is either unconnected or has no load
WARNING: [Synth 8-7129] Port m00_axi_awaddr[40] in module kernel_prueba is either unconnected or has no load
WARNING: [Synth 8-7129] Port m00_axi_awaddr[39] in module kernel_prueba is either unconnected or has no load
WARNING: [Synth 8-7129] Port m00_axi_awaddr[38] in module kernel_prueba is either unconnected or has no load
WARNING: [Synth 8-7129] Port m00_axi_awaddr[37] in module kernel_prueba is either unconnected or has no load
WARNING: [Synth 8-7129] Port m00_axi_awaddr[36] in module kernel_prueba is either unconnected or has no load
WARNING: [Synth 8-7129] Port m00_axi_awaddr[35] in module kernel_prueba is either unconnected or has no load
WARNING: [Synth 8-7129] Port m00_axi_awaddr[34] in module kernel_prueba is either unconnected or has no load
WARNING: [Synth 8-7129] Port m00_axi_awaddr[33] in module kernel_prueba is either unconnected or has no load
WARNING: [Synth 8-7129] Port m00_axi_awaddr[32] in module kernel_prueba is either unconnected or has no load
WARNING: [Synth 8-7129] Port m00_axi_awaddr[31] in module kernel_prueba is either unconnected or has no load
WARNING: [Synth 8-7129] Port m00_axi_awaddr[30] in module kernel_prueba is either unconnected or has no load
WARNING: [Synth 8-7129] Port m00_axi_awaddr[29] in module kernel_prueba is either unconnected or has no load
WARNING: [Synth 8-7129] Port m00_axi_awaddr[28] in module kernel_prueba is either unconnected or has no load
WARNING: [Synth 8-7129] Port m00_axi_awaddr[27] in module kernel_prueba is either unconnected or has no load
WARNING: [Synth 8-7129] Port m00_axi_awaddr[26] in module kernel_prueba is either unconnected or has no load
WARNING: [Synth 8-7129] Port m00_axi_awaddr[25] in module kernel_prueba is either unconnected or has no load
WARNING: [Synth 8-7129] Port m00_axi_awaddr[24] in module kernel_prueba is either unconnected or has no load
WARNING: [Synth 8-7129] Port m00_axi_awaddr[23] in module kernel_prueba is either unconnected or has no load
WARNING: [Synth 8-7129] Port m00_axi_awaddr[22] in module kernel_prueba is either unconnected or has no load
WARNING: [Synth 8-7129] Port m00_axi_awaddr[21] in module kernel_prueba is either unconnected or has no load
WARNING: [Synth 8-7129] Port m00_axi_awaddr[20] in module kernel_prueba is either unconnected or has no load
WARNING: [Synth 8-7129] Port m00_axi_awaddr[19] in module kernel_prueba is either unconnected or has no load
WARNING: [Synth 8-7129] Port m00_axi_awaddr[18] in module kernel_prueba is either unconnected or has no load
WARNING: [Synth 8-7129] Port m00_axi_awaddr[17] in module kernel_prueba is either unconnected or has no load
WARNING: [Synth 8-7129] Port m00_axi_awaddr[16] in module kernel_prueba is either unconnected or has no load
WARNING: [Synth 8-7129] Port m00_axi_awaddr[15] in module kernel_prueba is either unconnected or has no load
WARNING: [Synth 8-7129] Port m00_axi_awaddr[14] in module kernel_prueba is either unconnected or has no load
WARNING: [Synth 8-7129] Port m00_axi_awaddr[13] in module kernel_prueba is either unconnected or has no load
WARNING: [Synth 8-7129] Port m00_axi_awaddr[12] in module kernel_prueba is either unconnected or has no load
WARNING: [Synth 8-7129] Port m00_axi_awaddr[11] in module kernel_prueba is either unconnected or has no load
WARNING: [Synth 8-7129] Port m00_axi_awaddr[10] in module kernel_prueba is either unconnected or has no load
WARNING: [Synth 8-7129] Port m00_axi_awaddr[9] in module kernel_prueba is either unconnected or has no load
WARNING: [Synth 8-7129] Port m00_axi_awaddr[8] in module kernel_prueba is either unconnected or has no load
WARNING: [Synth 8-7129] Port m00_axi_awaddr[7] in module kernel_prueba is either unconnected or has no load
WARNING: [Synth 8-7129] Port m00_axi_awaddr[6] in module kernel_prueba is either unconnected or has no load
WARNING: [Synth 8-7129] Port m00_axi_awaddr[5] in module kernel_prueba is either unconnected or has no load
WARNING: [Synth 8-7129] Port m00_axi_awaddr[4] in module kernel_prueba is either unconnected or has no load
WARNING: [Synth 8-7129] Port m00_axi_awaddr[3] in module kernel_prueba is either unconnected or has no load
WARNING: [Synth 8-7129] Port m00_axi_awaddr[2] in module kernel_prueba is either unconnected or has no load
WARNING: [Synth 8-7129] Port m00_axi_awaddr[1] in module kernel_prueba is either unconnected or has no load
WARNING: [Synth 8-7129] Port m00_axi_awaddr[0] in module kernel_prueba is either unconnected or has no load
WARNING: [Synth 8-7129] Port m00_axi_awlen[7] in module kernel_prueba is either unconnected or has no load
WARNING: [Synth 8-7129] Port m00_axi_awlen[6] in module kernel_prueba is either unconnected or has no load
WARNING: [Synth 8-7129] Port m00_axi_awlen[5] in module kernel_prueba is either unconnected or has no load
WARNING: [Synth 8-7129] Port m00_axi_awlen[4] in module kernel_prueba is either unconnected or has no load
WARNING: [Synth 8-7129] Port m00_axi_awlen[3] in module kernel_prueba is either unconnected or has no load
WARNING: [Synth 8-7129] Port m00_axi_awlen[2] in module kernel_prueba is either unconnected or has no load
WARNING: [Synth 8-7129] Port m00_axi_awlen[1] in module kernel_prueba is either unconnected or has no load
WARNING: [Synth 8-7129] Port m00_axi_awlen[0] in module kernel_prueba is either unconnected or has no load
WARNING: [Synth 8-7129] Port m00_axi_wvalid in module kernel_prueba is either unconnected or has no load
WARNING: [Synth 8-7129] Port m00_axi_wdata[31] in module kernel_prueba is either unconnected or has no load
WARNING: [Synth 8-7129] Port m00_axi_wdata[30] in module kernel_prueba is either unconnected or has no load
WARNING: [Synth 8-7129] Port m00_axi_wdata[29] in module kernel_prueba is either unconnected or has no load
WARNING: [Synth 8-7129] Port m00_axi_wdata[28] in module kernel_prueba is either unconnected or has no load
WARNING: [Synth 8-7129] Port m00_axi_wdata[27] in module kernel_prueba is either unconnected or has no load
WARNING: [Synth 8-7129] Port m00_axi_wdata[26] in module kernel_prueba is either unconnected or has no load
WARNING: [Synth 8-7129] Port m00_axi_wdata[25] in module kernel_prueba is either unconnected or has no load
WARNING: [Synth 8-7129] Port m00_axi_wdata[24] in module kernel_prueba is either unconnected or has no load
WARNING: [Synth 8-7129] Port m00_axi_wdata[23] in module kernel_prueba is either unconnected or has no load
WARNING: [Synth 8-7129] Port m00_axi_wdata[22] in module kernel_prueba is either unconnected or has no load
WARNING: [Synth 8-7129] Port m00_axi_wdata[21] in module kernel_prueba is either unconnected or has no load
WARNING: [Synth 8-7129] Port m00_axi_wdata[20] in module kernel_prueba is either unconnected or has no load
WARNING: [Synth 8-7129] Port m00_axi_wdata[19] in module kernel_prueba is either unconnected or has no load
WARNING: [Synth 8-7129] Port m00_axi_wdata[18] in module kernel_prueba is either unconnected or has no load
INFO: [Common 17-14] Message 'Synth 8-7129' appears 100 times and further instances of the messages will be disabled. Use the Tcl command set_msg_config to change the current settings.
---------------------------------------------------------------------------------
Finished RTL Elaboration : Time (s): cpu = 00:00:06 ; elapsed = 00:00:08 . Memory (MB): peak = 2947.270 ; gain = 444.637 ; free physical = 2201 ; free virtual = 31413
Synthesis current peak Physical Memory [PSS] (MB): peak = 2280.539; parent = 2077.860; children = 202.679
Synthesis current peak Virtual Memory [VSS] (MB): peak = 3951.051; parent = 2947.273; children = 1003.777
---------------------------------------------------------------------------------
---------------------------------------------------------------------------------
Start Handling Custom Attributes
---------------------------------------------------------------------------------
---------------------------------------------------------------------------------
Finished Handling Custom Attributes : Time (s): cpu = 00:00:06 ; elapsed = 00:00:08 . Memory (MB): peak = 2965.082 ; gain = 462.449 ; free physical = 2203 ; free virtual = 31415
Synthesis current peak Physical Memory [PSS] (MB): peak = 2280.539; parent = 2077.860; children = 202.679
Synthesis current peak Virtual Memory [VSS] (MB): peak = 3968.863; parent = 2965.086; children = 1003.777
---------------------------------------------------------------------------------
---------------------------------------------------------------------------------
Finished RTL Optimization Phase 1 : Time (s): cpu = 00:00:06 ; elapsed = 00:00:08 . Memory (MB): peak = 2965.082 ; gain = 462.449 ; free physical = 2199 ; free virtual = 31412
Synthesis current peak Physical Memory [PSS] (MB): peak = 2280.539; parent = 2077.860; children = 202.679
Synthesis current peak Virtual Memory [VSS] (MB): peak = 3968.863; parent = 2965.086; children = 1003.777
---------------------------------------------------------------------------------
Netlist sorting complete. Time (s): cpu = 00:00:00 ; elapsed = 00:00:00.01 . Memory (MB): peak = 2965.082 ; gain = 0.000 ; free physical = 2199 ; free virtual = 31414
INFO: [Project 1-570] Preparing netlist for logic optimization

Processing XDC Constraints
Initializing timing engine
Parsing XDC File [/home/pablo1318/workspace/prueba2vectores_kernels/vivado_rtl_kernel/kernel_prueba_ex/imports/kernel_prueba_ooc.xdc]
Finished Parsing XDC File [/home/pablo1318/workspace/prueba2vectores_kernels/vivado_rtl_kernel/kernel_prueba_ex/imports/kernel_prueba_ooc.xdc]
Parsing XDC File [/home/pablo1318/workspace/prueba2vectores_kernels/vivado_rtl_kernel/kernel_prueba_ex/imports/kernel_prueba_user.xdc]
Finished Parsing XDC File [/home/pablo1318/workspace/prueba2vectores_kernels/vivado_rtl_kernel/kernel_prueba_ex/imports/kernel_prueba_user.xdc]
Completed Processing XDC Constraints

Netlist sorting complete. Time (s): cpu = 00:00:00 ; elapsed = 00:00:00 . Memory (MB): peak = 3153.699 ; gain = 0.000 ; free physical = 1988 ; free virtual = 31239
INFO: [Project 1-111] Unisim Transformation Summary:
No Unisim elements were transformed.

Constraint Validation Runtime : Time (s): cpu = 00:00:00.03 ; elapsed = 00:00:00.07 . Memory (MB): peak = 3153.699 ; gain = 0.000 ; free physical = 1986 ; free virtual = 31241
INFO: [Synth 8-11241] undeclared symbol 'REGCCE', assumed default net type 'wire' [/media/pablo1318/hddLinux/XILINX/Vivado/2022.2/data/verilog/src/unimacro/BRAM_SINGLE_MACRO.v:2170]
---------------------------------------------------------------------------------
Finished Constraint Validation : Time (s): cpu = 00:00:18 ; elapsed = 00:00:21 . Memory (MB): peak = 3153.699 ; gain = 651.066 ; free physical = 2135 ; free virtual = 31354
Synthesis current peak Physical Memory [PSS] (MB): peak = 2318.379; parent = 2115.700; children = 202.679
Synthesis current peak Virtual Memory [VSS] (MB): peak = 4125.465; parent = 3121.688; children = 1003.777
---------------------------------------------------------------------------------
---------------------------------------------------------------------------------
Start Loading Part and Timing Information
---------------------------------------------------------------------------------
Loading part: xcu250-figd2104-2L-e
INFO: [Synth 8-6742] Reading net delay rules and data
---------------------------------------------------------------------------------
Finished Loading Part and Timing Information : Time (s): cpu = 00:00:18 ; elapsed = 00:00:21 . Memory (MB): peak = 3153.699 ; gain = 651.066 ; free physical = 2134 ; free virtual = 31352
Synthesis current peak Physical Memory [PSS] (MB): peak = 2318.379; parent = 2115.700; children = 202.679
Synthesis current peak Virtual Memory [VSS] (MB): peak = 4125.465; parent = 3121.688; children = 1003.777
---------------------------------------------------------------------------------
---------------------------------------------------------------------------------
Start Applying 'set_property' XDC Constraints
---------------------------------------------------------------------------------
---------------------------------------------------------------------------------
Finished applying 'set_property' XDC Constraints : Time (s): cpu = 00:00:18 ; elapsed = 00:00:21 . Memory (MB): peak = 3153.699 ; gain = 651.066 ; free physical = 2134 ; free virtual = 31352
Synthesis current peak Physical Memory [PSS] (MB): peak = 2318.379; parent = 2115.700; children = 202.679
Synthesis current peak Virtual Memory [VSS] (MB): peak = 4125.465; parent = 3121.688; children = 1003.777
---------------------------------------------------------------------------------
INFO: [Synth 8-802] inferred FSM for state register 'wstate_reg' in module 'kernel_prueba_control_s_axi'
INFO: [Synth 8-802] inferred FSM for state register 'rstate_reg' in module 'kernel_prueba_control_s_axi'
---------------------------------------------------------------------------------------------------
                   State |                     New Encoding |                Previous Encoding 
---------------------------------------------------------------------------------------------------
                  iSTATE |                             0001 |                               11
*
                  WRIDLE |                             0010 |                               00
                  WRDATA |                             0100 |                               01
                  WRRESP |                             1000 |                               10
---------------------------------------------------------------------------------------------------
INFO: [Synth 8-3354] encoded FSM with state register 'wstate_reg' using encoding 'one-hot' in module 'kernel_prueba_control_s_axi'
---------------------------------------------------------------------------------------------------
                   State |                     New Encoding |                Previous Encoding 
---------------------------------------------------------------------------------------------------
                  iSTATE |                              001 |                               10
*
                  RDIDLE |                              010 |                               00
                  RDDATA |                              100 |                               01
---------------------------------------------------------------------------------------------------
INFO: [Synth 8-3354] encoded FSM with state register 'rstate_reg' using encoding 'one-hot' in module 'kernel_prueba_control_s_axi'
---------------------------------------------------------------------------------
Finished RTL Optimization Phase 2 : Time (s): cpu = 00:00:18 ; elapsed = 00:00:22 . Memory (MB): peak = 3153.699 ; gain = 651.066 ; free physical = 2116 ; free virtual = 31336
Synthesis current peak Physical Memory [PSS] (MB): peak = 2318.379; parent = 2115.700; children = 202.679
Synthesis current peak Virtual Memory [VSS] (MB): peak = 4125.465; parent = 3121.688; children = 1003.777
---------------------------------------------------------------------------------
---------------------------------------------------------------------------------
Start RTL Component Statistics 
---------------------------------------------------------------------------------
Detailed RTL Component Info : 
+---XORs : 
	   2 Input      1 Bit         XORs := 2     
+---Registers : 
	               32 Bit    Registers := 5     
	                6 Bit    Registers := 1     
	                2 Bit    Registers := 1     
	                1 Bit    Registers := 10    
+---Muxes : 
	   9 Input   32 Bit        Muxes := 1     
	   4 Input    4 Bit        Muxes := 1     
	   2 Input    4 Bit        Muxes := 3     
	   3 Input    3 Bit        Muxes := 1     
	   2 Input    3 Bit        Muxes := 2     
	   2 Input    1 Bit        Muxes := 3     
---------------------------------------------------------------------------------
Finished RTL Component Statistics 
---------------------------------------------------------------------------------
---------------------------------------------------------------------------------
Start Part Resource Summary
---------------------------------------------------------------------------------
Part Resources:
DSPs: 12288 (col length:96)
BRAMs: 5376 (col length: RAMB18 384 RAMB36 192)
---------------------------------------------------------------------------------
Finished Part Resource Summary
---------------------------------------------------------------------------------
---------------------------------------------------------------------------------
Start Cross Boundary and Area Optimization
---------------------------------------------------------------------------------
WARNING: [Synth 8-7080] Parallel synthesis criteria is not met
WARNING: [Synth 8-3917] design kernel_prueba has port s_axi_control_rresp[1] driven by constant 0
WARNING: [Synth 8-3917] design kernel_prueba has port s_axi_control_rresp[0] driven by constant 0
WARNING: [Synth 8-3917] design kernel_prueba has port s_axi_control_bresp[1] driven by constant 0
WARNING: [Synth 8-3917] design kernel_prueba has port s_axi_control_bresp[0] driven by constant 0
WARNING: [Synth 8-3332] Sequential element (inst_control_s_axi/FSM_onehot_wstate_reg[0]) is unused and will be removed from module kernel_prueba.
WARNING: [Synth 8-3332] Sequential element (inst_control_s_axi/FSM_onehot_rstate_reg[0]) is unused and will be removed from module kernel_prueba.
---------------------------------------------------------------------------------
Finished Cross Boundary and Area Optimization : Time (s): cpu = 00:00:20 ; elapsed = 00:00:24 . Memory (MB): peak = 3153.699 ; gain = 651.066 ; free physical = 2111 ; free virtual = 31327
Synthesis current peak Physical Memory [PSS] (MB): peak = 2318.379; parent = 2115.700; children = 202.679
Synthesis current peak Virtual Memory [VSS] (MB): peak = 4125.465; parent = 3121.688; children = 1003.777
---------------------------------------------------------------------------------
---------------------------------------------------------------------------------
Start Applying XDC Timing Constraints
---------------------------------------------------------------------------------
---------------------------------------------------------------------------------
Finished Applying XDC Timing Constraints : Time (s): cpu = 00:00:31 ; elapsed = 00:00:38 . Memory (MB): peak = 3366.074 ; gain = 863.441 ; free physical = 1696 ; free virtual = 30928
Synthesis current peak Physical Memory [PSS] (MB): peak = 2752.224; parent = 2550.033; children = 202.679
Synthesis current peak Virtual Memory [VSS] (MB): peak = 4369.855; parent = 3366.078; children = 1003.777
---------------------------------------------------------------------------------
---------------------------------------------------------------------------------
Start Timing Optimization
---------------------------------------------------------------------------------
---------------------------------------------------------------------------------
Finished Timing Optimization : Time (s): cpu = 00:00:32 ; elapsed = 00:00:39 . Memory (MB): peak = 3400.121 ; gain = 897.488 ; free physical = 1680 ; free virtual = 30917
Synthesis current peak Physical Memory [PSS] (MB): peak = 2759.346; parent = 2556.685; children = 202.679
Synthesis current peak Virtual Memory [VSS] (MB): peak = 4403.902; parent = 3400.125; children = 1003.777
---------------------------------------------------------------------------------
---------------------------------------------------------------------------------
Start Technology Mapping
---------------------------------------------------------------------------------
---------------------------------------------------------------------------------
Finished Technology Mapping : Time (s): cpu = 00:00:32 ; elapsed = 00:00:39 . Memory (MB): peak = 3400.121 ; gain = 897.488 ; free physical = 1676 ; free virtual = 30912
Synthesis current peak Physical Memory [PSS] (MB): peak = 2759.346; parent = 2556.849; children = 202.679
Synthesis current peak Virtual Memory [VSS] (MB): peak = 4403.902; parent = 3400.125; children = 1003.777
---------------------------------------------------------------------------------
---------------------------------------------------------------------------------
Start IO Insertion
---------------------------------------------------------------------------------
---------------------------------------------------------------------------------
Start Flattening Before IO Insertion
---------------------------------------------------------------------------------
---------------------------------------------------------------------------------
Finished Flattening Before IO Insertion
---------------------------------------------------------------------------------
---------------------------------------------------------------------------------
Start Final Netlist Cleanup
---------------------------------------------------------------------------------
---------------------------------------------------------------------------------
Finished Final Netlist Cleanup
---------------------------------------------------------------------------------
---------------------------------------------------------------------------------
Finished IO Insertion : Time (s): cpu = 00:00:37 ; elapsed = 00:00:44 . Memory (MB): peak = 3400.121 ; gain = 897.488 ; free physical = 1379 ; free virtual = 30624
Synthesis current peak Physical Memory [PSS] (MB): peak = 2759.346; parent = 2556.849; children = 202.679
Synthesis current peak Virtual Memory [VSS] (MB): peak = 4403.902; parent = 3400.125; children = 1003.777
---------------------------------------------------------------------------------
---------------------------------------------------------------------------------
Start Renaming Generated Instances
---------------------------------------------------------------------------------
---------------------------------------------------------------------------------
Finished Renaming Generated Instances : Time (s): cpu = 00:00:37 ; elapsed = 00:00:44 . Memory (MB): peak = 3400.121 ; gain = 897.488 ; free physical = 1379 ; free virtual = 30624
Synthesis current peak Physical Memory [PSS] (MB): peak = 2759.346; parent = 2556.849; children = 202.679
Synthesis current peak Virtual Memory [VSS] (MB): peak = 4403.902; parent = 3400.125; children = 1003.777
---------------------------------------------------------------------------------
---------------------------------------------------------------------------------
Start Rebuilding User Hierarchy
---------------------------------------------------------------------------------
---------------------------------------------------------------------------------
Finished Rebuilding User Hierarchy : Time (s): cpu = 00:00:37 ; elapsed = 00:00:44 . Memory (MB): peak = 3400.121 ; gain = 897.488 ; free physical = 1370 ; free virtual = 30618
Synthesis current peak Physical Memory [PSS] (MB): peak = 2759.346; parent = 2556.849; children = 202.679
Synthesis current peak Virtual Memory [VSS] (MB): peak = 4403.902; parent = 3400.125; children = 1003.777
---------------------------------------------------------------------------------
---------------------------------------------------------------------------------
Start Renaming Generated Ports
---------------------------------------------------------------------------------
---------------------------------------------------------------------------------
Finished Renaming Generated Ports : Time (s): cpu = 00:00:37 ; elapsed = 00:00:44 . Memory (MB): peak = 3400.121 ; gain = 897.488 ; free physical = 1370 ; free virtual = 30616
Synthesis current peak Physical Memory [PSS] (MB): peak = 2759.346; parent = 2556.849; children = 202.679
Synthesis current peak Virtual Memory [VSS] (MB): peak = 4403.902; parent = 3400.125; children = 1003.777
---------------------------------------------------------------------------------
---------------------------------------------------------------------------------
Start Handling Custom Attributes
---------------------------------------------------------------------------------
---------------------------------------------------------------------------------
Finished Handling Custom Attributes : Time (s): cpu = 00:00:37 ; elapsed = 00:00:44 . Memory (MB): peak = 3400.121 ; gain = 897.488 ; free physical = 1369 ; free virtual = 30615
Synthesis current peak Physical Memory [PSS] (MB): peak = 2759.346; parent = 2556.849; children = 202.679
Synthesis current peak Virtual Memory [VSS] (MB): peak = 4403.902; parent = 3400.125; children = 1003.777
---------------------------------------------------------------------------------
---------------------------------------------------------------------------------
Start Renaming Generated Nets
---------------------------------------------------------------------------------
---------------------------------------------------------------------------------
Finished Renaming Generated Nets : Time (s): cpu = 00:00:37 ; elapsed = 00:00:44 . Memory (MB): peak = 3400.121 ; gain = 897.488 ; free physical = 1368 ; free virtual = 30618
Synthesis current peak Physical Memory [PSS] (MB): peak = 2759.346; parent = 2556.849; children = 202.679
Synthesis current peak Virtual Memory [VSS] (MB): peak = 4403.902; parent = 3400.125; children = 1003.777
---------------------------------------------------------------------------------
---------------------------------------------------------------------------------
Start Writing Synthesis Report
---------------------------------------------------------------------------------

Report BlackBoxes: 
+-+--------------+----------+
| |BlackBox name |Instances |
+-+--------------+----------+
+-+--------------+----------+

Report Cell Usage: 
+------+------+------+
|      |Cell  |Count |
+------+------+------+
|1     |LUT2  |     4|
|2     |LUT3  |   131|
|3     |LUT4  |     9|
|4     |LUT5  |     9|
|5     |LUT6  |    66|
|6     |MUXF7 |     2|
|7     |FDRE  |   179|
+------+------+------+
---------------------------------------------------------------------------------
Finished Writing Synthesis Report : Time (s): cpu = 00:00:37 ; elapsed = 00:00:45 . Memory (MB): peak = 3400.121 ; gain = 897.488 ; free physical = 1368 ; free virtual = 30616
Synthesis current peak Physical Memory [PSS] (MB): peak = 2759.346; parent = 2556.849; children = 202.679
Synthesis current peak Virtual Memory [VSS] (MB): peak = 4403.902; parent = 3400.125; children = 1003.777
---------------------------------------------------------------------------------
Synthesis finished with 0 errors, 0 critical warnings and 243 warnings.
Synthesis Optimization Runtime : Time (s): cpu = 00:00:31 ; elapsed = 00:00:38 . Memory (MB): peak = 3400.121 ; gain = 708.871 ; free physical = 1365 ; free virtual = 30613
Synthesis Optimization Complete : Time (s): cpu = 00:00:37 ; elapsed = 00:00:45 . Memory (MB): peak = 3400.129 ; gain = 897.488 ; free physical = 1351 ; free virtual = 30599
INFO: [Project 1-571] Translating synthesized netlist
Netlist sorting complete. Time (s): cpu = 00:00:00.01 ; elapsed = 00:00:00.01 . Memory (MB): peak = 3412.090 ; gain = 0.000 ; free physical = 1433 ; free virtual = 30681
INFO: [Netlist 29-17] Analyzing 2 Unisim elements for replacement
INFO: [Netlist 29-28] Unisim Transformation completed in 0 CPU seconds
INFO: [Project 1-570] Preparing netlist for logic optimization
INFO: [Opt 31-138] Pushed 0 inverter(s) to 0 load pin(s).
Netlist sorting complete. Time (s): cpu = 00:00:00 ; elapsed = 00:00:00 . Memory (MB): peak = 3504.812 ; gain = 0.000 ; free physical = 1304 ; free virtual = 30556
INFO: [Project 1-111] Unisim Transformation Summary:
No Unisim elements were transformed.

Synth Design complete, checksum: 4fa8860e
INFO: [Common 17-83] Releasing license: Synthesis
27 Infos, 123 Warnings, 0 Critical Warnings and 0 Errors encountered.
synth_design completed successfully
synth_design: Time (s): cpu = 00:00:52 ; elapsed = 00:00:59 . Memory (MB): peak = 3504.812 ; gain = 2105.047 ; free physical = 1472 ; free virtual = 30724
INFO: [Common 17-1381] The checkpoint '/home/pablo1318/workspace/prueba2vectores_kernels/vivado_rtl_kernel/kernel_prueba_ex/kernel_prueba_ex.runs/synth_1/kernel_prueba.dcp' has been generated.
INFO: [runtcl-4] Executing : report_utilization -file kernel_prueba_utilization_synth.rpt -pb kernel_prueba_utilization_synth.pb
INFO: [Common 17-206] Exiting Vivado at Tue Apr 11 19:33:55 2023...
