

================================================================
== Synthesis Summary Report of 'kvadd_tutorial'
================================================================
+ General Information: 
    * Date:           Thu Apr 20 18:29:57 2023
    * Version:        2022.2 (Build 3670227 on Oct 13 2022)
    * Project:        prj
    * Solution:       sol (Vitis Kernel Flow Target)
    * Product family: virtexuplus
    * Target device:  xcu250-figd2104-2L-e
    

+ Performance & Resource Estimates: 
    
    PS: '+' for module; 'o' for loop; '*' for dataflow
    +---------------------------------------------+------+------+---------+-----------+----------+---------+------+----------+---------+----+-------------+------------+-----+
    |                   Modules                   | Issue|      | Latency |  Latency  | Iteration|         | Trip |          |         |    |             |            |     |
    |                   & Loops                   | Type | Slack| (cycles)|    (ns)   |  Latency | Interval| Count| Pipelined|  BRAM   | DSP|      FF     |     LUT    | URAM|
    +---------------------------------------------+------+------+---------+-----------+----------+---------+------+----------+---------+----+-------------+------------+-----+
    |+ kvadd_tutorial                             |     -|  0.00|    12440|  1.244e+05|         -|    12441|     -|        no|  96 (1%)|   -|  19314 (~0%)|  28128 (1%)|    -|
    | + kvadd_tutorial_Pipeline_1                 |     -|  0.00|     4099|  4.099e+04|         -|     4099|     -|        no|        -|   -|   1040 (~0%)|   117 (~0%)|    -|
    |  o Loop 1                                   |     -|  7.30|     4097|  4.097e+04|         3|        1|  4096|       yes|        -|   -|            -|           -|    -|
    | + kvadd_tutorial_Pipeline_4                 |     -|  0.00|     4099|  4.099e+04|         -|     4099|     -|        no|        -|   -|   1040 (~0%)|   117 (~0%)|    -|
    |  o Loop 1                                   |     -|  7.30|     4097|  4.097e+04|         3|        1|  4096|       yes|        -|   -|            -|           -|    -|
    | + kvadd_tutorial_Pipeline_7                 |     -|  0.00|     4099|  4.099e+04|         -|     4099|     -|        no|        -|   -|   1040 (~0%)|   117 (~0%)|    -|
    |  o Loop 1                                   |     -|  7.30|     4097|  4.097e+04|         3|        1|  4096|       yes|        -|   -|            -|           -|    -|
    | + kvadd_tutorial_Pipeline_VITIS_LOOP_58_1   |     -|  3.92|     4098|  4.098e+04|         -|     4098|     -|        no|        -|   -|     29 (~0%)|   109 (~0%)|    -|
    |  o VITIS_LOOP_58_1                          |     -|  7.30|     4096|  4.096e+04|         2|        1|  4096|       yes|        -|   -|            -|           -|    -|
    | + kvadd_tutorial_Pipeline_VITIS_LOOP_79_2   |     -|  3.92|     4098|  4.098e+04|         -|     4098|     -|        no|        -|   -|     29 (~0%)|   109 (~0%)|    -|
    |  o VITIS_LOOP_79_2                          |     -|  7.30|     4096|  4.096e+04|         2|        1|  4096|       yes|        -|   -|            -|           -|    -|
    | + kvadd_tutorial_Pipeline_VITIS_LOOP_100_3  |     -|  3.92|     4098|  4.098e+04|         -|     4098|     -|        no|        -|   -|     29 (~0%)|   109 (~0%)|    -|
    |  o VITIS_LOOP_100_3                         |     -|  7.30|     4096|  4.096e+04|         2|        1|  4096|       yes|        -|   -|            -|           -|    -|
    | + kvadd_tutorial_Pipeline_3                 |     -|  0.00|     4099|  4.099e+04|         -|     4099|     -|        no|        -|   -|    533 (~0%)|   509 (~0%)|    -|
    |  o Loop 1                                   |     -|  7.30|     4097|  4.097e+04|         3|        1|  4096|       yes|        -|   -|            -|           -|    -|
    | + kvadd_tutorial_Pipeline_6                 |     -|  0.00|     4099|  4.099e+04|         -|     4099|     -|        no|        -|   -|    533 (~0%)|   509 (~0%)|    -|
    |  o Loop 1                                   |     -|  7.30|     4097|  4.097e+04|         3|        1|  4096|       yes|        -|   -|            -|           -|    -|
    | + kvadd_tutorial_Pipeline_9                 |     -|  0.00|     4099|  4.099e+04|         -|     4099|     -|        no|        -|   -|    533 (~0%)|   509 (~0%)|    -|
    |  o Loop 1                                   |     -|  7.30|     4097|  4.097e+04|         3|        1|  4096|       yes|        -|   -|            -|           -|    -|
    +---------------------------------------------+------+------+---------+-----------+----------+---------+------+----------+---------+----+-------------+------------+-----+


================================================================
== HW Interfaces
================================================================
* M_AXI
+---------------+------------+---------------+---------+--------+----------+-----------+--------------+--------------+-------------+-------------+
| Interface     | Data Width | Address Width | Latency | Offset | Register | Max Widen | Max Read     | Max Write    | Num Read    | Num Write   |
|               | (SW->HW)   |               |         |        |          | Bitwidth  | Burst Length | Burst Length | Outstanding | Outstanding |
+---------------+------------+---------------+---------+--------+----------+-----------+--------------+--------------+-------------+-------------+
| m_axi_m00_axi | 32 -> 512  | 64            | 64      | slave  | 0        | 512       | 16           | 16           | 16          | 16          |
| m_axi_m01_axi | 32 -> 512  | 64            | 64      | slave  | 0        | 512       | 16           | 16           | 16          | 16          |
| m_axi_m02_axi | 32 -> 512  | 64            | 64      | slave  | 0        | 512       | 16           | 16           | 16          | 16          |
+---------------+------------+---------------+---------+--------+----------+-----------+--------------+--------------+-------------+-------------+

* S_AXILITE Interfaces
+---------------+------------+---------------+--------+----------+
| Interface     | Data Width | Address Width | Offset | Register |
+---------------+------------+---------------+--------+----------+
| s_axi_control | 32         | 6             | 16     | 0        |
+---------------+------------+---------------+--------+----------+

* S_AXILITE Registers
+---------------+----------+--------+-------+--------+----------------------------------+----------------------------------------------------------------------+
| Interface     | Register | Offset | Width | Access | Description                      | Bit Fields                                                           |
+---------------+----------+--------+-------+--------+----------------------------------+----------------------------------------------------------------------+
| s_axi_control | CTRL     | 0x00   | 32    | RW     | Control signals                  | 0=AP_START 1=AP_DONE 2=AP_IDLE 3=AP_READY 7=AUTO_RESTART 9=INTERRUPT |
| s_axi_control | GIER     | 0x04   | 32    | RW     | Global Interrupt Enable Register | 0=Enable                                                             |
| s_axi_control | IP_IER   | 0x08   | 32    | RW     | IP Interrupt Enable Register     | 0=CHAN0_INT_EN 1=CHAN1_INT_EN                                        |
| s_axi_control | IP_ISR   | 0x0c   | 32    | RW     | IP Interrupt Status Register     | 0=CHAN0_INT_ST 1=CHAN1_INT_ST                                        |
| s_axi_control | scalar00 | 0x10   | 32    | W      | Data signal of scalar00          |                                                                      |
| s_axi_control | A_1      | 0x18   | 32    | W      | Data signal of A                 |                                                                      |
| s_axi_control | A_2      | 0x1c   | 32    | W      | Data signal of A                 |                                                                      |
| s_axi_control | B_1      | 0x24   | 32    | W      | Data signal of B                 |                                                                      |
| s_axi_control | B_2      | 0x28   | 32    | W      | Data signal of B                 |                                                                      |
| s_axi_control | res_1    | 0x30   | 32    | W      | Data signal of res               |                                                                      |
| s_axi_control | res_2    | 0x34   | 32    | W      | Data signal of res               |                                                                      |
+---------------+----------+--------+-------+--------+----------------------------------+----------------------------------------------------------------------+

* TOP LEVEL CONTROL
+-----------+------------+-----------+
| Interface | Type       | Ports     |
+-----------+------------+-----------+
| ap_clk    | clock      | ap_clk    |
| ap_rst_n  | reset      | ap_rst_n  |
| interrupt | interrupt  | interrupt |
| ap_ctrl   | ap_ctrl_hs |           |
+-----------+------------+-----------+


================================================================
== SW I/O Information
================================================================
* Top Function Arguments
+----------+-----------+--------------+
| Argument | Direction | Datatype     |
+----------+-----------+--------------+
| scalar00 | in        | unsigned int |
| A        | inout     | int*         |
| B        | inout     | int*         |
| res      | inout     | int*         |
+----------+-----------+--------------+

* SW-to-HW Mapping
+----------+---------------+-----------+----------+------------------------------------+
| Argument | HW Interface  | HW Type   | HW Usage | HW Info                            |
+----------+---------------+-----------+----------+------------------------------------+
| scalar00 | s_axi_control | register  |          | name=scalar00 offset=0x10 range=32 |
| A        | m_axi_m00_axi | interface |          |                                    |
| A        | s_axi_control | register  | offset   | name=A_1 offset=0x18 range=32      |
| A        | s_axi_control | register  | offset   | name=A_2 offset=0x1c range=32      |
| B        | m_axi_m01_axi | interface |          |                                    |
| B        | s_axi_control | register  | offset   | name=B_1 offset=0x24 range=32      |
| B        | s_axi_control | register  | offset   | name=B_2 offset=0x28 range=32      |
| res      | m_axi_m02_axi | interface |          |                                    |
| res      | s_axi_control | register  | offset   | name=res_1 offset=0x30 range=32    |
| res      | s_axi_control | register  | offset   | name=res_2 offset=0x34 range=32    |
+----------+---------------+-----------+----------+------------------------------------+


================================================================
== M_AXI Burst Information
================================================================
 Note: All burst requests might be further partitioned into multiple requests during RTL generation based on max_read_burst_length or max_write_burst_length settings.

* Inferred Burst Summary
+---------------+-----------+--------+-------+------------------------------------+
| HW Interface  | Direction | Length | Width | Location                           |
+---------------+-----------+--------+-------+------------------------------------+
| m_axi_m00_axi | read      | 256    | 512   | ../kvadd_tutorial_cmodel.cpp:55:5  |
| m_axi_m00_axi | write     | 256    | 512   | ../kvadd_tutorial_cmodel.cpp:63:5  |
| m_axi_m01_axi | read      | 256    | 512   | ../kvadd_tutorial_cmodel.cpp:76:5  |
| m_axi_m01_axi | write     | 256    | 512   | ../kvadd_tutorial_cmodel.cpp:84:5  |
| m_axi_m02_axi | read      | 256    | 512   | ../kvadd_tutorial_cmodel.cpp:97:5  |
| m_axi_m02_axi | write     | 256    | 512   | ../kvadd_tutorial_cmodel.cpp:105:5 |
+---------------+-----------+--------+-------+------------------------------------+


================================================================
== Bind Op Report
================================================================
+---------------------------------------------+-----+--------+-----------+-----+--------+---------+
| Name                                        | DSP | Pragma | Variable  | Op  | Impl   | Latency |
+---------------------------------------------+-----+--------+-----------+-----+--------+---------+
| + kvadd_tutorial                            | 0   |        |           |     |        |         |
|  + kvadd_tutorial_Pipeline_1                | 0   |        |           |     |        |         |
|    empty_50_fu_122_p2                       | -   |        | empty_50  | add | fabric | 0       |
|  + kvadd_tutorial_Pipeline_4                | 0   |        |           |     |        |         |
|    empty_41_fu_122_p2                       | -   |        | empty_41  | add | fabric | 0       |
|  + kvadd_tutorial_Pipeline_7                | 0   |        |           |     |        |         |
|    empty_32_fu_122_p2                       | -   |        | empty_32  | add | fabric | 0       |
|  + kvadd_tutorial_Pipeline_VITIS_LOOP_58_1  | 0   |        |           |     |        |         |
|    add_ln58_fu_74_p2                        | -   |        | add_ln58  | add | fabric | 0       |
|    m00_axi_output_buffer_d0                 | -   |        | add_ln59  | add | fabric | 0       |
|  + kvadd_tutorial_Pipeline_VITIS_LOOP_79_2  | 0   |        |           |     |        |         |
|    add_ln79_fu_74_p2                        | -   |        | add_ln79  | add | fabric | 0       |
|    m01_axi_output_buffer_d0                 | -   |        | add_ln80  | add | fabric | 0       |
|  + kvadd_tutorial_Pipeline_VITIS_LOOP_100_3 | 0   |        |           |     |        |         |
|    add_ln100_fu_74_p2                       | -   |        | add_ln100 | add | fabric | 0       |
|    m02_axi_output_buffer_d0                 | -   |        | add_ln101 | add | fabric | 0       |
|  + kvadd_tutorial_Pipeline_3                | 0   |        |           |     |        |         |
|    empty_46_fu_122_p2                       | -   |        | empty_46  | add | fabric | 0       |
|  + kvadd_tutorial_Pipeline_6                | 0   |        |           |     |        |         |
|    empty_37_fu_122_p2                       | -   |        | empty_37  | add | fabric | 0       |
|  + kvadd_tutorial_Pipeline_9                | 0   |        |           |     |        |         |
|    empty_28_fu_122_p2                       | -   |        | empty_28  | add | fabric | 0       |
+---------------------------------------------+-----+--------+-----------+-----+--------+---------+


================================================================
== Bind Storage Report
================================================================
+---------------------------+------+------+--------+-----------------------+---------+------+---------+
| Name                      | BRAM | URAM | Pragma | Variable              | Storage | Impl | Latency |
+---------------------------+------+------+--------+-----------------------+---------+------+---------+
| + kvadd_tutorial          | 96   | 0    |        |                       |         |      |         |
|   m00_axi_input_buffer_U  | 16   | -    |        | m00_axi_input_buffer  | ram_1p  | auto | 1       |
|   m00_axi_output_buffer_U | 16   | -    |        | m00_axi_output_buffer | ram_1p  | auto | 1       |
|   m01_axi_input_buffer_U  | 16   | -    |        | m01_axi_input_buffer  | ram_1p  | auto | 1       |
|   m01_axi_output_buffer_U | 16   | -    |        | m01_axi_output_buffer | ram_1p  | auto | 1       |
|   m02_axi_input_buffer_U  | 16   | -    |        | m02_axi_input_buffer  | ram_1p  | auto | 1       |
|   m02_axi_output_buffer_U | 16   | -    |        | m02_axi_output_buffer | ram_1p  | auto | 1       |
+---------------------------+------+------+--------+-----------------------+---------+------+---------+


================================================================
== Pragma Report
================================================================
* Valid Pragma Syntax
+-----------+--------------------------------------------+-------------------------------------------------------------+
| Type      | Options                                    | Location                                                    |
+-----------+--------------------------------------------+-------------------------------------------------------------+
| interface | m_axi port=A offset=slave bundle=m00_axi   | ../kvadd_tutorial_cmodel.cpp:33 in kvadd_tutorial, A        |
| interface | m_axi port=B offset=slave bundle=m01_axi   | ../kvadd_tutorial_cmodel.cpp:34 in kvadd_tutorial, B        |
| interface | m_axi port=res offset=slave bundle=m02_axi | ../kvadd_tutorial_cmodel.cpp:35 in kvadd_tutorial, res      |
| interface | s_axilite port=scalar00 bundle=control     | ../kvadd_tutorial_cmodel.cpp:36 in kvadd_tutorial, scalar00 |
| interface | s_axilite port=A bundle=control            | ../kvadd_tutorial_cmodel.cpp:37 in kvadd_tutorial, A        |
| interface | s_axilite port=B bundle=control            | ../kvadd_tutorial_cmodel.cpp:38 in kvadd_tutorial, B        |
| interface | s_axilite port=res bundle=control          | ../kvadd_tutorial_cmodel.cpp:39 in kvadd_tutorial, res      |
| interface | s_axilite port=return bundle=control       | ../kvadd_tutorial_cmodel.cpp:40 in kvadd_tutorial, return   |
| interface | ap_ctrl_hs port=return                     | ../kvadd_tutorial_cmodel.cpp:41 in kvadd_tutorial, return   |
+-----------+--------------------------------------------+-------------------------------------------------------------+


