Thu Apr 20 18:29:29 2023: Running xcd server. This server was built by gradle.
Thu Apr 20 18:29:29 2023: Server was asked to start on port: '35139'
Thu Apr 20 18:29:29 2023: Server is using token UUID: '7fc906fc-dade-4d7b-9e4b-c3261788a78e'
Thu Apr 20 18:29:29 2023: SESSION_MGR: creating session with session uuid: '6d04a3e9-ade5-4ab9-8d63-1f78fcd2ec76' and name 'default'
Thu Apr 20 18:29:29 2023: Attempting to start server on port '35139'
Thu Apr 20 18:29:29 2023: XCD main fifo: created main fifo '/tmp/xcdmain7fc906fc-dade-4d7b-9e4b-c3261788a78e', fd read = 432
Thu Apr 20 18:29:29 2023: Running Dispatch Server
Thu Apr 20 18:29:29 2023: Version 2.2.0
Thu Apr 20 18:29:37 2023: Dispatch Server: Accepted socket connection from client
Thu Apr 20 18:29:37 2023: Starting Socket connection
Thu Apr 20 18:29:37 2023: EXCHANGE_TOKEN received, server token: 7fc906fc-dade-4d7b-9e4b-c3261788a78e, passed token: 7fc906fc-dade-4d7b-9e4b-c3261788a78e
Thu Apr 20 18:29:37 2023: SESSION_MGR: creating session with session uuid: 'd0bbae4c-5cb0-4b2c-be23-570184cb96c0' and name 'vitis_hls'
Thu Apr 20 18:29:37 2023: KERNEL_SVC: creating session with uuid: 'd0bbae4c-5cb0-4b2c-be23-570184cb96c0' and name 'vitis_hls'
Thu Apr 20 18:29:37 2023: GUIDANCE_SMGR: creating guidance session with uuid: 'd0bbae4c-5cb0-4b2c-be23-570184cb96c0' and name 'vitis_hls'
Thu Apr 20 18:29:59 2023: STOP_SERVER received, server token: 7fc906fc-dade-4d7b-9e4b-c3261788a78e, passed token: 7fc906fc-dade-4d7b-9e4b-c3261788a78e
Thu Apr 20 18:29:59 2023: Socket received request to stop server.
Thu Apr 20 18:29:59 2023: Dispatch Server: do_await_stop
Thu Apr 20 18:29:59 2023: Dispatch Server: stopping mainFifo_
Thu Apr 20 18:29:59 2023: XCD main fifo: Stopping
Thu Apr 20 18:29:59 2023: XCD main fifo: do_read error code: Operation canceled
Thu Apr 20 18:29:59 2023: XCD main fifo: bytes_transferred: 0
Thu Apr 20 18:29:59 2023: SERVER: destructor for server bound to port 35139
Thu Apr 20 18:29:59 2023: XCD main fifo: Good unlink of /tmp/xcdmain7fc906fc-dade-4d7b-9e4b-c3261788a78e
Thu Apr 20 18:29:59 2023: Server exiting with status 0.
Thu Apr 20 18:29:59 2023: Closing log file.
