Thu Apr 13 18:42:24 2023: Running xcd server. This server was built by gradle.
Thu Apr 13 18:42:24 2023: Server was asked to start on port: '45725'
Thu Apr 13 18:42:24 2023: Server is using token UUID: '291f2513-06f3-46e0-8bb7-81b8a7a71c1e'
Thu Apr 13 18:42:24 2023: SESSION_MGR: creating session with session uuid: '6d04a3e9-ade5-4ab9-8d63-1f78fcd2ec76' and name 'default'
Thu Apr 13 18:42:24 2023: Attempting to start server on port '45725'
Thu Apr 13 18:42:24 2023: XCD main fifo: created main fifo '/tmp/xcdmain291f2513-06f3-46e0-8bb7-81b8a7a71c1e', fd read = 432
Thu Apr 13 18:42:24 2023: Running Dispatch Server
Thu Apr 13 18:42:24 2023: Version 2.2.0
Thu Apr 13 18:42:33 2023: Dispatch Server: Accepted socket connection from client
Thu Apr 13 18:42:33 2023: Starting Socket connection
Thu Apr 13 18:42:33 2023: EXCHANGE_TOKEN received, server token: 291f2513-06f3-46e0-8bb7-81b8a7a71c1e, passed token: 291f2513-06f3-46e0-8bb7-81b8a7a71c1e
Thu Apr 13 18:42:33 2023: SESSION_MGR: creating session with session uuid: 'f790d44f-79d3-4d4a-a382-e224aa465607' and name 'vitis_hls'
Thu Apr 13 18:42:33 2023: KERNEL_SVC: creating session with uuid: 'f790d44f-79d3-4d4a-a382-e224aa465607' and name 'vitis_hls'
Thu Apr 13 18:42:33 2023: GUIDANCE_SMGR: creating guidance session with uuid: 'f790d44f-79d3-4d4a-a382-e224aa465607' and name 'vitis_hls'
Thu Apr 13 18:42:51 2023: STOP_SERVER received, server token: 291f2513-06f3-46e0-8bb7-81b8a7a71c1e, passed token: 291f2513-06f3-46e0-8bb7-81b8a7a71c1e
Thu Apr 13 18:42:51 2023: Socket received request to stop server.
Thu Apr 13 18:42:51 2023: Dispatch Server: do_await_stop
Thu Apr 13 18:42:51 2023: Dispatch Server: stopping mainFifo_
Thu Apr 13 18:42:51 2023: XCD main fifo: Stopping
Thu Apr 13 18:42:51 2023: XCD main fifo: do_read error code: Operation canceled
Thu Apr 13 18:42:51 2023: XCD main fifo: bytes_transferred: 0
Thu Apr 13 18:42:51 2023: SERVER: destructor for server bound to port 45725
Thu Apr 13 18:42:51 2023: XCD main fifo: Good unlink of /tmp/xcdmain291f2513-06f3-46e0-8bb7-81b8a7a71c1e
Thu Apr 13 18:42:51 2023: Server exiting with status 0.
Thu Apr 13 18:42:51 2023: Closing log file.
