INFO: [v++ 60-1306] Additional information associated with this v++ compile can be found at:
	Reports: /home/pablo1318/workspace/proyecto_kernels/Emulation-HW/build/reports/krnl_vadd
	Log files: /home/pablo1318/workspace/proyecto_kernels/Emulation-HW/build/logs/krnl_vadd
INFO: [v++ 60-1548] Creating build summary session with primary output /home/pablo1318/workspace/proyecto_kernels/Emulation-HW/build/krnl_vadd.xo.compile_summary, at Thu Mar 23 18:45:10 2023
INFO: [v++ 60-1315] Creating rulecheck session with output '/home/pablo1318/workspace/proyecto_kernels/Emulation-HW/build/reports/krnl_vadd/krnl_vadd_guidance.html', at Thu Mar 23 18:45:10 2023
INFO: [v++ 60-895]   Target platform: /opt/xilinx/platforms/xilinx_u250_gen3x16_xdma_4_1_202210_1/xilinx_u250_gen3x16_xdma_4_1_202210_1.xpfm
INFO: [v++ 60-1578]   This platform contains Xilinx Shell Archive '/opt/xilinx/platforms/xilinx_u250_gen3x16_xdma_4_1_202210_1/hw/hw.xsa'
INFO: [v++ 74-78] Compiler Version string: 2022.2
INFO: [v++ 60-585] Compiling for hardware emulation target
INFO: [v++ 60-423]   Target device: xilinx_u250_gen3x16_xdma_4_1_202210_1
INFO: [v++ 60-242] Creating kernel: 'krnl_vadd'

===>The following messages were generated while  performing high-level synthesis for kernel: krnl_vadd Log file: /home/pablo1318/workspace/proyecto_kernels/Emulation-HW/build/krnl_vadd/krnl_vadd/vitis_hls.log :
INFO: [v++ 204-61] Pipelining loop 'mem_rd'.
INFO: [v++ 200-1470] Pipelining result : Target II = NA, Final II = 1, Depth = 3, loop 'mem_rd'
INFO: [v++ 204-61] Pipelining loop 'VITIS_LOOP_106_1'.
INFO: [v++ 200-1470] Pipelining result : Target II = NA, Final II = 1, Depth = 3, loop 'VITIS_LOOP_106_1'
INFO: [v++ 200-789] **** Estimated Fmax: 411.00 MHz
INFO: [v++ 60-594] Finished kernel compilation
INFO: [v++ 60-244] Generating system estimate report...
INFO: [v++ 60-1092] Generated system estimate report: /home/pablo1318/workspace/proyecto_kernels/Emulation-HW/build/reports/krnl_vadd/system_estimate_krnl_vadd.xtxt
INFO: [v++ 60-586] Created build/krnl_vadd.xo
INFO: [v++ 60-2343] Use the vitis_analyzer tool to visualize and navigate the relevant reports. Run the following command. 
    vitis_analyzer /home/pablo1318/workspace/proyecto_kernels/Emulation-HW/build/krnl_vadd.xo.compile_summary 
INFO: [v++ 60-791] Total elapsed time: 0h 0m 50s
INFO: [v++ 60-1653] Closing dispatch client.
