Sat Apr 15 17:35:28 2023: Running xcd server. This server was built by gradle.
Sat Apr 15 17:35:28 2023: Server was asked to start on port: '35485'
Sat Apr 15 17:35:28 2023: Server is using token UUID: '49f583f0-abe5-4f3a-95ec-325a05045745'
Sat Apr 15 17:35:28 2023: SESSION_MGR: creating session with session uuid: '6d04a3e9-ade5-4ab9-8d63-1f78fcd2ec76' and name 'default'
Sat Apr 15 17:35:28 2023: Attempting to start server on port '35485'
Sat Apr 15 17:35:28 2023: XCD main fifo: created main fifo '/tmp/xcdmain49f583f0-abe5-4f3a-95ec-325a05045745', fd read = 432
Sat Apr 15 17:35:28 2023: Running Dispatch Server
Sat Apr 15 17:35:28 2023: Version 2.2.0
Sat Apr 15 17:35:37 2023: Dispatch Server: Accepted socket connection from client
Sat Apr 15 17:35:37 2023: Starting Socket connection
Sat Apr 15 17:35:37 2023: EXCHANGE_TOKEN received, server token: 49f583f0-abe5-4f3a-95ec-325a05045745, passed token: 49f583f0-abe5-4f3a-95ec-325a05045745
Sat Apr 15 17:35:37 2023: SESSION_MGR: creating session with session uuid: '2ea0e309-d94e-433b-9ca7-08272fb21414' and name 'vitis_hls'
Sat Apr 15 17:35:37 2023: KERNEL_SVC: creating session with uuid: '2ea0e309-d94e-433b-9ca7-08272fb21414' and name 'vitis_hls'
Sat Apr 15 17:35:37 2023: GUIDANCE_SMGR: creating guidance session with uuid: '2ea0e309-d94e-433b-9ca7-08272fb21414' and name 'vitis_hls'
Sat Apr 15 17:35:54 2023: STOP_SERVER received, server token: 49f583f0-abe5-4f3a-95ec-325a05045745, passed token: 49f583f0-abe5-4f3a-95ec-325a05045745
Sat Apr 15 17:35:54 2023: Socket received request to stop server.
Sat Apr 15 17:35:54 2023: Dispatch Server: do_await_stop
Sat Apr 15 17:35:54 2023: Dispatch Server: stopping mainFifo_
Sat Apr 15 17:35:54 2023: XCD main fifo: Stopping
Sat Apr 15 17:35:54 2023: XCD main fifo: do_read error code: Operation canceled
Sat Apr 15 17:35:54 2023: XCD main fifo: bytes_transferred: 0
Sat Apr 15 17:35:54 2023: SERVER: destructor for server bound to port 35485
Sat Apr 15 17:35:54 2023: XCD main fifo: Good unlink of /tmp/xcdmain49f583f0-abe5-4f3a-95ec-325a05045745
Sat Apr 15 17:35:54 2023: Server exiting with status 0.
Sat Apr 15 17:35:54 2023: Closing log file.
