Wed Mar 22 18:11:16 2023: Running xcd server. This server was built by gradle.
Wed Mar 22 18:11:16 2023: Server was asked to start on port: '33097'
Wed Mar 22 18:11:16 2023: Server is using token UUID: '5686d300-9fc6-4a3a-871a-5effb6a68fe6'
Wed Mar 22 18:11:16 2023: SESSION_MGR: creating session with session uuid: '6d04a3e9-ade5-4ab9-8d63-1f78fcd2ec76' and name 'default'
Wed Mar 22 18:11:16 2023: Attempting to start server on port '33097'
Wed Mar 22 18:11:16 2023: XCD main fifo: created main fifo '/tmp/xcdmain5686d300-9fc6-4a3a-871a-5effb6a68fe6', fd read = 13
Wed Mar 22 18:11:16 2023: Running Dispatch Server
Wed Mar 22 18:11:16 2023: Version 2.2.0
Wed Mar 22 18:11:25 2023: Dispatch Server: Accepted socket connection from client
Wed Mar 22 18:11:25 2023: Starting Socket connection
Wed Mar 22 18:11:25 2023: EXCHANGE_TOKEN received, server token: 5686d300-9fc6-4a3a-871a-5effb6a68fe6, passed token: 5686d300-9fc6-4a3a-871a-5effb6a68fe6
Wed Mar 22 18:11:25 2023: DISPATCH_HANDLER: Adding handler from function makeHandler in library libxv_system_diagram
Wed Mar 22 18:11:25 2023: SESSION_MGR: creating session with session uuid: '8d8563c0-1e68-4b87-89e7-f9cdd8cb193f' and name 'link'
Wed Mar 22 18:11:25 2023: KERNEL_SVC: creating session with uuid: '8d8563c0-1e68-4b87-89e7-f9cdd8cb193f' and name 'link'
Wed Mar 22 18:11:25 2023: GUIDANCE_SMGR: creating guidance session with uuid: '8d8563c0-1e68-4b87-89e7-f9cdd8cb193f' and name 'link'
Wed Mar 22 18:11:25 2023: SYSTEM_DIAGRAM: creating session with uuid: '8d8563c0-1e68-4b87-89e7-f9cdd8cb193f' and name 'link'
Wed Mar 22 18:11:51 2023: Dispatch Server: Accepted socket connection from client
Wed Mar 22 18:11:51 2023: Starting Socket connection
Wed Mar 22 18:12:04 2023: Dispatch Server: Accepted socket connection from client
Wed Mar 22 18:12:04 2023: Starting Socket connection
Wed Mar 22 18:17:14 2023: SESSION_MGR: closing session for UUID '8d8563c0-1e68-4b87-89e7-f9cdd8cb193f' with name 'link'
Wed Mar 22 18:17:14 2023: KERNEL_SVC: closing session for UUID '8d8563c0-1e68-4b87-89e7-f9cdd8cb193f' with name 'link'
Wed Mar 22 18:17:14 2023: GUIDANCE_SMGR: closing session for UUID '8d8563c0-1e68-4b87-89e7-f9cdd8cb193f' with name 'link'
Wed Mar 22 18:17:14 2023: SYSTEM_DIAGRAM: closing session for UUID '8d8563c0-1e68-4b87-89e7-f9cdd8cb193f' with name 'link'
Wed Mar 22 18:17:14 2023: STOP_SERVER received, server token: 5686d300-9fc6-4a3a-871a-5effb6a68fe6, passed token: 5686d300-9fc6-4a3a-871a-5effb6a68fe6
Wed Mar 22 18:17:14 2023: Socket received request to stop server.
Wed Mar 22 18:17:14 2023: Dispatch Server: do_await_stop
Wed Mar 22 18:17:14 2023: Dispatch Server: stopping mainFifo_
Wed Mar 22 18:17:14 2023: XCD main fifo: Stopping
Wed Mar 22 18:17:14 2023: XCD main fifo: do_read error code: Operation canceled
Wed Mar 22 18:17:14 2023: XCD main fifo: bytes_transferred: 0
Wed Mar 22 18:17:14 2023: SERVER: destructor for server bound to port 33097
Wed Mar 22 18:17:14 2023: XCD main fifo: Good unlink of /tmp/xcdmain5686d300-9fc6-4a3a-871a-5effb6a68fe6
Wed Mar 22 18:17:14 2023: Server exiting with status 0.
Wed Mar 22 18:17:14 2023: Closing log file.
Thu Mar 23 18:45:55 2023: Running xcd server. This server was built by gradle.
Thu Mar 23 18:45:55 2023: Server was asked to start on port: '35373'
Thu Mar 23 18:45:55 2023: Server is using token UUID: '75d5fb60-66fb-41f9-aeee-58a9f956ff14'
Thu Mar 23 18:45:55 2023: SESSION_MGR: creating session with session uuid: '6d04a3e9-ade5-4ab9-8d63-1f78fcd2ec76' and name 'default'
Thu Mar 23 18:45:55 2023: Attempting to start server on port '35373'
Thu Mar 23 18:45:55 2023: XCD main fifo: created main fifo '/tmp/xcdmain75d5fb60-66fb-41f9-aeee-58a9f956ff14', fd read = 13
Thu Mar 23 18:45:55 2023: Running Dispatch Server
Thu Mar 23 18:45:55 2023: Version 2.2.0
Thu Mar 23 18:46:04 2023: Dispatch Server: Accepted socket connection from client
Thu Mar 23 18:46:04 2023: Starting Socket connection
Thu Mar 23 18:46:04 2023: EXCHANGE_TOKEN received, server token: 75d5fb60-66fb-41f9-aeee-58a9f956ff14, passed token: 75d5fb60-66fb-41f9-aeee-58a9f956ff14
Thu Mar 23 18:46:04 2023: DISPATCH_HANDLER: Adding handler from function makeHandler in library libxv_system_diagram
Thu Mar 23 18:46:04 2023: SESSION_MGR: creating session with session uuid: '58eca792-b8d4-468d-9b60-2a368fcab7d1' and name 'link'
Thu Mar 23 18:46:04 2023: KERNEL_SVC: creating session with uuid: '58eca792-b8d4-468d-9b60-2a368fcab7d1' and name 'link'
Thu Mar 23 18:46:04 2023: GUIDANCE_SMGR: creating guidance session with uuid: '58eca792-b8d4-468d-9b60-2a368fcab7d1' and name 'link'
Thu Mar 23 18:46:04 2023: SYSTEM_DIAGRAM: creating session with uuid: '58eca792-b8d4-468d-9b60-2a368fcab7d1' and name 'link'
Thu Mar 23 18:46:28 2023: Dispatch Server: Accepted socket connection from client
Thu Mar 23 18:46:28 2023: Starting Socket connection
Thu Mar 23 18:46:40 2023: Dispatch Server: Accepted socket connection from client
Thu Mar 23 18:46:40 2023: Starting Socket connection
Thu Mar 23 18:50:56 2023: SESSION_MGR: closing session for UUID '58eca792-b8d4-468d-9b60-2a368fcab7d1' with name 'link'
Thu Mar 23 18:50:56 2023: KERNEL_SVC: closing session for UUID '58eca792-b8d4-468d-9b60-2a368fcab7d1' with name 'link'
Thu Mar 23 18:50:56 2023: GUIDANCE_SMGR: closing session for UUID '58eca792-b8d4-468d-9b60-2a368fcab7d1' with name 'link'
Thu Mar 23 18:50:56 2023: SYSTEM_DIAGRAM: closing session for UUID '58eca792-b8d4-468d-9b60-2a368fcab7d1' with name 'link'
Thu Mar 23 18:50:56 2023: STOP_SERVER received, server token: 75d5fb60-66fb-41f9-aeee-58a9f956ff14, passed token: 75d5fb60-66fb-41f9-aeee-58a9f956ff14
Thu Mar 23 18:50:56 2023: Socket received request to stop server.
Thu Mar 23 18:50:56 2023: Dispatch Server: do_await_stop
Thu Mar 23 18:50:56 2023: Dispatch Server: stopping mainFifo_
Thu Mar 23 18:50:56 2023: XCD main fifo: Stopping
Thu Mar 23 18:50:56 2023: XCD main fifo: do_read error code: Operation canceled
Thu Mar 23 18:50:56 2023: XCD main fifo: bytes_transferred: 0
Thu Mar 23 18:50:56 2023: SERVER: destructor for server bound to port 35373
Thu Mar 23 18:50:56 2023: XCD main fifo: Good unlink of /tmp/xcdmain75d5fb60-66fb-41f9-aeee-58a9f956ff14
Thu Mar 23 18:50:56 2023: Server exiting with status 0.
Thu Mar 23 18:50:56 2023: Closing log file.
