

================================================================
== Vitis HLS Report for 'store_result'
================================================================
* Date:           Thu Mar 23 18:45:25 2023

* Version:        2022.2 (Build 3670227 on Oct 13 2022)
* Project:        krnl_vadd
* Solution:       solution (Vitis Kernel Flow Target)
* Product family: virtexuplus
* Target device:  xcu250-figd2104-2L-e


================================================================
== Performance Estimates
================================================================
+ Timing: 
    * Summary: 
    +--------+---------+----------+------------+
    |  Clock |  Target | Estimated| Uncertainty|
    +--------+---------+----------+------------+
    |ap_clk  |  3.33 ns|  2.433 ns|     0.90 ns|
    +--------+---------+----------+------------+

+ Latency: 
    * Summary: 
    +---------+---------+----------+----------+-----+-----+---------+
    |  Latency (cycles) |  Latency (absolute) |  Interval | Pipeline|
    |   min   |   max   |    min   |    max   | min | max |   Type  |
    +---------+---------+----------+----------+-----+-----+---------+
    |       70|       70|  0.233 us|  0.233 us|   70|   70|       no|
    +---------+---------+----------+----------+-----+-----+---------+

    + Detail: 
        * Instance: 
        N/A

        * Loop: 
        N/A



================================================================
== Utilization Estimates
================================================================
* Summary: 
+---------------------+---------+-------+---------+---------+------+
|         Name        | BRAM_18K|  DSP  |    FF   |   LUT   | URAM |
+---------------------+---------+-------+---------+---------+------+
|DSP                  |        -|      -|        -|        -|     -|
|Expression           |        -|      -|        0|       12|     -|
|FIFO                 |        -|      -|        -|        -|     -|
|Instance             |        -|      -|        -|        -|     -|
|Memory               |        -|      -|        -|        -|     -|
|Multiplexer          |        -|      -|        -|      379|     -|
|Register             |        -|      -|      168|        -|     -|
+---------------------+---------+-------+---------+---------+------+
|Total                |        0|      0|      168|      391|     0|
+---------------------+---------+-------+---------+---------+------+
|Available SLR        |     1344|   3072|   864000|   432000|   320|
+---------------------+---------+-------+---------+---------+------+
|Utilization SLR (%)  |        0|      0|       ~0|       ~0|     0|
+---------------------+---------+-------+---------+---------+------+
|Available            |     5376|  12288|  3456000|  1728000|  1280|
+---------------------+---------+-------+---------+---------+------+
|Utilization (%)      |        0|      0|       ~0|       ~0|     0|
+---------------------+---------+-------+---------+---------+------+

+ Detail: 
    * Instance: 
    N/A

    * DSP: 
    N/A

    * Memory: 
    N/A

    * FIFO: 
    N/A

    * Expression: 
    +-----------------------+----------+----+---+----+------------+------------+
    |     Variable Name     | Operation| DSP| FF| LUT| Bitwidth P0| Bitwidth P1|
    +-----------------------+----------+----+---+----+------------+------------+
    |ap_ext_blocking_cur_n  |       and|   0|  0|   2|           1|           1|
    |ap_ext_blocking_n      |       and|   0|  0|   2|           1|           2|
    |ap_int_blocking_cur_n  |       and|   0|  0|   2|           1|           0|
    |ap_int_blocking_n      |       and|   0|  0|   2|           1|           2|
    |ap_str_blocking_n      |       and|   0|  0|   2|           2|           2|
    |ap_block_state1        |        or|   0|  0|   2|           1|           1|
    +-----------------------+----------+----+---+----+------------+------------+
    |Total                  |          |   0|  0|  12|           7|           8|
    +-----------------------+----------+----+---+----+------------+------------+

    * Multiplexer: 
    +------------------+-----+-----------+-----+-----------+
    |       Name       | LUT | Input Size| Bits| Total Bits|
    +------------------+-----+-----------+-----+-----------+
    |ap_NS_fsm         |  325|         72|    1|         72|
    |ap_done           |    9|          2|    1|          2|
    |gmem0_blk_n_AW    |    9|          2|    1|          2|
    |gmem0_blk_n_B     |    9|          2|    1|          2|
    |gmem0_blk_n_W     |    9|          2|    1|          2|
    |out_r_blk_n       |    9|          2|    1|          2|
    |out_stream_blk_n  |    9|          2|    1|          2|
    +------------------+-----+-----------+-----+-----------+
    |Total             |  379|         84|    7|         84|
    +------------------+-----+-----------+-----+-----------+

    * Register: 
    +-------------------------+----+----+-----+-----------+
    |           Name          | FF | LUT| Bits| Const Bits|
    +-------------------------+----+----+-----+-----------+
    |ap_CS_fsm                |  71|   0|   71|          0|
    |ap_done_reg              |   1|   0|    1|          0|
    |gmem0_addr_reg_105       |  64|   0|   64|          0|
    |out_stream_read_reg_100  |  32|   0|   32|          0|
    +-------------------------+----+----+-----+-----------+
    |Total                    | 168|   0|  168|          0|
    +-------------------------+----+----+-----+-----------+



================================================================
== Interface
================================================================
* Summary: 
+---------------------------+-----+-----+------------+--------------+--------------+
|         RTL Ports         | Dir | Bits|  Protocol  | Source Object|    C Type    |
+---------------------------+-----+-----+------------+--------------+--------------+
|ap_clk                     |   in|    1|  ap_ctrl_hs|  store_result|  return value|
|ap_rst                     |   in|    1|  ap_ctrl_hs|  store_result|  return value|
|ap_start                   |   in|    1|  ap_ctrl_hs|  store_result|  return value|
|ap_done                    |  out|    1|  ap_ctrl_hs|  store_result|  return value|
|ap_continue                |   in|    1|  ap_ctrl_hs|  store_result|  return value|
|ap_idle                    |  out|    1|  ap_ctrl_hs|  store_result|  return value|
|ap_ready                   |  out|    1|  ap_ctrl_hs|  store_result|  return value|
|ap_ext_blocking_n          |  out|    1|  ap_ctrl_hs|  store_result|  return value|
|ap_str_blocking_n          |  out|    1|  ap_ctrl_hs|  store_result|  return value|
|ap_int_blocking_n          |  out|    1|  ap_ctrl_hs|  store_result|  return value|
|m_axi_gmem0_AWVALID        |  out|    1|       m_axi|         gmem0|       pointer|
|m_axi_gmem0_AWREADY        |   in|    1|       m_axi|         gmem0|       pointer|
|m_axi_gmem0_AWADDR         |  out|   64|       m_axi|         gmem0|       pointer|
|m_axi_gmem0_AWID           |  out|    1|       m_axi|         gmem0|       pointer|
|m_axi_gmem0_AWLEN          |  out|   32|       m_axi|         gmem0|       pointer|
|m_axi_gmem0_AWSIZE         |  out|    3|       m_axi|         gmem0|       pointer|
|m_axi_gmem0_AWBURST        |  out|    2|       m_axi|         gmem0|       pointer|
|m_axi_gmem0_AWLOCK         |  out|    2|       m_axi|         gmem0|       pointer|
|m_axi_gmem0_AWCACHE        |  out|    4|       m_axi|         gmem0|       pointer|
|m_axi_gmem0_AWPROT         |  out|    3|       m_axi|         gmem0|       pointer|
|m_axi_gmem0_AWQOS          |  out|    4|       m_axi|         gmem0|       pointer|
|m_axi_gmem0_AWREGION       |  out|    4|       m_axi|         gmem0|       pointer|
|m_axi_gmem0_AWUSER         |  out|    1|       m_axi|         gmem0|       pointer|
|m_axi_gmem0_WVALID         |  out|    1|       m_axi|         gmem0|       pointer|
|m_axi_gmem0_WREADY         |   in|    1|       m_axi|         gmem0|       pointer|
|m_axi_gmem0_WDATA          |  out|   32|       m_axi|         gmem0|       pointer|
|m_axi_gmem0_WSTRB          |  out|    4|       m_axi|         gmem0|       pointer|
|m_axi_gmem0_WLAST          |  out|    1|       m_axi|         gmem0|       pointer|
|m_axi_gmem0_WID            |  out|    1|       m_axi|         gmem0|       pointer|
|m_axi_gmem0_WUSER          |  out|    1|       m_axi|         gmem0|       pointer|
|m_axi_gmem0_ARVALID        |  out|    1|       m_axi|         gmem0|       pointer|
|m_axi_gmem0_ARREADY        |   in|    1|       m_axi|         gmem0|       pointer|
|m_axi_gmem0_ARADDR         |  out|   64|       m_axi|         gmem0|       pointer|
|m_axi_gmem0_ARID           |  out|    1|       m_axi|         gmem0|       pointer|
|m_axi_gmem0_ARLEN          |  out|   32|       m_axi|         gmem0|       pointer|
|m_axi_gmem0_ARSIZE         |  out|    3|       m_axi|         gmem0|       pointer|
|m_axi_gmem0_ARBURST        |  out|    2|       m_axi|         gmem0|       pointer|
|m_axi_gmem0_ARLOCK         |  out|    2|       m_axi|         gmem0|       pointer|
|m_axi_gmem0_ARCACHE        |  out|    4|       m_axi|         gmem0|       pointer|
|m_axi_gmem0_ARPROT         |  out|    3|       m_axi|         gmem0|       pointer|
|m_axi_gmem0_ARQOS          |  out|    4|       m_axi|         gmem0|       pointer|
|m_axi_gmem0_ARREGION       |  out|    4|       m_axi|         gmem0|       pointer|
|m_axi_gmem0_ARUSER         |  out|    1|       m_axi|         gmem0|       pointer|
|m_axi_gmem0_RVALID         |   in|    1|       m_axi|         gmem0|       pointer|
|m_axi_gmem0_RREADY         |  out|    1|       m_axi|         gmem0|       pointer|
|m_axi_gmem0_RDATA          |   in|   32|       m_axi|         gmem0|       pointer|
|m_axi_gmem0_RLAST          |   in|    1|       m_axi|         gmem0|       pointer|
|m_axi_gmem0_RID            |   in|    1|       m_axi|         gmem0|       pointer|
|m_axi_gmem0_RFIFONUM       |   in|    9|       m_axi|         gmem0|       pointer|
|m_axi_gmem0_RUSER          |   in|    1|       m_axi|         gmem0|       pointer|
|m_axi_gmem0_RRESP          |   in|    2|       m_axi|         gmem0|       pointer|
|m_axi_gmem0_BVALID         |   in|    1|       m_axi|         gmem0|       pointer|
|m_axi_gmem0_BREADY         |  out|    1|       m_axi|         gmem0|       pointer|
|m_axi_gmem0_BRESP          |   in|    2|       m_axi|         gmem0|       pointer|
|m_axi_gmem0_BID            |   in|    1|       m_axi|         gmem0|       pointer|
|m_axi_gmem0_BUSER          |   in|    1|       m_axi|         gmem0|       pointer|
|out_r_dout                 |   in|   64|     ap_fifo|         out_r|       pointer|
|out_r_num_data_valid       |   in|    3|     ap_fifo|         out_r|       pointer|
|out_r_fifo_cap             |   in|    3|     ap_fifo|         out_r|       pointer|
|out_r_empty_n              |   in|    1|     ap_fifo|         out_r|       pointer|
|out_r_read                 |  out|    1|     ap_fifo|         out_r|       pointer|
|out_stream_dout            |   in|   32|     ap_fifo|    out_stream|       pointer|
|out_stream_num_data_valid  |   in|    2|     ap_fifo|    out_stream|       pointer|
|out_stream_fifo_cap        |   in|    2|     ap_fifo|    out_stream|       pointer|
|out_stream_empty_n         |   in|    1|     ap_fifo|    out_stream|       pointer|
|out_stream_read            |  out|    1|     ap_fifo|    out_stream|       pointer|
+---------------------------+-----+-----+------------+--------------+--------------+

