

================================================================
== Synthesis Summary Report of 'probatina'
================================================================
+ General Information: 
    * Date:           Sat Apr 15 17:35:53 2023
    * Version:        2022.2 (Build 3670227 on Oct 13 2022)
    * Project:        prj
    * Solution:       sol (Vitis Kernel Flow Target)
    * Product family: virtexuplus
    * Target device:  xcu250-figd2104-2L-e
    

+ Performance & Resource Estimates: 
    
    PS: '+' for module; 'o' for loop; '*' for dataflow
    +---------------------------------------+------+------+---------+-----------+----------+---------+------+----------+----------+----+------------+------------+-----+
    |                Modules                | Issue|      | Latency |  Latency  | Iteration|         | Trip |          |          |    |            |            |     |
    |                & Loops                | Type | Slack| (cycles)|    (ns)   |  Latency | Interval| Count| Pipelined|   BRAM   | DSP|     FF     |     LUT    | URAM|
    +---------------------------------------+------+------+---------+-----------+----------+---------+------+----------+----------+----+------------+------------+-----+
    |+ probatina                            |     -|  0.00|    12440|  1.244e+05|         -|    12441|     -|        no|  32 (~0%)|   -|  6548 (~0%)|  9890 (~0%)|    -|
    | + probatina_Pipeline_1                |     -|  0.00|     4099|  4.099e+04|         -|     4099|     -|        no|         -|   -|  1040 (~0%)|   117 (~0%)|    -|
    |  o Loop 1                             |     -|  7.30|     4097|  4.097e+04|         3|        1|  4096|       yes|         -|   -|           -|           -|    -|
    | + probatina_Pipeline_VITIS_LOOP_50_1  |     -|  3.92|     4098|  4.098e+04|         -|     4098|     -|        no|         -|   -|    29 (~0%)|   109 (~0%)|    -|
    |  o VITIS_LOOP_50_1                    |     -|  7.30|     4096|  4.096e+04|         2|        1|  4096|       yes|         -|   -|           -|           -|    -|
    | + probatina_Pipeline_3                |     -|  0.00|     4099|  4.099e+04|         -|     4099|     -|        no|         -|   -|   533 (~0%)|   509 (~0%)|    -|
    |  o Loop 1                             |     -|  7.30|     4097|  4.097e+04|         3|        1|  4096|       yes|         -|   -|           -|           -|    -|
    +---------------------------------------+------+------+---------+-----------+----------+---------+------+----------+----------+----+------------+------------+-----+


================================================================
== HW Interfaces
================================================================
* M_AXI
+---------------+------------+---------------+---------+--------+----------+-----------+--------------+--------------+-------------+-------------+
| Interface     | Data Width | Address Width | Latency | Offset | Register | Max Widen | Max Read     | Max Write    | Num Read    | Num Write   |
|               | (SW->HW)   |               |         |        |          | Bitwidth  | Burst Length | Burst Length | Outstanding | Outstanding |
+---------------+------------+---------------+---------+--------+----------+-----------+--------------+--------------+-------------+-------------+
| m_axi_m00_axi | 32 -> 512  | 64            | 64      | slave  | 0        | 512       | 16           | 16           | 16          | 16          |
+---------------+------------+---------------+---------+--------+----------+-----------+--------------+--------------+-------------+-------------+

* S_AXILITE Interfaces
+---------------+------------+---------------+--------+----------+
| Interface     | Data Width | Address Width | Offset | Register |
+---------------+------------+---------------+--------+----------+
| s_axi_control | 32         | 5             | 16     | 0        |
+---------------+------------+---------------+--------+----------+

* S_AXILITE Registers
+---------------+--------------+--------+-------+--------+----------------------------------+----------------------------------------------------------------------+
| Interface     | Register     | Offset | Width | Access | Description                      | Bit Fields                                                           |
+---------------+--------------+--------+-------+--------+----------------------------------+----------------------------------------------------------------------+
| s_axi_control | CTRL         | 0x00   | 32    | RW     | Control signals                  | 0=AP_START 1=AP_DONE 2=AP_IDLE 3=AP_READY 7=AUTO_RESTART 9=INTERRUPT |
| s_axi_control | GIER         | 0x04   | 32    | RW     | Global Interrupt Enable Register | 0=Enable                                                             |
| s_axi_control | IP_IER       | 0x08   | 32    | RW     | IP Interrupt Enable Register     | 0=CHAN0_INT_EN 1=CHAN1_INT_EN                                        |
| s_axi_control | IP_ISR       | 0x0c   | 32    | RW     | IP Interrupt Status Register     | 0=CHAN0_INT_ST 1=CHAN1_INT_ST                                        |
| s_axi_control | axi00_ptr0_1 | 0x10   | 32    | W      | Data signal of axi00_ptr0        |                                                                      |
| s_axi_control | axi00_ptr0_2 | 0x14   | 32    | W      | Data signal of axi00_ptr0        |                                                                      |
+---------------+--------------+--------+-------+--------+----------------------------------+----------------------------------------------------------------------+

* TOP LEVEL CONTROL
+-----------+------------+-----------+
| Interface | Type       | Ports     |
+-----------+------------+-----------+
| ap_clk    | clock      | ap_clk    |
| ap_rst_n  | reset      | ap_rst_n  |
| interrupt | interrupt  | interrupt |
| ap_ctrl   | ap_ctrl_hs |           |
+-----------+------------+-----------+


================================================================
== SW I/O Information
================================================================
* Top Function Arguments
+------------+-----------+----------+
| Argument   | Direction | Datatype |
+------------+-----------+----------+
| axi00_ptr0 | inout     | int*     |
+------------+-----------+----------+

* SW-to-HW Mapping
+------------+---------------+-----------+----------+----------------------------------------+
| Argument   | HW Interface  | HW Type   | HW Usage | HW Info                                |
+------------+---------------+-----------+----------+----------------------------------------+
| axi00_ptr0 | m_axi_m00_axi | interface |          |                                        |
| axi00_ptr0 | s_axi_control | register  | offset   | name=axi00_ptr0_1 offset=0x10 range=32 |
| axi00_ptr0 | s_axi_control | register  | offset   | name=axi00_ptr0_2 offset=0x14 range=32 |
+------------+---------------+-----------+----------+----------------------------------------+


================================================================
== M_AXI Burst Information
================================================================
 Note: All burst requests might be further partitioned into multiple requests during RTL generation based on max_read_burst_length or max_write_burst_length settings.

* Inferred Burst Summary
+---------------+-----------+--------+-------+------------------------------+
| HW Interface  | Direction | Length | Width | Location                     |
+---------------+-----------+--------+-------+------------------------------+
| m_axi_m00_axi | read      | 256    | 512   | ../probatina_cmodel.cpp:47:5 |
| m_axi_m00_axi | write     | 256    | 512   | ../probatina_cmodel.cpp:55:5 |
+---------------+-----------+--------+-------+------------------------------+


================================================================
== Bind Op Report
================================================================
+---------------------------------------+-----+--------+----------+-----+--------+---------+
| Name                                  | DSP | Pragma | Variable | Op  | Impl   | Latency |
+---------------------------------------+-----+--------+----------+-----+--------+---------+
| + probatina                           | 0   |        |          |     |        |         |
|  + probatina_Pipeline_1               | 0   |        |          |     |        |         |
|    empty_24_fu_122_p2                 | -   |        | empty_24 | add | fabric | 0       |
|  + probatina_Pipeline_VITIS_LOOP_50_1 | 0   |        |          |     |        |         |
|    add_ln50_fu_74_p2                  | -   |        | add_ln50 | add | fabric | 0       |
|    m00_axi_output_buffer_d0           | -   |        | add_ln51 | add | fabric | 0       |
|  + probatina_Pipeline_3               | 0   |        |          |     |        |         |
|    empty_20_fu_122_p2                 | -   |        | empty_20 | add | fabric | 0       |
+---------------------------------------+-----+--------+----------+-----+--------+---------+


================================================================
== Bind Storage Report
================================================================
+---------------------------+------+------+--------+-----------------------+---------+------+---------+
| Name                      | BRAM | URAM | Pragma | Variable              | Storage | Impl | Latency |
+---------------------------+------+------+--------+-----------------------+---------+------+---------+
| + probatina               | 32   | 0    |        |                       |         |      |         |
|   m00_axi_input_buffer_U  | 16   | -    |        | m00_axi_input_buffer  | ram_1p  | auto | 1       |
|   m00_axi_output_buffer_U | 16   | -    |        | m00_axi_output_buffer | ram_1p  | auto | 1       |
+---------------------------+------+------+--------+-----------------------+---------+------+---------+


================================================================
== Pragma Report
================================================================
* Valid Pragma Syntax
+-----------+---------------------------------------------------+-----------------------------------------------------+
| Type      | Options                                           | Location                                            |
+-----------+---------------------------------------------------+-----------------------------------------------------+
| interface | m_axi port=axi00_ptr0 offset=slave bundle=m00_axi | ../probatina_cmodel.cpp:30 in probatina, axi00_ptr0 |
| interface | s_axilite port=axi00_ptr0 bundle=control          | ../probatina_cmodel.cpp:31 in probatina, axi00_ptr0 |
| interface | s_axilite port=return bundle=control              | ../probatina_cmodel.cpp:32 in probatina, return     |
| interface | ap_ctrl_hs port=return                            | ../probatina_cmodel.cpp:33 in probatina, return     |
+-----------+---------------------------------------------------+-----------------------------------------------------+


