Wed Mar 22 18:07:53 2023: Running xcd server. This server was built by gradle.
Wed Mar 22 18:07:53 2023: Server was asked to start on port: '33225'
Wed Mar 22 18:07:53 2023: Server is using token UUID: '0d8d457d-8d16-4ee1-b15d-34f6f03fe3fa'
Wed Mar 22 18:07:53 2023: SESSION_MGR: creating session with session uuid: '6d04a3e9-ade5-4ab9-8d63-1f78fcd2ec76' and name 'default'
Wed Mar 22 18:07:53 2023: Attempting to start server on port '33225'
Wed Mar 22 18:07:53 2023: XCD main fifo: created main fifo '/tmp/xcdmain0d8d457d-8d16-4ee1-b15d-34f6f03fe3fa', fd read = 14
Wed Mar 22 18:07:53 2023: Running Dispatch Server
Wed Mar 22 18:07:53 2023: Version 2.2.0
Wed Mar 22 18:08:02 2023: Dispatch Server: Accepted socket connection from client
Wed Mar 22 18:08:02 2023: Starting Socket connection
Wed Mar 22 18:08:02 2023: EXCHANGE_TOKEN received, server token: 0d8d457d-8d16-4ee1-b15d-34f6f03fe3fa, passed token: 0d8d457d-8d16-4ee1-b15d-34f6f03fe3fa
Wed Mar 22 18:08:02 2023: DISPATCH_HANDLER: Adding handler from function makeHandler in library libxv_system_diagram
Wed Mar 22 18:08:02 2023: SESSION_MGR: creating session with session uuid: '57640336-3d9f-4ac9-8fc9-3b2982dbfc78' and name 'krnl_vadd'
Wed Mar 22 18:08:02 2023: KERNEL_SVC: creating session with uuid: '57640336-3d9f-4ac9-8fc9-3b2982dbfc78' and name 'krnl_vadd'
Wed Mar 22 18:08:02 2023: GUIDANCE_SMGR: creating guidance session with uuid: '57640336-3d9f-4ac9-8fc9-3b2982dbfc78' and name 'krnl_vadd'
Wed Mar 22 18:08:02 2023: SYSTEM_DIAGRAM: creating session with uuid: '57640336-3d9f-4ac9-8fc9-3b2982dbfc78' and name 'krnl_vadd'
Wed Mar 22 18:08:12 2023: Dispatch Server: Accepted socket connection from client
Wed Mar 22 18:08:12 2023: Starting Socket connection
Wed Mar 22 18:08:21 2023: SESSION_MGR: closing session for UUID '57640336-3d9f-4ac9-8fc9-3b2982dbfc78' with name 'krnl_vadd'
Wed Mar 22 18:08:21 2023: KERNEL_SVC: closing session for UUID '57640336-3d9f-4ac9-8fc9-3b2982dbfc78' with name 'krnl_vadd'
Wed Mar 22 18:08:21 2023: GUIDANCE_SMGR: closing session for UUID '57640336-3d9f-4ac9-8fc9-3b2982dbfc78' with name 'krnl_vadd'
Wed Mar 22 18:08:21 2023: SYSTEM_DIAGRAM: closing session for UUID '57640336-3d9f-4ac9-8fc9-3b2982dbfc78' with name 'krnl_vadd'
Wed Mar 22 18:08:21 2023: STOP_SERVER received, server token: 0d8d457d-8d16-4ee1-b15d-34f6f03fe3fa, passed token: 0d8d457d-8d16-4ee1-b15d-34f6f03fe3fa
Wed Mar 22 18:08:21 2023: Socket received request to stop server.
Wed Mar 22 18:08:21 2023: Dispatch Server: do_await_stop
Wed Mar 22 18:08:21 2023: Dispatch Server: stopping mainFifo_
Wed Mar 22 18:08:21 2023: XCD main fifo: Stopping
Wed Mar 22 18:08:21 2023: XCD main fifo: do_read error code: Operation canceled
Wed Mar 22 18:08:21 2023: XCD main fifo: bytes_transferred: 0
Wed Mar 22 18:08:21 2023: SERVER: destructor for server bound to port 33225
Wed Mar 22 18:08:21 2023: XCD main fifo: Good unlink of /tmp/xcdmain0d8d457d-8d16-4ee1-b15d-34f6f03fe3fa
Wed Mar 22 18:08:21 2023: Server exiting with status 0.
Wed Mar 22 18:08:21 2023: Closing log file.
Wed Mar 22 18:21:36 2023: Running xcd server. This server was built by gradle.
Wed Mar 22 18:21:36 2023: Server was asked to start on port: '33645'
Wed Mar 22 18:21:36 2023: Server is using token UUID: 'eab0f3af-9761-4a80-b2c7-aa6df1353ecd'
Wed Mar 22 18:21:36 2023: SESSION_MGR: creating session with session uuid: '6d04a3e9-ade5-4ab9-8d63-1f78fcd2ec76' and name 'default'
Wed Mar 22 18:21:36 2023: Attempting to start server on port '33645'
Wed Mar 22 18:21:36 2023: XCD main fifo: created main fifo '/tmp/xcdmaineab0f3af-9761-4a80-b2c7-aa6df1353ecd', fd read = 14
Wed Mar 22 18:21:36 2023: Running Dispatch Server
Wed Mar 22 18:21:36 2023: Version 2.2.0
Wed Mar 22 18:21:45 2023: Dispatch Server: Accepted socket connection from client
Wed Mar 22 18:21:45 2023: Starting Socket connection
Wed Mar 22 18:21:45 2023: EXCHANGE_TOKEN received, server token: eab0f3af-9761-4a80-b2c7-aa6df1353ecd, passed token: eab0f3af-9761-4a80-b2c7-aa6df1353ecd
Wed Mar 22 18:21:45 2023: DISPATCH_HANDLER: Adding handler from function makeHandler in library libxv_system_diagram
Wed Mar 22 18:21:45 2023: SESSION_MGR: creating session with session uuid: '95fc8f58-4ff7-43c0-8642-629d4f45d7da' and name 'krnl_vadd'
Wed Mar 22 18:21:45 2023: KERNEL_SVC: creating session with uuid: '95fc8f58-4ff7-43c0-8642-629d4f45d7da' and name 'krnl_vadd'
Wed Mar 22 18:21:45 2023: GUIDANCE_SMGR: creating guidance session with uuid: '95fc8f58-4ff7-43c0-8642-629d4f45d7da' and name 'krnl_vadd'
Wed Mar 22 18:21:45 2023: SYSTEM_DIAGRAM: creating session with uuid: '95fc8f58-4ff7-43c0-8642-629d4f45d7da' and name 'krnl_vadd'
Wed Mar 22 18:21:52 2023: Dispatch Server: Accepted socket connection from client
Wed Mar 22 18:21:52 2023: Starting Socket connection
Wed Mar 22 18:21:56 2023: SESSION_MGR: closing session for UUID '95fc8f58-4ff7-43c0-8642-629d4f45d7da' with name 'krnl_vadd'
Wed Mar 22 18:21:56 2023: KERNEL_SVC: closing session for UUID '95fc8f58-4ff7-43c0-8642-629d4f45d7da' with name 'krnl_vadd'
Wed Mar 22 18:21:56 2023: GUIDANCE_SMGR: closing session for UUID '95fc8f58-4ff7-43c0-8642-629d4f45d7da' with name 'krnl_vadd'
Wed Mar 22 18:21:56 2023: SYSTEM_DIAGRAM: closing session for UUID '95fc8f58-4ff7-43c0-8642-629d4f45d7da' with name 'krnl_vadd'
Wed Mar 22 18:21:56 2023: STOP_SERVER received, server token: eab0f3af-9761-4a80-b2c7-aa6df1353ecd, passed token: eab0f3af-9761-4a80-b2c7-aa6df1353ecd
Wed Mar 22 18:21:56 2023: Socket received request to stop server.
Wed Mar 22 18:21:56 2023: Dispatch Server: do_await_stop
Wed Mar 22 18:21:56 2023: Dispatch Server: stopping mainFifo_
Wed Mar 22 18:21:56 2023: XCD main fifo: Stopping
Wed Mar 22 18:21:56 2023: XCD main fifo: do_read error code: Operation canceled
Wed Mar 22 18:21:56 2023: XCD main fifo: bytes_transferred: 0
Wed Mar 22 18:21:56 2023: SERVER: destructor for server bound to port 33645
Wed Mar 22 18:21:56 2023: XCD main fifo: Good unlink of /tmp/xcdmaineab0f3af-9761-4a80-b2c7-aa6df1353ecd
Wed Mar 22 18:21:56 2023: Server exiting with status 0.
Wed Mar 22 18:21:56 2023: Closing log file.
Wed Mar 22 18:25:58 2023: Running xcd server. This server was built by gradle.
Wed Mar 22 18:25:58 2023: Server was asked to start on port: '43413'
Wed Mar 22 18:25:58 2023: Server is using token UUID: 'f85340bc-2239-4f09-908a-1f65fbfca4f2'
Wed Mar 22 18:25:58 2023: SESSION_MGR: creating session with session uuid: '6d04a3e9-ade5-4ab9-8d63-1f78fcd2ec76' and name 'default'
Wed Mar 22 18:25:58 2023: Attempting to start server on port '43413'
Wed Mar 22 18:25:58 2023: XCD main fifo: created main fifo '/tmp/xcdmainf85340bc-2239-4f09-908a-1f65fbfca4f2', fd read = 14
Wed Mar 22 18:25:58 2023: Running Dispatch Server
Wed Mar 22 18:25:58 2023: Version 2.2.0
Wed Mar 22 18:26:07 2023: Dispatch Server: Accepted socket connection from client
Wed Mar 22 18:26:07 2023: Starting Socket connection
Wed Mar 22 18:26:07 2023: EXCHANGE_TOKEN received, server token: f85340bc-2239-4f09-908a-1f65fbfca4f2, passed token: f85340bc-2239-4f09-908a-1f65fbfca4f2
Wed Mar 22 18:26:07 2023: DISPATCH_HANDLER: Adding handler from function makeHandler in library libxv_system_diagram
Wed Mar 22 18:26:07 2023: SESSION_MGR: creating session with session uuid: 'a1a2e6b4-5d48-4eb6-8fa3-16c11cde3479' and name 'krnl_vadd'
Wed Mar 22 18:26:07 2023: KERNEL_SVC: creating session with uuid: 'a1a2e6b4-5d48-4eb6-8fa3-16c11cde3479' and name 'krnl_vadd'
Wed Mar 22 18:26:07 2023: GUIDANCE_SMGR: creating guidance session with uuid: 'a1a2e6b4-5d48-4eb6-8fa3-16c11cde3479' and name 'krnl_vadd'
Wed Mar 22 18:26:07 2023: SYSTEM_DIAGRAM: creating session with uuid: 'a1a2e6b4-5d48-4eb6-8fa3-16c11cde3479' and name 'krnl_vadd'
Wed Mar 22 18:26:13 2023: Dispatch Server: Accepted socket connection from client
Wed Mar 22 18:26:13 2023: Starting Socket connection
Wed Mar 22 18:26:14 2023: SESSION_MGR: closing session for UUID 'a1a2e6b4-5d48-4eb6-8fa3-16c11cde3479' with name 'krnl_vadd'
Wed Mar 22 18:26:14 2023: KERNEL_SVC: closing session for UUID 'a1a2e6b4-5d48-4eb6-8fa3-16c11cde3479' with name 'krnl_vadd'
Wed Mar 22 18:26:14 2023: GUIDANCE_SMGR: closing session for UUID 'a1a2e6b4-5d48-4eb6-8fa3-16c11cde3479' with name 'krnl_vadd'
Wed Mar 22 18:26:14 2023: SYSTEM_DIAGRAM: closing session for UUID 'a1a2e6b4-5d48-4eb6-8fa3-16c11cde3479' with name 'krnl_vadd'
Wed Mar 22 18:26:14 2023: STOP_SERVER received, server token: f85340bc-2239-4f09-908a-1f65fbfca4f2, passed token: f85340bc-2239-4f09-908a-1f65fbfca4f2
Wed Mar 22 18:26:14 2023: Socket received request to stop server.
Wed Mar 22 18:26:14 2023: Dispatch Server: do_await_stop
Wed Mar 22 18:26:14 2023: Dispatch Server: stopping mainFifo_
Wed Mar 22 18:26:14 2023: XCD main fifo: Stopping
Wed Mar 22 18:26:14 2023: XCD main fifo: do_read error code: Operation canceled
Wed Mar 22 18:26:14 2023: XCD main fifo: bytes_transferred: 0
Wed Mar 22 18:26:14 2023: SERVER: destructor for server bound to port 43413
Wed Mar 22 18:26:14 2023: XCD main fifo: Good unlink of /tmp/xcdmainf85340bc-2239-4f09-908a-1f65fbfca4f2
Wed Mar 22 18:26:14 2023: Server exiting with status 0.
Wed Mar 22 18:26:14 2023: Closing log file.
Wed Mar 22 18:29:58 2023: Running xcd server. This server was built by gradle.
Wed Mar 22 18:29:58 2023: Server was asked to start on port: '41731'
Wed Mar 22 18:29:58 2023: Server is using token UUID: '679d2b20-e84a-47a5-8dee-06c34ebecdd2'
Wed Mar 22 18:29:58 2023: SESSION_MGR: creating session with session uuid: '6d04a3e9-ade5-4ab9-8d63-1f78fcd2ec76' and name 'default'
Wed Mar 22 18:29:58 2023: Attempting to start server on port '41731'
Wed Mar 22 18:29:58 2023: XCD main fifo: created main fifo '/tmp/xcdmain679d2b20-e84a-47a5-8dee-06c34ebecdd2', fd read = 14
Wed Mar 22 18:29:58 2023: Running Dispatch Server
Wed Mar 22 18:29:58 2023: Version 2.2.0
Wed Mar 22 18:30:07 2023: Dispatch Server: Accepted socket connection from client
Wed Mar 22 18:30:07 2023: Starting Socket connection
Wed Mar 22 18:30:07 2023: EXCHANGE_TOKEN received, server token: 679d2b20-e84a-47a5-8dee-06c34ebecdd2, passed token: 679d2b20-e84a-47a5-8dee-06c34ebecdd2
Wed Mar 22 18:30:07 2023: DISPATCH_HANDLER: Adding handler from function makeHandler in library libxv_system_diagram
Wed Mar 22 18:30:07 2023: SESSION_MGR: creating session with session uuid: 'ac3bf71f-6811-46be-94c2-bd14a95f6978' and name 'krnl_vadd'
Wed Mar 22 18:30:07 2023: KERNEL_SVC: creating session with uuid: 'ac3bf71f-6811-46be-94c2-bd14a95f6978' and name 'krnl_vadd'
Wed Mar 22 18:30:07 2023: GUIDANCE_SMGR: creating guidance session with uuid: 'ac3bf71f-6811-46be-94c2-bd14a95f6978' and name 'krnl_vadd'
Wed Mar 22 18:30:07 2023: SYSTEM_DIAGRAM: creating session with uuid: 'ac3bf71f-6811-46be-94c2-bd14a95f6978' and name 'krnl_vadd'
Wed Mar 22 18:30:14 2023: Dispatch Server: Accepted socket connection from client
Wed Mar 22 18:30:14 2023: Starting Socket connection
Wed Mar 22 18:30:14 2023: SESSION_MGR: closing session for UUID 'ac3bf71f-6811-46be-94c2-bd14a95f6978' with name 'krnl_vadd'
Wed Mar 22 18:30:14 2023: KERNEL_SVC: closing session for UUID 'ac3bf71f-6811-46be-94c2-bd14a95f6978' with name 'krnl_vadd'
Wed Mar 22 18:30:14 2023: GUIDANCE_SMGR: closing session for UUID 'ac3bf71f-6811-46be-94c2-bd14a95f6978' with name 'krnl_vadd'
Wed Mar 22 18:30:14 2023: SYSTEM_DIAGRAM: closing session for UUID 'ac3bf71f-6811-46be-94c2-bd14a95f6978' with name 'krnl_vadd'
Wed Mar 22 18:30:14 2023: STOP_SERVER received, server token: 679d2b20-e84a-47a5-8dee-06c34ebecdd2, passed token: 679d2b20-e84a-47a5-8dee-06c34ebecdd2
Wed Mar 22 18:30:14 2023: Socket received request to stop server.
Wed Mar 22 18:30:14 2023: Dispatch Server: do_await_stop
Wed Mar 22 18:30:14 2023: Dispatch Server: stopping mainFifo_
Wed Mar 22 18:30:14 2023: XCD main fifo: Stopping
Wed Mar 22 18:30:14 2023: XCD main fifo: do_read error code: Operation canceled
Wed Mar 22 18:30:14 2023: XCD main fifo: bytes_transferred: 0
Wed Mar 22 18:30:14 2023: SERVER: destructor for server bound to port 41731
Wed Mar 22 18:30:14 2023: XCD main fifo: Good unlink of /tmp/xcdmain679d2b20-e84a-47a5-8dee-06c34ebecdd2
Wed Mar 22 18:30:14 2023: Server exiting with status 0.
Wed Mar 22 18:30:14 2023: Closing log file.
Wed Mar 22 18:35:35 2023: Running xcd server. This server was built by gradle.
Wed Mar 22 18:35:35 2023: Server was asked to start on port: '44177'
Wed Mar 22 18:35:35 2023: Server is using token UUID: '992ca7b8-77d8-49f6-a2b3-61b2d0cb94d5'
Wed Mar 22 18:35:35 2023: SESSION_MGR: creating session with session uuid: '6d04a3e9-ade5-4ab9-8d63-1f78fcd2ec76' and name 'default'
Wed Mar 22 18:35:35 2023: Attempting to start server on port '44177'
Wed Mar 22 18:35:35 2023: XCD main fifo: created main fifo '/tmp/xcdmain992ca7b8-77d8-49f6-a2b3-61b2d0cb94d5', fd read = 14
Wed Mar 22 18:35:35 2023: Running Dispatch Server
Wed Mar 22 18:35:35 2023: Version 2.2.0
Wed Mar 22 18:35:44 2023: Dispatch Server: Accepted socket connection from client
Wed Mar 22 18:35:44 2023: Starting Socket connection
Wed Mar 22 18:35:44 2023: EXCHANGE_TOKEN received, server token: 992ca7b8-77d8-49f6-a2b3-61b2d0cb94d5, passed token: 992ca7b8-77d8-49f6-a2b3-61b2d0cb94d5
Wed Mar 22 18:35:44 2023: DISPATCH_HANDLER: Adding handler from function makeHandler in library libxv_system_diagram
Wed Mar 22 18:35:44 2023: SESSION_MGR: creating session with session uuid: '7c08201e-5b56-4280-a8d7-2cf412d2d728' and name 'krnl_vadd'
Wed Mar 22 18:35:44 2023: KERNEL_SVC: creating session with uuid: '7c08201e-5b56-4280-a8d7-2cf412d2d728' and name 'krnl_vadd'
Wed Mar 22 18:35:44 2023: GUIDANCE_SMGR: creating guidance session with uuid: '7c08201e-5b56-4280-a8d7-2cf412d2d728' and name 'krnl_vadd'
Wed Mar 22 18:35:44 2023: SYSTEM_DIAGRAM: creating session with uuid: '7c08201e-5b56-4280-a8d7-2cf412d2d728' and name 'krnl_vadd'
Wed Mar 22 18:35:51 2023: Dispatch Server: Accepted socket connection from client
Wed Mar 22 18:35:51 2023: Starting Socket connection
Wed Mar 22 18:35:51 2023: SESSION_MGR: closing session for UUID '7c08201e-5b56-4280-a8d7-2cf412d2d728' with name 'krnl_vadd'
Wed Mar 22 18:35:51 2023: KERNEL_SVC: closing session for UUID '7c08201e-5b56-4280-a8d7-2cf412d2d728' with name 'krnl_vadd'
Wed Mar 22 18:35:51 2023: GUIDANCE_SMGR: closing session for UUID '7c08201e-5b56-4280-a8d7-2cf412d2d728' with name 'krnl_vadd'
Wed Mar 22 18:35:51 2023: SYSTEM_DIAGRAM: closing session for UUID '7c08201e-5b56-4280-a8d7-2cf412d2d728' with name 'krnl_vadd'
Wed Mar 22 18:35:51 2023: STOP_SERVER received, server token: 992ca7b8-77d8-49f6-a2b3-61b2d0cb94d5, passed token: 992ca7b8-77d8-49f6-a2b3-61b2d0cb94d5
Wed Mar 22 18:35:51 2023: Socket received request to stop server.
Wed Mar 22 18:35:51 2023: Dispatch Server: do_await_stop
Wed Mar 22 18:35:51 2023: Dispatch Server: stopping mainFifo_
Wed Mar 22 18:35:51 2023: XCD main fifo: Stopping
Wed Mar 22 18:35:51 2023: XCD main fifo: do_read error code: Operation canceled
Wed Mar 22 18:35:51 2023: XCD main fifo: bytes_transferred: 0
Wed Mar 22 18:35:51 2023: SERVER: destructor for server bound to port 44177
Wed Mar 22 18:35:51 2023: XCD main fifo: Good unlink of /tmp/xcdmain992ca7b8-77d8-49f6-a2b3-61b2d0cb94d5
Wed Mar 22 18:35:51 2023: Server exiting with status 0.
Wed Mar 22 18:35:51 2023: Closing log file.
Wed Mar 22 19:12:49 2023: Running xcd server. This server was built by gradle.
Wed Mar 22 19:12:49 2023: Server was asked to start on port: '40359'
Wed Mar 22 19:12:49 2023: Server is using token UUID: '81d98360-8e9f-4323-b633-112fe7781257'
Wed Mar 22 19:12:49 2023: SESSION_MGR: creating session with session uuid: '6d04a3e9-ade5-4ab9-8d63-1f78fcd2ec76' and name 'default'
Wed Mar 22 19:12:49 2023: Attempting to start server on port '40359'
Wed Mar 22 19:12:49 2023: XCD main fifo: created main fifo '/tmp/xcdmain81d98360-8e9f-4323-b633-112fe7781257', fd read = 14
Wed Mar 22 19:12:49 2023: Running Dispatch Server
Wed Mar 22 19:12:49 2023: Version 2.2.0
Wed Mar 22 19:12:58 2023: Dispatch Server: Accepted socket connection from client
Wed Mar 22 19:12:58 2023: Starting Socket connection
Wed Mar 22 19:12:58 2023: EXCHANGE_TOKEN received, server token: 81d98360-8e9f-4323-b633-112fe7781257, passed token: 81d98360-8e9f-4323-b633-112fe7781257
Wed Mar 22 19:12:58 2023: DISPATCH_HANDLER: Adding handler from function makeHandler in library libxv_system_diagram
Wed Mar 22 19:12:58 2023: SESSION_MGR: creating session with session uuid: 'b13fcea3-12ee-4aeb-bc43-2c251ce15dc9' and name 'krnl_vadd'
Wed Mar 22 19:12:58 2023: KERNEL_SVC: creating session with uuid: 'b13fcea3-12ee-4aeb-bc43-2c251ce15dc9' and name 'krnl_vadd'
Wed Mar 22 19:12:58 2023: GUIDANCE_SMGR: creating guidance session with uuid: 'b13fcea3-12ee-4aeb-bc43-2c251ce15dc9' and name 'krnl_vadd'
Wed Mar 22 19:12:58 2023: SYSTEM_DIAGRAM: creating session with uuid: 'b13fcea3-12ee-4aeb-bc43-2c251ce15dc9' and name 'krnl_vadd'
Wed Mar 22 19:13:05 2023: Dispatch Server: Accepted socket connection from client
Wed Mar 22 19:13:05 2023: Starting Socket connection
Wed Mar 22 19:13:09 2023: SESSION_MGR: closing session for UUID 'b13fcea3-12ee-4aeb-bc43-2c251ce15dc9' with name 'krnl_vadd'
Wed Mar 22 19:13:09 2023: KERNEL_SVC: closing session for UUID 'b13fcea3-12ee-4aeb-bc43-2c251ce15dc9' with name 'krnl_vadd'
Wed Mar 22 19:13:09 2023: GUIDANCE_SMGR: closing session for UUID 'b13fcea3-12ee-4aeb-bc43-2c251ce15dc9' with name 'krnl_vadd'
Wed Mar 22 19:13:10 2023: SYSTEM_DIAGRAM: closing session for UUID 'b13fcea3-12ee-4aeb-bc43-2c251ce15dc9' with name 'krnl_vadd'
Wed Mar 22 19:13:10 2023: STOP_SERVER received, server token: 81d98360-8e9f-4323-b633-112fe7781257, passed token: 81d98360-8e9f-4323-b633-112fe7781257
Wed Mar 22 19:13:10 2023: Socket received request to stop server.
Wed Mar 22 19:13:10 2023: Dispatch Server: do_await_stop
Wed Mar 22 19:13:10 2023: Dispatch Server: stopping mainFifo_
Wed Mar 22 19:13:10 2023: XCD main fifo: Stopping
Wed Mar 22 19:13:10 2023: XCD main fifo: do_read error code: Operation canceled
Wed Mar 22 19:13:10 2023: XCD main fifo: bytes_transferred: 0
Wed Mar 22 19:13:10 2023: SERVER: destructor for server bound to port 40359
Wed Mar 22 19:13:10 2023: XCD main fifo: Good unlink of /tmp/xcdmain81d98360-8e9f-4323-b633-112fe7781257
Wed Mar 22 19:13:10 2023: Server exiting with status 0.
Wed Mar 22 19:13:10 2023: Closing log file.
Wed Mar 22 19:45:54 2023: Running xcd server. This server was built by gradle.
Wed Mar 22 19:45:54 2023: Server was asked to start on port: '39753'
Wed Mar 22 19:45:54 2023: Server is using token UUID: '612305b3-7a57-4f4a-b6ce-fd7a99d07720'
Wed Mar 22 19:45:54 2023: SESSION_MGR: creating session with session uuid: '6d04a3e9-ade5-4ab9-8d63-1f78fcd2ec76' and name 'default'
Wed Mar 22 19:45:54 2023: Attempting to start server on port '39753'
Wed Mar 22 19:45:54 2023: XCD main fifo: created main fifo '/tmp/xcdmain612305b3-7a57-4f4a-b6ce-fd7a99d07720', fd read = 14
Wed Mar 22 19:45:54 2023: Running Dispatch Server
Wed Mar 22 19:45:54 2023: Version 2.2.0
Wed Mar 22 19:46:03 2023: Dispatch Server: Accepted socket connection from client
Wed Mar 22 19:46:03 2023: Starting Socket connection
Wed Mar 22 19:46:03 2023: EXCHANGE_TOKEN received, server token: 612305b3-7a57-4f4a-b6ce-fd7a99d07720, passed token: 612305b3-7a57-4f4a-b6ce-fd7a99d07720
Wed Mar 22 19:46:03 2023: DISPATCH_HANDLER: Adding handler from function makeHandler in library libxv_system_diagram
Wed Mar 22 19:46:03 2023: SESSION_MGR: creating session with session uuid: '3e00d1e2-dbfa-4d31-987d-4fa02c187df2' and name 'krnl_vadd'
Wed Mar 22 19:46:03 2023: KERNEL_SVC: creating session with uuid: '3e00d1e2-dbfa-4d31-987d-4fa02c187df2' and name 'krnl_vadd'
Wed Mar 22 19:46:03 2023: GUIDANCE_SMGR: creating guidance session with uuid: '3e00d1e2-dbfa-4d31-987d-4fa02c187df2' and name 'krnl_vadd'
Wed Mar 22 19:46:03 2023: SYSTEM_DIAGRAM: creating session with uuid: '3e00d1e2-dbfa-4d31-987d-4fa02c187df2' and name 'krnl_vadd'
Wed Mar 22 19:46:10 2023: Dispatch Server: Accepted socket connection from client
Wed Mar 22 19:46:10 2023: Starting Socket connection
Wed Mar 22 19:46:15 2023: SESSION_MGR: closing session for UUID '3e00d1e2-dbfa-4d31-987d-4fa02c187df2' with name 'krnl_vadd'
Wed Mar 22 19:46:15 2023: KERNEL_SVC: closing session for UUID '3e00d1e2-dbfa-4d31-987d-4fa02c187df2' with name 'krnl_vadd'
Wed Mar 22 19:46:15 2023: GUIDANCE_SMGR: closing session for UUID '3e00d1e2-dbfa-4d31-987d-4fa02c187df2' with name 'krnl_vadd'
Wed Mar 22 19:46:15 2023: SYSTEM_DIAGRAM: closing session for UUID '3e00d1e2-dbfa-4d31-987d-4fa02c187df2' with name 'krnl_vadd'
Wed Mar 22 19:46:15 2023: STOP_SERVER received, server token: 612305b3-7a57-4f4a-b6ce-fd7a99d07720, passed token: 612305b3-7a57-4f4a-b6ce-fd7a99d07720
Wed Mar 22 19:46:15 2023: Socket received request to stop server.
Wed Mar 22 19:46:15 2023: Dispatch Server: do_await_stop
Wed Mar 22 19:46:15 2023: Dispatch Server: stopping mainFifo_
Wed Mar 22 19:46:15 2023: XCD main fifo: Stopping
Wed Mar 22 19:46:15 2023: XCD main fifo: do_read error code: Operation canceled
Wed Mar 22 19:46:15 2023: XCD main fifo: bytes_transferred: 0
Wed Mar 22 19:46:15 2023: SERVER: destructor for server bound to port 39753
Wed Mar 22 19:46:15 2023: XCD main fifo: Good unlink of /tmp/xcdmain612305b3-7a57-4f4a-b6ce-fd7a99d07720
Wed Mar 22 19:46:15 2023: Server exiting with status 0.
Wed Mar 22 19:46:15 2023: Closing log file.
Wed Mar 22 19:55:22 2023: Running xcd server. This server was built by gradle.
Wed Mar 22 19:55:22 2023: Server was asked to start on port: '34243'
Wed Mar 22 19:55:22 2023: Server is using token UUID: '55f22cb8-a7c9-4026-b4b4-83637349ce8f'
Wed Mar 22 19:55:22 2023: SESSION_MGR: creating session with session uuid: '6d04a3e9-ade5-4ab9-8d63-1f78fcd2ec76' and name 'default'
Wed Mar 22 19:55:22 2023: Attempting to start server on port '34243'
Wed Mar 22 19:55:22 2023: XCD main fifo: created main fifo '/tmp/xcdmain55f22cb8-a7c9-4026-b4b4-83637349ce8f', fd read = 14
Wed Mar 22 19:55:22 2023: Running Dispatch Server
Wed Mar 22 19:55:22 2023: Version 2.2.0
Wed Mar 22 19:55:31 2023: Dispatch Server: Accepted socket connection from client
Wed Mar 22 19:55:31 2023: Starting Socket connection
Wed Mar 22 19:55:31 2023: EXCHANGE_TOKEN received, server token: 55f22cb8-a7c9-4026-b4b4-83637349ce8f, passed token: 55f22cb8-a7c9-4026-b4b4-83637349ce8f
Wed Mar 22 19:55:31 2023: DISPATCH_HANDLER: Adding handler from function makeHandler in library libxv_system_diagram
Wed Mar 22 19:55:31 2023: SESSION_MGR: creating session with session uuid: 'd567d481-61f8-45a0-b394-afc1360b0ad4' and name 'krnl_vadd'
Wed Mar 22 19:55:31 2023: KERNEL_SVC: creating session with uuid: 'd567d481-61f8-45a0-b394-afc1360b0ad4' and name 'krnl_vadd'
Wed Mar 22 19:55:31 2023: GUIDANCE_SMGR: creating guidance session with uuid: 'd567d481-61f8-45a0-b394-afc1360b0ad4' and name 'krnl_vadd'
Wed Mar 22 19:55:31 2023: SYSTEM_DIAGRAM: creating session with uuid: 'd567d481-61f8-45a0-b394-afc1360b0ad4' and name 'krnl_vadd'
Wed Mar 22 19:55:39 2023: Dispatch Server: Accepted socket connection from client
Wed Mar 22 19:55:39 2023: Starting Socket connection
Wed Mar 22 19:55:43 2023: SESSION_MGR: closing session for UUID 'd567d481-61f8-45a0-b394-afc1360b0ad4' with name 'krnl_vadd'
Wed Mar 22 19:55:43 2023: KERNEL_SVC: closing session for UUID 'd567d481-61f8-45a0-b394-afc1360b0ad4' with name 'krnl_vadd'
Wed Mar 22 19:55:43 2023: GUIDANCE_SMGR: closing session for UUID 'd567d481-61f8-45a0-b394-afc1360b0ad4' with name 'krnl_vadd'
Wed Mar 22 19:55:43 2023: SYSTEM_DIAGRAM: closing session for UUID 'd567d481-61f8-45a0-b394-afc1360b0ad4' with name 'krnl_vadd'
Wed Mar 22 19:55:43 2023: STOP_SERVER received, server token: 55f22cb8-a7c9-4026-b4b4-83637349ce8f, passed token: 55f22cb8-a7c9-4026-b4b4-83637349ce8f
Wed Mar 22 19:55:43 2023: Socket received request to stop server.
Wed Mar 22 19:55:43 2023: Dispatch Server: do_await_stop
Wed Mar 22 19:55:43 2023: Dispatch Server: stopping mainFifo_
Wed Mar 22 19:55:43 2023: XCD main fifo: Stopping
Wed Mar 22 19:55:43 2023: XCD main fifo: do_read error code: Operation canceled
Wed Mar 22 19:55:43 2023: XCD main fifo: bytes_transferred: 0
Wed Mar 22 19:55:43 2023: SERVER: destructor for server bound to port 34243
Wed Mar 22 19:55:43 2023: XCD main fifo: Good unlink of /tmp/xcdmain55f22cb8-a7c9-4026-b4b4-83637349ce8f
Wed Mar 22 19:55:43 2023: Server exiting with status 0.
Wed Mar 22 19:55:43 2023: Closing log file.
Wed Mar 22 20:01:36 2023: Running xcd server. This server was built by gradle.
Wed Mar 22 20:01:36 2023: Server was asked to start on port: '35989'
Wed Mar 22 20:01:36 2023: Server is using token UUID: 'bbf8046d-ac1a-4b68-b45d-6e54234afb40'
Wed Mar 22 20:01:36 2023: SESSION_MGR: creating session with session uuid: '6d04a3e9-ade5-4ab9-8d63-1f78fcd2ec76' and name 'default'
Wed Mar 22 20:01:36 2023: Attempting to start server on port '35989'
Wed Mar 22 20:01:36 2023: XCD main fifo: created main fifo '/tmp/xcdmainbbf8046d-ac1a-4b68-b45d-6e54234afb40', fd read = 14
Wed Mar 22 20:01:36 2023: Running Dispatch Server
Wed Mar 22 20:01:36 2023: Version 2.2.0
Wed Mar 22 20:01:45 2023: Dispatch Server: Accepted socket connection from client
Wed Mar 22 20:01:45 2023: Starting Socket connection
Wed Mar 22 20:01:45 2023: EXCHANGE_TOKEN received, server token: bbf8046d-ac1a-4b68-b45d-6e54234afb40, passed token: bbf8046d-ac1a-4b68-b45d-6e54234afb40
Wed Mar 22 20:01:45 2023: DISPATCH_HANDLER: Adding handler from function makeHandler in library libxv_system_diagram
Wed Mar 22 20:01:45 2023: SESSION_MGR: creating session with session uuid: '465251f7-fbbd-450d-a015-e25da634098e' and name 'krnl_vadd'
Wed Mar 22 20:01:45 2023: KERNEL_SVC: creating session with uuid: '465251f7-fbbd-450d-a015-e25da634098e' and name 'krnl_vadd'
Wed Mar 22 20:01:45 2023: GUIDANCE_SMGR: creating guidance session with uuid: '465251f7-fbbd-450d-a015-e25da634098e' and name 'krnl_vadd'
Wed Mar 22 20:01:45 2023: SYSTEM_DIAGRAM: creating session with uuid: '465251f7-fbbd-450d-a015-e25da634098e' and name 'krnl_vadd'
Wed Mar 22 20:01:54 2023: Dispatch Server: Accepted socket connection from client
Wed Mar 22 20:01:54 2023: Starting Socket connection
Wed Mar 22 20:01:59 2023: SESSION_MGR: closing session for UUID '465251f7-fbbd-450d-a015-e25da634098e' with name 'krnl_vadd'
Wed Mar 22 20:01:59 2023: KERNEL_SVC: closing session for UUID '465251f7-fbbd-450d-a015-e25da634098e' with name 'krnl_vadd'
Wed Mar 22 20:01:59 2023: GUIDANCE_SMGR: closing session for UUID '465251f7-fbbd-450d-a015-e25da634098e' with name 'krnl_vadd'
Wed Mar 22 20:01:59 2023: SYSTEM_DIAGRAM: closing session for UUID '465251f7-fbbd-450d-a015-e25da634098e' with name 'krnl_vadd'
Wed Mar 22 20:02:00 2023: STOP_SERVER received, server token: bbf8046d-ac1a-4b68-b45d-6e54234afb40, passed token: bbf8046d-ac1a-4b68-b45d-6e54234afb40
Wed Mar 22 20:02:00 2023: Socket received request to stop server.
Wed Mar 22 20:02:00 2023: Dispatch Server: do_await_stop
Wed Mar 22 20:02:00 2023: Dispatch Server: stopping mainFifo_
Wed Mar 22 20:02:00 2023: XCD main fifo: Stopping
Wed Mar 22 20:02:00 2023: XCD main fifo: do_read error code: Operation canceled
Wed Mar 22 20:02:00 2023: XCD main fifo: bytes_transferred: 0
Wed Mar 22 20:02:00 2023: SERVER: destructor for server bound to port 35989
Wed Mar 22 20:02:00 2023: XCD main fifo: Good unlink of /tmp/xcdmainbbf8046d-ac1a-4b68-b45d-6e54234afb40
Wed Mar 22 20:02:00 2023: Server exiting with status 0.
Wed Mar 22 20:02:00 2023: Closing log file.
Thu Mar 23 18:10:45 2023: Running xcd server. This server was built by gradle.
Thu Mar 23 18:10:45 2023: Server was asked to start on port: '37317'
Thu Mar 23 18:10:45 2023: Server is using token UUID: 'bd25881a-c632-4219-8dce-9e0e0ce889d6'
Thu Mar 23 18:10:45 2023: SESSION_MGR: creating session with session uuid: '6d04a3e9-ade5-4ab9-8d63-1f78fcd2ec76' and name 'default'
Thu Mar 23 18:10:45 2023: Attempting to start server on port '37317'
Thu Mar 23 18:10:45 2023: XCD main fifo: created main fifo '/tmp/xcdmainbd25881a-c632-4219-8dce-9e0e0ce889d6', fd read = 13
Thu Mar 23 18:10:45 2023: Running Dispatch Server
Thu Mar 23 18:10:45 2023: Version 2.2.0
Thu Mar 23 18:10:54 2023: Dispatch Server: Accepted socket connection from client
Thu Mar 23 18:10:54 2023: Starting Socket connection
Thu Mar 23 18:10:54 2023: EXCHANGE_TOKEN received, server token: bd25881a-c632-4219-8dce-9e0e0ce889d6, passed token: bd25881a-c632-4219-8dce-9e0e0ce889d6
Thu Mar 23 18:10:54 2023: DISPATCH_HANDLER: Adding handler from function makeHandler in library libxv_system_diagram
Thu Mar 23 18:10:54 2023: SESSION_MGR: creating session with session uuid: '8eed3131-fa0b-4026-a0e9-e064e45299df' and name 'krnl_vadd'
Thu Mar 23 18:10:54 2023: KERNEL_SVC: creating session with uuid: '8eed3131-fa0b-4026-a0e9-e064e45299df' and name 'krnl_vadd'
Thu Mar 23 18:10:54 2023: GUIDANCE_SMGR: creating guidance session with uuid: '8eed3131-fa0b-4026-a0e9-e064e45299df' and name 'krnl_vadd'
Thu Mar 23 18:10:54 2023: SYSTEM_DIAGRAM: creating session with uuid: '8eed3131-fa0b-4026-a0e9-e064e45299df' and name 'krnl_vadd'
Thu Mar 23 18:11:02 2023: Dispatch Server: Accepted socket connection from client
Thu Mar 23 18:11:02 2023: Starting Socket connection
Thu Mar 23 18:11:11 2023: SESSION_MGR: closing session for UUID '8eed3131-fa0b-4026-a0e9-e064e45299df' with name 'krnl_vadd'
Thu Mar 23 18:11:11 2023: KERNEL_SVC: closing session for UUID '8eed3131-fa0b-4026-a0e9-e064e45299df' with name 'krnl_vadd'
Thu Mar 23 18:11:11 2023: GUIDANCE_SMGR: closing session for UUID '8eed3131-fa0b-4026-a0e9-e064e45299df' with name 'krnl_vadd'
Thu Mar 23 18:11:11 2023: SYSTEM_DIAGRAM: closing session for UUID '8eed3131-fa0b-4026-a0e9-e064e45299df' with name 'krnl_vadd'
Thu Mar 23 18:11:11 2023: STOP_SERVER received, server token: bd25881a-c632-4219-8dce-9e0e0ce889d6, passed token: bd25881a-c632-4219-8dce-9e0e0ce889d6
Thu Mar 23 18:11:11 2023: Socket received request to stop server.
Thu Mar 23 18:11:11 2023: Dispatch Server: do_await_stop
Thu Mar 23 18:11:11 2023: Dispatch Server: stopping mainFifo_
Thu Mar 23 18:11:11 2023: XCD main fifo: Stopping
Thu Mar 23 18:11:11 2023: XCD main fifo: do_read error code: Operation canceled
Thu Mar 23 18:11:11 2023: XCD main fifo: bytes_transferred: 0
Thu Mar 23 18:11:11 2023: SERVER: destructor for server bound to port 37317
Thu Mar 23 18:11:11 2023: XCD main fifo: Good unlink of /tmp/xcdmainbd25881a-c632-4219-8dce-9e0e0ce889d6
Thu Mar 23 18:11:11 2023: Server exiting with status 0.
Thu Mar 23 18:11:11 2023: Closing log file.
Thu Mar 23 18:13:33 2023: Running xcd server. This server was built by gradle.
Thu Mar 23 18:13:33 2023: Server was asked to start on port: '41675'
Thu Mar 23 18:13:33 2023: Server is using token UUID: '8e350dec-ec50-4ae4-aa17-ee4cf9e6439f'
Thu Mar 23 18:13:33 2023: SESSION_MGR: creating session with session uuid: '6d04a3e9-ade5-4ab9-8d63-1f78fcd2ec76' and name 'default'
Thu Mar 23 18:13:33 2023: Attempting to start server on port '41675'
Thu Mar 23 18:13:33 2023: XCD main fifo: created main fifo '/tmp/xcdmain8e350dec-ec50-4ae4-aa17-ee4cf9e6439f', fd read = 14
Thu Mar 23 18:13:33 2023: Running Dispatch Server
Thu Mar 23 18:13:33 2023: Version 2.2.0
Thu Mar 23 18:13:42 2023: Dispatch Server: Accepted socket connection from client
Thu Mar 23 18:13:42 2023: Starting Socket connection
Thu Mar 23 18:13:42 2023: EXCHANGE_TOKEN received, server token: 8e350dec-ec50-4ae4-aa17-ee4cf9e6439f, passed token: 8e350dec-ec50-4ae4-aa17-ee4cf9e6439f
Thu Mar 23 18:13:42 2023: DISPATCH_HANDLER: Adding handler from function makeHandler in library libxv_system_diagram
Thu Mar 23 18:13:42 2023: SESSION_MGR: creating session with session uuid: 'a277d957-e1ac-4fea-9f2d-0b64ec53b91e' and name 'krnl_vadd'
Thu Mar 23 18:13:42 2023: KERNEL_SVC: creating session with uuid: 'a277d957-e1ac-4fea-9f2d-0b64ec53b91e' and name 'krnl_vadd'
Thu Mar 23 18:13:42 2023: GUIDANCE_SMGR: creating guidance session with uuid: 'a277d957-e1ac-4fea-9f2d-0b64ec53b91e' and name 'krnl_vadd'
Thu Mar 23 18:13:42 2023: SYSTEM_DIAGRAM: creating session with uuid: 'a277d957-e1ac-4fea-9f2d-0b64ec53b91e' and name 'krnl_vadd'
Thu Mar 23 18:13:48 2023: Dispatch Server: Accepted socket connection from client
Thu Mar 23 18:13:48 2023: Starting Socket connection
Thu Mar 23 18:13:52 2023: SESSION_MGR: closing session for UUID 'a277d957-e1ac-4fea-9f2d-0b64ec53b91e' with name 'krnl_vadd'
Thu Mar 23 18:13:52 2023: KERNEL_SVC: closing session for UUID 'a277d957-e1ac-4fea-9f2d-0b64ec53b91e' with name 'krnl_vadd'
Thu Mar 23 18:13:52 2023: GUIDANCE_SMGR: closing session for UUID 'a277d957-e1ac-4fea-9f2d-0b64ec53b91e' with name 'krnl_vadd'
Thu Mar 23 18:13:52 2023: SYSTEM_DIAGRAM: closing session for UUID 'a277d957-e1ac-4fea-9f2d-0b64ec53b91e' with name 'krnl_vadd'
Thu Mar 23 18:13:52 2023: STOP_SERVER received, server token: 8e350dec-ec50-4ae4-aa17-ee4cf9e6439f, passed token: 8e350dec-ec50-4ae4-aa17-ee4cf9e6439f
Thu Mar 23 18:13:52 2023: Socket received request to stop server.
Thu Mar 23 18:13:52 2023: Dispatch Server: do_await_stop
Thu Mar 23 18:13:52 2023: Dispatch Server: stopping mainFifo_
Thu Mar 23 18:13:52 2023: XCD main fifo: Stopping
Thu Mar 23 18:13:52 2023: XCD main fifo: do_read error code: Operation canceled
Thu Mar 23 18:13:52 2023: XCD main fifo: bytes_transferred: 0
Thu Mar 23 18:13:52 2023: SERVER: destructor for server bound to port 41675
Thu Mar 23 18:13:52 2023: XCD main fifo: Good unlink of /tmp/xcdmain8e350dec-ec50-4ae4-aa17-ee4cf9e6439f
Thu Mar 23 18:13:52 2023: Server exiting with status 0.
Thu Mar 23 18:13:52 2023: Closing log file.
Thu Mar 23 18:18:59 2023: Running xcd server. This server was built by gradle.
Thu Mar 23 18:18:59 2023: Server was asked to start on port: '36685'
Thu Mar 23 18:18:59 2023: Server is using token UUID: 'ddd20b2a-a262-4fb4-8910-e031198ebd15'
Thu Mar 23 18:18:59 2023: SESSION_MGR: creating session with session uuid: '6d04a3e9-ade5-4ab9-8d63-1f78fcd2ec76' and name 'default'
Thu Mar 23 18:18:59 2023: Attempting to start server on port '36685'
Thu Mar 23 18:18:59 2023: XCD main fifo: created main fifo '/tmp/xcdmainddd20b2a-a262-4fb4-8910-e031198ebd15', fd read = 14
Thu Mar 23 18:18:59 2023: Running Dispatch Server
Thu Mar 23 18:18:59 2023: Version 2.2.0
Thu Mar 23 18:19:08 2023: Dispatch Server: Accepted socket connection from client
Thu Mar 23 18:19:08 2023: Starting Socket connection
Thu Mar 23 18:19:08 2023: EXCHANGE_TOKEN received, server token: ddd20b2a-a262-4fb4-8910-e031198ebd15, passed token: ddd20b2a-a262-4fb4-8910-e031198ebd15
Thu Mar 23 18:19:08 2023: DISPATCH_HANDLER: Adding handler from function makeHandler in library libxv_system_diagram
Thu Mar 23 18:19:08 2023: SESSION_MGR: creating session with session uuid: 'f3e57cf6-65ae-4c77-9c49-8ac477943b5d' and name 'krnl_vadd'
Thu Mar 23 18:19:08 2023: KERNEL_SVC: creating session with uuid: 'f3e57cf6-65ae-4c77-9c49-8ac477943b5d' and name 'krnl_vadd'
Thu Mar 23 18:19:08 2023: GUIDANCE_SMGR: creating guidance session with uuid: 'f3e57cf6-65ae-4c77-9c49-8ac477943b5d' and name 'krnl_vadd'
Thu Mar 23 18:19:08 2023: SYSTEM_DIAGRAM: creating session with uuid: 'f3e57cf6-65ae-4c77-9c49-8ac477943b5d' and name 'krnl_vadd'
Thu Mar 23 18:19:15 2023: Dispatch Server: Accepted socket connection from client
Thu Mar 23 18:19:15 2023: Starting Socket connection
Thu Mar 23 18:19:18 2023: SESSION_MGR: closing session for UUID 'f3e57cf6-65ae-4c77-9c49-8ac477943b5d' with name 'krnl_vadd'
Thu Mar 23 18:19:18 2023: KERNEL_SVC: closing session for UUID 'f3e57cf6-65ae-4c77-9c49-8ac477943b5d' with name 'krnl_vadd'
Thu Mar 23 18:19:18 2023: GUIDANCE_SMGR: closing session for UUID 'f3e57cf6-65ae-4c77-9c49-8ac477943b5d' with name 'krnl_vadd'
Thu Mar 23 18:19:18 2023: SYSTEM_DIAGRAM: closing session for UUID 'f3e57cf6-65ae-4c77-9c49-8ac477943b5d' with name 'krnl_vadd'
Thu Mar 23 18:19:18 2023: STOP_SERVER received, server token: ddd20b2a-a262-4fb4-8910-e031198ebd15, passed token: ddd20b2a-a262-4fb4-8910-e031198ebd15
Thu Mar 23 18:19:18 2023: Socket received request to stop server.
Thu Mar 23 18:19:18 2023: Dispatch Server: do_await_stop
Thu Mar 23 18:19:18 2023: Dispatch Server: stopping mainFifo_
Thu Mar 23 18:19:18 2023: XCD main fifo: Stopping
Thu Mar 23 18:19:18 2023: XCD main fifo: do_read error code: Operation canceled
Thu Mar 23 18:19:18 2023: XCD main fifo: bytes_transferred: 0
Thu Mar 23 18:19:18 2023: SERVER: destructor for server bound to port 36685
Thu Mar 23 18:19:18 2023: XCD main fifo: Good unlink of /tmp/xcdmainddd20b2a-a262-4fb4-8910-e031198ebd15
Thu Mar 23 18:19:18 2023: Server exiting with status 0.
Thu Mar 23 18:19:18 2023: Closing log file.
Thu Mar 23 18:39:20 2023: Running xcd server. This server was built by gradle.
Thu Mar 23 18:39:20 2023: Server was asked to start on port: '41487'
Thu Mar 23 18:39:20 2023: Server is using token UUID: 'b047359b-e7d7-4140-b2d5-0a36229f9366'
Thu Mar 23 18:39:20 2023: SESSION_MGR: creating session with session uuid: '6d04a3e9-ade5-4ab9-8d63-1f78fcd2ec76' and name 'default'
Thu Mar 23 18:39:20 2023: Attempting to start server on port '41487'
Thu Mar 23 18:39:20 2023: XCD main fifo: created main fifo '/tmp/xcdmainb047359b-e7d7-4140-b2d5-0a36229f9366', fd read = 14
Thu Mar 23 18:39:20 2023: Running Dispatch Server
Thu Mar 23 18:39:20 2023: Version 2.2.0
Thu Mar 23 18:39:29 2023: Dispatch Server: Accepted socket connection from client
Thu Mar 23 18:39:29 2023: Starting Socket connection
Thu Mar 23 18:39:29 2023: EXCHANGE_TOKEN received, server token: b047359b-e7d7-4140-b2d5-0a36229f9366, passed token: b047359b-e7d7-4140-b2d5-0a36229f9366
Thu Mar 23 18:39:29 2023: DISPATCH_HANDLER: Adding handler from function makeHandler in library libxv_system_diagram
Thu Mar 23 18:39:29 2023: SESSION_MGR: creating session with session uuid: 'a976ea0d-ef2c-4ecd-98be-1e307703357a' and name 'krnl_vadd'
Thu Mar 23 18:39:29 2023: KERNEL_SVC: creating session with uuid: 'a976ea0d-ef2c-4ecd-98be-1e307703357a' and name 'krnl_vadd'
Thu Mar 23 18:39:29 2023: GUIDANCE_SMGR: creating guidance session with uuid: 'a976ea0d-ef2c-4ecd-98be-1e307703357a' and name 'krnl_vadd'
Thu Mar 23 18:39:29 2023: SYSTEM_DIAGRAM: creating session with uuid: 'a976ea0d-ef2c-4ecd-98be-1e307703357a' and name 'krnl_vadd'
Thu Mar 23 18:39:36 2023: Dispatch Server: Accepted socket connection from client
Thu Mar 23 18:39:36 2023: Starting Socket connection
Thu Mar 23 18:39:40 2023: SESSION_MGR: closing session for UUID 'a976ea0d-ef2c-4ecd-98be-1e307703357a' with name 'krnl_vadd'
Thu Mar 23 18:39:40 2023: KERNEL_SVC: closing session for UUID 'a976ea0d-ef2c-4ecd-98be-1e307703357a' with name 'krnl_vadd'
Thu Mar 23 18:39:40 2023: GUIDANCE_SMGR: closing session for UUID 'a976ea0d-ef2c-4ecd-98be-1e307703357a' with name 'krnl_vadd'
Thu Mar 23 18:39:40 2023: SYSTEM_DIAGRAM: closing session for UUID 'a976ea0d-ef2c-4ecd-98be-1e307703357a' with name 'krnl_vadd'
Thu Mar 23 18:39:40 2023: STOP_SERVER received, server token: b047359b-e7d7-4140-b2d5-0a36229f9366, passed token: b047359b-e7d7-4140-b2d5-0a36229f9366
Thu Mar 23 18:39:40 2023: Socket received request to stop server.
Thu Mar 23 18:39:40 2023: Dispatch Server: do_await_stop
Thu Mar 23 18:39:40 2023: Dispatch Server: stopping mainFifo_
Thu Mar 23 18:39:40 2023: XCD main fifo: Stopping
Thu Mar 23 18:39:40 2023: XCD main fifo: do_read error code: Operation canceled
Thu Mar 23 18:39:40 2023: XCD main fifo: bytes_transferred: 0
Thu Mar 23 18:39:40 2023: SERVER: destructor for server bound to port 41487
Thu Mar 23 18:39:40 2023: XCD main fifo: Good unlink of /tmp/xcdmainb047359b-e7d7-4140-b2d5-0a36229f9366
Thu Mar 23 18:39:40 2023: Server exiting with status 0.
Thu Mar 23 18:39:40 2023: Closing log file.
