#-----------------------------------------------------------
# Vivado v2022.2 (64-bit)
# SW Build 3671981 on Fri Oct 14 04:59:54 MDT 2022
# IP Build 3669848 on Fri Oct 14 08:30:02 MDT 2022
# Start of session at: Thu Apr 13 18:34:19 2023
# Process ID: 8367
# Current directory: /home/pablo1318/workspace/prueba2vectores_kernels/vivado_rtl_kernel
# Command line: vivado -mode batch -source /tmp/vivado.8757499325317977181.tmp -notrace
# Log file: /home/pablo1318/workspace/prueba2vectores_kernels/vivado_rtl_kernel/vivado.log
# Journal file: /home/pablo1318/workspace/prueba2vectores_kernels/vivado_rtl_kernel/vivado.jou
# Running On: pop-os, OS: Linux, CPU Frequency: 3999.989 MHz, CPU Physical cores: 4, Host memory: 16701 MB
#-----------------------------------------------------------
source /tmp/vivado.8757499325317977181.tmp -notrace
Scanning sources...
Finished scanning sources
INFO: [IP_Flow 19-234] Refreshing IP repositories
INFO: [IP_Flow 19-1704] No user IP repositories specified
INFO: [IP_Flow 19-2313] Loaded Vivado IP repository '/media/pablo1318/hddLinux/XILINX/Vivado/2022.2/data/ip'.
open_project: Time (s): cpu = 00:00:05 ; elapsed = 00:00:09 . Memory (MB): peak = 1423.828 ; gain = 147.680 ; free physical = 6362 ; free virtual = 34791
WARNING: [Board 49-26] cannot add Board Part xilinx.com:ac701:part0:1.4 available at /media/pablo1318/hddLinux/XILINX/Vivado/2022.2/data/xhub/boards/XilinxBoardStore/boards/Xilinx/ac701/1.4/board.xml as part xc7a200tfbg676-2 specified in board_part file is either invalid or not available
WARNING: [Board 49-26] cannot add Board Part xilinx.com:k26c:part0:1.2 available at /media/pablo1318/hddLinux/XILINX/Vivado/2022.2/data/xhub/boards/XilinxBoardStore/boards/Xilinx/k26c/1.2/board.xml as part xck26-sfvc784-2lv-c specified in board_part file is either invalid or not available
WARNING: [Board 49-26] cannot add Board Part xilinx.com:k26c:part0:1.3 available at /media/pablo1318/hddLinux/XILINX/Vivado/2022.2/data/xhub/boards/XilinxBoardStore/boards/Xilinx/k26c/1.3/board.xml as part xck26-sfvc784-2lv-c specified in board_part file is either invalid or not available
WARNING: [Board 49-26] cannot add Board Part xilinx.com:k26c:part0:1.4 available at /media/pablo1318/hddLinux/XILINX/Vivado/2022.2/data/xhub/boards/XilinxBoardStore/boards/Xilinx/k26c/1.4/board.xml as part xck26-sfvc784-2lv-c specified in board_part file is either invalid or not available
WARNING: [Board 49-26] cannot add Board Part xilinx.com:k26i:part0:1.2 available at /media/pablo1318/hddLinux/XILINX/Vivado/2022.2/data/xhub/boards/XilinxBoardStore/boards/Xilinx/k26i/1.2/board.xml as part xck26-sfvc784-2lvi-i specified in board_part file is either invalid or not available
WARNING: [Board 49-26] cannot add Board Part xilinx.com:k26i:part0:1.3 available at /media/pablo1318/hddLinux/XILINX/Vivado/2022.2/data/xhub/boards/XilinxBoardStore/boards/Xilinx/k26i/1.3/board.xml as part xck26-sfvc784-2lvi-i specified in board_part file is either invalid or not available
WARNING: [Board 49-26] cannot add Board Part xilinx.com:k26i:part0:1.4 available at /media/pablo1318/hddLinux/XILINX/Vivado/2022.2/data/xhub/boards/XilinxBoardStore/boards/Xilinx/k26i/1.4/board.xml as part xck26-sfvc784-2lvi-i specified in board_part file is either invalid or not available
WARNING: [Board 49-26] cannot add Board Part xilinx.com:kc705:part0:1.6 available at /media/pablo1318/hddLinux/XILINX/Vivado/2022.2/data/xhub/boards/XilinxBoardStore/boards/Xilinx/kc705/1.6/board.xml as part xc7k325tffg900-2 specified in board_part file is either invalid or not available
WARNING: [Board 49-26] cannot add Board Part xilinx.com:kcu105:part0:1.6 available at /media/pablo1318/hddLinux/XILINX/Vivado/2022.2/data/xhub/boards/XilinxBoardStore/boards/Xilinx/kcu105/1.6/board.xml as part xcku040-ffva1156-2-e specified in board_part file is either invalid or not available
WARNING: [Board 49-26] cannot add Board Part xilinx.com:kcu105:part0:1.7 available at /media/pablo1318/hddLinux/XILINX/Vivado/2022.2/data/xhub/boards/XilinxBoardStore/boards/Xilinx/kcu105/1.7/board.xml as part xcku040-ffva1156-2-e specified in board_part file is either invalid or not available
WARNING: [Board 49-26] cannot add Board Part xilinx.com:kcu116:part0:1.4 available at /media/pablo1318/hddLinux/XILINX/Vivado/2022.2/data/xhub/boards/XilinxBoardStore/boards/Xilinx/kcu116/1.4/board.xml as part xcku5p-ffvb676-2-e specified in board_part file is either invalid or not available
WARNING: [Board 49-26] cannot add Board Part xilinx.com:kcu116:part0:1.5 available at /media/pablo1318/hddLinux/XILINX/Vivado/2022.2/data/xhub/boards/XilinxBoardStore/boards/Xilinx/kcu116/1.5/board.xml as part xcku5p-ffvb676-2-e specified in board_part file is either invalid or not available
WARNING: [Board 49-26] cannot add Board Part xilinx.com:kr260_som:part0:1.0 available at /media/pablo1318/hddLinux/XILINX/Vivado/2022.2/data/xhub/boards/XilinxBoardStore/boards/Xilinx/kr260_som/1.0/board.xml as part xck26-sfvc784-2lv-c specified in board_part file is either invalid or not available
WARNING: [Board 49-26] cannot add Board Part xilinx.com:kr260_som:part0:1.1 available at /media/pablo1318/hddLinux/XILINX/Vivado/2022.2/data/xhub/boards/XilinxBoardStore/boards/Xilinx/kr260_som/1.1/board.xml as part xck26-sfvc784-2lv-c specified in board_part file is either invalid or not available
WARNING: [Board 49-26] cannot add Board Part xilinx.com:kv260_som:part0:1.2 available at /media/pablo1318/hddLinux/XILINX/Vivado/2022.2/data/xhub/boards/XilinxBoardStore/boards/Xilinx/kv260_som/1.2/board.xml as part xck26-sfvc784-2lv-c specified in board_part file is either invalid or not available
WARNING: [Board 49-26] cannot add Board Part xilinx.com:kv260_som:part0:1.3 available at /media/pablo1318/hddLinux/XILINX/Vivado/2022.2/data/xhub/boards/XilinxBoardStore/boards/Xilinx/kv260_som/1.3/board.xml as part xck26-sfvc784-2lv-c specified in board_part file is either invalid or not available
WARNING: [Board 49-26] cannot add Board Part xilinx.com:kv260_som:part0:1.4 available at /media/pablo1318/hddLinux/XILINX/Vivado/2022.2/data/xhub/boards/XilinxBoardStore/boards/Xilinx/kv260_som/1.4/board.xml as part xck26-sfvc784-2lv-c specified in board_part file is either invalid or not available
WARNING: [Board 49-26] cannot add Board Part xilinx.com:sp701:part0:1.0 available at /media/pablo1318/hddLinux/XILINX/Vivado/2022.2/data/xhub/boards/XilinxBoardStore/boards/Xilinx/sp701/1.0/board.xml as part xc7s100fgga676-2 specified in board_part file is either invalid or not available
WARNING: [Board 49-26] cannot add Board Part xilinx.com:sp701:part0:1.1 available at /media/pablo1318/hddLinux/XILINX/Vivado/2022.2/data/xhub/boards/XilinxBoardStore/boards/Xilinx/sp701/1.1/board.xml as part xc7s100fgga676-2 specified in board_part file is either invalid or not available
WARNING: [Board 49-26] cannot add Board Part xilinx.com:vc707:part0:1.4 available at /media/pablo1318/hddLinux/XILINX/Vivado/2022.2/data/xhub/boards/XilinxBoardStore/boards/Xilinx/vc707/1.4/board.xml as part xc7vx485tffg1761-2 specified in board_part file is either invalid or not available
WARNING: [Board 49-26] cannot add Board Part xilinx.com:vc709:part0:1.8 available at /media/pablo1318/hddLinux/XILINX/Vivado/2022.2/data/xhub/boards/XilinxBoardStore/boards/Xilinx/vc709/1.8/board.xml as part xc7vx690tffg1761-2 specified in board_part file is either invalid or not available
WARNING: [Board 49-26] cannot add Board Part xilinx.com:vcu108:part0:1.6 available at /media/pablo1318/hddLinux/XILINX/Vivado/2022.2/data/xhub/boards/XilinxBoardStore/boards/Xilinx/vcu108/1.6/board.xml as part xcvu095-ffva2104-2-e specified in board_part file is either invalid or not available
WARNING: [Board 49-26] cannot add Board Part xilinx.com:vcu108:part0:1.7 available at /media/pablo1318/hddLinux/XILINX/Vivado/2022.2/data/xhub/boards/XilinxBoardStore/boards/Xilinx/vcu108/1.7/board.xml as part xcvu095-ffva2104-2-e specified in board_part file is either invalid or not available
WARNING: [Board 49-26] cannot add Board Part xilinx.com:vcu110:part0:1.4 available at /media/pablo1318/hddLinux/XILINX/Vivado/2022.2/data/xhub/boards/XilinxBoardStore/boards/Xilinx/vcu110/1.4/board.xml as part xcvu190-flgc2104-2-e specified in board_part file is either invalid or not available
WARNING: [Board 49-26] cannot add Board Part xilinx.com:vcu128:part0:1.0 available at /media/pablo1318/hddLinux/XILINX/Vivado/2022.2/data/xhub/boards/XilinxBoardStore/boards/Xilinx/vcu128/production/1.0/board.xml as part xcvu37p-fsvh2892-2l-e specified in board_part file is either invalid or not available
WARNING: [Board 49-26] cannot add Board Part xilinx.com:vcu129:part0:1.0 available at /media/pablo1318/hddLinux/XILINX/Vivado/2022.2/data/xhub/boards/XilinxBoardStore/boards/Xilinx/vcu129/production/1.0/board.xml as part xcvu29p-fsga2577-2l-e specified in board_part file is either invalid or not available
WARNING: [Board 49-26] cannot add Board Part xilinx.com:vek280_es:part0:1.0 available at /media/pablo1318/hddLinux/XILINX/Vivado/2022.2/data/xhub/boards/XilinxBoardStore/boards/Xilinx/vek280/es/1.0/board.xml as part xcve2802-vsvh1760-2lp-e-s-es1 specified in board_part file is either invalid or not available
WARNING: [Board 49-26] cannot add Board Part xilinx.com:vermeo_t1_mpsoc:part0:1.0 available at /media/pablo1318/hddLinux/XILINX/Vivado/2022.2/data/xhub/boards/XilinxBoardStore/boards/Xilinx/vermeo_t1_mpsoc/1.0/board.xml as part xczu19eg-ffvd1760-2l-e specified in board_part file is either invalid or not available
WARNING: [Board 49-26] cannot add Board Part xilinx.com:vermeo_t1_rfsoc:part0:1.0 available at /media/pablo1318/hddLinux/XILINX/Vivado/2022.2/data/xhub/boards/XilinxBoardStore/boards/Xilinx/vermeo_t1_rfsoc/1.0/board.xml as part xczu21dr-ffvd1156-2l-e specified in board_part file is either invalid or not available
WARNING: [Board 49-26] cannot add Board Part xilinx.com:vhk158_es:part0:1.0 available at /media/pablo1318/hddLinux/XILINX/Vivado/2022.2/data/xhub/boards/XilinxBoardStore/boards/Xilinx/vhk158/es/1.0/board.xml as part xcvh1582-vsva3697-2mp-e-s-es1 specified in board_part file is either invalid or not available
WARNING: [Board 49-26] cannot add Board Part xilinx.com:vmk180:part0:2.2 available at /media/pablo1318/hddLinux/XILINX/Vivado/2022.2/data/xhub/boards/XilinxBoardStore/boards/Xilinx/vmk180/production/2.2/board.xml as part xcvm1802-vsva2197-2mp-e-s specified in board_part file is either invalid or not available
WARNING: [Board 49-26] cannot add Board Part xilinx.com:vmk180:part0:3.0 available at /media/pablo1318/hddLinux/XILINX/Vivado/2022.2/data/xhub/boards/XilinxBoardStore/boards/Xilinx/vmk180/production/3.0/board.xml as part xcvm1802-vsva2197-2mp-e-s specified in board_part file is either invalid or not available
WARNING: [Board 49-26] cannot add Board Part xilinx.com:vmk180:part0:3.1 available at /media/pablo1318/hddLinux/XILINX/Vivado/2022.2/data/xhub/boards/XilinxBoardStore/boards/Xilinx/vmk180/production/3.1/board.xml as part xcvm1802-vsva2197-2mp-e-s specified in board_part file is either invalid or not available
WARNING: [Board 49-26] cannot add Board Part xilinx.com:vmk180_newl:part0:1.0 available at /media/pablo1318/hddLinux/XILINX/Vivado/2022.2/data/xhub/boards/XilinxBoardStore/boards/Xilinx/vmk180_newl/production/1.0/board.xml as part xcvm1802-vsva2197-2mp-e-s specified in board_part file is either invalid or not available
WARNING: [Board 49-26] cannot add Board Part xilinx.com:vpk120:part0:1.0 available at /media/pablo1318/hddLinux/XILINX/Vivado/2022.2/data/xhub/boards/XilinxBoardStore/boards/Xilinx/vpk120/production/1.0/board.xml as part xcvp1202-vsva2785-2mp-e-s specified in board_part file is either invalid or not available
WARNING: [Board 49-26] cannot add Board Part xilinx.com:vpk120_es:part0:1.2 available at /media/pablo1318/hddLinux/XILINX/Vivado/2022.2/data/xhub/boards/XilinxBoardStore/boards/Xilinx/vpk120/es/1.2/board.xml as part xcvp1202-vsva2785-2mp-e-s-es1 specified in board_part file is either invalid or not available
WARNING: [Board 49-26] cannot add Board Part xilinx.com:vpk120_es_revb:part0:1.0 available at /media/pablo1318/hddLinux/XILINX/Vivado/2022.2/data/xhub/boards/XilinxBoardStore/boards/Xilinx/vpk120_revb/es/1.0/board.xml as part xcvp1202-vsva2785-2mp-e-s-es1 specified in board_part file is either invalid or not available
WARNING: [Board 49-26] cannot add Board Part xilinx.com:vpk180_es:part0:1.0 available at /media/pablo1318/hddLinux/XILINX/Vivado/2022.2/data/xhub/boards/XilinxBoardStore/boards/Xilinx/vpk180/es/1.0/board.xml as part xcvp1802-lsvc4072-2mp-e-s-es1 specified in board_part file is either invalid or not available
WARNING: [Board 49-26] cannot add Board Part xilinx.com:zcu111:part0:1.2 available at /media/pablo1318/hddLinux/XILINX/Vivado/2022.2/data/xhub/boards/XilinxBoardStore/boards/Xilinx/zcu111/1.2/board.xml as part xczu28dr-ffvg1517-2-e specified in board_part file is either invalid or not available
WARNING: [Board 49-26] cannot add Board Part xilinx.com:zcu111:part0:1.3 available at /media/pablo1318/hddLinux/XILINX/Vivado/2022.2/data/xhub/boards/XilinxBoardStore/boards/Xilinx/zcu111/1.3/board.xml as part xczu28dr-ffvg1517-2-e specified in board_part file is either invalid or not available
WARNING: [Board 49-26] cannot add Board Part xilinx.com:zcu111:part0:1.4 available at /media/pablo1318/hddLinux/XILINX/Vivado/2022.2/data/xhub/boards/XilinxBoardStore/boards/Xilinx/zcu111/1.4/board.xml as part xczu28dr-ffvg1517-2-e specified in board_part file is either invalid or not available
WARNING: [Board 49-26] cannot add Board Part xilinx.com:zcu1275:part0:1.0 available at /media/pablo1318/hddLinux/XILINX/Vivado/2022.2/data/xhub/boards/XilinxBoardStore/boards/Xilinx/zcu1275/1.0/board.xml as part xczu29dr-ffvf1760-2-e specified in board_part file is either invalid or not available
WARNING: [Board 49-26] cannot add Board Part xilinx.com:zcu1285:part0:1.0 available at /media/pablo1318/hddLinux/XILINX/Vivado/2022.2/data/xhub/boards/XilinxBoardStore/boards/Xilinx/zcu1285/1.0/board.xml as part xczu39dr-ffvf1760-2-i specified in board_part file is either invalid or not available
WARNING: [Board 49-26] cannot add Board Part xilinx.com:zcu208:part0:2.0 available at /media/pablo1318/hddLinux/XILINX/Vivado/2022.2/data/xhub/boards/XilinxBoardStore/boards/Xilinx/zcu208/production/2.0/board.xml as part xczu48dr-fsvg1517-2-e specified in board_part file is either invalid or not available
WARNING: [Board 49-26] cannot add Board Part xilinx.com:zcu208ld:part0:2.0 available at /media/pablo1318/hddLinux/XILINX/Vivado/2022.2/data/xhub/boards/XilinxBoardStore/boards/Xilinx/zcu208ld/production/2.0/board.xml as part xczu58dr-fsvg1517-2-i specified in board_part file is either invalid or not available
WARNING: [Board 49-26] cannot add Board Part xilinx.com:zcu216:part0:2.0 available at /media/pablo1318/hddLinux/XILINX/Vivado/2022.2/data/xhub/boards/XilinxBoardStore/boards/Xilinx/zcu216/production/2.0/board.xml as part xczu49dr-ffvf1760-2-e specified in board_part file is either invalid or not available
WARNING: [Board 49-26] cannot add Board Part xilinx.com:zcu216ld:part0:2.0 available at /media/pablo1318/hddLinux/XILINX/Vivado/2022.2/data/xhub/boards/XilinxBoardStore/boards/Xilinx/zcu216ld/production/2.0/board.xml as part xczu59dr-ffvf1760-2-i specified in board_part file is either invalid or not available
WARNING: [Board 49-26] cannot add Board Part xilinx.com:zcu670:part0:2.0 available at /media/pablo1318/hddLinux/XILINX/Vivado/2022.2/data/xhub/boards/XilinxBoardStore/boards/Xilinx/zcu670/2.0/board.xml as part xczu67dr-fsve1156-2-i specified in board_part file is either invalid or not available
WARNING: [Board 49-26] cannot add Board Part xilinx.com:zcu670ld:part0:1.0 available at /media/pablo1318/hddLinux/XILINX/Vivado/2022.2/data/xhub/boards/XilinxBoardStore/boards/Xilinx/zcu670ld/1.0/board.xml as part xczu57dr-fsve1156-2-i specified in board_part file is either invalid or not available
INFO: [Common 17-365] Interrupt caught but 'source' cannot be canceled. Please wait for command to finish.
INFO: [Common 17-681] Processing pending cancel.
ERROR: [Ipptcl 7-31] Invalid table 'SCALAR_TABLE'.
ERROR: [Common 17-39] 'get_tablespec' failed due to earlier errors.
ERROR: [IP_Flow 19-3554] GUI update of parameter PARAM_VALUE.NUM_INPUT_ARGS failed.ERROR: [Common 17-39] 'get_tablespec' failed due to earlier errors.

ERROR: [Ipptcl 7-31] Invalid table 'GLOBAL_MEMORY_TABLE'.
ERROR: [Common 17-39] 'get_tablespec' failed due to earlier errors.
ERROR: [IP_Flow 19-3554] GUI update of parameter PARAM_VALUE.NUM_M_AXI failed.ERROR: [Common 17-39] 'get_tablespec' failed due to earlier errors.

ERROR: [Ipptcl 7-31] Invalid table 'MEMORY_ARGS_TABLE'.
ERROR: [Common 17-39] 'get_tablespec' failed due to earlier errors.
ERROR: [IP_Flow 19-3554] GUI update of parameter PARAM_VALUE.M00_AXI_NUM_ARGS failed.ERROR: [Common 17-39] 'get_tablespec' failed due to earlier errors.

ERROR: [Ipptcl 7-31] Invalid table 'MEMORY_ARGS_TABLE'.
ERROR: [Common 17-39] 'get_tablespec' failed due to earlier errors.
ERROR: [IP_Flow 19-3554] GUI update of parameter PARAM_VALUE.M01_AXI_NUM_ARGS failed.ERROR: [Common 17-39] 'get_tablespec' failed due to earlier errors.

ERROR: [Ipptcl 7-31] Invalid table 'MEMORY_ARGS_TABLE'.
ERROR: [Common 17-39] 'get_tablespec' failed due to earlier errors.
ERROR: [IP_Flow 19-3554] GUI update of parameter PARAM_VALUE.M02_AXI_NUM_ARGS failed.ERROR: [Common 17-39] 'get_tablespec' failed due to earlier errors.

ERROR: [Ipptcl 7-31] Invalid table 'MEMORY_ARGS_TABLE'.
ERROR: [Common 17-39] 'get_tablespec' failed due to earlier errors.
ERROR: [IP_Flow 19-3554] GUI update of parameter PARAM_VALUE.M03_AXI_NUM_ARGS failed.ERROR: [Common 17-39] 'get_tablespec' failed due to earlier errors.

ERROR: [Ipptcl 7-31] Invalid table 'MEMORY_ARGS_TABLE'.
ERROR: [Common 17-39] 'get_tablespec' failed due to earlier errors.
ERROR: [IP_Flow 19-3554] GUI update of parameter PARAM_VALUE.M04_AXI_NUM_ARGS failed.ERROR: [Common 17-39] 'get_tablespec' failed due to earlier errors.

ERROR: [Ipptcl 7-31] Invalid table 'MEMORY_ARGS_TABLE'.
ERROR: [Common 17-39] 'get_tablespec' failed due to earlier errors.
ERROR: [IP_Flow 19-3554] GUI update of parameter PARAM_VALUE.M05_AXI_NUM_ARGS failed.ERROR: [Common 17-39] 'get_tablespec' failed due to earlier errors.

ERROR: [Ipptcl 7-31] Invalid table 'MEMORY_ARGS_TABLE'.
ERROR: [Common 17-39] 'get_tablespec' failed due to earlier errors.
ERROR: [IP_Flow 19-3554] GUI update of parameter PARAM_VALUE.M06_AXI_NUM_ARGS failed.ERROR: [Common 17-39] 'get_tablespec' failed due to earlier errors.

ERROR: [Ipptcl 7-31] Invalid table 'MEMORY_ARGS_TABLE'.
ERROR: [Common 17-39] 'get_tablespec' failed due to earlier errors.
ERROR: [IP_Flow 19-3554] GUI update of parameter PARAM_VALUE.M07_AXI_NUM_ARGS failed.ERROR: [Common 17-39] 'get_tablespec' failed due to earlier errors.

ERROR: [Ipptcl 7-31] Invalid table 'MEMORY_ARGS_TABLE'.
ERROR: [Common 17-39] 'get_tablespec' failed due to earlier errors.
ERROR: [IP_Flow 19-3554] GUI update of parameter PARAM_VALUE.M08_AXI_NUM_ARGS failed.ERROR: [Common 17-39] 'get_tablespec' failed due to earlier errors.

ERROR: [Ipptcl 7-31] Invalid table 'MEMORY_ARGS_TABLE'.
ERROR: [Common 17-39] 'get_tablespec' failed due to earlier errors.
ERROR: [IP_Flow 19-3554] GUI update of parameter PARAM_VALUE.M09_AXI_NUM_ARGS failed.ERROR: [Common 17-39] 'get_tablespec' failed due to earlier errors.

ERROR: [Ipptcl 7-31] Invalid table 'MEMORY_ARGS_TABLE'.
ERROR: [Common 17-39] 'get_tablespec' failed due to earlier errors.
ERROR: [IP_Flow 19-3554] GUI update of parameter PARAM_VALUE.M10_AXI_NUM_ARGS failed.ERROR: [Common 17-39] 'get_tablespec' failed due to earlier errors.

ERROR: [Ipptcl 7-31] Invalid table 'MEMORY_ARGS_TABLE'.
ERROR: [Common 17-39] 'get_tablespec' failed due to earlier errors.
ERROR: [IP_Flow 19-3554] GUI update of parameter PARAM_VALUE.M11_AXI_NUM_ARGS failed.ERROR: [Common 17-39] 'get_tablespec' failed due to earlier errors.

ERROR: [Ipptcl 7-31] Invalid table 'MEMORY_ARGS_TABLE'.
ERROR: [Common 17-39] 'get_tablespec' failed due to earlier errors.
ERROR: [IP_Flow 19-3554] GUI update of parameter PARAM_VALUE.M12_AXI_NUM_ARGS failed.ERROR: [Common 17-39] 'get_tablespec' failed due to earlier errors.

ERROR: [Ipptcl 7-31] Invalid table 'MEMORY_ARGS_TABLE'.
ERROR: [Common 17-39] 'get_tablespec' failed due to earlier errors.
ERROR: [IP_Flow 19-3554] GUI update of parameter PARAM_VALUE.M13_AXI_NUM_ARGS failed.ERROR: [Common 17-39] 'get_tablespec' failed due to earlier errors.

ERROR: [Ipptcl 7-31] Invalid table 'MEMORY_ARGS_TABLE'.
ERROR: [Common 17-39] 'get_tablespec' failed due to earlier errors.
ERROR: [IP_Flow 19-3554] GUI update of parameter PARAM_VALUE.M14_AXI_NUM_ARGS failed.ERROR: [Common 17-39] 'get_tablespec' failed due to earlier errors.

ERROR: [Ipptcl 7-31] Invalid table 'MEMORY_ARGS_TABLE'.
ERROR: [Common 17-39] 'get_tablespec' failed due to earlier errors.
ERROR: [IP_Flow 19-3554] GUI update of parameter PARAM_VALUE.M15_AXI_NUM_ARGS failed.ERROR: [Common 17-39] 'get_tablespec' failed due to earlier errors.

ERROR: [Ipptcl 7-31] Invalid table 'MEMORY_ARGS_TABLE'.
ERROR: [Common 17-39] 'get_tablespec' failed due to earlier errors.
ERROR: [IP_Flow 19-3554] GUI update of parameter PARAM_VALUE.M16_AXI_NUM_ARGS failed.ERROR: [Common 17-39] 'get_tablespec' failed due to earlier errors.

ERROR: [Ipptcl 7-31] Invalid table 'MEMORY_ARGS_TABLE'.
ERROR: [Common 17-39] 'get_tablespec' failed due to earlier errors.
ERROR: [IP_Flow 19-3554] GUI update of parameter PARAM_VALUE.M17_AXI_NUM_ARGS failed.ERROR: [Common 17-39] 'get_tablespec' failed due to earlier errors.

ERROR: [Ipptcl 7-31] Invalid table 'MEMORY_ARGS_TABLE'.
ERROR: [Common 17-39] 'get_tablespec' failed due to earlier errors.
ERROR: [IP_Flow 19-3554] GUI update of parameter PARAM_VALUE.M18_AXI_NUM_ARGS failed.ERROR: [Common 17-39] 'get_tablespec' failed due to earlier errors.

ERROR: [Ipptcl 7-31] Invalid table 'MEMORY_ARGS_TABLE'.
ERROR: [Common 17-39] 'get_tablespec' failed due to earlier errors.
ERROR: [IP_Flow 19-3554] GUI update of parameter PARAM_VALUE.M19_AXI_NUM_ARGS failed.ERROR: [Common 17-39] 'get_tablespec' failed due to earlier errors.

ERROR: [Ipptcl 7-31] Invalid table 'MEMORY_ARGS_TABLE'.
ERROR: [Common 17-39] 'get_tablespec' failed due to earlier errors.
ERROR: [IP_Flow 19-3554] GUI update of parameter PARAM_VALUE.M20_AXI_NUM_ARGS failed.ERROR: [Common 17-39] 'get_tablespec' failed due to earlier errors.

ERROR: [Ipptcl 7-31] Invalid table 'MEMORY_ARGS_TABLE'.
ERROR: [Common 17-39] 'get_tablespec' failed due to earlier errors.
ERROR: [IP_Flow 19-3554] GUI update of parameter PARAM_VALUE.M21_AXI_NUM_ARGS failed.ERROR: [Common 17-39] 'get_tablespec' failed due to earlier errors.

ERROR: [Ipptcl 7-31] Invalid table 'MEMORY_ARGS_TABLE'.
ERROR: [Common 17-39] 'get_tablespec' failed due to earlier errors.
ERROR: [IP_Flow 19-3554] GUI update of parameter PARAM_VALUE.M22_AXI_NUM_ARGS failed.ERROR: [Common 17-39] 'get_tablespec' failed due to earlier errors.

ERROR: [Ipptcl 7-31] Invalid table 'MEMORY_ARGS_TABLE'.
ERROR: [Common 17-39] 'get_tablespec' failed due to earlier errors.
ERROR: [IP_Flow 19-3554] GUI update of parameter PARAM_VALUE.M23_AXI_NUM_ARGS failed.ERROR: [Common 17-39] 'get_tablespec' failed due to earlier errors.

ERROR: [Ipptcl 7-31] Invalid table 'MEMORY_ARGS_TABLE'.
ERROR: [Common 17-39] 'get_tablespec' failed due to earlier errors.
ERROR: [IP_Flow 19-3554] GUI update of parameter PARAM_VALUE.M24_AXI_NUM_ARGS failed.ERROR: [Common 17-39] 'get_tablespec' failed due to earlier errors.

ERROR: [Ipptcl 7-31] Invalid table 'MEMORY_ARGS_TABLE'.
ERROR: [Common 17-39] 'get_tablespec' failed due to earlier errors.
ERROR: [IP_Flow 19-3554] GUI update of parameter PARAM_VALUE.M25_AXI_NUM_ARGS failed.ERROR: [Common 17-39] 'get_tablespec' failed due to earlier errors.

ERROR: [Ipptcl 7-31] Invalid table 'MEMORY_ARGS_TABLE'.
ERROR: [Common 17-39] 'get_tablespec' failed due to earlier errors.
ERROR: [IP_Flow 19-3554] GUI update of parameter PARAM_VALUE.M26_AXI_NUM_ARGS failed.ERROR: [Common 17-39] 'get_tablespec' failed due to earlier errors.

ERROR: [Ipptcl 7-31] Invalid table 'MEMORY_ARGS_TABLE'.
ERROR: [Common 17-39] 'get_tablespec' failed due to earlier errors.
ERROR: [IP_Flow 19-3554] GUI update of parameter PARAM_VALUE.M27_AXI_NUM_ARGS failed.ERROR: [Common 17-39] 'get_tablespec' failed due to earlier errors.

ERROR: [Ipptcl 7-31] Invalid table 'MEMORY_ARGS_TABLE'.
ERROR: [Common 17-39] 'get_tablespec' failed due to earlier errors.
ERROR: [IP_Flow 19-3554] GUI update of parameter PARAM_VALUE.M28_AXI_NUM_ARGS failed.ERROR: [Common 17-39] 'get_tablespec' failed due to earlier errors.

ERROR: [Ipptcl 7-31] Invalid table 'MEMORY_ARGS_TABLE'.
ERROR: [Common 17-39] 'get_tablespec' failed due to earlier errors.
ERROR: [IP_Flow 19-3554] GUI update of parameter PARAM_VALUE.M29_AXI_NUM_ARGS failed.ERROR: [Common 17-39] 'get_tablespec' failed due to earlier errors.

ERROR: [Ipptcl 7-31] Invalid table 'MEMORY_ARGS_TABLE'.
ERROR: [Common 17-39] 'get_tablespec' failed due to earlier errors.
ERROR: [IP_Flow 19-3554] GUI update of parameter PARAM_VALUE.M30_AXI_NUM_ARGS failed.ERROR: [Common 17-39] 'get_tablespec' failed due to earlier errors.

ERROR: [Ipptcl 7-31] Invalid table 'MEMORY_ARGS_TABLE'.
ERROR: [Common 17-39] 'get_tablespec' failed due to earlier errors.
ERROR: [IP_Flow 19-3554] GUI update of parameter PARAM_VALUE.M31_AXI_NUM_ARGS failed.ERROR: [Common 17-39] 'get_tablespec' failed due to earlier errors.

ERROR: [Ipptcl 7-31] Invalid table 'MEMORY_ARGS_TABLE'.
ERROR: [Common 17-39] 'get_tablespec' failed due to earlier errors.
ERROR: [IP_Flow 19-3554] GUI update of parameter PARAM_VALUE.M32_AXI_NUM_ARGS failed.ERROR: [Common 17-39] 'get_tablespec' failed due to earlier errors.

ERROR: [Ipptcl 7-31] Invalid table 'MEMORY_ARGS_TABLE'.
ERROR: [Common 17-39] 'get_tablespec' failed due to earlier errors.
ERROR: [IP_Flow 19-3554] GUI update of parameter PARAM_VALUE.M33_AXI_NUM_ARGS failed.ERROR: [Common 17-39] 'get_tablespec' failed due to earlier errors.

ERROR: [Ipptcl 7-31] Invalid table 'MEMORY_ARGS_TABLE'.
ERROR: [Common 17-39] 'get_tablespec' failed due to earlier errors.
ERROR: [IP_Flow 19-3554] GUI update of parameter PARAM_VALUE.M34_AXI_NUM_ARGS failed.ERROR: [Common 17-39] 'get_tablespec' failed due to earlier errors.

ERROR: [Ipptcl 7-31] Invalid table 'MEMORY_ARGS_TABLE'.
ERROR: [Common 17-39] 'get_tablespec' failed due to earlier errors.
ERROR: [IP_Flow 19-3554] GUI update of parameter PARAM_VALUE.M35_AXI_NUM_ARGS failed.ERROR: [Common 17-39] 'get_tablespec' failed due to earlier errors.

ERROR: [Ipptcl 7-31] Invalid table 'MEMORY_ARGS_TABLE'.
ERROR: [Common 17-39] 'get_tablespec' failed due to earlier errors.
ERROR: [IP_Flow 19-3554] GUI update of parameter PARAM_VALUE.M36_AXI_NUM_ARGS failed.ERROR: [Common 17-39] 'get_tablespec' failed due to earlier errors.

ERROR: [Ipptcl 7-31] Invalid table 'MEMORY_ARGS_TABLE'.
ERROR: [Common 17-39] 'get_tablespec' failed due to earlier errors.
ERROR: [IP_Flow 19-3554] GUI update of parameter PARAM_VALUE.M37_AXI_NUM_ARGS failed.ERROR: [Common 17-39] 'get_tablespec' failed due to earlier errors.

ERROR: [Ipptcl 7-31] Invalid table 'MEMORY_ARGS_TABLE'.
ERROR: [Common 17-39] 'get_tablespec' failed due to earlier errors.
ERROR: [IP_Flow 19-3554] GUI update of parameter PARAM_VALUE.M38_AXI_NUM_ARGS failed.ERROR: [Common 17-39] 'get_tablespec' failed due to earlier errors.

ERROR: [Ipptcl 7-31] Invalid table 'MEMORY_ARGS_TABLE'.
ERROR: [Common 17-39] 'get_tablespec' failed due to earlier errors.
ERROR: [IP_Flow 19-3554] GUI update of parameter PARAM_VALUE.M39_AXI_NUM_ARGS failed.ERROR: [Common 17-39] 'get_tablespec' failed due to earlier errors.

ERROR: [Ipptcl 7-31] Invalid table 'MEMORY_ARGS_TABLE'.
ERROR: [Common 17-39] 'get_tablespec' failed due to earlier errors.
ERROR: [IP_Flow 19-3554] GUI update of parameter PARAM_VALUE.M40_AXI_NUM_ARGS failed.ERROR: [Common 17-39] 'get_tablespec' failed due to earlier errors.

ERROR: [Ipptcl 7-31] Invalid table 'MEMORY_ARGS_TABLE'.
ERROR: [Common 17-39] 'get_tablespec' failed due to earlier errors.
ERROR: [IP_Flow 19-3554] GUI update of parameter PARAM_VALUE.M41_AXI_NUM_ARGS failed.ERROR: [Common 17-39] 'get_tablespec' failed due to earlier errors.

ERROR: [Ipptcl 7-31] Invalid table 'MEMORY_ARGS_TABLE'.
ERROR: [Common 17-39] 'get_tablespec' failed due to earlier errors.
ERROR: [IP_Flow 19-3554] GUI update of parameter PARAM_VALUE.M42_AXI_NUM_ARGS failed.ERROR: [Common 17-39] 'get_tablespec' failed due to earlier errors.

ERROR: [Ipptcl 7-31] Invalid table 'MEMORY_ARGS_TABLE'.
ERROR: [Common 17-39] 'get_tablespec' failed due to earlier errors.
ERROR: [IP_Flow 19-3554] GUI update of parameter PARAM_VALUE.M43_AXI_NUM_ARGS failed.ERROR: [Common 17-39] 'get_tablespec' failed due to earlier errors.

ERROR: [Ipptcl 7-31] Invalid table 'MEMORY_ARGS_TABLE'.
ERROR: [Common 17-39] 'get_tablespec' failed due to earlier errors.
ERROR: [IP_Flow 19-3554] GUI update of parameter PARAM_VALUE.M44_AXI_NUM_ARGS failed.ERROR: [Common 17-39] 'get_tablespec' failed due to earlier errors.

ERROR: [Ipptcl 7-31] Invalid table 'MEMORY_ARGS_TABLE'.
ERROR: [Common 17-39] 'get_tablespec' failed due to earlier errors.
ERROR: [IP_Flow 19-3554] GUI update of parameter PARAM_VALUE.M45_AXI_NUM_ARGS failed.ERROR: [Common 17-39] 'get_tablespec' failed due to earlier errors.

ERROR: [Ipptcl 7-31] Invalid table 'MEMORY_ARGS_TABLE'.
ERROR: [Common 17-39] 'get_tablespec' failed due to earlier errors.
ERROR: [IP_Flow 19-3554] GUI update of parameter PARAM_VALUE.M46_AXI_NUM_ARGS failed.ERROR: [Common 17-39] 'get_tablespec' failed due to earlier errors.

ERROR: [Ipptcl 7-31] Invalid table 'MEMORY_ARGS_TABLE'.
ERROR: [Common 17-39] 'get_tablespec' failed due to earlier errors.
ERROR: [IP_Flow 19-3554] GUI update of parameter PARAM_VALUE.M47_AXI_NUM_ARGS failed.ERROR: [Common 17-39] 'get_tablespec' failed due to earlier errors.

ERROR: [Ipptcl 7-31] Invalid table 'MEMORY_ARGS_TABLE'.
ERROR: [Common 17-39] 'get_tablespec' failed due to earlier errors.
ERROR: [IP_Flow 19-3554] GUI update of parameter PARAM_VALUE.M48_AXI_NUM_ARGS failed.ERROR: [Common 17-39] 'get_tablespec' failed due to earlier errors.

ERROR: [Ipptcl 7-31] Invalid table 'MEMORY_ARGS_TABLE'.
ERROR: [Common 17-39] 'get_tablespec' failed due to earlier errors.
ERROR: [IP_Flow 19-3554] GUI update of parameter PARAM_VALUE.M49_AXI_NUM_ARGS failed.ERROR: [Common 17-39] 'get_tablespec' failed due to earlier errors.

ERROR: [Ipptcl 7-31] Invalid table 'MEMORY_ARGS_TABLE'.
ERROR: [Common 17-39] 'get_tablespec' failed due to earlier errors.
ERROR: [IP_Flow 19-3554] GUI update of parameter PARAM_VALUE.M50_AXI_NUM_ARGS failed.ERROR: [Common 17-39] 'get_tablespec' failed due to earlier errors.

ERROR: [Ipptcl 7-31] Invalid table 'MEMORY_ARGS_TABLE'.
ERROR: [Common 17-39] 'get_tablespec' failed due to earlier errors.
ERROR: [IP_Flow 19-3554] GUI update of parameter PARAM_VALUE.M51_AXI_NUM_ARGS failed.ERROR: [Common 17-39] 'get_tablespec' failed due to earlier errors.

ERROR: [Ipptcl 7-31] Invalid table 'MEMORY_ARGS_TABLE'.
ERROR: [Common 17-39] 'get_tablespec' failed due to earlier errors.
ERROR: [IP_Flow 19-3554] GUI update of parameter PARAM_VALUE.M52_AXI_NUM_ARGS failed.ERROR: [Common 17-39] 'get_tablespec' failed due to earlier errors.

ERROR: [Ipptcl 7-31] Invalid table 'MEMORY_ARGS_TABLE'.
ERROR: [Common 17-39] 'get_tablespec' failed due to earlier errors.
ERROR: [IP_Flow 19-3554] GUI update of parameter PARAM_VALUE.M53_AXI_NUM_ARGS failed.ERROR: [Common 17-39] 'get_tablespec' failed due to earlier errors.

ERROR: [Ipptcl 7-31] Invalid table 'MEMORY_ARGS_TABLE'.
ERROR: [Common 17-39] 'get_tablespec' failed due to earlier errors.
ERROR: [IP_Flow 19-3554] GUI update of parameter PARAM_VALUE.M54_AXI_NUM_ARGS failed.ERROR: [Common 17-39] 'get_tablespec' failed due to earlier errors.

ERROR: [Ipptcl 7-31] Invalid table 'MEMORY_ARGS_TABLE'.
ERROR: [Common 17-39] 'get_tablespec' failed due to earlier errors.
ERROR: [IP_Flow 19-3554] GUI update of parameter PARAM_VALUE.M55_AXI_NUM_ARGS failed.ERROR: [Common 17-39] 'get_tablespec' failed due to earlier errors.

ERROR: [Ipptcl 7-31] Invalid table 'MEMORY_ARGS_TABLE'.
ERROR: [Common 17-39] 'get_tablespec' failed due to earlier errors.
ERROR: [IP_Flow 19-3554] GUI update of parameter PARAM_VALUE.M56_AXI_NUM_ARGS failed.ERROR: [Common 17-39] 'get_tablespec' failed due to earlier errors.

ERROR: [Ipptcl 7-31] Invalid table 'MEMORY_ARGS_TABLE'.
ERROR: [Common 17-39] 'get_tablespec' failed due to earlier errors.
ERROR: [IP_Flow 19-3554] GUI update of parameter PARAM_VALUE.M57_AXI_NUM_ARGS failed.ERROR: [Common 17-39] 'get_tablespec' failed due to earlier errors.

ERROR: [Ipptcl 7-31] Invalid table 'MEMORY_ARGS_TABLE'.
ERROR: [Common 17-39] 'get_tablespec' failed due to earlier errors.
ERROR: [IP_Flow 19-3554] GUI update of parameter PARAM_VALUE.M58_AXI_NUM_ARGS failed.ERROR: [Common 17-39] 'get_tablespec' failed due to earlier errors.

ERROR: [Ipptcl 7-31] Invalid table 'MEMORY_ARGS_TABLE'.
ERROR: [Common 17-39] 'get_tablespec' failed due to earlier errors.
ERROR: [IP_Flow 19-3554] GUI update of parameter PARAM_VALUE.M59_AXI_NUM_ARGS failed.ERROR: [Common 17-39] 'get_tablespec' failed due to earlier errors.

ERROR: [Ipptcl 7-31] Invalid table 'MEMORY_ARGS_TABLE'.
ERROR: [Common 17-39] 'get_tablespec' failed due to earlier errors.
ERROR: [IP_Flow 19-3554] GUI update of parameter PARAM_VALUE.M60_AXI_NUM_ARGS failed.ERROR: [Common 17-39] 'get_tablespec' failed due to earlier errors.

ERROR: [Ipptcl 7-31] Invalid table 'MEMORY_ARGS_TABLE'.
ERROR: [Common 17-39] 'get_tablespec' failed due to earlier errors.
ERROR: [IP_Flow 19-3554] GUI update of parameter PARAM_VALUE.M61_AXI_NUM_ARGS failed.ERROR: [Common 17-39] 'get_tablespec' failed due to earlier errors.

ERROR: [Ipptcl 7-31] Invalid table 'MEMORY_ARGS_TABLE'.
ERROR: [Common 17-39] 'get_tablespec' failed due to earlier errors.
ERROR: [IP_Flow 19-3554] GUI update of parameter PARAM_VALUE.M62_AXI_NUM_ARGS failed.ERROR: [Common 17-39] 'get_tablespec' failed due to earlier errors.

ERROR: [Ipptcl 7-31] Invalid table 'MEMORY_ARGS_TABLE'.
ERROR: [Common 17-39] 'get_tablespec' failed due to earlier errors.
ERROR: [IP_Flow 19-3554] GUI update of parameter PARAM_VALUE.M63_AXI_NUM_ARGS failed.ERROR: [Common 17-39] 'get_tablespec' failed due to earlier errors.

ERROR: [Ipptcl 7-31] Invalid table 'AXIS_TABLE'.
ERROR: [Common 17-39] 'get_tablespec' failed due to earlier errors.
ERROR: [IP_Flow 19-3554] GUI update of parameter PARAM_VALUE.NUM_AXIS failed.ERROR: [Common 17-39] 'get_tablespec' failed due to earlier errors.

create_ip -name rtl_kernel_wizard -vendor xilinx.com -library ip -version 1.0 -module_name rtl_kernel_wizard_0
INFO: [Common 17-365] Interrupt caught but 'source' cannot be canceled. Please wait for command to finish.
create_ip: Time (s): cpu = 00:01:24 ; elapsed = 00:03:08 . Memory (MB): peak = 6676.852 ; gain = 26.508 ; free physical = 4804 ; free virtual = 33565
INFO: [Common 17-681] Processing pending cancel.
generate_target {instantiation_template} [get_files /home/pablo1318/workspace/prueba2vectores_kernels/vivado_rtl_kernel/vivado_rtl_kernel.srcs/sources_1/ip/rtl_kernel_wizard_0/rtl_kernel_wizard_0.xci]
INFO: [IP_Flow 19-1686] Generating 'Instantiation Template' target for IP 'rtl_kernel_wizard_0'...
set_property generate_synth_checkpoint false [get_files /home/pablo1318/workspace/prueba2vectores_kernels/vivado_rtl_kernel/vivado_rtl_kernel.srcs/sources_1/ip/rtl_kernel_wizard_0/rtl_kernel_wizard_0.xci]
generate_target all [get_files /home/pablo1318/workspace/prueba2vectores_kernels/vivado_rtl_kernel/vivado_rtl_kernel.srcs/sources_1/ip/rtl_kernel_wizard_0/rtl_kernel_wizard_0.xci]
INFO: [IP_Flow 19-1686] Generating 'Instantiation Template' target for IP 'rtl_kernel_wizard_0'...
INFO: [IP_Flow 19-1686] Generating 'Synthesis' target for IP 'rtl_kernel_wizard_0'...
INFO: [IP_Flow 19-1686] Generating 'Change Log' target for IP 'rtl_kernel_wizard_0'...
export_ip_user_files -of_objects [get_files /home/pablo1318/workspace/prueba2vectores_kernels/vivado_rtl_kernel/vivado_rtl_kernel.srcs/sources_1/ip/rtl_kernel_wizard_0/rtl_kernel_wizard_0.xci] -no_script -sync -force -quiet
start_gui
WARNING: [Board 49-26] cannot add Board Part xilinx.com:ac701:part0:1.4 available at /media/pablo1318/hddLinux/XILINX/Vivado/2022.2/data/xhub/boards/XilinxBoardStore/boards/Xilinx/ac701/1.4/board.xml as part xc7a200tfbg676-2 specified in board_part file is either invalid or not available
WARNING: [Board 49-26] cannot add Board Part xilinx.com:k26c:part0:1.2 available at /media/pablo1318/hddLinux/XILINX/Vivado/2022.2/data/xhub/boards/XilinxBoardStore/boards/Xilinx/k26c/1.2/board.xml as part xck26-sfvc784-2lv-c specified in board_part file is either invalid or not available
WARNING: [Board 49-26] cannot add Board Part xilinx.com:k26c:part0:1.3 available at /media/pablo1318/hddLinux/XILINX/Vivado/2022.2/data/xhub/boards/XilinxBoardStore/boards/Xilinx/k26c/1.3/board.xml as part xck26-sfvc784-2lv-c specified in board_part file is either invalid or not available
WARNING: [Board 49-26] cannot add Board Part xilinx.com:k26c:part0:1.4 available at /media/pablo1318/hddLinux/XILINX/Vivado/2022.2/data/xhub/boards/XilinxBoardStore/boards/Xilinx/k26c/1.4/board.xml as part xck26-sfvc784-2lv-c specified in board_part file is either invalid or not available
WARNING: [Board 49-26] cannot add Board Part xilinx.com:k26i:part0:1.2 available at /media/pablo1318/hddLinux/XILINX/Vivado/2022.2/data/xhub/boards/XilinxBoardStore/boards/Xilinx/k26i/1.2/board.xml as part xck26-sfvc784-2lvi-i specified in board_part file is either invalid or not available
WARNING: [Board 49-26] cannot add Board Part xilinx.com:k26i:part0:1.3 available at /media/pablo1318/hddLinux/XILINX/Vivado/2022.2/data/xhub/boards/XilinxBoardStore/boards/Xilinx/k26i/1.3/board.xml as part xck26-sfvc784-2lvi-i specified in board_part file is either invalid or not available
WARNING: [Board 49-26] cannot add Board Part xilinx.com:k26i:part0:1.4 available at /media/pablo1318/hddLinux/XILINX/Vivado/2022.2/data/xhub/boards/XilinxBoardStore/boards/Xilinx/k26i/1.4/board.xml as part xck26-sfvc784-2lvi-i specified in board_part file is either invalid or not available
WARNING: [Board 49-26] cannot add Board Part xilinx.com:kc705:part0:1.6 available at /media/pablo1318/hddLinux/XILINX/Vivado/2022.2/data/xhub/boards/XilinxBoardStore/boards/Xilinx/kc705/1.6/board.xml as part xc7k325tffg900-2 specified in board_part file is either invalid or not available
WARNING: [Board 49-26] cannot add Board Part xilinx.com:kcu105:part0:1.6 available at /media/pablo1318/hddLinux/XILINX/Vivado/2022.2/data/xhub/boards/XilinxBoardStore/boards/Xilinx/kcu105/1.6/board.xml as part xcku040-ffva1156-2-e specified in board_part file is either invalid or not available
WARNING: [Board 49-26] cannot add Board Part xilinx.com:kcu105:part0:1.7 available at /media/pablo1318/hddLinux/XILINX/Vivado/2022.2/data/xhub/boards/XilinxBoardStore/boards/Xilinx/kcu105/1.7/board.xml as part xcku040-ffva1156-2-e specified in board_part file is either invalid or not available
WARNING: [Board 49-26] cannot add Board Part xilinx.com:kcu116:part0:1.4 available at /media/pablo1318/hddLinux/XILINX/Vivado/2022.2/data/xhub/boards/XilinxBoardStore/boards/Xilinx/kcu116/1.4/board.xml as part xcku5p-ffvb676-2-e specified in board_part file is either invalid or not available
WARNING: [Board 49-26] cannot add Board Part xilinx.com:kcu116:part0:1.5 available at /media/pablo1318/hddLinux/XILINX/Vivado/2022.2/data/xhub/boards/XilinxBoardStore/boards/Xilinx/kcu116/1.5/board.xml as part xcku5p-ffvb676-2-e specified in board_part file is either invalid or not available
WARNING: [Board 49-26] cannot add Board Part xilinx.com:kr260_som:part0:1.0 available at /media/pablo1318/hddLinux/XILINX/Vivado/2022.2/data/xhub/boards/XilinxBoardStore/boards/Xilinx/kr260_som/1.0/board.xml as part xck26-sfvc784-2lv-c specified in board_part file is either invalid or not available
WARNING: [Board 49-26] cannot add Board Part xilinx.com:kr260_som:part0:1.1 available at /media/pablo1318/hddLinux/XILINX/Vivado/2022.2/data/xhub/boards/XilinxBoardStore/boards/Xilinx/kr260_som/1.1/board.xml as part xck26-sfvc784-2lv-c specified in board_part file is either invalid or not available
WARNING: [Board 49-26] cannot add Board Part xilinx.com:kv260_som:part0:1.2 available at /media/pablo1318/hddLinux/XILINX/Vivado/2022.2/data/xhub/boards/XilinxBoardStore/boards/Xilinx/kv260_som/1.2/board.xml as part xck26-sfvc784-2lv-c specified in board_part file is either invalid or not available
WARNING: [Board 49-26] cannot add Board Part xilinx.com:kv260_som:part0:1.3 available at /media/pablo1318/hddLinux/XILINX/Vivado/2022.2/data/xhub/boards/XilinxBoardStore/boards/Xilinx/kv260_som/1.3/board.xml as part xck26-sfvc784-2lv-c specified in board_part file is either invalid or not available
WARNING: [Board 49-26] cannot add Board Part xilinx.com:kv260_som:part0:1.4 available at /media/pablo1318/hddLinux/XILINX/Vivado/2022.2/data/xhub/boards/XilinxBoardStore/boards/Xilinx/kv260_som/1.4/board.xml as part xck26-sfvc784-2lv-c specified in board_part file is either invalid or not available
WARNING: [Board 49-26] cannot add Board Part xilinx.com:sp701:part0:1.0 available at /media/pablo1318/hddLinux/XILINX/Vivado/2022.2/data/xhub/boards/XilinxBoardStore/boards/Xilinx/sp701/1.0/board.xml as part xc7s100fgga676-2 specified in board_part file is either invalid or not available
WARNING: [Board 49-26] cannot add Board Part xilinx.com:sp701:part0:1.1 available at /media/pablo1318/hddLinux/XILINX/Vivado/2022.2/data/xhub/boards/XilinxBoardStore/boards/Xilinx/sp701/1.1/board.xml as part xc7s100fgga676-2 specified in board_part file is either invalid or not available
WARNING: [Board 49-26] cannot add Board Part xilinx.com:vc707:part0:1.4 available at /media/pablo1318/hddLinux/XILINX/Vivado/2022.2/data/xhub/boards/XilinxBoardStore/boards/Xilinx/vc707/1.4/board.xml as part xc7vx485tffg1761-2 specified in board_part file is either invalid or not available
WARNING: [Board 49-26] cannot add Board Part xilinx.com:vc709:part0:1.8 available at /media/pablo1318/hddLinux/XILINX/Vivado/2022.2/data/xhub/boards/XilinxBoardStore/boards/Xilinx/vc709/1.8/board.xml as part xc7vx690tffg1761-2 specified in board_part file is either invalid or not available
WARNING: [Board 49-26] cannot add Board Part xilinx.com:vcu108:part0:1.6 available at /media/pablo1318/hddLinux/XILINX/Vivado/2022.2/data/xhub/boards/XilinxBoardStore/boards/Xilinx/vcu108/1.6/board.xml as part xcvu095-ffva2104-2-e specified in board_part file is either invalid or not available
WARNING: [Board 49-26] cannot add Board Part xilinx.com:vcu108:part0:1.7 available at /media/pablo1318/hddLinux/XILINX/Vivado/2022.2/data/xhub/boards/XilinxBoardStore/boards/Xilinx/vcu108/1.7/board.xml as part xcvu095-ffva2104-2-e specified in board_part file is either invalid or not available
WARNING: [Board 49-26] cannot add Board Part xilinx.com:vcu110:part0:1.4 available at /media/pablo1318/hddLinux/XILINX/Vivado/2022.2/data/xhub/boards/XilinxBoardStore/boards/Xilinx/vcu110/1.4/board.xml as part xcvu190-flgc2104-2-e specified in board_part file is either invalid or not available
WARNING: [Board 49-26] cannot add Board Part xilinx.com:vcu128:part0:1.0 available at /media/pablo1318/hddLinux/XILINX/Vivado/2022.2/data/xhub/boards/XilinxBoardStore/boards/Xilinx/vcu128/production/1.0/board.xml as part xcvu37p-fsvh2892-2l-e specified in board_part file is either invalid or not available
WARNING: [Board 49-26] cannot add Board Part xilinx.com:vcu129:part0:1.0 available at /media/pablo1318/hddLinux/XILINX/Vivado/2022.2/data/xhub/boards/XilinxBoardStore/boards/Xilinx/vcu129/production/1.0/board.xml as part xcvu29p-fsga2577-2l-e specified in board_part file is either invalid or not available
WARNING: [Board 49-26] cannot add Board Part xilinx.com:vek280_es:part0:1.0 available at /media/pablo1318/hddLinux/XILINX/Vivado/2022.2/data/xhub/boards/XilinxBoardStore/boards/Xilinx/vek280/es/1.0/board.xml as part xcve2802-vsvh1760-2lp-e-s-es1 specified in board_part file is either invalid or not available
WARNING: [Board 49-26] cannot add Board Part xilinx.com:vermeo_t1_mpsoc:part0:1.0 available at /media/pablo1318/hddLinux/XILINX/Vivado/2022.2/data/xhub/boards/XilinxBoardStore/boards/Xilinx/vermeo_t1_mpsoc/1.0/board.xml as part xczu19eg-ffvd1760-2l-e specified in board_part file is either invalid or not available
WARNING: [Board 49-26] cannot add Board Part xilinx.com:vermeo_t1_rfsoc:part0:1.0 available at /media/pablo1318/hddLinux/XILINX/Vivado/2022.2/data/xhub/boards/XilinxBoardStore/boards/Xilinx/vermeo_t1_rfsoc/1.0/board.xml as part xczu21dr-ffvd1156-2l-e specified in board_part file is either invalid or not available
WARNING: [Board 49-26] cannot add Board Part xilinx.com:vhk158_es:part0:1.0 available at /media/pablo1318/hddLinux/XILINX/Vivado/2022.2/data/xhub/boards/XilinxBoardStore/boards/Xilinx/vhk158/es/1.0/board.xml as part xcvh1582-vsva3697-2mp-e-s-es1 specified in board_part file is either invalid or not available
WARNING: [Board 49-26] cannot add Board Part xilinx.com:vmk180:part0:2.2 available at /media/pablo1318/hddLinux/XILINX/Vivado/2022.2/data/xhub/boards/XilinxBoardStore/boards/Xilinx/vmk180/production/2.2/board.xml as part xcvm1802-vsva2197-2mp-e-s specified in board_part file is either invalid or not available
WARNING: [Board 49-26] cannot add Board Part xilinx.com:vmk180:part0:3.0 available at /media/pablo1318/hddLinux/XILINX/Vivado/2022.2/data/xhub/boards/XilinxBoardStore/boards/Xilinx/vmk180/production/3.0/board.xml as part xcvm1802-vsva2197-2mp-e-s specified in board_part file is either invalid or not available
WARNING: [Board 49-26] cannot add Board Part xilinx.com:vmk180:part0:3.1 available at /media/pablo1318/hddLinux/XILINX/Vivado/2022.2/data/xhub/boards/XilinxBoardStore/boards/Xilinx/vmk180/production/3.1/board.xml as part xcvm1802-vsva2197-2mp-e-s specified in board_part file is either invalid or not available
WARNING: [Board 49-26] cannot add Board Part xilinx.com:vmk180_newl:part0:1.0 available at /media/pablo1318/hddLinux/XILINX/Vivado/2022.2/data/xhub/boards/XilinxBoardStore/boards/Xilinx/vmk180_newl/production/1.0/board.xml as part xcvm1802-vsva2197-2mp-e-s specified in board_part file is either invalid or not available
WARNING: [Board 49-26] cannot add Board Part xilinx.com:vpk120:part0:1.0 available at /media/pablo1318/hddLinux/XILINX/Vivado/2022.2/data/xhub/boards/XilinxBoardStore/boards/Xilinx/vpk120/production/1.0/board.xml as part xcvp1202-vsva2785-2mp-e-s specified in board_part file is either invalid or not available
WARNING: [Board 49-26] cannot add Board Part xilinx.com:vpk120_es:part0:1.2 available at /media/pablo1318/hddLinux/XILINX/Vivado/2022.2/data/xhub/boards/XilinxBoardStore/boards/Xilinx/vpk120/es/1.2/board.xml as part xcvp1202-vsva2785-2mp-e-s-es1 specified in board_part file is either invalid or not available
WARNING: [Board 49-26] cannot add Board Part xilinx.com:vpk120_es_revb:part0:1.0 available at /media/pablo1318/hddLinux/XILINX/Vivado/2022.2/data/xhub/boards/XilinxBoardStore/boards/Xilinx/vpk120_revb/es/1.0/board.xml as part xcvp1202-vsva2785-2mp-e-s-es1 specified in board_part file is either invalid or not available
WARNING: [Board 49-26] cannot add Board Part xilinx.com:vpk180_es:part0:1.0 available at /media/pablo1318/hddLinux/XILINX/Vivado/2022.2/data/xhub/boards/XilinxBoardStore/boards/Xilinx/vpk180/es/1.0/board.xml as part xcvp1802-lsvc4072-2mp-e-s-es1 specified in board_part file is either invalid or not available
WARNING: [Board 49-26] cannot add Board Part xilinx.com:zcu111:part0:1.2 available at /media/pablo1318/hddLinux/XILINX/Vivado/2022.2/data/xhub/boards/XilinxBoardStore/boards/Xilinx/zcu111/1.2/board.xml as part xczu28dr-ffvg1517-2-e specified in board_part file is either invalid or not available
WARNING: [Board 49-26] cannot add Board Part xilinx.com:zcu111:part0:1.3 available at /media/pablo1318/hddLinux/XILINX/Vivado/2022.2/data/xhub/boards/XilinxBoardStore/boards/Xilinx/zcu111/1.3/board.xml as part xczu28dr-ffvg1517-2-e specified in board_part file is either invalid or not available
WARNING: [Board 49-26] cannot add Board Part xilinx.com:zcu111:part0:1.4 available at /media/pablo1318/hddLinux/XILINX/Vivado/2022.2/data/xhub/boards/XilinxBoardStore/boards/Xilinx/zcu111/1.4/board.xml as part xczu28dr-ffvg1517-2-e specified in board_part file is either invalid or not available
WARNING: [Board 49-26] cannot add Board Part xilinx.com:zcu1275:part0:1.0 available at /media/pablo1318/hddLinux/XILINX/Vivado/2022.2/data/xhub/boards/XilinxBoardStore/boards/Xilinx/zcu1275/1.0/board.xml as part xczu29dr-ffvf1760-2-e specified in board_part file is either invalid or not available
WARNING: [Board 49-26] cannot add Board Part xilinx.com:zcu1285:part0:1.0 available at /media/pablo1318/hddLinux/XILINX/Vivado/2022.2/data/xhub/boards/XilinxBoardStore/boards/Xilinx/zcu1285/1.0/board.xml as part xczu39dr-ffvf1760-2-i specified in board_part file is either invalid or not available
WARNING: [Board 49-26] cannot add Board Part xilinx.com:zcu208:part0:2.0 available at /media/pablo1318/hddLinux/XILINX/Vivado/2022.2/data/xhub/boards/XilinxBoardStore/boards/Xilinx/zcu208/production/2.0/board.xml as part xczu48dr-fsvg1517-2-e specified in board_part file is either invalid or not available
WARNING: [Board 49-26] cannot add Board Part xilinx.com:zcu208ld:part0:2.0 available at /media/pablo1318/hddLinux/XILINX/Vivado/2022.2/data/xhub/boards/XilinxBoardStore/boards/Xilinx/zcu208ld/production/2.0/board.xml as part xczu58dr-fsvg1517-2-i specified in board_part file is either invalid or not available
WARNING: [Board 49-26] cannot add Board Part xilinx.com:zcu216:part0:2.0 available at /media/pablo1318/hddLinux/XILINX/Vivado/2022.2/data/xhub/boards/XilinxBoardStore/boards/Xilinx/zcu216/production/2.0/board.xml as part xczu49dr-ffvf1760-2-e specified in board_part file is either invalid or not available
WARNING: [Board 49-26] cannot add Board Part xilinx.com:zcu216ld:part0:2.0 available at /media/pablo1318/hddLinux/XILINX/Vivado/2022.2/data/xhub/boards/XilinxBoardStore/boards/Xilinx/zcu216ld/production/2.0/board.xml as part xczu59dr-ffvf1760-2-i specified in board_part file is either invalid or not available
WARNING: [Board 49-26] cannot add Board Part xilinx.com:zcu670:part0:2.0 available at /media/pablo1318/hddLinux/XILINX/Vivado/2022.2/data/xhub/boards/XilinxBoardStore/boards/Xilinx/zcu670/2.0/board.xml as part xczu67dr-fsve1156-2-i specified in board_part file is either invalid or not available
WARNING: [Board 49-26] cannot add Board Part xilinx.com:zcu670ld:part0:1.0 available at /media/pablo1318/hddLinux/XILINX/Vivado/2022.2/data/xhub/boards/XilinxBoardStore/boards/Xilinx/zcu670ld/1.0/board.xml as part xczu57dr-fsve1156-2-i specified in board_part file is either invalid or not available
open_example_project -force -dir /home/pablo1318/workspace/prueba2vectores_kernels/vivado_rtl_kernel [get_ips rtl_kernel_wizard_0]
INFO: [IP_Flow 19-1686] Generating 'Examples' target for IP 'rtl_kernel_wizard_0'...
