Wed Mar 22 20:08:20 2023: Running xcd server. This server was built by gradle.
Wed Mar 22 20:08:20 2023: Server was asked to start on port: '34773'
Wed Mar 22 20:08:20 2023: Server is using token UUID: '7b9ea6e5-c6ee-4106-a7b9-63c4a1b0755c'
Wed Mar 22 20:08:20 2023: SESSION_MGR: creating session with session uuid: '6d04a3e9-ade5-4ab9-8d63-1f78fcd2ec76' and name 'default'
Wed Mar 22 20:08:20 2023: Attempting to start server on port '34773'
Wed Mar 22 20:08:20 2023: XCD main fifo: created main fifo '/tmp/xcdmain7b9ea6e5-c6ee-4106-a7b9-63c4a1b0755c', fd read = 434
Wed Mar 22 20:08:20 2023: Running Dispatch Server
Wed Mar 22 20:08:20 2023: Version 2.2.0
Wed Mar 22 20:08:28 2023: Dispatch Server: Accepted socket connection from client
Wed Mar 22 20:08:28 2023: Starting Socket connection
Wed Mar 22 20:08:28 2023: EXCHANGE_TOKEN received, server token: 7b9ea6e5-c6ee-4106-a7b9-63c4a1b0755c, passed token: 7b9ea6e5-c6ee-4106-a7b9-63c4a1b0755c
Wed Mar 22 20:08:28 2023: SESSION_MGR: creating session with session uuid: '27aa2d71-a1ab-42b8-8aa0-5c5e65e744a6' and name 'vitis_hls'
Wed Mar 22 20:08:28 2023: KERNEL_SVC: creating session with uuid: '27aa2d71-a1ab-42b8-8aa0-5c5e65e744a6' and name 'vitis_hls'
Wed Mar 22 20:08:28 2023: GUIDANCE_SMGR: creating guidance session with uuid: '27aa2d71-a1ab-42b8-8aa0-5c5e65e744a6' and name 'vitis_hls'
Wed Mar 22 20:08:37 2023: STOP_SERVER received, server token: 7b9ea6e5-c6ee-4106-a7b9-63c4a1b0755c, passed token: 7b9ea6e5-c6ee-4106-a7b9-63c4a1b0755c
Wed Mar 22 20:08:37 2023: Socket received request to stop server.
Wed Mar 22 20:08:37 2023: Dispatch Server: do_await_stop
Wed Mar 22 20:08:37 2023: Dispatch Server: stopping mainFifo_
Wed Mar 22 20:08:37 2023: XCD main fifo: Stopping
Wed Mar 22 20:08:37 2023: XCD main fifo: do_read error code: Operation canceled
Wed Mar 22 20:08:37 2023: XCD main fifo: bytes_transferred: 0
Wed Mar 22 20:08:37 2023: SERVER: destructor for server bound to port 34773
Wed Mar 22 20:08:37 2023: XCD main fifo: Good unlink of /tmp/xcdmain7b9ea6e5-c6ee-4106-a7b9-63c4a1b0755c
Wed Mar 22 20:08:37 2023: Server exiting with status 0.
Wed Mar 22 20:08:37 2023: Closing log file.
