Vivado Simulator v2022.2
Copyright 1986-1999, 2001-2022 Xilinx, Inc. All Rights Reserved.
Running: /media/pablo1318/hddLinux/XILINX/Vivado/2022.2/bin/unwrapped/lnx64.o/xelab --incr --debug typical --relax --mt 8 -L xil_defaultlib -L axi_infrastructure_v1_1_0 -L axi_vip_v1_1_13 -L uvm -L xilinx_vip -L unisims_ver -L unimacro_ver -L secureip -L xpm --snapshot kernel_prueba_tb_behav xil_defaultlib.kernel_prueba_tb xil_defaultlib.glbl -log elaborate.log 
Using 8 slave threads.
WARNING: [XSIM 43-3431] One or more environment variables have been detected which affect the operation of the C compiler. These are typically not set in standard installations and are not tested by Xilinx, however they may be appropriate for your system, so the flow will attempt to continue.  If errors occur, try running xelab with the "-mt off -v 1" switches to see more information from the C compiler. The following environment variables have been detected:
Starting static elaboration
Pass Through NonSizing Optimizer
Completed static elaboration
Starting simulation data flow analysis
Completed simulation data flow analysis
Time Resolution for simulation is 1ps
Compiling package xilinx_vip.axi_vip_pkg
Compiling package xilinx_vip.xil_common_vip_pkg
Compiling package std.std
Compiling module xil_defaultlib.kernel_prueba_control_s_axi(C_S_...
Compiling module xil_defaultlib.kernel_prueba
Compiling module xilinx_vip.axi_vip_axi4pc(WADDR_WIDTH=13,RA...
Compiling module xilinx_vip.cb
Compiling module xilinx_vip.axi_vip_if(C_AXI_PROTOCOL=2,C_AX...
Compiling module axi_vip_v1_1_13.axi_vip_v1_1_13_top(C_AXI_PROTOC...
Compiling module xil_defaultlib.control_kernel_prueba_vip
Compiling module xilinx_vip.axi_vip_axi4pc(WADDR_WIDTH=64,RA...
Compiling module xilinx_vip.cb
Compiling module xilinx_vip.axi_vip_if(C_AXI_ADDR_WIDTH=64,C...
Compiling module axi_vip_v1_1_13.axi_vip_v1_1_13_top(C_AXI_ADDR_W...
Compiling module xil_defaultlib.slv_m00_axi_vip
Compiling module xil_defaultlib.kernel_prueba_tb
Compiling module xil_defaultlib.glbl
Built simulation snapshot kernel_prueba_tb_behav
