/home/pablo1318/workspace/prueba2vectores_kernels/vivado_rtl_kernel/kvadd_tutorial_ex/imports/hls/prj/sol/.autopilot/db/kvadd_tutorial_cmodel.pp.0.cpp:1861:7: warning: Added loop label VITIS_LOOP_1211_1:   [xilinx-label-all-loops]
      for (i = 0; i < __N - 1; ++i) {
      ^~~
      VITIS_LOOP_1211_1: 
/home/pablo1318/workspace/prueba2vectores_kernels/vivado_rtl_kernel/kvadd_tutorial_ex/imports/hls/prj/sol/.autopilot/db/kvadd_tutorial_cmodel.pp.0.cpp:1861:7: note: FIX-IT applied suggested code changes
/home/pablo1318/workspace/prueba2vectores_kernels/vivado_rtl_kernel/kvadd_tutorial_ex/imports/hls/prj/sol/.autopilot/db/kvadd_tutorial_cmodel.pp.0.cpp:2835:5: warning: Added loop label VITIS_LOOP_676_1:   [xilinx-label-all-loops]
    for (unsigned i = low; i != high; ++i) {
    ^~~
    VITIS_LOOP_676_1: 
/home/pablo1318/workspace/prueba2vectores_kernels/vivado_rtl_kernel/kvadd_tutorial_ex/imports/hls/prj/sol/.autopilot/db/kvadd_tutorial_cmodel.pp.0.cpp:2835:5: note: FIX-IT applied suggested code changes
/home/pablo1318/workspace/prueba2vectores_kernels/vivado_rtl_kernel/kvadd_tutorial_ex/imports/hls/prj/sol/.autopilot/db/kvadd_tutorial_cmodel.pp.0.cpp:2849:5: warning: Added loop label VITIS_LOOP_690_1:   [xilinx-label-all-loops]
    for (unsigned i = low; i != high; ++i) {
    ^~~
    VITIS_LOOP_690_1: 
/home/pablo1318/workspace/prueba2vectores_kernels/vivado_rtl_kernel/kvadd_tutorial_ex/imports/hls/prj/sol/.autopilot/db/kvadd_tutorial_cmodel.pp.0.cpp:2849:5: note: FIX-IT applied suggested code changes
/home/pablo1318/workspace/prueba2vectores_kernels/vivado_rtl_kernel/kvadd_tutorial_ex/imports/hls/prj/sol/.autopilot/db/kvadd_tutorial_cmodel.pp.0.cpp:2863:5: warning: Added loop label VITIS_LOOP_704_1:   [xilinx-label-all-loops]
    for (unsigned i = low; i != high; ++i) {
    ^~~
    VITIS_LOOP_704_1: 
/home/pablo1318/workspace/prueba2vectores_kernels/vivado_rtl_kernel/kvadd_tutorial_ex/imports/hls/prj/sol/.autopilot/db/kvadd_tutorial_cmodel.pp.0.cpp:2863:5: note: FIX-IT applied suggested code changes
/home/pablo1318/workspace/prueba2vectores_kernels/vivado_rtl_kernel/kvadd_tutorial_ex/imports/hls/prj/sol/.autopilot/db/kvadd_tutorial_cmodel.pp.0.cpp:4474:7: warning: Added loop label VITIS_LOOP_1245_1:   [xilinx-label-all-loops]
      for (i = 0; i < __N - 1; ++i) {
      ^~~
      VITIS_LOOP_1245_1: 
/home/pablo1318/workspace/prueba2vectores_kernels/vivado_rtl_kernel/kvadd_tutorial_ex/imports/hls/prj/sol/.autopilot/db/kvadd_tutorial_cmodel.pp.0.cpp:4474:7: note: FIX-IT applied suggested code changes
/home/pablo1318/workspace/prueba2vectores_kernels/vivado_rtl_kernel/kvadd_tutorial_ex/imports/hls/prj/sol/.autopilot/db/kvadd_tutorial_cmodel.pp.0.cpp:6773:5: warning: Added loop label VITIS_LOOP_58_1:   [xilinx-label-all-loops]
    for (unsigned int i = 0; i < m00_axi_length; i++) {
    ^~~
    VITIS_LOOP_58_1: 
/home/pablo1318/workspace/prueba2vectores_kernels/vivado_rtl_kernel/kvadd_tutorial_ex/imports/hls/prj/sol/.autopilot/db/kvadd_tutorial_cmodel.pp.0.cpp:6773:5: note: FIX-IT applied suggested code changes
/home/pablo1318/workspace/prueba2vectores_kernels/vivado_rtl_kernel/kvadd_tutorial_ex/imports/hls/prj/sol/.autopilot/db/kvadd_tutorial_cmodel.pp.0.cpp:6794:5: warning: Added loop label VITIS_LOOP_79_2:   [xilinx-label-all-loops]
    for (unsigned int i = 0; i < m01_axi_length; i++) {
    ^~~
    VITIS_LOOP_79_2: 
/home/pablo1318/workspace/prueba2vectores_kernels/vivado_rtl_kernel/kvadd_tutorial_ex/imports/hls/prj/sol/.autopilot/db/kvadd_tutorial_cmodel.pp.0.cpp:6794:5: note: FIX-IT applied suggested code changes
/home/pablo1318/workspace/prueba2vectores_kernels/vivado_rtl_kernel/kvadd_tutorial_ex/imports/hls/prj/sol/.autopilot/db/kvadd_tutorial_cmodel.pp.0.cpp:6815:5: warning: Added loop label VITIS_LOOP_100_3:   [xilinx-label-all-loops]
    for (unsigned int i = 0; i < m02_axi_length; i++) {
    ^~~
    VITIS_LOOP_100_3: 
/home/pablo1318/workspace/prueba2vectores_kernels/vivado_rtl_kernel/kvadd_tutorial_ex/imports/hls/prj/sol/.autopilot/db/kvadd_tutorial_cmodel.pp.0.cpp:6815:5: note: FIX-IT applied suggested code changes
