XRT Build Version: 2.14.354 (2022.2)
       Build Date: 2022-10-08 09:49:53
          Hash ID: 43926231f7183688add2dccfd391b36a1f000bea
Creating a default 'in-memory' xclbin image.

Section: 'BITSTREAM'(0) was successfully added.
Size   : 308128 bytes
Format : RAW
File   : '/home/pablo1318/workspace/proyecto_system_hw_link/Emulation-SW/binary_container_1.build/link/int/binary_container_1.so'

Section: 'MEM_TOPOLOGY'(6) was successfully added.
Format : JSON
File   : 'mem_topology'

Section: 'IP_LAYOUT'(8) was successfully added.
Format : JSON
File   : 'ip_layout'

Section: 'CONNECTIVITY'(7) was successfully added.
Format : JSON
File   : 'connectivity'
WARNING: Skipping CLOCK_FREQ_TOPOLOGY section for count size is zero.
WARNING: Section 'CLOCK_FREQ_TOPOLOGY' content is empty.  No data in the given JSON file.

Section: 'CLOCK_FREQ_TOPOLOGY'(11) was empty.  No action taken.
Format : JSON
File   : '/home/pablo1318/workspace/proyecto_system_hw_link/Emulation-SW/binary_container_1.build/link/int/binary_container_1_xml.rtd'

Section: 'BUILD_METADATA'(14) was successfully added.
Size   : 2264 bytes
Format : JSON
File   : '/home/pablo1318/workspace/proyecto_system_hw_link/Emulation-SW/binary_container_1.build/link/int/binary_container_1_build.rtd'

Section: 'EMBEDDED_METADATA'(2) was successfully added.
Size   : 2453 bytes
Format : RAW
File   : '/home/pablo1318/workspace/proyecto_system_hw_link/Emulation-SW/binary_container_1.build/link/int/binary_container_1.xml'

Section: 'DEBUG_DATA'(4) was successfully added.
Size   : 0 bytes
Format : RAW
File   : '/dev/null'

Section: 'SYSTEM_METADATA'(22) was successfully added.
Size   : 7794 bytes
Format : RAW
File   : '/home/pablo1318/workspace/proyecto_system_hw_link/Emulation-SW/binary_container_1.build/link/int/systemDiagramModel.json'

Section: 'PARTITION_METADATA'(20) was successfully appended to.
Format : JSON
File   : 'partition_metadata'

Section: 'IP_LAYOUT'(8) was successfully appended to.
Format : JSON
File   : 'ip_layout'
Successfully wrote (333824 bytes) to the output file: /home/pablo1318/workspace/proyecto_system_hw_link/Emulation-SW/binary_container_1.xclbin
Leaving xclbinutil.
