
****** Vitis HLS - High-Level Synthesis from C, C++ and OpenCL v2022.2 (64-bit)
  **** SW Build 3670227 on Oct 13 2022
  **** IP Build 3669848 on Fri Oct 14 08:30:02 MDT 2022
    ** Copyright 1986-2022 Xilinx, Inc. All Rights Reserved.

source /media/pablo1318/hddLinux/XILINX/Vitis_HLS/2022.2/scripts/vitis_hls/hls.tcl -notrace
INFO: [HLS 200-10] Running '/media/pablo1318/hddLinux/XILINX/Vitis_HLS/2022.2/bin/unwrapped/lnx64.o/vitis_hls'
INFO: [HLS 200-10] For user 'pablo1318' on host 'pop-os.localdomain' (Linux_x86_64 version 6.2.6-76060206-generic) on Wed Apr 19 21:18:11 CEST 2023
INFO: [HLS 200-10] On os Pop!_OS 22.04 LTS
INFO: [HLS 200-10] In directory '/home/pablo1318/workspace/prueba2vectores_kernels/vivado_rtl_kernel/kvadd2_ex/imports/hls'
Sourcing Tcl script './run_hls.tcl'
INFO: [HLS 200-1510] Running: source ./run_hls.tcl
INFO: [HLS 200-1510] Running: open_project prj 
INFO: [HLS 200-10] Creating and opening project '/home/pablo1318/workspace/prueba2vectores_kernels/vivado_rtl_kernel/kvadd2_ex/imports/hls/prj'.
INFO: [HLS 200-1510] Running: open_solution sol -flow_target vitis 
INFO: [HLS 200-10] Creating and opening solution '/home/pablo1318/workspace/prueba2vectores_kernels/vivado_rtl_kernel/kvadd2_ex/imports/hls/prj/sol'.
INFO: [HLS 200-1505] Using flow_target 'vitis'
Resolution: For help on HLS 200-1505 see www.xilinx.com/cgi-bin/docs/rdoc?v=2022.2;t=hls+guidance;d=200-1505.html
INFO: [HLS 200-435] Setting 'open_solution -flow_target vitis' configuration: config_interface -m_axi_latency=64
INFO: [HLS 200-435] Setting 'open_solution -flow_target vitis' configuration: config_interface -m_axi_alignment_byte_size=64
INFO: [HLS 200-435] Setting 'open_solution -flow_target vitis' configuration: config_interface -m_axi_max_widen_bitwidth=512
INFO: [HLS 200-435] Setting 'open_solution -flow_target vitis' configuration: config_rtl -register_reset_num=3
INFO: [HLS 200-1510] Running: set_part xcu250-figd2104-2L-e 
INFO: [HLS 200-1611] Setting target device to 'xcu250-figd2104-2L-e'
INFO: [HLS 200-1510] Running: add_files ../kvadd2_cmodel.cpp 
INFO: [HLS 200-10] Adding design file '../kvadd2_cmodel.cpp' to the project
INFO: [HLS 200-1510] Running: set_top kvadd2 
INFO: [HLS 200-1510] Running: csynth_design 
Running Dispatch Server on port: 46329
INFO: [HLS 200-111] Finished File checks and directory preparation: CPU user time: 0 seconds. CPU system time: 0 seconds. Elapsed time: 10.06 seconds; current allocated memory: 299.840 MB.
INFO: [HLS 200-10] Analyzing design file '../kvadd2_cmodel.cpp' ... 
INFO: [HLS 200-111] Finished Source Code Analysis and Preprocessing: CPU user time: 4.38 seconds. CPU system time: 0.68 seconds. Elapsed time: 7.82 seconds; current allocated memory: 302.156 MB.
INFO: [HLS 200-777] Using interface defaults for 'Vitis' flow target.
INFO: [HLS 214-115] Multiple burst reads of length 256 and bit width 512 has been inferred on bundle 'm00_axi'. These burst requests might be further partitioned into multiple requests during RTL generation, based on max_read_burst_length or max_write_burst_length settings. (../kvadd2_cmodel.cpp:53:5)
INFO: [HLS 214-115] Multiple burst writes of length 256 and bit width 512 has been inferred on bundle 'm00_axi'. These burst requests might be further partitioned into multiple requests during RTL generation, based on max_read_burst_length or max_write_burst_length settings. (../kvadd2_cmodel.cpp:61:5)
INFO: [HLS 214-115] Multiple burst reads of length 256 and bit width 512 has been inferred on bundle 'm01_axi'. These burst requests might be further partitioned into multiple requests during RTL generation, based on max_read_burst_length or max_write_burst_length settings. (../kvadd2_cmodel.cpp:74:5)
INFO: [HLS 214-115] Multiple burst writes of length 256 and bit width 512 has been inferred on bundle 'm01_axi'. These burst requests might be further partitioned into multiple requests during RTL generation, based on max_read_burst_length or max_write_burst_length settings. (../kvadd2_cmodel.cpp:82:5)
INFO: [HLS 214-115] Multiple burst reads of length 256 and bit width 512 has been inferred on bundle 'm02_axi'. These burst requests might be further partitioned into multiple requests during RTL generation, based on max_read_burst_length or max_write_burst_length settings. (../kvadd2_cmodel.cpp:95:5)
INFO: [HLS 214-115] Multiple burst writes of length 256 and bit width 512 has been inferred on bundle 'm02_axi'. These burst requests might be further partitioned into multiple requests during RTL generation, based on max_read_burst_length or max_write_burst_length settings. (../kvadd2_cmodel.cpp:103:5)
INFO: [HLS 200-111] Finished Compiling Optimization and Transform: CPU user time: 4.81 seconds. CPU system time: 0.58 seconds. Elapsed time: 6.97 seconds; current allocated memory: 302.672 MB.
INFO: [HLS 200-111] Finished Checking Pragmas: CPU user time: 0 seconds. CPU system time: 0 seconds. Elapsed time: 0 seconds; current allocated memory: 302.672 MB.
INFO: [HLS 200-10] Starting code transformations ...
INFO: [HLS 200-111] Finished Standard Transforms: CPU user time: 0.24 seconds. CPU system time: 0.01 seconds. Elapsed time: 0.56 seconds; current allocated memory: 310.426 MB.
INFO: [HLS 200-10] Checking synthesizability ...
INFO: [HLS 200-111] Finished Checking Synthesizability: CPU user time: 0.25 seconds. CPU system time: 0 seconds. Elapsed time: 0.25 seconds; current allocated memory: 311.105 MB.
INFO: [XFORM 203-510] Pipelining loop 'Loop-2' in function 'kvadd2' automatically.
INFO: [XFORM 203-510] Pipelining loop 'VITIS_LOOP_56_1' (../kvadd2_cmodel.cpp:56) in function 'kvadd2' automatically.
INFO: [XFORM 203-510] Pipelining loop 'Loop-4' in function 'kvadd2' automatically.
INFO: [XFORM 203-510] Pipelining loop 'Loop-5' in function 'kvadd2' automatically.
INFO: [XFORM 203-510] Pipelining loop 'VITIS_LOOP_77_2' (../kvadd2_cmodel.cpp:77) in function 'kvadd2' automatically.
INFO: [XFORM 203-510] Pipelining loop 'Loop-7' in function 'kvadd2' automatically.
INFO: [XFORM 203-510] Pipelining loop 'Loop-8' in function 'kvadd2' automatically.
INFO: [XFORM 203-510] Pipelining loop 'VITIS_LOOP_98_3' (../kvadd2_cmodel.cpp:98) in function 'kvadd2' automatically.
INFO: [XFORM 203-510] Pipelining loop 'Loop-10' in function 'kvadd2' automatically.
INFO: [HLS 200-111] Finished Loop, function and other optimizations: CPU user time: 0.26 seconds. CPU system time: 0 seconds. Elapsed time: 0.29 seconds; current allocated memory: 327.605 MB.
INFO: [HLS 200-472] Inferring partial write operation for 'm00_axi_input_buffer' 
INFO: [HLS 200-472] Inferring partial write operation for 'm00_axi_output_buffer' (../kvadd2_cmodel.cpp:57:32)
INFO: [HLS 200-472] Inferring partial write operation for 'm01_axi_input_buffer' 
INFO: [HLS 200-472] Inferring partial write operation for 'm01_axi_output_buffer' (../kvadd2_cmodel.cpp:78:32)
INFO: [HLS 200-472] Inferring partial write operation for 'm02_axi_input_buffer' 
INFO: [HLS 200-472] Inferring partial write operation for 'm02_axi_output_buffer' (../kvadd2_cmodel.cpp:99:32)
INFO: [HLS 200-111] Finished Architecture Synthesis: CPU user time: 0.38 seconds. CPU system time: 0.03 seconds. Elapsed time: 0.43 seconds; current allocated memory: 405.859 MB.
INFO: [HLS 200-10] Starting hardware synthesis ...
INFO: [HLS 200-10] Synthesizing 'kvadd2' ...
INFO: [SYN 201-201] Setting up clock 'default' with a period of 10ns.
INFO: [HLS 200-10] ----------------------------------------------------------------
INFO: [HLS 200-42] -- Implementing module 'kvadd2_Pipeline_1' 
INFO: [HLS 200-10] ----------------------------------------------------------------
INFO: [SCHED 204-11] Starting scheduling ...
INFO: [SCHED 204-61] Pipelining loop 'Loop 1'.
INFO: [HLS 200-1470] Pipelining result : Target II = NA, Final II = 1, Depth = 3, loop 'Loop 1'
INFO: [SCHED 204-11] Finished scheduling.
INFO: [HLS 200-111] Finished Scheduling: CPU user time: 0.04 seconds. CPU system time: 0.02 seconds. Elapsed time: 0.22 seconds; current allocated memory: 406.340 MB.
INFO: [BIND 205-100] Starting micro-architecture generation ...
INFO: [BIND 205-101] Performing variable lifetime analysis.
INFO: [BIND 205-101] Exploring resource sharing.
INFO: [BIND 205-101] Binding ...
INFO: [BIND 205-100] Finished micro-architecture generation.
INFO: [HLS 200-111] Finished Binding: CPU user time: 0.02 seconds. CPU system time: 0.01 seconds. Elapsed time: 0.02 seconds; current allocated memory: 406.340 MB.
INFO: [HLS 200-10] ----------------------------------------------------------------
INFO: [HLS 200-42] -- Implementing module 'kvadd2_Pipeline_VITIS_LOOP_56_1' 
INFO: [HLS 200-10] ----------------------------------------------------------------
INFO: [SCHED 204-11] Starting scheduling ...
INFO: [SCHED 204-61] Pipelining loop 'VITIS_LOOP_56_1'.
INFO: [HLS 200-1470] Pipelining result : Target II = NA, Final II = 1, Depth = 2, loop 'VITIS_LOOP_56_1'
INFO: [SCHED 204-11] Finished scheduling.
INFO: [HLS 200-111] Finished Scheduling: CPU user time: 0.04 seconds. CPU system time: 0 seconds. Elapsed time: 0.04 seconds; current allocated memory: 406.402 MB.
INFO: [BIND 205-100] Starting micro-architecture generation ...
INFO: [BIND 205-101] Performing variable lifetime analysis.
INFO: [BIND 205-101] Exploring resource sharing.
INFO: [BIND 205-101] Binding ...
INFO: [BIND 205-100] Finished micro-architecture generation.
INFO: [HLS 200-111] Finished Binding: CPU user time: 0.01 seconds. CPU system time: 0 seconds. Elapsed time: 0.02 seconds; current allocated memory: 406.402 MB.
INFO: [HLS 200-10] ----------------------------------------------------------------
INFO: [HLS 200-42] -- Implementing module 'kvadd2_Pipeline_3' 
INFO: [HLS 200-10] ----------------------------------------------------------------
INFO: [SCHED 204-11] Starting scheduling ...
INFO: [SCHED 204-61] Pipelining loop 'Loop 1'.
INFO: [HLS 200-1470] Pipelining result : Target II = NA, Final II = 1, Depth = 3, loop 'Loop 1'
INFO: [SCHED 204-11] Finished scheduling.
INFO: [HLS 200-111] Finished Scheduling: CPU user time: 0.05 seconds. CPU system time: 0.01 seconds. Elapsed time: 0.05 seconds; current allocated memory: 406.742 MB.
INFO: [BIND 205-100] Starting micro-architecture generation ...
INFO: [BIND 205-101] Performing variable lifetime analysis.
INFO: [BIND 205-101] Exploring resource sharing.
INFO: [BIND 205-101] Binding ...
INFO: [BIND 205-100] Finished micro-architecture generation.
INFO: [HLS 200-111] Finished Binding: CPU user time: 0.02 seconds. CPU system time: 0 seconds. Elapsed time: 0.03 seconds; current allocated memory: 406.742 MB.
INFO: [HLS 200-10] ----------------------------------------------------------------
INFO: [HLS 200-42] -- Implementing module 'kvadd2_Pipeline_4' 
INFO: [HLS 200-10] ----------------------------------------------------------------
INFO: [SCHED 204-11] Starting scheduling ...
INFO: [SCHED 204-61] Pipelining loop 'Loop 1'.
INFO: [HLS 200-1470] Pipelining result : Target II = NA, Final II = 1, Depth = 3, loop 'Loop 1'
INFO: [SCHED 204-11] Finished scheduling.
INFO: [HLS 200-111] Finished Scheduling: CPU user time: 0.05 seconds. CPU system time: 0 seconds. Elapsed time: 0.04 seconds; current allocated memory: 407.070 MB.
INFO: [BIND 205-100] Starting micro-architecture generation ...
INFO: [BIND 205-101] Performing variable lifetime analysis.
INFO: [BIND 205-101] Exploring resource sharing.
INFO: [BIND 205-101] Binding ...
INFO: [BIND 205-100] Finished micro-architecture generation.
INFO: [HLS 200-111] Finished Binding: CPU user time: 0.02 seconds. CPU system time: 0 seconds. Elapsed time: 0.03 seconds; current allocated memory: 407.070 MB.
INFO: [HLS 200-10] ----------------------------------------------------------------
INFO: [HLS 200-42] -- Implementing module 'kvadd2_Pipeline_VITIS_LOOP_77_2' 
INFO: [HLS 200-10] ----------------------------------------------------------------
INFO: [SCHED 204-11] Starting scheduling ...
INFO: [SCHED 204-61] Pipelining loop 'VITIS_LOOP_77_2'.
INFO: [HLS 200-1470] Pipelining result : Target II = NA, Final II = 1, Depth = 2, loop 'VITIS_LOOP_77_2'
INFO: [SCHED 204-11] Finished scheduling.
INFO: [HLS 200-111] Finished Scheduling: CPU user time: 0.04 seconds. CPU system time: 0 seconds. Elapsed time: 0.04 seconds; current allocated memory: 407.270 MB.
INFO: [BIND 205-100] Starting micro-architecture generation ...
INFO: [BIND 205-101] Performing variable lifetime analysis.
INFO: [BIND 205-101] Exploring resource sharing.
INFO: [BIND 205-101] Binding ...
INFO: [BIND 205-100] Finished micro-architecture generation.
INFO: [HLS 200-111] Finished Binding: CPU user time: 0.02 seconds. CPU system time: 0 seconds. Elapsed time: 0.02 seconds; current allocated memory: 407.270 MB.
INFO: [HLS 200-10] ----------------------------------------------------------------
INFO: [HLS 200-42] -- Implementing module 'kvadd2_Pipeline_6' 
INFO: [HLS 200-10] ----------------------------------------------------------------
INFO: [SCHED 204-11] Starting scheduling ...
INFO: [SCHED 204-61] Pipelining loop 'Loop 1'.
INFO: [HLS 200-1470] Pipelining result : Target II = NA, Final II = 1, Depth = 3, loop 'Loop 1'
INFO: [SCHED 204-11] Finished scheduling.
INFO: [HLS 200-111] Finished Scheduling: CPU user time: 0.05 seconds. CPU system time: 0 seconds. Elapsed time: 0.05 seconds; current allocated memory: 407.578 MB.
INFO: [BIND 205-100] Starting micro-architecture generation ...
INFO: [BIND 205-101] Performing variable lifetime analysis.
INFO: [BIND 205-101] Exploring resource sharing.
INFO: [BIND 205-101] Binding ...
INFO: [BIND 205-100] Finished micro-architecture generation.
INFO: [HLS 200-111] Finished Binding: CPU user time: 0.02 seconds. CPU system time: 0 seconds. Elapsed time: 0.02 seconds; current allocated memory: 407.578 MB.
INFO: [HLS 200-10] ----------------------------------------------------------------
INFO: [HLS 200-42] -- Implementing module 'kvadd2_Pipeline_7' 
INFO: [HLS 200-10] ----------------------------------------------------------------
INFO: [SCHED 204-11] Starting scheduling ...
INFO: [SCHED 204-61] Pipelining loop 'Loop 1'.
INFO: [HLS 200-1470] Pipelining result : Target II = NA, Final II = 1, Depth = 3, loop 'Loop 1'
INFO: [SCHED 204-11] Finished scheduling.
INFO: [HLS 200-111] Finished Scheduling: CPU user time: 0.04 seconds. CPU system time: 0.01 seconds. Elapsed time: 0.04 seconds; current allocated memory: 407.926 MB.
INFO: [BIND 205-100] Starting micro-architecture generation ...
INFO: [BIND 205-101] Performing variable lifetime analysis.
INFO: [BIND 205-101] Exploring resource sharing.
INFO: [BIND 205-101] Binding ...
INFO: [BIND 205-100] Finished micro-architecture generation.
INFO: [HLS 200-111] Finished Binding: CPU user time: 0.03 seconds. CPU system time: 0 seconds. Elapsed time: 0.03 seconds; current allocated memory: 407.926 MB.
INFO: [HLS 200-10] ----------------------------------------------------------------
INFO: [HLS 200-42] -- Implementing module 'kvadd2_Pipeline_VITIS_LOOP_98_3' 
INFO: [HLS 200-10] ----------------------------------------------------------------
INFO: [SCHED 204-11] Starting scheduling ...
INFO: [SCHED 204-61] Pipelining loop 'VITIS_LOOP_98_3'.
INFO: [HLS 200-1470] Pipelining result : Target II = NA, Final II = 1, Depth = 2, loop 'VITIS_LOOP_98_3'
INFO: [SCHED 204-11] Finished scheduling.
INFO: [HLS 200-111] Finished Scheduling: CPU user time: 0.04 seconds. CPU system time: 0 seconds. Elapsed time: 0.04 seconds; current allocated memory: 408.164 MB.
INFO: [BIND 205-100] Starting micro-architecture generation ...
INFO: [BIND 205-101] Performing variable lifetime analysis.
INFO: [BIND 205-101] Exploring resource sharing.
INFO: [BIND 205-101] Binding ...
INFO: [BIND 205-100] Finished micro-architecture generation.
INFO: [HLS 200-111] Finished Binding: CPU user time: 0.02 seconds. CPU system time: 0 seconds. Elapsed time: 0.02 seconds; current allocated memory: 408.164 MB.
INFO: [HLS 200-10] ----------------------------------------------------------------
INFO: [HLS 200-42] -- Implementing module 'kvadd2_Pipeline_9' 
INFO: [HLS 200-10] ----------------------------------------------------------------
INFO: [SCHED 204-11] Starting scheduling ...
INFO: [SCHED 204-61] Pipelining loop 'Loop 1'.
INFO: [HLS 200-1470] Pipelining result : Target II = NA, Final II = 1, Depth = 3, loop 'Loop 1'
INFO: [SCHED 204-11] Finished scheduling.
INFO: [HLS 200-111] Finished Scheduling: CPU user time: 0.04 seconds. CPU system time: 0.01 seconds. Elapsed time: 0.04 seconds; current allocated memory: 408.453 MB.
INFO: [BIND 205-100] Starting micro-architecture generation ...
INFO: [BIND 205-101] Performing variable lifetime analysis.
INFO: [BIND 205-101] Exploring resource sharing.
INFO: [BIND 205-101] Binding ...
INFO: [BIND 205-100] Finished micro-architecture generation.
INFO: [HLS 200-111] Finished Binding: CPU user time: 0.03 seconds. CPU system time: 0 seconds. Elapsed time: 0.03 seconds; current allocated memory: 408.453 MB.
INFO: [HLS 200-10] ----------------------------------------------------------------
INFO: [HLS 200-42] -- Implementing module 'kvadd2' 
INFO: [HLS 200-10] ----------------------------------------------------------------
INFO: [SCHED 204-11] Starting scheduling ...
INFO: [SCHED 204-11] Finished scheduling.
INFO: [HLS 200-111] Finished Scheduling: CPU user time: 0.21 seconds. CPU system time: 0 seconds. Elapsed time: 0.22 seconds; current allocated memory: 408.738 MB.
INFO: [BIND 205-100] Starting micro-architecture generation ...
INFO: [BIND 205-101] Performing variable lifetime analysis.
INFO: [BIND 205-101] Exploring resource sharing.
INFO: [BIND 205-101] Binding ...
INFO: [BIND 205-100] Finished micro-architecture generation.
INFO: [HLS 200-111] Finished Binding: CPU user time: 0.54 seconds. CPU system time: 0.01 seconds. Elapsed time: 0.56 seconds; current allocated memory: 409.414 MB.
INFO: [HLS 200-10] ----------------------------------------------------------------
INFO: [HLS 200-10] -- Generating RTL for module 'kvadd2_Pipeline_1' 
INFO: [HLS 200-10] ----------------------------------------------------------------
INFO: [HLS 200-1030] Apply Unified Pipeline Control on module 'kvadd2_Pipeline_1' pipeline 'Loop 1' pipeline type 'loop pipeline'
WARNING: [RTGEN 206-101] Setting dangling out port 'kvadd2_Pipeline_1/m_axi_m00_axi_ARVALID' to 0.
WARNING: [RTGEN 206-101] Setting dangling out port 'kvadd2_Pipeline_1/m_axi_m00_axi_ARADDR' to 0.
WARNING: [RTGEN 206-101] Setting dangling out port 'kvadd2_Pipeline_1/m_axi_m00_axi_ARID' to 0.
WARNING: [RTGEN 206-101] Setting dangling out port 'kvadd2_Pipeline_1/m_axi_m00_axi_ARLEN' to 0.
WARNING: [RTGEN 206-101] Setting dangling out port 'kvadd2_Pipeline_1/m_axi_m00_axi_ARSIZE' to 0.
WARNING: [RTGEN 206-101] Setting dangling out port 'kvadd2_Pipeline_1/m_axi_m00_axi_ARBURST' to 0.
WARNING: [RTGEN 206-101] Setting dangling out port 'kvadd2_Pipeline_1/m_axi_m00_axi_ARLOCK' to 0.
WARNING: [RTGEN 206-101] Setting dangling out port 'kvadd2_Pipeline_1/m_axi_m00_axi_ARCACHE' to 0.
WARNING: [RTGEN 206-101] Setting dangling out port 'kvadd2_Pipeline_1/m_axi_m00_axi_ARPROT' to 0.
WARNING: [RTGEN 206-101] Setting dangling out port 'kvadd2_Pipeline_1/m_axi_m00_axi_ARQOS' to 0.
WARNING: [RTGEN 206-101] Setting dangling out port 'kvadd2_Pipeline_1/m_axi_m00_axi_ARREGION' to 0.
WARNING: [RTGEN 206-101] Setting dangling out port 'kvadd2_Pipeline_1/m_axi_m00_axi_ARUSER' to 0.
INFO: [RTGEN 206-100] Finished creating RTL model for 'kvadd2_Pipeline_1'.
INFO: [HLS 200-111] Finished Creating RTL model: CPU user time: 0.21 seconds. CPU system time: 0 seconds. Elapsed time: 0.2 seconds; current allocated memory: 410.027 MB.
INFO: [HLS 200-10] ----------------------------------------------------------------
INFO: [HLS 200-10] -- Generating RTL for module 'kvadd2_Pipeline_VITIS_LOOP_56_1' 
INFO: [HLS 200-10] ----------------------------------------------------------------
INFO: [HLS 200-1030] Apply Unified Pipeline Control on module 'kvadd2_Pipeline_VITIS_LOOP_56_1' pipeline 'VITIS_LOOP_56_1' pipeline type 'loop pipeline'
INFO: [RTGEN 206-100] Finished creating RTL model for 'kvadd2_Pipeline_VITIS_LOOP_56_1'.
INFO: [HLS 200-111] Finished Creating RTL model: CPU user time: 0.11 seconds. CPU system time: 0 seconds. Elapsed time: 0.11 seconds; current allocated memory: 410.977 MB.
INFO: [HLS 200-10] ----------------------------------------------------------------
INFO: [HLS 200-10] -- Generating RTL for module 'kvadd2_Pipeline_3' 
INFO: [HLS 200-10] ----------------------------------------------------------------
INFO: [HLS 200-1030] Apply Unified Pipeline Control on module 'kvadd2_Pipeline_3' pipeline 'Loop 1' pipeline type 'loop pipeline'
WARNING: [RTGEN 206-101] Setting dangling out port 'kvadd2_Pipeline_3/m_axi_m00_axi_AWVALID' to 0.
WARNING: [RTGEN 206-101] Setting dangling out port 'kvadd2_Pipeline_3/m_axi_m00_axi_AWADDR' to 0.
WARNING: [RTGEN 206-101] Setting dangling out port 'kvadd2_Pipeline_3/m_axi_m00_axi_AWID' to 0.
WARNING: [RTGEN 206-101] Setting dangling out port 'kvadd2_Pipeline_3/m_axi_m00_axi_AWLEN' to 0.
WARNING: [RTGEN 206-101] Setting dangling out port 'kvadd2_Pipeline_3/m_axi_m00_axi_AWSIZE' to 0.
WARNING: [RTGEN 206-101] Setting dangling out port 'kvadd2_Pipeline_3/m_axi_m00_axi_AWBURST' to 0.
WARNING: [RTGEN 206-101] Setting dangling out port 'kvadd2_Pipeline_3/m_axi_m00_axi_AWLOCK' to 0.
WARNING: [RTGEN 206-101] Setting dangling out port 'kvadd2_Pipeline_3/m_axi_m00_axi_AWCACHE' to 0.
WARNING: [RTGEN 206-101] Setting dangling out port 'kvadd2_Pipeline_3/m_axi_m00_axi_AWPROT' to 0.
WARNING: [RTGEN 206-101] Setting dangling out port 'kvadd2_Pipeline_3/m_axi_m00_axi_AWQOS' to 0.
WARNING: [RTGEN 206-101] Setting dangling out port 'kvadd2_Pipeline_3/m_axi_m00_axi_AWREGION' to 0.
WARNING: [RTGEN 206-101] Setting dangling out port 'kvadd2_Pipeline_3/m_axi_m00_axi_AWUSER' to 0.
WARNING: [RTGEN 206-101] Setting dangling out port 'kvadd2_Pipeline_3/m_axi_m00_axi_BREADY' to 0.
INFO: [RTGEN 206-100] Finished creating RTL model for 'kvadd2_Pipeline_3'.
INFO: [HLS 200-111] Finished Creating RTL model: CPU user time: 0.09 seconds. CPU system time: 0 seconds. Elapsed time: 0.08 seconds; current allocated memory: 411.836 MB.
INFO: [HLS 200-10] ----------------------------------------------------------------
INFO: [HLS 200-10] -- Generating RTL for module 'kvadd2_Pipeline_4' 
INFO: [HLS 200-10] ----------------------------------------------------------------
INFO: [HLS 200-1030] Apply Unified Pipeline Control on module 'kvadd2_Pipeline_4' pipeline 'Loop 1' pipeline type 'loop pipeline'
WARNING: [RTGEN 206-101] Setting dangling out port 'kvadd2_Pipeline_4/m_axi_m01_axi_ARVALID' to 0.
WARNING: [RTGEN 206-101] Setting dangling out port 'kvadd2_Pipeline_4/m_axi_m01_axi_ARADDR' to 0.
WARNING: [RTGEN 206-101] Setting dangling out port 'kvadd2_Pipeline_4/m_axi_m01_axi_ARID' to 0.
WARNING: [RTGEN 206-101] Setting dangling out port 'kvadd2_Pipeline_4/m_axi_m01_axi_ARLEN' to 0.
WARNING: [RTGEN 206-101] Setting dangling out port 'kvadd2_Pipeline_4/m_axi_m01_axi_ARSIZE' to 0.
WARNING: [RTGEN 206-101] Setting dangling out port 'kvadd2_Pipeline_4/m_axi_m01_axi_ARBURST' to 0.
WARNING: [RTGEN 206-101] Setting dangling out port 'kvadd2_Pipeline_4/m_axi_m01_axi_ARLOCK' to 0.
WARNING: [RTGEN 206-101] Setting dangling out port 'kvadd2_Pipeline_4/m_axi_m01_axi_ARCACHE' to 0.
WARNING: [RTGEN 206-101] Setting dangling out port 'kvadd2_Pipeline_4/m_axi_m01_axi_ARPROT' to 0.
WARNING: [RTGEN 206-101] Setting dangling out port 'kvadd2_Pipeline_4/m_axi_m01_axi_ARQOS' to 0.
WARNING: [RTGEN 206-101] Setting dangling out port 'kvadd2_Pipeline_4/m_axi_m01_axi_ARREGION' to 0.
WARNING: [RTGEN 206-101] Setting dangling out port 'kvadd2_Pipeline_4/m_axi_m01_axi_ARUSER' to 0.
INFO: [RTGEN 206-100] Finished creating RTL model for 'kvadd2_Pipeline_4'.
INFO: [HLS 200-111] Finished Creating RTL model: CPU user time: 0.08 seconds. CPU system time: 0.01 seconds. Elapsed time: 0.09 seconds; current allocated memory: 412.914 MB.
INFO: [HLS 200-10] ----------------------------------------------------------------
INFO: [HLS 200-10] -- Generating RTL for module 'kvadd2_Pipeline_VITIS_LOOP_77_2' 
INFO: [HLS 200-10] ----------------------------------------------------------------
INFO: [HLS 200-1030] Apply Unified Pipeline Control on module 'kvadd2_Pipeline_VITIS_LOOP_77_2' pipeline 'VITIS_LOOP_77_2' pipeline type 'loop pipeline'
INFO: [RTGEN 206-100] Finished creating RTL model for 'kvadd2_Pipeline_VITIS_LOOP_77_2'.
INFO: [HLS 200-111] Finished Creating RTL model: CPU user time: 0.07 seconds. CPU system time: 0 seconds. Elapsed time: 0.07 seconds; current allocated memory: 413.777 MB.
INFO: [HLS 200-10] ----------------------------------------------------------------
INFO: [HLS 200-10] -- Generating RTL for module 'kvadd2_Pipeline_6' 
INFO: [HLS 200-10] ----------------------------------------------------------------
INFO: [HLS 200-1030] Apply Unified Pipeline Control on module 'kvadd2_Pipeline_6' pipeline 'Loop 1' pipeline type 'loop pipeline'
WARNING: [RTGEN 206-101] Setting dangling out port 'kvadd2_Pipeline_6/m_axi_m01_axi_AWVALID' to 0.
WARNING: [RTGEN 206-101] Setting dangling out port 'kvadd2_Pipeline_6/m_axi_m01_axi_AWADDR' to 0.
WARNING: [RTGEN 206-101] Setting dangling out port 'kvadd2_Pipeline_6/m_axi_m01_axi_AWID' to 0.
WARNING: [RTGEN 206-101] Setting dangling out port 'kvadd2_Pipeline_6/m_axi_m01_axi_AWLEN' to 0.
WARNING: [RTGEN 206-101] Setting dangling out port 'kvadd2_Pipeline_6/m_axi_m01_axi_AWSIZE' to 0.
WARNING: [RTGEN 206-101] Setting dangling out port 'kvadd2_Pipeline_6/m_axi_m01_axi_AWBURST' to 0.
WARNING: [RTGEN 206-101] Setting dangling out port 'kvadd2_Pipeline_6/m_axi_m01_axi_AWLOCK' to 0.
WARNING: [RTGEN 206-101] Setting dangling out port 'kvadd2_Pipeline_6/m_axi_m01_axi_AWCACHE' to 0.
WARNING: [RTGEN 206-101] Setting dangling out port 'kvadd2_Pipeline_6/m_axi_m01_axi_AWPROT' to 0.
WARNING: [RTGEN 206-101] Setting dangling out port 'kvadd2_Pipeline_6/m_axi_m01_axi_AWQOS' to 0.
WARNING: [RTGEN 206-101] Setting dangling out port 'kvadd2_Pipeline_6/m_axi_m01_axi_AWREGION' to 0.
WARNING: [RTGEN 206-101] Setting dangling out port 'kvadd2_Pipeline_6/m_axi_m01_axi_AWUSER' to 0.
WARNING: [RTGEN 206-101] Setting dangling out port 'kvadd2_Pipeline_6/m_axi_m01_axi_BREADY' to 0.
INFO: [RTGEN 206-100] Finished creating RTL model for 'kvadd2_Pipeline_6'.
INFO: [HLS 200-111] Finished Creating RTL model: CPU user time: 0.08 seconds. CPU system time: 0 seconds. Elapsed time: 0.08 seconds; current allocated memory: 414.656 MB.
INFO: [HLS 200-10] ----------------------------------------------------------------
INFO: [HLS 200-10] -- Generating RTL for module 'kvadd2_Pipeline_7' 
INFO: [HLS 200-10] ----------------------------------------------------------------
INFO: [HLS 200-1030] Apply Unified Pipeline Control on module 'kvadd2_Pipeline_7' pipeline 'Loop 1' pipeline type 'loop pipeline'
WARNING: [RTGEN 206-101] Setting dangling out port 'kvadd2_Pipeline_7/m_axi_m02_axi_ARVALID' to 0.
WARNING: [RTGEN 206-101] Setting dangling out port 'kvadd2_Pipeline_7/m_axi_m02_axi_ARADDR' to 0.
WARNING: [RTGEN 206-101] Setting dangling out port 'kvadd2_Pipeline_7/m_axi_m02_axi_ARID' to 0.
WARNING: [RTGEN 206-101] Setting dangling out port 'kvadd2_Pipeline_7/m_axi_m02_axi_ARLEN' to 0.
WARNING: [RTGEN 206-101] Setting dangling out port 'kvadd2_Pipeline_7/m_axi_m02_axi_ARSIZE' to 0.
WARNING: [RTGEN 206-101] Setting dangling out port 'kvadd2_Pipeline_7/m_axi_m02_axi_ARBURST' to 0.
WARNING: [RTGEN 206-101] Setting dangling out port 'kvadd2_Pipeline_7/m_axi_m02_axi_ARLOCK' to 0.
WARNING: [RTGEN 206-101] Setting dangling out port 'kvadd2_Pipeline_7/m_axi_m02_axi_ARCACHE' to 0.
WARNING: [RTGEN 206-101] Setting dangling out port 'kvadd2_Pipeline_7/m_axi_m02_axi_ARPROT' to 0.
WARNING: [RTGEN 206-101] Setting dangling out port 'kvadd2_Pipeline_7/m_axi_m02_axi_ARQOS' to 0.
WARNING: [RTGEN 206-101] Setting dangling out port 'kvadd2_Pipeline_7/m_axi_m02_axi_ARREGION' to 0.
WARNING: [RTGEN 206-101] Setting dangling out port 'kvadd2_Pipeline_7/m_axi_m02_axi_ARUSER' to 0.
INFO: [RTGEN 206-100] Finished creating RTL model for 'kvadd2_Pipeline_7'.
INFO: [HLS 200-111] Finished Creating RTL model: CPU user time: 0.1 seconds. CPU system time: 0 seconds. Elapsed time: 0.1 seconds; current allocated memory: 415.766 MB.
INFO: [HLS 200-10] ----------------------------------------------------------------
INFO: [HLS 200-10] -- Generating RTL for module 'kvadd2_Pipeline_VITIS_LOOP_98_3' 
INFO: [HLS 200-10] ----------------------------------------------------------------
INFO: [HLS 200-1030] Apply Unified Pipeline Control on module 'kvadd2_Pipeline_VITIS_LOOP_98_3' pipeline 'VITIS_LOOP_98_3' pipeline type 'loop pipeline'
INFO: [RTGEN 206-100] Finished creating RTL model for 'kvadd2_Pipeline_VITIS_LOOP_98_3'.
INFO: [HLS 200-111] Finished Creating RTL model: CPU user time: 0.08 seconds. CPU system time: 0.01 seconds. Elapsed time: 0.07 seconds; current allocated memory: 416.648 MB.
INFO: [HLS 200-10] ----------------------------------------------------------------
INFO: [HLS 200-10] -- Generating RTL for module 'kvadd2_Pipeline_9' 
INFO: [HLS 200-10] ----------------------------------------------------------------
INFO: [HLS 200-1030] Apply Unified Pipeline Control on module 'kvadd2_Pipeline_9' pipeline 'Loop 1' pipeline type 'loop pipeline'
WARNING: [RTGEN 206-101] Setting dangling out port 'kvadd2_Pipeline_9/m_axi_m02_axi_AWVALID' to 0.
WARNING: [RTGEN 206-101] Setting dangling out port 'kvadd2_Pipeline_9/m_axi_m02_axi_AWADDR' to 0.
WARNING: [RTGEN 206-101] Setting dangling out port 'kvadd2_Pipeline_9/m_axi_m02_axi_AWID' to 0.
WARNING: [RTGEN 206-101] Setting dangling out port 'kvadd2_Pipeline_9/m_axi_m02_axi_AWLEN' to 0.
WARNING: [RTGEN 206-101] Setting dangling out port 'kvadd2_Pipeline_9/m_axi_m02_axi_AWSIZE' to 0.
WARNING: [RTGEN 206-101] Setting dangling out port 'kvadd2_Pipeline_9/m_axi_m02_axi_AWBURST' to 0.
WARNING: [RTGEN 206-101] Setting dangling out port 'kvadd2_Pipeline_9/m_axi_m02_axi_AWLOCK' to 0.
WARNING: [RTGEN 206-101] Setting dangling out port 'kvadd2_Pipeline_9/m_axi_m02_axi_AWCACHE' to 0.
WARNING: [RTGEN 206-101] Setting dangling out port 'kvadd2_Pipeline_9/m_axi_m02_axi_AWPROT' to 0.
WARNING: [RTGEN 206-101] Setting dangling out port 'kvadd2_Pipeline_9/m_axi_m02_axi_AWQOS' to 0.
WARNING: [RTGEN 206-101] Setting dangling out port 'kvadd2_Pipeline_9/m_axi_m02_axi_AWREGION' to 0.
WARNING: [RTGEN 206-101] Setting dangling out port 'kvadd2_Pipeline_9/m_axi_m02_axi_AWUSER' to 0.
WARNING: [RTGEN 206-101] Setting dangling out port 'kvadd2_Pipeline_9/m_axi_m02_axi_BREADY' to 0.
INFO: [RTGEN 206-100] Finished creating RTL model for 'kvadd2_Pipeline_9'.
INFO: [HLS 200-111] Finished Creating RTL model: CPU user time: 0.08 seconds. CPU system time: 0 seconds. Elapsed time: 0.08 seconds; current allocated memory: 417.512 MB.
INFO: [HLS 200-10] ----------------------------------------------------------------
INFO: [HLS 200-10] -- Generating RTL for module 'kvadd2' 
INFO: [HLS 200-10] ----------------------------------------------------------------
WARNING: [RTGEN 206-101] Design contains AXI ports. Reset is fixed to synchronous and active low.
INFO: [RTGEN 206-500] Setting interface mode on port 'kvadd2/m00_axi' to 'm_axi'.
INFO: [RTGEN 206-500] Setting interface mode on port 'kvadd2/m01_axi' to 'm_axi'.
INFO: [RTGEN 206-500] Setting interface mode on port 'kvadd2/m02_axi' to 'm_axi'.
INFO: [RTGEN 206-500] Setting interface mode on port 'kvadd2/A' to 's_axilite & ap_none'.
INFO: [RTGEN 206-500] Setting interface mode on port 'kvadd2/B' to 's_axilite & ap_none'.
INFO: [RTGEN 206-500] Setting interface mode on port 'kvadd2/res' to 's_axilite & ap_none'.
INFO: [RTGEN 206-500] Setting interface mode on function 'kvadd2' to 's_axilite & ap_ctrl_hs'.
INFO: [RTGEN 206-100] Bundling port 'A', 'B', 'res' and 'return' to AXI-Lite port control.
INFO: [RTGEN 206-100] Finished creating RTL model for 'kvadd2'.
INFO: [RTMG 210-278] Implementing memory 'kvadd2_m00_axi_input_buffer_RAM_AUTO_1R1W' using auto RAMs.
INFO: [HLS 200-111] Finished Creating RTL model: CPU user time: 0.14 seconds. CPU system time: 0.01 seconds. Elapsed time: 0.25 seconds; current allocated memory: 422.363 MB.
INFO: [HLS 200-111] Finished Generating all RTL models: CPU user time: 0.78 seconds. CPU system time: 0.03 seconds. Elapsed time: 0.82 seconds; current allocated memory: 426.648 MB.
INFO: [HLS 200-1603] Design has inferred MAXI bursts, see Vitis HLS GUI synthesis summary report for detailed information.
INFO: [HLS 200-111] Finished Updating report files: CPU user time: 0.85 seconds. CPU system time: 0.02 seconds. Elapsed time: 0.89 seconds; current allocated memory: 434.539 MB.
INFO: [VHDL 208-304] Generating VHDL RTL for kvadd2.
INFO: [VLOG 209-307] Generating Verilog RTL for kvadd2.
INFO: [HLS 200-790] **** Loop Constraint Status: All loop constraints were satisfied.
INFO: [HLS 200-789] **** Estimated Fmax: 136.99 MHz
INFO: [HLS 200-111] Finished Command csynth_design CPU user time: 14.38 seconds. CPU system time: 1.45 seconds. Elapsed time: 20.8 seconds; current allocated memory: 134.793 MB.
INFO: [HLS 200-112] Total CPU user time: 15.66 seconds. Total CPU system time: 1.74 seconds. Total elapsed time: 33.84 seconds; peak allocated memory: 434.633 MB.
INFO: [Common 17-206] Exiting vitis_hls at Wed Apr 19 21:18:43 2023...
