Mon Apr 17 18:44:12 2023: Running xcd server. This server was built by gradle.
Mon Apr 17 18:44:12 2023: Server was asked to start on port: '40131'
Mon Apr 17 18:44:12 2023: Server is using token UUID: '9ef1a7fa-bac1-4e66-b23b-ca3b545f2939'
Mon Apr 17 18:44:12 2023: SESSION_MGR: creating session with session uuid: '6d04a3e9-ade5-4ab9-8d63-1f78fcd2ec76' and name 'default'
Mon Apr 17 18:44:12 2023: Attempting to start server on port '40131'
Mon Apr 17 18:44:12 2023: XCD main fifo: created main fifo '/tmp/xcdmain9ef1a7fa-bac1-4e66-b23b-ca3b545f2939', fd read = 432
Mon Apr 17 18:44:12 2023: Running Dispatch Server
Mon Apr 17 18:44:12 2023: Version 2.2.0
Mon Apr 17 18:44:21 2023: Dispatch Server: Accepted socket connection from client
Mon Apr 17 18:44:21 2023: Starting Socket connection
Mon Apr 17 18:44:21 2023: EXCHANGE_TOKEN received, server token: 9ef1a7fa-bac1-4e66-b23b-ca3b545f2939, passed token: 9ef1a7fa-bac1-4e66-b23b-ca3b545f2939
Mon Apr 17 18:44:21 2023: SESSION_MGR: creating session with session uuid: 'd9780461-e70a-4596-824e-2befe619fce5' and name 'vitis_hls'
Mon Apr 17 18:44:21 2023: KERNEL_SVC: creating session with uuid: 'd9780461-e70a-4596-824e-2befe619fce5' and name 'vitis_hls'
Mon Apr 17 18:44:21 2023: GUIDANCE_SMGR: creating guidance session with uuid: 'd9780461-e70a-4596-824e-2befe619fce5' and name 'vitis_hls'
Mon Apr 17 18:44:41 2023: STOP_SERVER received, server token: 9ef1a7fa-bac1-4e66-b23b-ca3b545f2939, passed token: 9ef1a7fa-bac1-4e66-b23b-ca3b545f2939
Mon Apr 17 18:44:41 2023: Socket received request to stop server.
Mon Apr 17 18:44:41 2023: Dispatch Server: do_await_stop
Mon Apr 17 18:44:41 2023: Dispatch Server: stopping mainFifo_
Mon Apr 17 18:44:41 2023: XCD main fifo: Stopping
Mon Apr 17 18:44:41 2023: XCD main fifo: do_read error code: Operation canceled
Mon Apr 17 18:44:41 2023: XCD main fifo: bytes_transferred: 0
Mon Apr 17 18:44:41 2023: SERVER: destructor for server bound to port 40131
Mon Apr 17 18:44:41 2023: XCD main fifo: Good unlink of /tmp/xcdmain9ef1a7fa-bac1-4e66-b23b-ca3b545f2939
Mon Apr 17 18:44:41 2023: Server exiting with status 0.
Mon Apr 17 18:44:41 2023: Closing log file.
