INFO: [VRFC 10-2263] Analyzing Verilog file "/home/pablo1318/workspace/proyecto_system_hw_link/Emulation-HW/binary_container_1.build/link/vivado/vpl/prj/prj.ip_user_files/bd/pfm_dynamic/ip/pfm_dynamic_pfm_clk_2_0/sim/pfm_dynamic_pfm_clk_2_0.v" into library xil_defaultlib
INFO: [VRFC 10-311] analyzing module pfm_dynamic_pfm_clk_2_0
INFO: [VRFC 10-2263] Analyzing Verilog file "/home/pablo1318/workspace/proyecto_system_hw_link/Emulation-HW/binary_container_1.build/link/vivado/vpl/prj/prj.ip_user_files/bd/pfm_dynamic/ip/pfm_dynamic_pfm_clk_3_0/sim/pfm_dynamic_pfm_clk_3_0.v" into library xil_defaultlib
INFO: [VRFC 10-311] analyzing module pfm_dynamic_pfm_clk_3_0
INFO: [VRFC 10-2263] Analyzing Verilog file "/home/pablo1318/workspace/proyecto_system_hw_link/Emulation-HW/binary_container_1.build/link/vivado/vpl/prj/prj.ip_user_files/bd/pfm_dynamic/ip/pfm_dynamic_kernel2_clk_0/sim/pfm_dynamic_kernel2_clk_0.v" into library xil_defaultlib
INFO: [VRFC 10-311] analyzing module pfm_dynamic_kernel2_clk_0
INFO: [VRFC 10-2263] Analyzing Verilog file "/home/pablo1318/workspace/proyecto_system_hw_link/Emulation-HW/binary_container_1.build/link/vivado/vpl/prj/prj.ip_user_files/bd/pfm_dynamic/ip/pfm_dynamic_kernel_clk_0/sim/pfm_dynamic_kernel_clk_0.v" into library xil_defaultlib
INFO: [VRFC 10-311] analyzing module pfm_dynamic_kernel_clk_0
INFO: [VRFC 10-2263] Analyzing Verilog file "/home/pablo1318/workspace/proyecto_system_hw_link/Emulation-HW/binary_container_1.build/link/vivado/vpl/prj/prj.ip_user_files/bd/pfm_dynamic/ip/pfm_dynamic_smartconn_data_0_0/bd_0/sim/bd_f615.v" into library xil_defaultlib
INFO: [VRFC 10-311] analyzing module bd_f615
INFO: [VRFC 10-311] analyzing module clk_map_imp_1164T92
INFO: [VRFC 10-311] analyzing module m00_exit_pipeline_imp_YS3DU5
INFO: [VRFC 10-311] analyzing module m00_nodes_imp_CLQD41
INFO: [VRFC 10-311] analyzing module m01_exit_pipeline_imp_TJ8LXP
INFO: [VRFC 10-311] analyzing module m01_nodes_imp_1CXVZX3
INFO: [VRFC 10-311] analyzing module m02_exit_pipeline_imp_N1EYX9
INFO: [VRFC 10-311] analyzing module m02_nodes_imp_1KLSKSS
INFO: [VRFC 10-311] analyzing module m03_exit_pipeline_imp_IWJA19
INFO: [VRFC 10-311] analyzing module m03_nodes_imp_MHM52Y
INFO: [VRFC 10-311] analyzing module m04_exit_pipeline_imp_9FBHE5
INFO: [VRFC 10-311] analyzing module m04_nodes_imp_EMWSMY
INFO: [VRFC 10-311] analyzing module s00_entry_pipeline_imp_1YLIFNY
INFO: [VRFC 10-311] analyzing module s00_nodes_imp_1TF7GES
INFO: [VRFC 10-311] analyzing module s01_entry_pipeline_imp_S10AHM
INFO: [VRFC 10-311] analyzing module s01_nodes_imp_WYEX0I
INFO: [VRFC 10-311] analyzing module s02_entry_pipeline_imp_5ISRAF
INFO: [VRFC 10-311] analyzing module s02_nodes_imp_2YFFCP
INFO: [VRFC 10-311] analyzing module s03_entry_pipeline_imp_11WA703
INFO: [VRFC 10-311] analyzing module s03_nodes_imp_162V1N3
INFO: [VRFC 10-311] analyzing module switchboards_imp_ZL0EYO
INFO: [VRFC 10-2263] Analyzing SystemVerilog file "/home/pablo1318/workspace/proyecto_system_hw_link/Emulation-HW/binary_container_1.build/link/vivado/vpl/prj/prj.ip_user_files/bd/pfm_dynamic/ip/pfm_dynamic_smartconn_data_0_0/sim/pfm_dynamic_smartconn_data_0_0_stub.sv" into library xil_defaultlib
INFO: [VRFC 10-311] analyzing module pfm_dynamic_smartconn_data_0_0
INFO: [VRFC 10-2263] Analyzing Verilog file "/home/pablo1318/workspace/proyecto_system_hw_link/Emulation-HW/binary_container_1.build/link/vivado/vpl/prj/prj.ip_user_files/bd/pfm_dynamic/ip/pfm_dynamic_xlconcat_interrupt_0/sim/pfm_dynamic_xlconcat_interrupt_0.v" into library xil_defaultlib
INFO: [VRFC 10-311] analyzing module pfm_dynamic_xlconcat_interrupt_0
INFO: [VRFC 10-2263] Analyzing Verilog file "/home/pablo1318/workspace/proyecto_system_hw_link/Emulation-HW/binary_container_1.build/link/vivado/vpl/prj/prj.ip_user_files/bd/pfm_dynamic/ip/pfm_dynamic_xlconcat_interrupt_0_0/sim/pfm_dynamic_xlconcat_interrupt_0_0.v" into library xil_defaultlib
INFO: [VRFC 10-311] analyzing module pfm_dynamic_xlconcat_interrupt_0_0
INFO: [VRFC 10-2263] Analyzing Verilog file "/home/pablo1318/workspace/proyecto_system_hw_link/Emulation-HW/binary_container_1.build/link/vivado/vpl/prj/prj.ip_user_files/bd/pfm_dynamic/ip/pfm_dynamic_xlconcat_interrupt_1_0/sim/pfm_dynamic_xlconcat_interrupt_1_0.v" into library xil_defaultlib
INFO: [VRFC 10-311] analyzing module pfm_dynamic_xlconcat_interrupt_1_0
INFO: [VRFC 10-2263] Analyzing Verilog file "/home/pablo1318/workspace/proyecto_system_hw_link/Emulation-HW/binary_container_1.build/link/vivado/vpl/prj/prj.ip_user_files/bd/pfm_dynamic/ip/pfm_dynamic_xlconcat_interrupt_2_0/sim/pfm_dynamic_xlconcat_interrupt_2_0.v" into library xil_defaultlib
INFO: [VRFC 10-311] analyzing module pfm_dynamic_xlconcat_interrupt_2_0
INFO: [VRFC 10-2263] Analyzing Verilog file "/home/pablo1318/workspace/proyecto_system_hw_link/Emulation-HW/binary_container_1.build/link/vivado/vpl/prj/prj.ip_user_files/bd/pfm_dynamic/ip/pfm_dynamic_xlconcat_interrupt_3_0/sim/pfm_dynamic_xlconcat_interrupt_3_0.v" into library xil_defaultlib
INFO: [VRFC 10-311] analyzing module pfm_dynamic_xlconcat_interrupt_3_0
INFO: [VRFC 10-2263] Analyzing Verilog file "/home/pablo1318/workspace/proyecto_system_hw_link/Emulation-HW/binary_container_1.build/link/vivado/vpl/prj/prj.ip_user_files/bd/pfm_dynamic/ip/pfm_dynamic_memory_subsystem_0/bd_1/sim/bd_2b97.v" into library xil_defaultlib
INFO: [VRFC 10-311] analyzing module bd_2b97
INFO: [VRFC 10-311] analyzing module clk_map_imp_1347TT7
INFO: [VRFC 10-311] analyzing module m00_exit_pipeline_imp_W9Z7G0
INFO: [VRFC 10-311] analyzing module m00_nodes_imp_A3E53W
INFO: [VRFC 10-311] analyzing module s00_entry_pipeline_imp_1WO4HGZ
INFO: [VRFC 10-311] analyzing module s00_nodes_imp_1QX4D49
INFO: [VRFC 10-311] analyzing module s01_entry_pipeline_imp_TZC3HJ
INFO: [VRFC 10-311] analyzing module s01_nodes_imp_ZGI80V
INFO: [VRFC 10-311] analyzing module switchboards_imp_122G5FH
INFO: [VRFC 10-2263] Analyzing SystemVerilog file "/home/pablo1318/workspace/proyecto_system_hw_link/Emulation-HW/binary_container_1.build/link/vivado/vpl/prj/prj.ip_user_files/bd/pfm_dynamic/ip/pfm_dynamic_memory_subsystem_0/bd_0/ip/ip_9/sim/bd_d216_interconnect_M00_AXI_MEM00_0_stub.sv" into library xil_defaultlib
INFO: [VRFC 10-311] analyzing module bd_d216_interconnect_M00_AXI_MEM00_0
INFO: [VRFC 10-2263] Analyzing SystemVerilog file "/home/pablo1318/workspace/proyecto_system_hw_link/Emulation-HW/binary_container_1.build/link/vivado/vpl/prj/prj.ip_user_files/bd/pfm_dynamic/ip/pfm_dynamic_memory_subsystem_0/bd_0/ip/ip_12/sim/bd_d216_rs_M00_AXI_0_stub.sv" into library xil_defaultlib
INFO: [VRFC 10-311] analyzing module bd_d216_rs_M00_AXI_0
INFO: [VRFC 10-2263] Analyzing Verilog file "/home/pablo1318/workspace/proyecto_system_hw_link/Emulation-HW/binary_container_1.build/link/vivado/vpl/prj/prj.ip_user_files/bd/pfm_dynamic/ip/pfm_dynamic_memory_subsystem_0/bd_0/ip/ip_10/sim/bd_d216_calib_vector_concat_0.v" into library xil_defaultlib
INFO: [VRFC 10-311] analyzing module bd_d216_calib_vector_concat_0
INFO: [VRFC 10-2263] Analyzing Verilog file "/home/pablo1318/workspace/proyecto_system_hw_link/Emulation-HW/binary_container_1.build/link/vivado/vpl/prj/prj.ip_user_files/bd/pfm_dynamic/ip/pfm_dynamic_memory_subsystem_0/bd_0/ip/ip_11/sim/bd_d216_interconnect_ddrmem_ctrl_0.v" into library xil_defaultlib
INFO: [VRFC 10-311] analyzing module bd_d216_interconnect_ddrmem_ctrl_0
INFO: [VRFC 10-2263] Analyzing SystemVerilog file "/home/pablo1318/workspace/proyecto_system_hw_link/Emulation-HW/binary_container_1.build/link/vivado/vpl/prj/prj.ip_user_files/bd/pfm_dynamic/ip/pfm_dynamic_memory_subsystem_0/bd_0/ip/ip_13/sim/bd_d216_calib_const_0_stub.sv" into library xil_defaultlib
INFO: [VRFC 10-311] analyzing module bd_d216_calib_const_0
INFO: [VRFC 10-2263] Analyzing SystemVerilog file "/home/pablo1318/workspace/proyecto_system_hw_link/Emulation-HW/binary_container_1.build/link/vivado/vpl/prj/prj.ip_user_files/bd/pfm_dynamic/ip/pfm_dynamic_memory_subsystem_0/bd_0/sim/bd_d216_sci_stub.sv" into library xil_defaultlib
INFO: [VRFC 10-311] analyzing module bd_d216_sci
INFO: [VRFC 10-2263] Analyzing Verilog file "/home/pablo1318/workspace/proyecto_system_hw_link/Emulation-HW/binary_container_1.build/link/vivado/vpl/prj/prj.ip_user_files/bd/pfm_dynamic/ip/pfm_dynamic_memory_subsystem_0/bd_0/sim/bd_d216.v" into library xil_defaultlib
INFO: [VRFC 10-311] analyzing module bd_d216
INFO: [VRFC 10-311] analyzing module interconnect_imp_6HQKUY
INFO: [VRFC 10-311] analyzing module memory_imp_1K98CM8
INFO: [VRFC 10-311] analyzing module reset_imp_1YKOSPE
INFO: [VRFC 10-2263] Analyzing Verilog file "/home/pablo1318/workspace/proyecto_system_hw_link/Emulation-HW/binary_container_1.build/link/vivado/vpl/prj/prj.ip_user_files/bd/pfm_dynamic/ip/pfm_dynamic_memory_subsystem_0/sim/pfm_dynamic_memory_subsystem_0.v" into library xil_defaultlib
INFO: [VRFC 10-311] analyzing module pfm_dynamic_memory_subsystem_0
INFO: [VRFC 10-2263] Analyzing Verilog file "/home/pablo1318/workspace/proyecto_system_hw_link/Emulation-HW/binary_container_1.build/link/vivado/vpl/prj/prj.ip_user_files/bd/pfm_dynamic/ip/pfm_dynamic_c0_sys_0/sim/pfm_dynamic_c0_sys_0.v" into library xil_defaultlib
INFO: [VRFC 10-311] analyzing module pfm_dynamic_c0_sys_0
INFO: [VRFC 10-2263] Analyzing Verilog file "/home/pablo1318/workspace/proyecto_system_hw_link/Emulation-HW/binary_container_1.build/link/vivado/vpl/prj/prj.ip_user_files/bd/pfm_dynamic/ip/pfm_dynamic_c1_sys_0/sim/pfm_dynamic_c1_sys_0.v" into library xil_defaultlib
INFO: [VRFC 10-311] analyzing module pfm_dynamic_c1_sys_0
INFO: [VRFC 10-2263] Analyzing Verilog file "/home/pablo1318/workspace/proyecto_system_hw_link/Emulation-HW/binary_container_1.build/link/vivado/vpl/prj/prj.ip_user_files/bd/pfm_dynamic/ip/pfm_dynamic_c2_sys_0/sim/pfm_dynamic_c2_sys_0.v" into library xil_defaultlib
INFO: [VRFC 10-311] analyzing module pfm_dynamic_c2_sys_0
INFO: [VRFC 10-2263] Analyzing SystemVerilog file "/home/pablo1318/workspace/proyecto_system_hw_link/Emulation-HW/binary_container_1.build/link/vivado/vpl/prj/prj.ip_user_files/bd/pfm_dynamic/ip/pfm_dynamic_profile_vip_0_0/sim/pfm_dynamic_profile_vip_0_0_stub.sv" into library xil_defaultlib
INFO: [VRFC 10-311] analyzing module pfm_dynamic_profile_vip_0_0
INFO: [VRFC 10-2263] Analyzing Verilog file "/home/pablo1318/workspace/proyecto_system_hw_link/Emulation-HW/binary_container_1.build/link/vivado/vpl/prj/prj.ip_user_files/bd/pfm_dynamic/sim/pfm_dynamic.v" into library xil_defaultlib
INFO: [VRFC 10-311] analyzing module System_DPA_imp_NCWU00
INFO: [VRFC 10-311] analyzing module interrupt_concat_imp_1SXQM3I
INFO: [VRFC 10-311] analyzing module m00_couplers_imp_184K1VH
INFO: [VRFC 10-311] analyzing module m00_couplers_imp_1IU07KW
INFO: [VRFC 10-311] analyzing module m00_couplers_imp_8JNEI7
INFO: [VRFC 10-311] analyzing module m01_couplers_imp_87NC3
INFO: [VRFC 10-311] analyzing module m01_couplers_imp_P1OJY6
INFO: [VRFC 10-311] analyzing module m01_couplers_imp_ZTEVG1
INFO: [VRFC 10-311] analyzing module m02_couplers_imp_YCLZI8
INFO: [VRFC 10-311] analyzing module m03_couplers_imp_1RAAZKU
INFO: [VRFC 10-311] analyzing module pfm_dynamic
INFO: [VRFC 10-311] analyzing module pfm_dynamic_dpa_ctrl_interconnect_0
INFO: [VRFC 10-311] analyzing module pfm_dynamic_interconnect_axilite_user_0_0
INFO: [VRFC 10-311] analyzing module pfm_dynamic_interconnect_axilite_user_1_0
INFO: [VRFC 10-311] analyzing module pfm_dynamic_interconnect_axilite_user_2_0
INFO: [VRFC 10-311] analyzing module pfm_dynamic_interconnect_axilite_user_3_0
INFO: [VRFC 10-311] analyzing module s00_couplers_imp_1858E00
INFO: [VRFC 10-311] analyzing module s00_couplers_imp_1VD9R9B
INFO: [VRFC 10-311] analyzing module s00_couplers_imp_BJPJ00
INFO: [VRFC 10-311] analyzing module s00_couplers_imp_IY3J5B
INFO: [VRFC 10-311] analyzing module s00_couplers_imp_VX2DF1
INFO: [VRFC 10-311] analyzing module slr0_imp_1Q3M93Z
INFO: [VRFC 10-311] analyzing module slr1_imp_IZT2WG
INFO: [VRFC 10-311] analyzing module slr2_imp_EEMOLC
INFO: [VRFC 10-311] analyzing module slr3_imp_1AP68A7
INFO: [VRFC 10-2263] Analyzing Verilog file "/home/pablo1318/workspace/proyecto_system_hw_link/Emulation-HW/binary_container_1.build/link/vivado/vpl/prj/prj.gen/sources_1/bd/pfm_dynamic/ipshared/14e9/hdl/verilog/krnl_vadd_compute_add.v" into library xil_defaultlib
INFO: [VRFC 10-311] analyzing module krnl_vadd_compute_add
INFO: [VRFC 10-2263] Analyzing Verilog file "/home/pablo1318/workspace/proyecto_system_hw_link/Emulation-HW/binary_container_1.build/link/vivado/vpl/prj/prj.gen/sources_1/bd/pfm_dynamic/ipshared/14e9/hdl/verilog/krnl_vadd_compute_add_Pipeline_VITIS_LOOP_106_1.v" into library xil_defaultlib
INFO: [VRFC 10-311] analyzing module krnl_vadd_compute_add_Pipeline_VITIS_LOOP_106_1
INFO: [VRFC 10-2263] Analyzing Verilog file "/home/pablo1318/workspace/proyecto_system_hw_link/Emulation-HW/binary_container_1.build/link/vivado/vpl/prj/prj.gen/sources_1/bd/pfm_dynamic/ipshared/14e9/hdl/verilog/krnl_vadd_control_s_axi.v" into library xil_defaultlib
INFO: [VRFC 10-311] analyzing module krnl_vadd_control_s_axi
INFO: [VRFC 10-2263] Analyzing Verilog file "/home/pablo1318/workspace/proyecto_system_hw_link/Emulation-HW/binary_container_1.build/link/vivado/vpl/prj/prj.gen/sources_1/bd/pfm_dynamic/ipshared/14e9/hdl/verilog/krnl_vadd_entry_proc.v" into library xil_defaultlib
INFO: [VRFC 10-311] analyzing module krnl_vadd_entry_proc
INFO: [VRFC 10-2263] Analyzing Verilog file "/home/pablo1318/workspace/proyecto_system_hw_link/Emulation-HW/binary_container_1.build/link/vivado/vpl/prj/prj.gen/sources_1/bd/pfm_dynamic/ipshared/14e9/hdl/verilog/krnl_vadd_fifo_w32_d2_S.v" into library xil_defaultlib
INFO: [VRFC 10-311] analyzing module krnl_vadd_fifo_w32_d2_S
INFO: [VRFC 10-311] analyzing module krnl_vadd_fifo_w32_d2_S_ShiftReg
INFO: [VRFC 10-2263] Analyzing Verilog file "/home/pablo1318/workspace/proyecto_system_hw_link/Emulation-HW/binary_container_1.build/link/vivado/vpl/prj/prj.gen/sources_1/bd/pfm_dynamic/ipshared/14e9/hdl/verilog/krnl_vadd_fifo_w64_d4_S.v" into library xil_defaultlib
INFO: [VRFC 10-311] analyzing module krnl_vadd_fifo_w64_d4_S
INFO: [VRFC 10-311] analyzing module krnl_vadd_fifo_w64_d4_S_ShiftReg
INFO: [VRFC 10-2263] Analyzing Verilog file "/home/pablo1318/workspace/proyecto_system_hw_link/Emulation-HW/binary_container_1.build/link/vivado/vpl/prj/prj.gen/sources_1/bd/pfm_dynamic/ipshared/14e9/hdl/verilog/krnl_vadd_flow_control_loop_pipe_sequential_init.v" into library xil_defaultlib
INFO: [VRFC 10-311] analyzing module krnl_vadd_flow_control_loop_pipe_sequential_init
INFO: [VRFC 10-2263] Analyzing Verilog file "/home/pablo1318/workspace/proyecto_system_hw_link/Emulation-HW/binary_container_1.build/link/vivado/vpl/prj/prj.gen/sources_1/bd/pfm_dynamic/ipshared/14e9/hdl/verilog/krnl_vadd_gmem0_m_axi.v" into library xil_defaultlib
INFO: [VRFC 10-311] analyzing module krnl_vadd_gmem0_m_axi
INFO: [VRFC 10-311] analyzing module krnl_vadd_gmem0_m_axi_load
INFO: [VRFC 10-311] analyzing module krnl_vadd_gmem0_m_axi_store
INFO: [VRFC 10-311] analyzing module krnl_vadd_gmem0_m_axi_read
INFO: [VRFC 10-311] analyzing module krnl_vadd_gmem0_m_axi_write
INFO: [VRFC 10-311] analyzing module krnl_vadd_gmem0_m_axi_throttle
INFO: [VRFC 10-311] analyzing module krnl_vadd_gmem0_m_axi_reg_slice
INFO: [VRFC 10-311] analyzing module krnl_vadd_gmem0_m_axi_fifo
INFO: [VRFC 10-311] analyzing module krnl_vadd_gmem0_m_axi_srl
INFO: [VRFC 10-311] analyzing module krnl_vadd_gmem0_m_axi_mem
INFO: [VRFC 10-2263] Analyzing Verilog file "/home/pablo1318/workspace/proyecto_system_hw_link/Emulation-HW/binary_container_1.build/link/vivado/vpl/prj/prj.gen/sources_1/bd/pfm_dynamic/ipshared/14e9/hdl/verilog/krnl_vadd_hls_deadlock_detection_unit.v" into library xil_defaultlib
INFO: [VRFC 10-311] analyzing module krnl_vadd_hls_deadlock_detect_unit
INFO: [VRFC 10-2263] Analyzing Verilog file "/home/pablo1318/workspace/proyecto_system_hw_link/Emulation-HW/binary_container_1.build/link/vivado/vpl/prj/prj.gen/sources_1/bd/pfm_dynamic/ipshared/14e9/hdl/verilog/krnl_vadd_load_input.v" into library xil_defaultlib
INFO: [VRFC 10-311] analyzing module krnl_vadd_load_input
INFO: [VRFC 10-2263] Analyzing Verilog file "/home/pablo1318/workspace/proyecto_system_hw_link/Emulation-HW/binary_container_1.build/link/vivado/vpl/prj/prj.gen/sources_1/bd/pfm_dynamic/ipshared/14e9/hdl/verilog/krnl_vadd_load_input_Pipeline_mem_rd.v" into library xil_defaultlib
INFO: [VRFC 10-311] analyzing module krnl_vadd_load_input_Pipeline_mem_rd
INFO: [VRFC 10-2263] Analyzing Verilog file "/home/pablo1318/workspace/proyecto_system_hw_link/Emulation-HW/binary_container_1.build/link/vivado/vpl/prj/prj.gen/sources_1/bd/pfm_dynamic/ipshared/14e9/hdl/verilog/krnl_vadd_start_for_compute_add_U0.v" into library xil_defaultlib
INFO: [VRFC 10-311] analyzing module krnl_vadd_start_for_compute_add_U0
INFO: [VRFC 10-311] analyzing module krnl_vadd_start_for_compute_add_U0_ShiftReg
INFO: [VRFC 10-2263] Analyzing Verilog file "/home/pablo1318/workspace/proyecto_system_hw_link/Emulation-HW/binary_container_1.build/link/vivado/vpl/prj/prj.gen/sources_1/bd/pfm_dynamic/ipshared/14e9/hdl/verilog/krnl_vadd_start_for_store_result_U0.v" into library xil_defaultlib
INFO: [VRFC 10-311] analyzing module krnl_vadd_start_for_store_result_U0
INFO: [VRFC 10-311] analyzing module krnl_vadd_start_for_store_result_U0_ShiftReg
INFO: [VRFC 10-2263] Analyzing Verilog file "/home/pablo1318/workspace/proyecto_system_hw_link/Emulation-HW/binary_container_1.build/link/vivado/vpl/prj/prj.gen/sources_1/bd/pfm_dynamic/ipshared/14e9/hdl/verilog/krnl_vadd_store_result.v" into library xil_defaultlib
INFO: [VRFC 10-311] analyzing module krnl_vadd_store_result
INFO: [VRFC 10-2263] Analyzing Verilog file "/home/pablo1318/workspace/proyecto_system_hw_link/Emulation-HW/binary_container_1.build/link/vivado/vpl/prj/prj.gen/sources_1/bd/pfm_dynamic/ipshared/14e9/hdl/verilog/krnl_vadd.v" into library xil_defaultlib
INFO: [VRFC 10-311] analyzing module krnl_vadd
INFO: [VRFC 10-2263] Analyzing Verilog file "/home/pablo1318/workspace/proyecto_system_hw_link/Emulation-HW/binary_container_1.build/link/vivado/vpl/prj/prj.ip_user_files/bd/pfm_dynamic/ip/pfm_dynamic_krnl_vadd_1_0/sim/pfm_dynamic_krnl_vadd_1_0.v" into library xil_defaultlib
INFO: [VRFC 10-311] analyzing module pfm_dynamic_krnl_vadd_1_0
INFO: [VRFC 10-2263] Analyzing SystemVerilog file "/home/pablo1318/workspace/proyecto_system_hw_link/Emulation-HW/binary_container_1.build/link/vivado/vpl/prj/prj.ip_user_files/bd/pfm_dynamic/ip/pfm_dynamic_irq_const_tieoff_0/sim/pfm_dynamic_irq_const_tieoff_0_stub.sv" into library xil_defaultlib
INFO: [VRFC 10-311] analyzing module pfm_dynamic_irq_const_tieoff_0
INFO: [VRFC 10-2263] Analyzing SystemVerilog file "/home/pablo1318/workspace/proyecto_system_hw_link/Emulation-HW/binary_container_1.build/link/vivado/vpl/prj/prj.ip_user_files/bd/pfm_dynamic/ip/pfm_dynamic_dpa_hub_0/sim/pfm_dynamic_dpa_hub_0_stub.sv" into library xil_defaultlib
INFO: [VRFC 10-311] analyzing module pfm_dynamic_dpa_hub_0
INFO: [VRFC 10-2263] Analyzing SystemVerilog file "/home/pablo1318/workspace/proyecto_system_hw_link/Emulation-HW/binary_container_1.build/link/vivado/vpl/prj/prj.ip_user_files/bd/pfm_dynamic/ip/pfm_dynamic_dpa_mon0_0/sim/pfm_dynamic_dpa_mon0_0_stub.sv" into library xil_defaultlib
INFO: [VRFC 10-311] analyzing module pfm_dynamic_dpa_mon0_0
INFO: [VRFC 10-2263] Analyzing SystemVerilog file "/home/pablo1318/workspace/proyecto_system_hw_link/Emulation-HW/binary_container_1.build/link/vivado/vpl/prj/prj.ip_user_files/bd/pfm_dynamic/ip/pfm_dynamic_dpa_mon1_0/sim/pfm_dynamic_dpa_mon1_0_stub.sv" into library xil_defaultlib
INFO: [VRFC 10-311] analyzing module pfm_dynamic_dpa_mon1_0
INFO: [VRFC 10-2263] Analyzing SystemVerilog file "/home/pablo1318/workspace/proyecto_system_hw_link/Emulation-HW/binary_container_1.build/link/vivado/vpl/prj/prj.ip_user_files/bd/pfm_dynamic/ip/pfm_dynamic_xbar_4/sim/pfm_dynamic_xbar_4_stub.sv" into library xil_defaultlib
INFO: [VRFC 10-311] analyzing module pfm_dynamic_xbar_4
INFO: [VRFC 10-2263] Analyzing SystemVerilog file "/home/pablo1318/workspace/proyecto_system_hw_link/Emulation-HW/binary_container_1.build/link/vivado/vpl/prj/prj.ip_user_files/bd/pfm_dynamic/ip/pfm_dynamic_xbar_5/sim/pfm_dynamic_xbar_5_stub.sv" into library xil_defaultlib
INFO: [VRFC 10-311] analyzing module pfm_dynamic_xbar_5
INFO: [VRFC 10-2263] Analyzing SystemVerilog file "/home/pablo1318/workspace/proyecto_system_hw_link/Emulation-HW/binary_container_1.build/link/vivado/vpl/prj/prj.ip_user_files/bd/pfm_dynamic/ip/pfm_dynamic_xbar_6/sim/pfm_dynamic_xbar_6_stub.sv" into library xil_defaultlib
INFO: [VRFC 10-311] analyzing module pfm_dynamic_xbar_6
INFO: [VRFC 10-2263] Analyzing SystemVerilog file "/home/pablo1318/workspace/proyecto_system_hw_link/Emulation-HW/binary_container_1.build/link/vivado/vpl/prj/prj.ip_user_files/bd/pfm_dynamic/ip/pfm_dynamic_m01_regslice_6/sim/pfm_dynamic_m01_regslice_6_stub.sv" into library xil_defaultlib
INFO: [VRFC 10-311] analyzing module pfm_dynamic_m01_regslice_6
INFO: [VRFC 10-2263] Analyzing SystemVerilog file "/home/pablo1318/workspace/proyecto_system_hw_link/Emulation-HW/binary_container_1.build/link/vivado/vpl/prj/prj.ip_user_files/bd/pfm_dynamic/ip/pfm_dynamic_m01_regslice_7/sim/pfm_dynamic_m01_regslice_7_stub.sv" into library xil_defaultlib
INFO: [VRFC 10-311] analyzing module pfm_dynamic_m01_regslice_7
INFO: [VRFC 10-2263] Analyzing SystemVerilog file "/home/pablo1318/workspace/proyecto_system_hw_link/Emulation-HW/binary_container_1.build/link/vivado/vpl/prj/prj.ip_user_files/bd/pfm_dynamic/ip/pfm_dynamic_auto_cc_0/sim/pfm_dynamic_auto_cc_0_stub.sv" into library xil_defaultlib
INFO: [VRFC 10-311] analyzing module pfm_dynamic_auto_cc_0
INFO: [VRFC 10-2263] Analyzing SystemVerilog file "/home/pablo1318/workspace/proyecto_system_hw_link/Emulation-HW/binary_container_1.build/link/vivado/vpl/prj/prj.ip_user_files/bd/pfm_dynamic/ip/pfm_dynamic_s00_regslice_0/sim/pfm_dynamic_s00_regslice_0_stub.sv" into library xil_defaultlib
INFO: [VRFC 10-311] analyzing module pfm_dynamic_s00_regslice_0
INFO: [VRFC 10-2263] Analyzing SystemVerilog file "/home/pablo1318/workspace/proyecto_system_hw_link/Emulation-HW/binary_container_1.build/link/vivado/vpl/prj/prj.ip_user_files/bd/pfm_dynamic/ip/pfm_dynamic_m00_regslice_0/sim/pfm_dynamic_m00_regslice_0_stub.sv" into library xil_defaultlib
INFO: [VRFC 10-311] analyzing module pfm_dynamic_m00_regslice_0
INFO: [VRFC 10-2263] Analyzing SystemVerilog file "/home/pablo1318/workspace/proyecto_system_hw_link/Emulation-HW/binary_container_1.build/link/vivado/vpl/prj/prj.ip_user_files/bd/pfm_dynamic/ip/pfm_dynamic_auto_cc_1/sim/pfm_dynamic_auto_cc_1_stub.sv" into library xil_defaultlib
INFO: [VRFC 10-311] analyzing module pfm_dynamic_auto_cc_1
INFO: [VRFC 10-2263] Analyzing SystemVerilog file "/home/pablo1318/workspace/proyecto_system_hw_link/Emulation-HW/binary_container_1.build/link/vivado/vpl/prj/prj.ip_user_files/bd/pfm_dynamic/ip/pfm_dynamic_m01_regslice_8/sim/pfm_dynamic_m01_regslice_8_stub.sv" into library xil_defaultlib
INFO: [VRFC 10-311] analyzing module pfm_dynamic_m01_regslice_8
INFO: [VRFC 10-2263] Analyzing SystemVerilog file "/home/pablo1318/workspace/proyecto_system_hw_link/Emulation-HW/binary_container_1.build/link/vivado/vpl/prj/prj.ip_user_files/bd/pfm_dynamic/ip/pfm_dynamic_auto_cc_2/sim/pfm_dynamic_auto_cc_2_stub.sv" into library xil_defaultlib
INFO: [VRFC 10-311] analyzing module pfm_dynamic_auto_cc_2
INFO: [VRFC 10-2263] Analyzing SystemVerilog file "/home/pablo1318/workspace/proyecto_system_hw_link/Emulation-HW/binary_container_1.build/link/vivado/vpl/prj/prj.ip_user_files/bd/pfm_dynamic/ip/pfm_dynamic_m02_regslice_0/sim/pfm_dynamic_m02_regslice_0_stub.sv" into library xil_defaultlib
INFO: [VRFC 10-311] analyzing module pfm_dynamic_m02_regslice_0
INFO: [VRFC 10-2263] Analyzing SystemVerilog file "/home/pablo1318/workspace/proyecto_system_hw_link/Emulation-HW/binary_container_1.build/link/vivado/vpl/prj/prj.ip_user_files/bd/pfm_dynamic/ip/pfm_dynamic_auto_cc_3/sim/pfm_dynamic_auto_cc_3_stub.sv" into library xil_defaultlib
INFO: [VRFC 10-311] analyzing module pfm_dynamic_auto_cc_3
INFO: [VRFC 10-2263] Analyzing SystemVerilog file "/home/pablo1318/workspace/proyecto_system_hw_link/Emulation-HW/binary_container_1.build/link/vivado/vpl/prj/prj.ip_user_files/bd/pfm_dynamic/ip/pfm_dynamic_m03_regslice_0/sim/pfm_dynamic_m03_regslice_0_stub.sv" into library xil_defaultlib
INFO: [VRFC 10-311] analyzing module pfm_dynamic_m03_regslice_0
INFO: [VRFC 10-2263] Analyzing SystemVerilog file "/home/pablo1318/workspace/proyecto_system_hw_link/Emulation-HW/binary_container_1.build/link/vivado/vpl/prj/prj.ip_user_files/bd/pfm_dynamic/ip/pfm_dynamic_auto_cc_4/sim/pfm_dynamic_auto_cc_4_stub.sv" into library xil_defaultlib
INFO: [VRFC 10-311] analyzing module pfm_dynamic_auto_cc_4
INFO: [VRFC 10-2263] Analyzing SystemVerilog file "/home/pablo1318/workspace/proyecto_system_hw_link/Emulation-HW/binary_container_1.build/link/vivado/vpl/prj/prj.ip_user_files/bd/pfm_dynamic/sim/pfm_dynamic_sci_stub.sv" into library xil_defaultlib
INFO: [VRFC 10-311] analyzing module pfm_dynamic_sci
INFO: [VRFC 10-2263] Analyzing Verilog file "/home/pablo1318/workspace/proyecto_system_hw_link/Emulation-HW/binary_container_1.build/link/vivado/vpl/prj/prj.ip_user_files/bd/pfm_top/ip/pfm_top_kernel2_clk_0/sim/pfm_top_kernel2_clk_0.v" into library xil_defaultlib
INFO: [VRFC 10-311] analyzing module pfm_top_kernel2_clk_0
INFO: [VRFC 10-2263] Analyzing Verilog file "/home/pablo1318/workspace/proyecto_system_hw_link/Emulation-HW/binary_container_1.build/link/vivado/vpl/prj/prj.ip_user_files/bd/pfm_top/ip/pfm_top_kernel_clk_0/sim/pfm_top_kernel_clk_0.v" into library xil_defaultlib
INFO: [VRFC 10-311] analyzing module pfm_top_kernel_clk_0
INFO: [VRFC 10-2263] Analyzing Verilog file "/home/pablo1318/workspace/proyecto_system_hw_link/Emulation-HW/binary_container_1.build/link/vivado/vpl/prj/prj.ip_user_files/bd/pfm_top/ip/pfm_top_dma_pcie_clk_0/sim/pfm_top_dma_pcie_clk_0.v" into library xil_defaultlib
INFO: [VRFC 10-311] analyzing module pfm_top_dma_pcie_clk_0
INFO: [VRFC 10-2263] Analyzing SystemVerilog file "/home/pablo1318/workspace/proyecto_system_hw_link/Emulation-HW/binary_container_1.build/link/vivado/vpl/prj/prj.ip_user_files/bd/pfm_top/ip/pfm_top_embedded_schedular_0/sim/pfm_top_embedded_schedular_0_stub.sv" into library xil_defaultlib
INFO: [VRFC 10-311] analyzing module pfm_top_embedded_schedular_0
INFO: [VRFC 10-2263] Analyzing SystemVerilog file "/home/pablo1318/workspace/proyecto_system_hw_link/Emulation-HW/binary_container_1.build/link/vivado/vpl/prj/prj.ip_user_files/bd/pfm_top/ip/pfm_top_axi_clock_converter_0_0/sim/pfm_top_axi_clock_converter_0_0_stub.sv" into library xil_defaultlib
INFO: [VRFC 10-311] analyzing module pfm_top_axi_clock_converter_0_0
INFO: [VRFC 10-2263] Analyzing Verilog file "/home/pablo1318/workspace/proyecto_system_hw_link/Emulation-HW/binary_container_1.build/link/vivado/vpl/prj/prj.ip_user_files/bd/pfm_top/ip/pfm_top_sim_ddr_0_0/bd_0/sim/bd_448f.v" into library xil_defaultlib
INFO: [VRFC 10-311] analyzing module bd_448f
INFO: [VRFC 10-2263] Analyzing SystemVerilog file "/home/pablo1318/workspace/proyecto_system_hw_link/Emulation-HW/binary_container_1.build/link/vivado/vpl/prj/prj.ip_user_files/bd/pfm_top/ip/pfm_top_sim_ddr_0_0/sim/pfm_top_sim_ddr_0_0_stub.sv" into library xil_defaultlib
INFO: [VRFC 10-311] analyzing module pfm_top_sim_ddr_0_0
INFO: [VRFC 10-2263] Analyzing SystemVerilog file "/home/pablo1318/workspace/proyecto_system_hw_link/Emulation-HW/binary_container_1.build/link/vivado/vpl/prj/prj.ip_user_files/bd/pfm_top/ip/pfm_top_smartconnect_0_0/sim/pfm_top_smartconnect_0_0_stub.sv" into library xil_defaultlib
INFO: [VRFC 10-311] analyzing module pfm_top_smartconnect_0_0
INFO: [VRFC 10-2263] Analyzing SystemVerilog file "/home/pablo1318/workspace/proyecto_system_hw_link/Emulation-HW/binary_container_1.build/link/vivado/vpl/prj/prj.ip_user_files/bd/pfm_top/ip/pfm_top_axi_vip_0_0/sim/pfm_top_axi_vip_0_0_stub.sv" into library xil_defaultlib
INFO: [VRFC 10-311] analyzing module pfm_top_axi_vip_0_0
INFO: [VRFC 10-2263] Analyzing SystemVerilog file "/home/pablo1318/workspace/proyecto_system_hw_link/Emulation-HW/binary_container_1.build/link/vivado/vpl/prj/prj.ip_user_files/bd/pfm_top/ip/pfm_top_axi_vip_1_0/sim/pfm_top_axi_vip_1_0_stub.sv" into library xil_defaultlib
INFO: [VRFC 10-311] analyzing module pfm_top_axi_vip_1_0
INFO: [VRFC 10-2263] Analyzing SystemVerilog file "/home/pablo1318/workspace/proyecto_system_hw_link/Emulation-HW/binary_container_1.build/link/vivado/vpl/prj/prj.ip_user_files/bd/pfm_top/ip/pfm_top_axi_vip_2_0/sim/pfm_top_axi_vip_2_0_stub.sv" into library xil_defaultlib
INFO: [VRFC 10-311] analyzing module pfm_top_axi_vip_2_0
INFO: [VRFC 10-2263] Analyzing SystemVerilog file "/home/pablo1318/workspace/proyecto_system_hw_link/Emulation-HW/binary_container_1.build/link/vivado/vpl/prj/prj.ip_user_files/bd/pfm_top/ip/pfm_top_axi_vip_3_0/sim/pfm_top_axi_vip_3_0_stub.sv" into library xil_defaultlib
INFO: [VRFC 10-311] analyzing module pfm_top_axi_vip_3_0
INFO: [VRFC 10-2263] Analyzing SystemVerilog file "/home/pablo1318/workspace/proyecto_system_hw_link/Emulation-HW/binary_container_1.build/link/vivado/vpl/prj/prj.ip_user_files/bd/pfm_top/ip/pfm_top_sim_address_0_0/sim/pfm_top_sim_address_0_0_stub.sv" into library xil_defaultlib
INFO: [VRFC 10-311] analyzing module pfm_top_sim_address_0_0
INFO: [VRFC 10-2263] Analyzing SystemVerilog file "/home/pablo1318/workspace/proyecto_system_hw_link/Emulation-HW/binary_container_1.build/link/vivado/vpl/prj/prj.ip_user_files/bd/pfm_top/ip/pfm_top_sim_qdma_0_0/sim/pfm_top_sim_qdma_0_0_stub.sv" into library xil_defaultlib
INFO: [VRFC 10-311] analyzing module pfm_top_sim_qdma_0_0
INFO: [VRFC 10-2263] Analyzing Verilog file "/home/pablo1318/workspace/proyecto_system_hw_link/Emulation-HW/binary_container_1.build/link/vivado/vpl/prj/prj.ip_user_files/bd/pfm_top/sim/pfm_top.v" into library xil_defaultlib
INFO: [VRFC 10-311] analyzing module clk_reset_wizard_imp_1ULW1Z6
INFO: [VRFC 10-311] analyzing module m00_couplers_imp_1WWR602
INFO: [VRFC 10-311] analyzing module m01_couplers_imp_ZIGXNL
INFO: [VRFC 10-311] analyzing module m02_couplers_imp_CBJNC5
INFO: [VRFC 10-311] analyzing module m03_couplers_imp_1BNM6CM
INFO: [VRFC 10-311] analyzing module m04_couplers_imp_12NOBU5
INFO: [VRFC 10-311] analyzing module pfm_top
INFO: [VRFC 10-311] analyzing module pfm_top_connect_to_es_cu_0
INFO: [VRFC 10-311] analyzing module s00_couplers_imp_ZCH4U6
INFO: [VRFC 10-311] analyzing module s01_couplers_imp_1X0T1Q5
INFO: [VRFC 10-311] analyzing module static_region_imp_1TEKTPK
INFO: [VRFC 10-2263] Analyzing SystemVerilog file "/home/pablo1318/workspace/proyecto_system_hw_link/Emulation-HW/binary_container_1.build/link/vivado/vpl/prj/prj.ip_user_files/bd/pfm_top/ip/pfm_top_xbar_0/sim/pfm_top_xbar_0_stub.sv" into library xil_defaultlib
INFO: [VRFC 10-311] analyzing module pfm_top_xbar_0
INFO: [VRFC 10-2263] Analyzing SystemVerilog file "/home/pablo1318/workspace/proyecto_system_hw_link/Emulation-HW/binary_container_1.build/link/vivado/vpl/prj/prj.ip_user_files/bd/pfm_top/sim/pfm_top_sci_stub.sv" into library xil_defaultlib
INFO: [VRFC 10-311] analyzing module pfm_top_sci
INFO: [VRFC 10-2263] Analyzing Verilog file "/home/pablo1318/workspace/proyecto_system_hw_link/Emulation-HW/binary_container_1.build/link/vivado/vpl/prj/prj.srcs/sources_1/imports/hdl/pfm_top_wrapper.v" into library xil_defaultlib
INFO: [VRFC 10-311] analyzing module pfm_top_wrapper
INFO: [VRFC 10-2263] Analyzing Verilog file "/home/pablo1318/workspace/proyecto_system_hw_link/Emulation-HW/binary_container_1.build/link/vivado/vpl/prj/prj.sim/sim_1/behav_waveform/xsim/glbl.v" into library xil_defaultlib
INFO: [VRFC 10-311] analyzing module glbl
