

================================================================
== Vitis HLS Report for 'krnl_vadd'
================================================================
* Date:           Mon Mar 27 18:22:36 2023

* Version:        2022.2 (Build 3670227 on Oct 13 2022)
* Project:        krnl_vadd
* Solution:       solution (Vitis Kernel Flow Target)
* Product family: virtexuplus
* Target device:  xcu250-figd2104-2L-e


================================================================
== Performance Estimates
================================================================
+ Timing: 
    * Summary: 
    +--------+---------+----------+------------+
    |  Clock |  Target | Estimated| Uncertainty|
    +--------+---------+----------+------------+
    |ap_clk  |  3.33 ns|  2.433 ns|     0.90 ns|
    +--------+---------+----------+------------+

+ Latency: 
    * Summary: 
    +---------+---------+----------+----------+---------+---------+----------+
    |  Latency (cycles) |  Latency (absolute) |      Interval     | Pipeline |
    |   min   |   max   |    min   |    max   |   min   |   max   |   Type   |
    +---------+---------+----------+----------+---------+---------+----------+
    |  1000078|  1000078|  3.333 ms|  3.333 ms|  1000076|  1000076|  dataflow|
    +---------+---------+----------+----------+---------+---------+----------+

    + Detail: 
        * Instance: 
        N/A

        * Loop: 
        N/A

============================================================
+ Verbose Summary: Synthesis Manager
============================================================
InlineROM: 1
ExposeGlobal: 0
============================================================
+ Verbose Summary: CDFG Model
============================================================
IsTopModel: 1
ResetActiveHigh: 1
IsCombinational: 2
IsDatapathOnly: 0
HasWiredReturn: 1
HasMFsm: 0
HasVarLatency: 1
IsPipeline: 0
IsRtlPipelined: 0
IsInstanceOverlapped: 0
IsDontTouch: 0
HasImplIP: 0
IsGatedGlobalClock: 0


============================================================
+ Verbose Summary: Schedule
============================================================
* Number of FSM states : 7
* Pipeline : 0
* Dataflow Pipeline: 1
  DF-Pipeline-0: Size = 7, States = { 1 2 3 4 5 6 7 }

* FSM state transitions: 
1 --> 2 
2 --> 3 
3 --> 4 
4 --> 5 
5 --> 6 
6 --> 7 
7 --> 

* FSM state operations: 

State 1 <SV = 0> <Delay = 2.21>
ST_1 : Operation 8 [1/1] (1.00ns)   --->   "%size_read = read i32 @_ssdm_op_Read.ap_none.i32, i32 %size" [/home/pablo1318/workspace/proyecto_kernels/src/krnl_vadd.cpp:139]   --->   Operation 8 'read' 'size_read' <Predicate = true> <Delay = 1.00> <CoreInst = "s_axilite">   --->   Core 122 's_axilite' <Latency = 0> <II = 1> <Delay = 1.00> <Adapter> <Opcode : 'read' 'write'>
ST_1 : Operation 9 [1/1] (1.00ns)   --->   "%out_r_read = read i64 @_ssdm_op_Read.s_axilite.i64, i64 %out_r" [/home/pablo1318/workspace/proyecto_kernels/src/krnl_vadd.cpp:139]   --->   Operation 9 'read' 'out_r_read' <Predicate = true> <Delay = 1.00> <CoreInst = "s_axilite">   --->   Core 122 's_axilite' <Latency = 0> <II = 1> <Delay = 1.00> <Adapter> <Opcode : 'read' 'write'>
ST_1 : Operation 10 [1/1] (1.00ns)   --->   "%in1_read = read i64 @_ssdm_op_Read.s_axilite.i64, i64 %in1" [/home/pablo1318/workspace/proyecto_kernels/src/krnl_vadd.cpp:139]   --->   Operation 10 'read' 'in1_read' <Predicate = true> <Delay = 1.00> <CoreInst = "s_axilite">   --->   Core 122 's_axilite' <Latency = 0> <II = 1> <Delay = 1.00> <Adapter> <Opcode : 'read' 'write'>
ST_1 : Operation 11 [1/1] (0.00ns)   --->   "%size_c = alloca i64 1" [/home/pablo1318/workspace/proyecto_kernels/src/krnl_vadd.cpp:139]   --->   Operation 11 'alloca' 'size_c' <Predicate = true> <Delay = 0.00> <CoreInst = "FIFO_SRL">   --->   Core 81 'FIFO_SRL' <Latency = 0> <II = 1> <Delay = 1.39> <Storage> <Opcode : 'read' 'write' 'nbread' 'nbwrite'> <Ports = 0> <Width = 32> <Depth = 2> <FIFO>
ST_1 : Operation 12 [1/1] (0.00ns)   --->   "%out_r_c = alloca i64 1" [/home/pablo1318/workspace/proyecto_kernels/src/krnl_vadd.cpp:139]   --->   Operation 12 'alloca' 'out_r_c' <Predicate = true> <Delay = 0.00> <CoreInst = "FIFO_SRL">   --->   Core 81 'FIFO_SRL' <Latency = 0> <II = 1> <Delay = 1.41> <Storage> <Opcode : 'read' 'write' 'nbread' 'nbwrite'> <Ports = 0> <Width = 64> <Depth = 4> <FIFO>
ST_1 : Operation 13 [1/1] (1.21ns)   --->   "%call_ln139 = call void @entry_proc, i64 %out_r_read, i64 %out_r_c" [/home/pablo1318/workspace/proyecto_kernels/src/krnl_vadd.cpp:139]   --->   Operation 13 'call' 'call_ln139' <Predicate = true> <Delay = 1.21> <CoreType = "Generic">   --->   Core 0 '' <Latency = 0> <II = 1> <Delay = 1.00> <Generic> <Opcode : >

State 2 <SV = 1> <Delay = 2.43>
ST_2 : Operation 14 [2/2] (2.43ns)   --->   "%call_ln141 = call void @load_input, i32 %gmem0, i64 %in1_read, i32 %size_read, i32 %size_c, i32 %in1_stream" [/home/pablo1318/workspace/proyecto_kernels/src/krnl_vadd.cpp:141]   --->   Operation 14 'call' 'call_ln141' <Predicate = true> <Delay = 2.43> <CoreType = "Generic">   --->   Core 0 '' <Latency = 0> <II = 1> <Delay = 1.00> <Generic> <Opcode : >

State 3 <SV = 2> <Delay = 0.00>
ST_3 : Operation 15 [1/2] (0.00ns)   --->   "%call_ln141 = call void @load_input, i32 %gmem0, i64 %in1_read, i32 %size_read, i32 %size_c, i32 %in1_stream" [/home/pablo1318/workspace/proyecto_kernels/src/krnl_vadd.cpp:141]   --->   Operation 15 'call' 'call_ln141' <Predicate = true> <Delay = 0.00> <CoreType = "Generic">   --->   Core 0 '' <Latency = 0> <II = 1> <Delay = 1.00> <Generic> <Opcode : >

State 4 <SV = 3> <Delay = 0.00>
ST_4 : Operation 16 [2/2] (0.00ns)   --->   "%call_ln142 = call void @compute_add, i32 %size_c, i32 %in1_stream, i32 %out_stream" [/home/pablo1318/workspace/proyecto_kernels/src/krnl_vadd.cpp:142]   --->   Operation 16 'call' 'call_ln142' <Predicate = true> <Delay = 0.00> <CoreType = "Generic">   --->   Core 0 '' <Latency = 0> <II = 1> <Delay = 1.00> <Generic> <Opcode : >

State 5 <SV = 4> <Delay = 0.00>
ST_5 : Operation 17 [1/2] (0.00ns)   --->   "%call_ln142 = call void @compute_add, i32 %size_c, i32 %in1_stream, i32 %out_stream" [/home/pablo1318/workspace/proyecto_kernels/src/krnl_vadd.cpp:142]   --->   Operation 17 'call' 'call_ln142' <Predicate = true> <Delay = 0.00> <CoreType = "Generic">   --->   Core 0 '' <Latency = 0> <II = 1> <Delay = 1.00> <Generic> <Opcode : >

State 6 <SV = 5> <Delay = 0.00>
ST_6 : Operation 18 [2/2] (0.00ns)   --->   "%call_ln143 = call void @store_result, i32 %gmem0, i64 %out_r_c, i32 %out_stream" [/home/pablo1318/workspace/proyecto_kernels/src/krnl_vadd.cpp:143]   --->   Operation 18 'call' 'call_ln143' <Predicate = true> <Delay = 0.00> <CoreType = "Generic">   --->   Core 0 '' <Latency = 0> <II = 1> <Delay = 1.00> <Generic> <Opcode : >

State 7 <SV = 6> <Delay = 0.00>
ST_7 : Operation 19 [1/1] (0.00ns)   --->   "%empty = specchannel i32 @_ssdm_op_SpecChannel, void @size_c_str, i32 1, void @p_str, void @p_str, i32 2, i32 0, i32 %size_c, i32 %size_c" [/home/pablo1318/workspace/proyecto_kernels/src/krnl_vadd.cpp:139]   --->   Operation 19 'specchannel' 'empty' <Predicate = true> <Delay = 0.00>
ST_7 : Operation 20 [1/1] (0.00ns)   --->   "%specinterface_ln139 = specinterface void @_ssdm_op_SpecInterface, i32 %size_c, void @ap_fifo_str, i32 0, i32 0, void @p_str, i32 0, i32 0, void @p_str, void @p_str, void @p_str, i32 2, i32 2, i32 16, i32 16, void @p_str, void @p_str, i32 4294967295, i32 0" [/home/pablo1318/workspace/proyecto_kernels/src/krnl_vadd.cpp:139]   --->   Operation 20 'specinterface' 'specinterface_ln139' <Predicate = true> <Delay = 0.00>
ST_7 : Operation 21 [1/1] (0.00ns)   --->   "%empty_26 = specchannel i32 @_ssdm_op_SpecChannel, void @out_r_c_str, i32 1, void @p_str, void @p_str, i32 4, i32 0, i64 %out_r_c, i64 %out_r_c" [/home/pablo1318/workspace/proyecto_kernels/src/krnl_vadd.cpp:139]   --->   Operation 21 'specchannel' 'empty_26' <Predicate = true> <Delay = 0.00>
ST_7 : Operation 22 [1/1] (0.00ns)   --->   "%specinterface_ln139 = specinterface void @_ssdm_op_SpecInterface, i64 %out_r_c, void @ap_fifo_str, i32 0, i32 0, void @p_str, i32 0, i32 0, void @p_str, void @p_str, void @p_str, i32 2, i32 2, i32 16, i32 16, void @p_str, void @p_str, i32 4294967295, i32 0" [/home/pablo1318/workspace/proyecto_kernels/src/krnl_vadd.cpp:139]   --->   Operation 22 'specinterface' 'specinterface_ln139' <Predicate = true> <Delay = 0.00>
ST_7 : Operation 23 [1/1] (0.00ns)   --->   "%specdataflowpipeline_ln139 = specdataflowpipeline void @_ssdm_op_SpecDataflowPipeline, i32 4294967295, i32 0, void @empty_9" [/home/pablo1318/workspace/proyecto_kernels/src/krnl_vadd.cpp:139]   --->   Operation 23 'specdataflowpipeline' 'specdataflowpipeline_ln139' <Predicate = true> <Delay = 0.00>
ST_7 : Operation 24 [1/1] (0.00ns)   --->   "%empty_27 = specchannel i32 @_ssdm_op_SpecChannel, void @in1_stream_str, i32 1, void @p_str, void @p_str, i32 2, i32 2, i32 %in1_stream, i32 %in1_stream"   --->   Operation 24 'specchannel' 'empty_27' <Predicate = true> <Delay = 0.00>
ST_7 : Operation 25 [1/1] (0.00ns)   --->   "%empty_28 = specchannel i32 @_ssdm_op_SpecChannel, void @out_stream_str, i32 1, void @p_str, void @p_str, i32 2, i32 2, i32 %out_stream, i32 %out_stream"   --->   Operation 25 'specchannel' 'empty_28' <Predicate = true> <Delay = 0.00>
ST_7 : Operation 26 [1/1] (0.00ns)   --->   "%spectopmodule_ln132 = spectopmodule void @_ssdm_op_SpecTopModule, void @empty_13" [/home/pablo1318/workspace/proyecto_kernels/src/krnl_vadd.cpp:132]   --->   Operation 26 'spectopmodule' 'spectopmodule_ln132' <Predicate = true> <Delay = 0.00>
ST_7 : Operation 27 [1/1] (0.00ns)   --->   "%specinterface_ln132 = specinterface void @_ssdm_op_SpecInterface, i32 0, void @empty_14, i32 0, i32 0, void @empty_9, i32 0, i32 0, void @empty_9, void @empty_9, void @empty_9, i32 0, i32 0, i32 0, i32 0, void @empty_9, void @empty_9, i32 4294967295, i32 0" [/home/pablo1318/workspace/proyecto_kernels/src/krnl_vadd.cpp:132]   --->   Operation 27 'specinterface' 'specinterface_ln132' <Predicate = true> <Delay = 0.00>
ST_7 : Operation 28 [1/1] (0.00ns)   --->   "%specinterface_ln0 = specinterface void @_ssdm_op_SpecInterface, i32 %gmem0, void @empty_1, i32 0, i32 0, void @empty_9, i32 64, i32 0, void @empty_2, void @empty_10, void @empty_9, i32 16, i32 16, i32 16, i32 16, void @empty_9, void @empty_9, i32 4294967295, i32 0"   --->   Operation 28 'specinterface' 'specinterface_ln0' <Predicate = true> <Delay = 0.00>
ST_7 : Operation 29 [1/1] (0.00ns)   --->   "%specbitsmap_ln0 = specbitsmap void @_ssdm_op_SpecBitsMap, i32 %gmem0"   --->   Operation 29 'specbitsmap' 'specbitsmap_ln0' <Predicate = true> <Delay = 0.00>
ST_7 : Operation 30 [1/1] (0.00ns)   --->   "%specinterface_ln0 = specinterface void @_ssdm_op_SpecInterface, i64 %in1, void @empty_11, i32 0, i32 0, void @empty_9, i32 0, i32 0, void @empty_8, void @empty, void @empty_9, i32 0, i32 0, i32 0, i32 0, void @empty_9, void @empty_4, i32 4294967295, i32 0"   --->   Operation 30 'specinterface' 'specinterface_ln0' <Predicate = true> <Delay = 0.00>
ST_7 : Operation 31 [1/1] (0.00ns)   --->   "%specinterface_ln0 = specinterface void @_ssdm_op_SpecInterface, i64 %in1, void @empty_5, i32 0, i32 0, void @empty_9, i32 0, i32 0, void @empty_9, void @empty_9, void @empty_9, i32 0, i32 0, i32 0, i32 0, void @empty_9, void @empty_4, i32 4294967295, i32 0"   --->   Operation 31 'specinterface' 'specinterface_ln0' <Predicate = true> <Delay = 0.00>
ST_7 : Operation 32 [1/1] (0.00ns)   --->   "%specinterface_ln0 = specinterface void @_ssdm_op_SpecInterface, i64 %out_r, void @empty_11, i32 0, i32 0, void @empty_9, i32 0, i32 0, void @empty_8, void @empty_6, void @empty_9, i32 0, i32 0, i32 0, i32 0, void @empty_9, void @empty_4, i32 4294967295, i32 0"   --->   Operation 32 'specinterface' 'specinterface_ln0' <Predicate = true> <Delay = 0.00>
ST_7 : Operation 33 [1/1] (0.00ns)   --->   "%specinterface_ln0 = specinterface void @_ssdm_op_SpecInterface, i64 %out_r, void @empty_5, i32 0, i32 0, void @empty_9, i32 0, i32 0, void @empty_9, void @empty_9, void @empty_9, i32 0, i32 0, i32 0, i32 0, void @empty_9, void @empty_4, i32 4294967295, i32 0"   --->   Operation 33 'specinterface' 'specinterface_ln0' <Predicate = true> <Delay = 0.00>
ST_7 : Operation 34 [1/1] (0.00ns)   --->   "%specbitsmap_ln0 = specbitsmap void @_ssdm_op_SpecBitsMap, i32 %size"   --->   Operation 34 'specbitsmap' 'specbitsmap_ln0' <Predicate = true> <Delay = 0.00>
ST_7 : Operation 35 [1/1] (0.00ns)   --->   "%specinterface_ln0 = specinterface void @_ssdm_op_SpecInterface, i32 %size, void @empty_11, i32 0, i32 0, void @empty_9, i32 0, i32 0, void @empty_8, void @empty_0, void @empty_9, i32 0, i32 0, i32 0, i32 0, void @empty_9, void @empty_9, i32 4294967295, i32 0"   --->   Operation 35 'specinterface' 'specinterface_ln0' <Predicate = true> <Delay = 0.00>
ST_7 : Operation 36 [1/1] (0.00ns)   --->   "%specinterface_ln0 = specinterface void @_ssdm_op_SpecInterface, i32 %size, void @empty_7, i32 0, i32 0, void @empty_9, i32 0, i32 0, void @empty_9, void @empty_9, void @empty_9, i32 0, i32 0, i32 0, i32 0, void @empty_9, void @empty_9, i32 4294967295, i32 0"   --->   Operation 36 'specinterface' 'specinterface_ln0' <Predicate = true> <Delay = 0.00>
ST_7 : Operation 37 [1/1] (0.00ns)   --->   "%specinterface_ln0 = specinterface void @_ssdm_op_SpecInterface, i32 0, void @empty_11, i32 0, i32 0, void @empty_9, i32 0, i32 0, void @empty_8, void @empty_9, void @empty_9, i32 0, i32 0, i32 0, i32 0, void @empty_9, void @empty_9, i32 4294967295, i32 0"   --->   Operation 37 'specinterface' 'specinterface_ln0' <Predicate = true> <Delay = 0.00>
ST_7 : Operation 38 [1/1] (0.00ns)   --->   "%specinterface_ln0 = specinterface void @_ssdm_op_SpecInterface, i32 %in1_stream, void @empty_12, i32 0, i32 0, void @empty_9, i32 0, i32 0, void @empty_9, void @empty_9, void @empty_9, i32 0, i32 0, i32 0, i32 0, void @empty_9, void @empty_9, i32 4294967295, i32 0"   --->   Operation 38 'specinterface' 'specinterface_ln0' <Predicate = true> <Delay = 0.00>
ST_7 : Operation 39 [1/1] (0.00ns)   --->   "%specinterface_ln0 = specinterface void @_ssdm_op_SpecInterface, i32 %out_stream, void @empty_12, i32 0, i32 0, void @empty_9, i32 0, i32 0, void @empty_9, void @empty_9, void @empty_9, i32 0, i32 0, i32 0, i32 0, void @empty_9, void @empty_9, i32 4294967295, i32 0"   --->   Operation 39 'specinterface' 'specinterface_ln0' <Predicate = true> <Delay = 0.00>
ST_7 : Operation 40 [1/2] (0.00ns)   --->   "%call_ln143 = call void @store_result, i32 %gmem0, i64 %out_r_c, i32 %out_stream" [/home/pablo1318/workspace/proyecto_kernels/src/krnl_vadd.cpp:143]   --->   Operation 40 'call' 'call_ln143' <Predicate = true> <Delay = 0.00> <CoreType = "Generic">   --->   Core 0 '' <Latency = 0> <II = 1> <Delay = 1.00> <Generic> <Opcode : >
ST_7 : Operation 41 [1/1] (0.00ns)   --->   "%ret_ln144 = ret" [/home/pablo1318/workspace/proyecto_kernels/src/krnl_vadd.cpp:144]   --->   Operation 41 'ret' 'ret_ln144' <Predicate = true> <Delay = 0.00>


============================================================
+ Verbose Summary: Timing violations
============================================================
Target clock period: 3.33ns, clock uncertainty: 0.9ns.

 <State 1>: 2.22ns
The critical path consists of the following:
	s_axi read operation ('out', /home/pablo1318/workspace/proyecto_kernels/src/krnl_vadd.cpp:139) on port 'out_r' (/home/pablo1318/workspace/proyecto_kernels/src/krnl_vadd.cpp:139) [8]  (1 ns)
	'call' operation ('call_ln139', /home/pablo1318/workspace/proyecto_kernels/src/krnl_vadd.cpp:139) to 'entry_proc' [33]  (1.22 ns)

 <State 2>: 2.43ns
The critical path consists of the following:
	'call' operation ('call_ln141', /home/pablo1318/workspace/proyecto_kernels/src/krnl_vadd.cpp:141) to 'load_input' [34]  (2.43 ns)

 <State 3>: 0ns
The critical path consists of the following:

 <State 4>: 0ns
The critical path consists of the following:

 <State 5>: 0ns
The critical path consists of the following:

 <State 6>: 0ns
The critical path consists of the following:

 <State 7>: 0ns
The critical path consists of the following:


============================================================
+ Verbose Summary: Binding
============================================================
N/A
* FSMD analyzer results:
  - Output states:
 - Input state : 
  - Chain level:
	State 1
	State 2
	State 3
	State 4
	State 5
	State 6
	State 7


============================================================
+ Verbose Summary: Datapath Resource usage 
============================================================
N/A
