19:20:25 **** Incremental Build of configuration Hardware for project proyecto_kernels ****
make -j8 all 
/media/pablo1318/hddLinux/XILINX/Vitis/2022.2/bin/v++ --target hw --compile -I"../src" --config krnl_vadd-compile.cfg -o"build/krnl_vadd.xo" "../src/krnl_vadd.cpp"
Option Map File Used: '/media/pablo1318/hddLinux/XILINX/Vitis/2022.2/data/vitis/vpp/optMap.xml'

****** v++ v2022.2 (64-bit)
  **** SW Build 3671529 on 2022-10-13-17:52:11
    ** Copyright 1986-2022 Xilinx, Inc. All Rights Reserved.

INFO: [v++ 60-1306] Additional information associated with this v++ compile can be found at:
	Reports: /home/pablo1318/workspace/proyecto_kernels/Hardware/build/reports/krnl_vadd
	Log files: /home/pablo1318/workspace/proyecto_kernels/Hardware/build/logs/krnl_vadd
Running Dispatch Server on port: 38575
INFO: [v++ 60-1548] Creating build summary session with primary output /home/pablo1318/workspace/proyecto_kernels/Hardware/build/krnl_vadd.xo.compile_summary, at Mon Mar 27 19:20:37 2023
INFO: [v++ 60-1315] Creating rulecheck session with output '/home/pablo1318/workspace/proyecto_kernels/Hardware/build/reports/krnl_vadd/krnl_vadd_guidance.html', at Mon Mar 27 19:20:37 2023
INFO: [v++ 60-895]   Target platform: /opt/xilinx/platforms/xilinx_u250_gen3x16_xdma_4_1_202210_1/xilinx_u250_gen3x16_xdma_4_1_202210_1.xpfm
INFO: [v++ 60-1578]   This platform contains Xilinx Shell Archive '/opt/xilinx/platforms/xilinx_u250_gen3x16_xdma_4_1_202210_1/hw/hw.xsa'
INFO: [v++ 74-78] Compiler Version string: 2022.2
INFO: [v++ 60-585] Compiling for hardware target
INFO: [v++ 60-423]   Target device: xilinx_u250_gen3x16_xdma_4_1_202210_1
INFO: [v++ 60-242] Creating kernel: 'krnl_vadd'
make: *** wait: No child processes.  Stop.
make: *** Waiting for unfinished jobs....
make: *** wait: No child processes.  Stop.
Command canceled

19:20:55 Build Cancelled (took 29s.759ms)

