# 
# Steps log generated by v++
# This log file contains a collection of steps that describe the kernel compilation flow
# Note: Some steps are tagged as internal, these steps are for debugging purposes and 
#       are not expected to be able to run independently.
# 

# The following environment variables are set when running v++
Environment variables :
------------------------------------------
SHELL=/bin/bash
SESSION_MANAGER=local/pop-os:@/tmp/.ICE-unix/2438,unix/pop-os:/tmp/.ICE-unix/2438
QT_ACCESSIBILITY=1
XDG_CONFIG_DIRS=/etc/xdg/xdg-pop:/etc/xdg
SSH_AGENT_LAUNCHER=gnome-keyring
XDG_MENU_PREFIX=gnome-
GTK_IM_MODULE=ibus
RDI_APPROOT=/media/pablo1318/hddLinux/XILINX/Vitis/2022.2
RDI_JAVA_PLATFORM=
LANGUAGE=en_US:en
FREETYPE_PROPERTIES=truetype:interpreter-version=35
XIL_SUPPRESS_OVERRIDE_WARNINGS=1
RDI_BINROOT=/media/pablo1318/hddLinux/XILINX/Vitis/2022.2/bin
MANDATORY_PATH=/usr/share/gconf/pop.mandatory.path
XILINX_VIVADO=/media/pablo1318/hddLinux/XILINX/Vivado/2022.2
GNOME_SHELL_SESSION_MODE=pop
SSH_AUTH_SOCK=/run/user/1000/keyring/ssh
RDI_OPT_EXT=.o
RDI_INSTALLVER=2022.2
RDI_INSTALLROOT=/media/pablo1318/hddLinux/XILINX
LIBOVERLAY_SCROLLBAR=0
RDI_PATCHROOT=
XMODIFIERS=@im=ibus
DESKTOP_SESSION=pop
XILINX_XRT=/opt/xilinx/xrt
GDK_CORE_DEVICE_EVENTS=1
GTK_MODULES=gail:atk-bridge
XIL_NO_OVERRIDE=0
RDI_LIBDIR=/media/pablo1318/hddLinux/XILINX/Vitis/2022.2/lib/lnx64.o/Default:/media/pablo1318/hddLinux/XILINX/Vitis/2022.2/lib/lnx64.o
PWD=/home/pablo1318/workspace/proyecto_kernels/Emulation-HW
LOGNAME=pablo1318
XDG_SESSION_DESKTOP=pop
XDG_SESSION_TYPE=x11
_RDI_DONT_SET_XILINX_AS_PATH=True
GPG_AGENT_INFO=/run/user/1000/gnupg/S.gpg-agent:0:1
SYSTEMD_EXEC_PID=2461
XAUTHORITY=/run/user/1000/gdm/Xauthority
RDI_PREPEND_PATH=/media/pablo1318/hddLinux/XILINX/Vitis/2022.2/bin:/media/pablo1318/hddLinux/XILINX/Vitis/2022.2/bin
XILINX_DSP=
GJS_DEBUG_TOPICS=JS ERROR;JS LOG
WINDOWPATH=2
HOME=/home/pablo1318
USERNAME=pablo1318
SYNTH_COMMON=/media/pablo1318/hddLinux/XILINX/Vitis/2022.2/scripts/rt/data
LANG=en_US.UTF-8
XDG_CURRENT_DESKTOP=pop:GNOME
XILINX_HLS=/media/pablo1318/hddLinux/XILINX/Vitis_HLS/2022.2
HDI_PROCESSOR=x86_64
RDI_BUILD=yes
XILINX_RS_SESSION=cb52bc30-903f-46c6-8276-8acfecb53dab
RDI_PROG=/media/pablo1318/hddLinux/XILINX/Vitis/2022.2/bin/unwrapped/lnx64.o/v++
INVOCATION_ID=ed668d63cf1445da93170fce0925e094
MANAGERPID=2240
RT_TCL_PATH=/media/pablo1318/hddLinux/XILINX/Vitis/2022.2/scripts/rt/base_tcl/tcl
MFLAGS=-j8 --jobserver-auth=3,4
GJS_DEBUG_OUTPUT=stderr
XILINX_SDK=/media/pablo1318/hddLinux/XILINX/Vitis/2022.2
MAKEFLAGS= -j8 --jobserver-auth=3,4
XDG_SESSION_CLASS=user
PYTHONPATH=/media/pablo1318/hddLinux/XILINX/Vitis/2022.2/tps/lnx64/python-3.8.3/lib/python3.8/lib-dynload/:/media/pablo1318/hddLinux/XILINX/Vitis/2022.2/tps/lnx64/python-3.8.3/lib/python3.8/
XILINX_RS_PORT=44455
DEFAULTS_PATH=/usr/share/gconf/pop.default.path
PYTHONHOME=/media/pablo1318/hddLinux/XILINX/Vitis/2022.2/tps/lnx64/python-3.8.3/
USER=pablo1318
LIBRARY_PATH=/usr/lib/x86_64-linux-gnu
XILINX_PLANAHEAD=/media/pablo1318/hddLinux/XILINX/Vitis/2022.2
RDI_BASEROOT=/media/pablo1318/hddLinux/XILINX/Vitis
RDI_TPS_ROOT=/media/pablo1318/hddLinux/XILINX/Vivado/2022.2/tps/lnx64
RDI_JAVA_VERSION=11.0.11_9
RDI_DATADIR=/media/pablo1318/hddLinux/XILINX/Vitis/2022.2/data
DISPLAY=:1
SHLVL=4
OXYGEN_DISABLE_INNER_SHADOWS_HACK=1
MAKELEVEL=1
RDI_USE_JDK11=1
QT_IM_MODULE=ibus
XILINX_VIVADO_HLS=/media/pablo1318/hddLinux/XILINX/Vivado/2022.2
XIL_CHECK_TCL_DEBUG=False
LD_LIBRARY_PATH=/media/pablo1318/hddLinux/XILINX/Vitis/2022.2/tps/lnx64/java-cef-95.0.4638.69/bin/lib/linux64:/media/pablo1318/hddLinux/XILINX/Vitis/2022.2/tps/lnx64/javafx-sdk-11.0.2/lib:/media/pablo1318/hddLinux/XILINX/Vitis/2022.2/lib/lnx64.o/Default:/media/pablo1318/hddLinux/XILINX/Vitis/2022.2/lib/lnx64.o:/media/pablo1318/hddLinux/XILINX/Vitis/2022.2/tps/lnx64/jre11.0.11_9/lib/:/media/pablo1318/hddLinux/XILINX/Vitis/2022.2/tps/lnx64/jre11.0.11_9/lib//server:/media/pablo1318/hddLinux/XILINX/Vitis/2022.2/lib/lnx64.o/Default:/media/pablo1318/hddLinux/XILINX/Vitis/2022.2/lib/lnx64.o:/media/pablo1318/hddLinux/XILINX/Vitis/2022.2/tps/lnx64/java-cef-95.0.4638.69/bin/lib/linux64:/media/pablo1318/hddLinux/XILINX/Vitis/2022.2/tps/lnx64/javafx-sdk-11.0.2/lib:/media/pablo1318/hddLinux/XILINX/Vitis/2022.2/lib/lnx64.o/Default:/media/pablo1318/hddLinux/XILINX/Vitis/2022.2/lib/lnx64.o:/media/pablo1318/hddLinux/XILINX/Vitis/2022.2/tps/lnx64/jre11.0.11_9/lib/:/media/pablo1318/hddLinux/XILINX/Vitis/2022.2/tps/lnx64/jre11.0.11_9/lib//server:/media/pablo1318/hddLinux/XILINX/Vitis/2022.2/lib/lnx64.o:/media/pablo1318/hddLinux/XILINX/Vitis/2022.2/lib/lnx64.o/Default:/media/pablo1318/hddLinux/XILINX/Vitis/2022.2/lib/lnx64.o:/media/pablo1318/hddLinux/XILINX/Vitis/2022.2/tps/lnx64/python-3.8.3/lib:/media/pablo1318/hddLinux/XILINX/Vitis/2022.2/aietools/lib/lnx64.o:/opt/xilinx/xrt/lib:/media/pablo1318/hddLinux/XILINX/Vitis/2022.2/bin/../lnx64/tools/dot/lib:/media/pablo1318/hddLinux/XILINX/Vitis/2022.2/bin/../lnx64/tools/dot/lib
HDIPRELDPATH=/media/pablo1318/hddLinux/XILINX/Vitis/2022.2/lib/lnx64.o/Default:/media/pablo1318/hddLinux/XILINX/Vitis/2022.2/lib/lnx64.o:/media/pablo1318/hddLinux/XILINX/Vitis/2022.2/tps/lnx64/java-cef-95.0.4638.69/bin/lib/linux64:/media/pablo1318/hddLinux/XILINX/Vitis/2022.2/tps/lnx64/javafx-sdk-11.0.2/lib:/media/pablo1318/hddLinux/XILINX/Vitis/2022.2/lib/lnx64.o/Default:/media/pablo1318/hddLinux/XILINX/Vitis/2022.2/lib/lnx64.o:/media/pablo1318/hddLinux/XILINX/Vitis/2022.2/tps/lnx64/jre11.0.11_9/lib/:/media/pablo1318/hddLinux/XILINX/Vitis/2022.2/tps/lnx64/jre11.0.11_9/lib//server:/media/pablo1318/hddLinux/XILINX/Vitis/2022.2/lib/lnx64.o:/media/pablo1318/hddLinux/XILINX/Vitis/2022.2/lib/lnx64.o/Default:/media/pablo1318/hddLinux/XILINX/Vitis/2022.2/lib/lnx64.o:/media/pablo1318/hddLinux/XILINX/Vitis/2022.2/tps/lnx64/python-3.8.3/lib:/media/pablo1318/hddLinux/XILINX/Vitis/2022.2/aietools/lib/lnx64.o:/opt/xilinx/xrt/lib:/media/pablo1318/hddLinux/XILINX/Vitis/2022.2/bin/../lnx64/tools/dot/lib:/media/pablo1318/hddLinux/XILINX/Vitis/2022.2/bin/../lnx64/tools/dot/lib
XDG_RUNTIME_DIR=/run/user/1000
TCL_LIBRARY=/media/pablo1318/hddLinux/XILINX/Vitis/2022.2/tps/tcl/tcl8.5
LC_ALL=en_US.UTF-8
JOURNAL_STREAM=8:33216
XDG_DATA_DIRS=/usr/share/pop:/usr/share/gnome:/home/pablo1318/.local/share/flatpak/exports/share:/var/lib/flatpak/exports/share:/usr/local/share/:/usr/share/
CWD=/home/pablo1318/workspace/proyecto_kernels/Emulation-HW
PATH=/media/pablo1318/hddLinux/XILINX/Vivado/2022.2/tps/lnx64/binutils-2.26/bin:/media/pablo1318/hddLinux/XILINX/Vitis/2022.2/bin/../gnu/aarch64/lin/aarch64-linux/bin:/media/pablo1318/hddLinux/XILINX/Vitis/2022.2/bin/../gnu/ppc64le/4.9.3/lnx64/bin:/media/pablo1318/hddLinux/XILINX/Vitis/2022.2/bin/../gnu/aarch32/lin/gcc-arm-linux-gnueabi/bin:/media/pablo1318/hddLinux/XILINX/Vivado/2022.2/tps/lnx64/gcc-8.3.0/bin:/media/pablo1318/hddLinux/XILINX/Vivado/2022.2/gnu/microblaze/lin/bin:/media/pablo1318/hddLinux/XILINX/Vitis/2022.2/bin:/media/pablo1318/hddLinux/XILINX/Vitis/2022.2/tps/lnx64/jre11.0.11_9/bin:/media/pablo1318/hddLinux/XILINX/Vitis/2022.2/gnu/microblaze/lin/bin:/media/pablo1318/hddLinux/XILINX/Vitis/2022.2/gnu/microblaze/linux_toolchain/lin64_le/bin:/media/pablo1318/hddLinux/XILINX/Vitis/2022.2/gnu/microblaze/linux_toolchain/lin64_be/bin:/media/pablo1318/hddLinux/XILINX/Vitis/2022.2/gnu/arm/lin/bin:/media/pablo1318/hddLinux/XILINX/Vitis/2022.2/gnu/aarch64/lin/aarch64-none/bin:/media/pablo1318/hddLinux/XILINX/Vitis/2022.2/gnu/aarch64/lin/aarch64-linux/bin:/media/pablo1318/hddLinux/XILINX/Vitis/2022.2/gnu/armr5/lin/gcc-arm-none-eabi/bin:/media/pablo1318/hddLinux/XILINX/Vitis/2022.2/gnu/aarch32/lin/gcc-arm-none-eabi/bin:/media/pablo1318/hddLinux/XILINX/Vitis/2022.2/gnu/aarch32/lin/gcc-arm-linux-gnueabi/bin:/media/pablo1318/hddLinux/XILINX/Vitis/2022.2/tps/lnx64/cmake-3.21.4/bin::/media/pablo1318/hddLinux/XILINX/Vitis/2022.2/aietools/bin:/media/pablo1318/hddLinux/XILINX/Vivado/2022.2/bin:/opt/xilinx/xrt/bin:/media/pablo1318/hddLinux/XILINX/DocNav:/media/pablo1318/hddLinux/XILINX/Vitis_HLS/2022.2/bin:/media/pablo1318/hddLinux/XILINX/Model_Composer/2022.2/bin:/media/pablo1318/hddLinux/XILINX/Vitis/2022.2/tps/lnx64/cmake-3.3.2/bin:/home/pablo1318/.cargo/bin:/home/pablo1318/.local/bin:/usr/local/sbin:/usr/local/bin:/usr/sbin:/usr/bin:/sbin:/bin:/usr/games:/usr/local/games:/snap/bin
RT_LIBPATH=/media/pablo1318/hddLinux/XILINX/Vitis/2022.2/scripts/rt/data
GDMSESSION=pop
HDI_APPROOT=/media/pablo1318/hddLinux/XILINX/Vitis/2022.2
DBUS_SESSION_BUS_ADDRESS=unix:path=/run/user/1000/bus
RDI_PLATFORM=lnx64
MYVIVADO=
ISL_IOSTREAMS_RSA=/media/pablo1318/hddLinux/XILINX/Vitis/2022.2/tps/isl
GIO_LAUNCHED_DESKTOP_FILE_PID=6182
GIO_LAUNCHED_DESKTOP_FILE=/home/pablo1318/.local/share/applications/Xilinx Vitis 2022.2_1678822903405.desktop
XILINX_VITIS=/media/pablo1318/hddLinux/XILINX/Vitis/2022.2
OLDPWD=/media/pablo1318/hddLinux/XILINX/Vitis/2022.2/bin
_=/media/pablo1318/hddLinux/XILINX/Vitis/2022.2/bin/unwrapped/lnx64.o/v++
XILINX_CD_CONNECT_ID=36223
XILINX_CD_SESSION=ed553967-6365-43bf-a7da-5028af967559


V++ command line:
------------------------------------------
/media/pablo1318/hddLinux/XILINX/Vitis/2022.2/bin/unwrapped/lnx64.o/v++ --target hw_emu --compile -I../src --config krnl_vadd-compile.cfg -obuild/krnl_vadd.xo ../src/krnl_vadd.cpp 

FINAL PROGRAM OPTIONS
--advanced.misc solution_name=krnl_vadd
--compile
--config krnl_vadd-compile.cfg
--debug
--include ../src
--input_files ../src/krnl_vadd.cpp
--kernel krnl_vadd
--log_dir build/logs
--messageDb build/krnl_vadd.mdb
--optimize 0
--output build/krnl_vadd.xo
--platform xilinx_u250_gen3x16_xdma_4_1_202210_1
--report_dir build/reports
--report_level 0
--save-temps
--target hw_emu
--temp_dir build

PARSED COMMAND LINE OPTIONS
--target hw_emu 
--compile 
-I../src 
--config krnl_vadd-compile.cfg 
-obuild/krnl_vadd.xo 
../src/krnl_vadd.cpp 

PARSED CONFIG FILE (1) OPTIONS
file: krnl_vadd-compile.cfg
platform xilinx_u250_gen3x16_xdma_4_1_202210_1 
save-temps 1 
kernel krnl_vadd 
debug 1 
messageDb build/krnl_vadd.mdb 
temp_dir build 
report_dir build/reports 
log_dir build/logs 
advanced.misc solution_name=krnl_vadd 

EXPANDED PARAMETERS
From application of optMap.xml: 
 --vivado.prop "run.__KERNEL__.{STEPS.SYNTH_DESIGN.ARGS.MORE OPTIONS}={-directive sdx_optimization_effort_high}" --advanced.misc "report=type report_timing_summary name impl_report_timing_summary_route_design_summary steps {route_design} runs {impl_1} options {-max_paths 10}" --advanced.misc "report=type report_timing_summary name impl_report_timing_summary_post_route_phys_opt_design_summary steps {post_route_phys_opt_design} runs {impl_1} options {-max_paths 10}"


FINAL PLATFORM PATH
/opt/xilinx/platforms/xilinx_u250_gen3x16_xdma_4_1_202210_1/xilinx_u250_gen3x16_xdma_4_1_202210_1.xpfm

==========================================
new:  steps log generated by v++ for new launch 
timestamp: 27 Mar 2023 18:22:26
------------------------------------------
step: performing high-level synthesis for kernel:krnl_vadd
timestamp: 27 Mar 2023 18:23:04
launch dir: /home/pablo1318/workspace/proyecto_kernels/Emulation-HW/build/krnl_vadd/krnl_vadd
cmd: vitis_hls -f /home/pablo1318/workspace/proyecto_kernels/Emulation-HW/build/krnl_vadd/krnl_vadd/krnl_vadd.tcl -messageDb vitis_hls.pb
V++ internal step status: success
------------------------------------------
V++ internal step: generating system estimate report file
timestamp: 27 Mar 2023 18:23:04
output: /home/pablo1318/workspace/proyecto_kernels/Emulation-HW/build/reports/krnl_vadd/system_estimate_krnl_vadd.xtxt
V++ internal step status: success
------------------------------------------
system estimate report task completed
timestamp: 27 Mar 2023 18:23:04
